/home/user_adm/ros2_PX4_gz/SwarmZ_ROS2/install/px4_velocity_control/lib/python3.10/site-packages/px4_velocity_control/__init__.py
/home/user_adm/ros2_PX4_gz/SwarmZ_ROS2/install/px4_velocity_control/lib/python3.10/site-packages/px4_velocity_control/processes.py
/home/user_adm/ros2_PX4_gz/SwarmZ_ROS2/install/px4_velocity_control/lib/python3.10/site-packages/px4_velocity_control/visualizer.py
/home/user_adm/ros2_PX4_gz/SwarmZ_ROS2/install/px4_velocity_control/lib/python3.10/site-packages/px4_velocity_control/velocity_control.py
/home/user_adm/ros2_PX4_gz/SwarmZ_ROS2/install/px4_velocity_control/lib/python3.10/site-packages/px4_velocity_control/control.py
/home/user_adm/ros2_PX4_gz/SwarmZ_ROS2/install/px4_velocity_control/lib/python3.10/site-packages/px4_velocity_control/__pycache__/__init__.cpython-310.pyc
/home/user_adm/ros2_PX4_gz/SwarmZ_ROS2/install/px4_velocity_control/lib/python3.10/site-packages/px4_velocity_control/__pycache__/processes.cpython-310.pyc
/home/user_adm/ros2_PX4_gz/SwarmZ_ROS2/install/px4_velocity_control/lib/python3.10/site-packages/px4_velocity_control/__pycache__/visualizer.cpython-310.pyc
/home/user_adm/ros2_PX4_gz/SwarmZ_ROS2/install/px4_velocity_control/lib/python3.10/site-packages/px4_velocity_control/__pycache__/velocity_control.cpython-310.pyc
/home/user_adm/ros2_PX4_gz/SwarmZ_ROS2/install/px4_velocity_control/lib/python3.10/site-packages/px4_velocity_control/__pycache__/control.cpython-310.pyc
/home/user_adm/ros2_PX4_gz/SwarmZ_ROS2/install/px4_velocity_control/share/ament_index/resource_index/packages/px4_velocity_control
/home/user_adm/ros2_PX4_gz/SwarmZ_ROS2/install/px4_velocity_control/share/ament_index/resource_index/packages/visualize.rviz
/home/user_adm/ros2_PX4_gz/SwarmZ_ROS2/install/px4_velocity_control/share/px4_velocity_control/package.xml
/home/user_adm/ros2_PX4_gz/SwarmZ_ROS2/install/px4_velocity_control/share/px4_velocity_control/offboard_velocity_control.launch.py
/home/user_adm/ros2_PX4_gz/SwarmZ_ROS2/install/px4_velocity_control/share/px4_velocity_control/visualize.rviz
/home/user_adm/ros2_PX4_gz/SwarmZ_ROS2/install/px4_velocity_control/lib/python3.10/site-packages/px4_velocity_control-0.0.0-py3.10.egg-info/zip-safe
/home/user_adm/ros2_PX4_gz/SwarmZ_ROS2/install/px4_velocity_control/lib/python3.10/site-packages/px4_velocity_control-0.0.0-py3.10.egg-info/entry_points.txt
/home/user_adm/ros2_PX4_gz/SwarmZ_ROS2/install/px4_velocity_control/lib/python3.10/site-packages/px4_velocity_control-0.0.0-py3.10.egg-info/PKG-INFO
/home/user_adm/ros2_PX4_gz/SwarmZ_ROS2/install/px4_velocity_control/lib/python3.10/site-packages/px4_velocity_control-0.0.0-py3.10.egg-info/top_level.txt
/home/user_adm/ros2_PX4_gz/SwarmZ_ROS2/install/px4_velocity_control/lib/python3.10/site-packages/px4_velocity_control-0.0.0-py3.10.egg-info/SOURCES.txt
/home/user_adm/ros2_PX4_gz/SwarmZ_ROS2/install/px4_velocity_control/lib/python3.10/site-packages/px4_velocity_control-0.0.0-py3.10.egg-info/dependency_links.txt
/home/user_adm/ros2_PX4_gz/SwarmZ_ROS2/install/px4_velocity_control/lib/python3.10/site-packages/px4_velocity_control-0.0.0-py3.10.egg-info/requires.txt
/home/user_adm/ros2_PX4_gz/SwarmZ_ROS2/install/px4_velocity_control/lib/px4_velocity_control/control
/home/user_adm/ros2_PX4_gz/SwarmZ_ROS2/install/px4_velocity_control/lib/px4_velocity_control/offboard_control
/home/user_adm/ros2_PX4_gz/SwarmZ_ROS2/install/px4_velocity_control/lib/px4_velocity_control/processes
/home/user_adm/ros2_PX4_gz/SwarmZ_ROS2/install/px4_velocity_control/lib/px4_velocity_control/velocity_control
/home/user_adm/ros2_PX4_gz/SwarmZ_ROS2/install/px4_velocity_control/lib/px4_velocity_control/visualizer
