[0.684s] DEBUG:colcon:Command line arguments: ['/usr/bin/colcon', 'build']
[0.685s] DEBUG:colcon:Parsed command line arguments: Namespace(log_base=None, log_level=None, verb_name='build', build_base='build', install_base='install', merge_install=False, symlink_install=False, test_result_base=None, continue_on_error=False, executor='parallel', parallel_workers=8, event_handlers=None, ignore_user_meta=False, metas=['./colcon.meta'], base_paths=['.'], packages_ignore=None, packages_ignore_regex=None, paths=None, packages_up_to=None, packages_up_to_regex=None, packages_above=None, packages_above_and_dependencies=None, packages_above_depth=None, packages_select_by_dep=None, packages_skip_by_dep=None, packages_skip_up_to=None, packages_select_build_failed=False, packages_skip_build_finished=False, packages_select_test_failures=False, packages_skip_test_passed=False, packages_select=None, packages_skip=None, packages_select_regex=None, packages_skip_regex=None, packages_start=None, packages_end=None, allow_overriding=[], cmake_args=None, cmake_target=None, cmake_target_skip_unavailable=False, cmake_clean_cache=False, cmake_clean_first=False, cmake_force_configure=False, ament_cmake_args=None, catkin_cmake_args=None, catkin_skip_building_tests=False, verb_parser=<colcon_defaults.argument_parser.defaults.DefaultArgumentsDecorator object at 0x7f413eaa7e20>, verb_extension=<colcon_core.verb.build.BuildVerb object at 0x7f413eaa7a00>, main=<bound method BuildVerb.main of <colcon_core.verb.build.BuildVerb object at 0x7f413eaa7a00>>)
[0.716s] Level 1:colcon.colcon_core.package_discovery:discover_packages(colcon_meta) check parameters
[0.716s] Level 1:colcon.colcon_core.package_discovery:discover_packages(recursive) check parameters
[0.716s] Level 1:colcon.colcon_core.package_discovery:discover_packages(ignore) check parameters
[0.716s] Level 1:colcon.colcon_core.package_discovery:discover_packages(path) check parameters
[0.716s] Level 1:colcon.colcon_core.package_discovery:discover_packages(colcon_meta) discover
[0.717s] Level 1:colcon.colcon_core.package_discovery:discover_packages(recursive) discover
[0.717s] INFO:colcon.colcon_core.package_discovery:Crawling recursively for packages in '/home/user_adm/ros2_PX4_gz/SwarmZ_ROS2'
[0.717s] Level 1:colcon.colcon_core.package_identification:_identify(.) by extensions ['ignore', 'ignore_ament_install']
[0.717s] Level 1:colcon.colcon_core.package_identification:_identify(.) by extension 'ignore'
[0.717s] Level 1:colcon.colcon_core.package_identification:_identify(.) by extension 'ignore_ament_install'
[0.717s] Level 1:colcon.colcon_core.package_identification:_identify(.) by extensions ['colcon_pkg']
[0.717s] Level 1:colcon.colcon_core.package_identification:_identify(.) by extension 'colcon_pkg'
[0.717s] Level 1:colcon.colcon_core.package_identification:_identify(.) by extensions ['colcon_meta']
[0.717s] Level 1:colcon.colcon_core.package_identification:_identify(.) by extension 'colcon_meta'
[0.717s] Level 1:colcon.colcon_core.package_identification:_identify(.) by extensions ['ros']
[0.717s] Level 1:colcon.colcon_core.package_identification:_identify(.) by extension 'ros'
[0.724s] Level 1:colcon.colcon_core.package_identification:_identify(.) by extensions ['cmake', 'python']
[0.724s] Level 1:colcon.colcon_core.package_identification:_identify(.) by extension 'cmake'
[0.724s] Level 1:colcon.colcon_core.package_identification:_identify(.) by extension 'python'
[0.724s] Level 1:colcon.colcon_core.package_identification:_identify(.) by extensions ['python_setup_py']
[0.724s] Level 1:colcon.colcon_core.package_identification:_identify(.) by extension 'python_setup_py'
[0.725s] Level 1:colcon.colcon_core.package_identification:_identify(build) by extensions ['ignore', 'ignore_ament_install']
[0.725s] Level 1:colcon.colcon_core.package_identification:_identify(build) by extension 'ignore'
[0.725s] Level 1:colcon.colcon_core.package_identification:_identify(build) ignored
[0.725s] Level 1:colcon.colcon_core.package_identification:_identify(install) by extensions ['ignore', 'ignore_ament_install']
[0.725s] Level 1:colcon.colcon_core.package_identification:_identify(install) by extension 'ignore'
[0.725s] Level 1:colcon.colcon_core.package_identification:_identify(install) ignored
[0.725s] Level 1:colcon.colcon_core.package_identification:_identify(log) by extensions ['ignore', 'ignore_ament_install']
[0.725s] Level 1:colcon.colcon_core.package_identification:_identify(log) by extension 'ignore'
[0.725s] Level 1:colcon.colcon_core.package_identification:_identify(log) ignored
[0.725s] Level 1:colcon.colcon_core.package_identification:_identify(src) by extensions ['ignore', 'ignore_ament_install']
[0.725s] Level 1:colcon.colcon_core.package_identification:_identify(src) by extension 'ignore'
[0.725s] Level 1:colcon.colcon_core.package_identification:_identify(src) by extension 'ignore_ament_install'
[0.725s] Level 1:colcon.colcon_core.package_identification:_identify(src) by extensions ['colcon_pkg']
[0.725s] Level 1:colcon.colcon_core.package_identification:_identify(src) by extension 'colcon_pkg'
[0.725s] Level 1:colcon.colcon_core.package_identification:_identify(src) by extensions ['colcon_meta']
[0.725s] Level 1:colcon.colcon_core.package_identification:_identify(src) by extension 'colcon_meta'
[0.725s] Level 1:colcon.colcon_core.package_identification:_identify(src) by extensions ['ros']
[0.725s] Level 1:colcon.colcon_core.package_identification:_identify(src) by extension 'ros'
[0.725s] Level 1:colcon.colcon_core.package_identification:_identify(src) by extensions ['cmake', 'python']
[0.725s] Level 1:colcon.colcon_core.package_identification:_identify(src) by extension 'cmake'
[0.725s] Level 1:colcon.colcon_core.package_identification:_identify(src) by extension 'python'
[0.725s] Level 1:colcon.colcon_core.package_identification:_identify(src) by extensions ['python_setup_py']
[0.725s] Level 1:colcon.colcon_core.package_identification:_identify(src) by extension 'python_setup_py'
[0.725s] Level 1:colcon.colcon_core.package_identification:_identify(src/ROS2_PX4_Velocity_Control) by extensions ['ignore', 'ignore_ament_install']
[0.726s] Level 1:colcon.colcon_core.package_identification:_identify(src/ROS2_PX4_Velocity_Control) by extension 'ignore'
[0.726s] Level 1:colcon.colcon_core.package_identification:_identify(src/ROS2_PX4_Velocity_Control) by extension 'ignore_ament_install'
[0.726s] Level 1:colcon.colcon_core.package_identification:_identify(src/ROS2_PX4_Velocity_Control) by extensions ['colcon_pkg']
[0.726s] Level 1:colcon.colcon_core.package_identification:_identify(src/ROS2_PX4_Velocity_Control) by extension 'colcon_pkg'
[0.726s] Level 1:colcon.colcon_core.package_identification:_identify(src/ROS2_PX4_Velocity_Control) by extensions ['colcon_meta']
[0.726s] Level 1:colcon.colcon_core.package_identification:_identify(src/ROS2_PX4_Velocity_Control) by extension 'colcon_meta'
[0.726s] Level 1:colcon.colcon_core.package_identification:_identify(src/ROS2_PX4_Velocity_Control) by extensions ['ros']
[0.726s] Level 1:colcon.colcon_core.package_identification:_identify(src/ROS2_PX4_Velocity_Control) by extension 'ros'
[0.726s] Level 1:colcon.colcon_core.package_identification:_identify(src/ROS2_PX4_Velocity_Control) by extensions ['cmake', 'python']
[0.726s] Level 1:colcon.colcon_core.package_identification:_identify(src/ROS2_PX4_Velocity_Control) by extension 'cmake'
[0.726s] Level 1:colcon.colcon_core.package_identification:_identify(src/ROS2_PX4_Velocity_Control) by extension 'python'
[0.726s] Level 1:colcon.colcon_core.package_identification:_identify(src/ROS2_PX4_Velocity_Control) by extensions ['python_setup_py']
[0.726s] Level 1:colcon.colcon_core.package_identification:_identify(src/ROS2_PX4_Velocity_Control) by extension 'python_setup_py'
[0.726s] Level 1:colcon.colcon_core.package_identification:_identify(src/ROS2_PX4_Velocity_Control/px4_velocity_control) by extensions ['ignore', 'ignore_ament_install']
[0.726s] Level 1:colcon.colcon_core.package_identification:_identify(src/ROS2_PX4_Velocity_Control/px4_velocity_control) by extension 'ignore'
[0.726s] Level 1:colcon.colcon_core.package_identification:_identify(src/ROS2_PX4_Velocity_Control/px4_velocity_control) by extension 'ignore_ament_install'
[0.726s] Level 1:colcon.colcon_core.package_identification:_identify(src/ROS2_PX4_Velocity_Control/px4_velocity_control) by extensions ['colcon_pkg']
[0.726s] Level 1:colcon.colcon_core.package_identification:_identify(src/ROS2_PX4_Velocity_Control/px4_velocity_control) by extension 'colcon_pkg'
[0.726s] Level 1:colcon.colcon_core.package_identification:_identify(src/ROS2_PX4_Velocity_Control/px4_velocity_control) by extensions ['colcon_meta']
[0.726s] Level 1:colcon.colcon_core.package_identification:_identify(src/ROS2_PX4_Velocity_Control/px4_velocity_control) by extension 'colcon_meta'
[0.726s] Level 1:colcon.colcon_core.package_identification:_identify(src/ROS2_PX4_Velocity_Control/px4_velocity_control) by extensions ['ros']
[0.726s] Level 1:colcon.colcon_core.package_identification:_identify(src/ROS2_PX4_Velocity_Control/px4_velocity_control) by extension 'ros'
[0.728s] DEBUG:colcon.colcon_core.package_identification:Package 'src/ROS2_PX4_Velocity_Control/px4_velocity_control' with type 'ros.ament_python' and name 'px4_velocity_control'
[0.728s] Level 1:colcon.colcon_core.package_identification:_identify(src/acoustics_simulation_cpp) by extensions ['ignore', 'ignore_ament_install']
[0.728s] Level 1:colcon.colcon_core.package_identification:_identify(src/acoustics_simulation_cpp) by extension 'ignore'
[0.728s] Level 1:colcon.colcon_core.package_identification:_identify(src/acoustics_simulation_cpp) by extension 'ignore_ament_install'
[0.728s] Level 1:colcon.colcon_core.package_identification:_identify(src/acoustics_simulation_cpp) by extensions ['colcon_pkg']
[0.728s] Level 1:colcon.colcon_core.package_identification:_identify(src/acoustics_simulation_cpp) by extension 'colcon_pkg'
[0.728s] Level 1:colcon.colcon_core.package_identification:_identify(src/acoustics_simulation_cpp) by extensions ['colcon_meta']
[0.729s] Level 1:colcon.colcon_core.package_identification:_identify(src/acoustics_simulation_cpp) by extension 'colcon_meta'
[0.729s] Level 1:colcon.colcon_core.package_identification:_identify(src/acoustics_simulation_cpp) by extensions ['ros']
[0.729s] Level 1:colcon.colcon_core.package_identification:_identify(src/acoustics_simulation_cpp) by extension 'ros'
[0.729s] DEBUG:colcon.colcon_core.package_identification:Package 'src/acoustics_simulation_cpp' with type 'ros.ament_cmake' and name 'acoustics_simulation_cpp'
[0.729s] Level 1:colcon.colcon_core.package_identification:_identify(src/acoustics_simulation_py) by extensions ['ignore', 'ignore_ament_install']
[0.729s] Level 1:colcon.colcon_core.package_identification:_identify(src/acoustics_simulation_py) by extension 'ignore'
[0.729s] Level 1:colcon.colcon_core.package_identification:_identify(src/acoustics_simulation_py) by extension 'ignore_ament_install'
[0.729s] Level 1:colcon.colcon_core.package_identification:_identify(src/acoustics_simulation_py) by extensions ['colcon_pkg']
[0.729s] Level 1:colcon.colcon_core.package_identification:_identify(src/acoustics_simulation_py) by extension 'colcon_pkg'
[0.729s] Level 1:colcon.colcon_core.package_identification:_identify(src/acoustics_simulation_py) by extensions ['colcon_meta']
[0.729s] Level 1:colcon.colcon_core.package_identification:_identify(src/acoustics_simulation_py) by extension 'colcon_meta'
[0.729s] Level 1:colcon.colcon_core.package_identification:_identify(src/acoustics_simulation_py) by extensions ['ros']
[0.729s] Level 1:colcon.colcon_core.package_identification:_identify(src/acoustics_simulation_py) by extension 'ros'
[0.729s] DEBUG:colcon.colcon_core.package_identification:Package 'src/acoustics_simulation_py' with type 'ros.ament_python' and name 'acoustics_simulation_py'
[0.730s] Level 1:colcon.colcon_core.package_identification:_identify(src/offboard_control_cpp) by extensions ['ignore', 'ignore_ament_install']
[0.730s] Level 1:colcon.colcon_core.package_identification:_identify(src/offboard_control_cpp) by extension 'ignore'
[0.730s] Level 1:colcon.colcon_core.package_identification:_identify(src/offboard_control_cpp) by extension 'ignore_ament_install'
[0.730s] Level 1:colcon.colcon_core.package_identification:_identify(src/offboard_control_cpp) by extensions ['colcon_pkg']
[0.730s] Level 1:colcon.colcon_core.package_identification:_identify(src/offboard_control_cpp) by extension 'colcon_pkg'
[0.730s] Level 1:colcon.colcon_core.package_identification:_identify(src/offboard_control_cpp) by extensions ['colcon_meta']
[0.730s] Level 1:colcon.colcon_core.package_identification:_identify(src/offboard_control_cpp) by extension 'colcon_meta'
[0.730s] Level 1:colcon.colcon_core.package_identification:_identify(src/offboard_control_cpp) by extensions ['ros']
[0.730s] Level 1:colcon.colcon_core.package_identification:_identify(src/offboard_control_cpp) by extension 'ros'
[0.730s] DEBUG:colcon.colcon_core.package_identification:Package 'src/offboard_control_cpp' with type 'ros.ament_cmake' and name 'offboard_control_cpp'
[0.730s] Level 1:colcon.colcon_core.package_identification:_identify(src/px4_msgs) by extensions ['ignore', 'ignore_ament_install']
[0.730s] Level 1:colcon.colcon_core.package_identification:_identify(src/px4_msgs) by extension 'ignore'
[0.730s] Level 1:colcon.colcon_core.package_identification:_identify(src/px4_msgs) by extension 'ignore_ament_install'
[0.731s] Level 1:colcon.colcon_core.package_identification:_identify(src/px4_msgs) by extensions ['colcon_pkg']
[0.731s] Level 1:colcon.colcon_core.package_identification:_identify(src/px4_msgs) by extension 'colcon_pkg'
[0.731s] Level 1:colcon.colcon_core.package_identification:_identify(src/px4_msgs) by extensions ['colcon_meta']
[0.731s] Level 1:colcon.colcon_core.package_identification:_identify(src/px4_msgs) by extension 'colcon_meta'
[0.731s] Level 1:colcon.colcon_core.package_identification:_identify(src/px4_msgs) by extensions ['ros']
[0.731s] Level 1:colcon.colcon_core.package_identification:_identify(src/px4_msgs) by extension 'ros'
[0.731s] DEBUG:colcon.colcon_core.package_identification:Package 'src/px4_msgs' with type 'ros.ament_cmake' and name 'px4_msgs'
[0.731s] Level 1:colcon.colcon_core.package_identification:_identify(src/px4_ros_com) by extensions ['ignore', 'ignore_ament_install']
[0.731s] Level 1:colcon.colcon_core.package_identification:_identify(src/px4_ros_com) by extension 'ignore'
[0.731s] Level 1:colcon.colcon_core.package_identification:_identify(src/px4_ros_com) by extension 'ignore_ament_install'
[0.731s] Level 1:colcon.colcon_core.package_identification:_identify(src/px4_ros_com) by extensions ['colcon_pkg']
[0.731s] Level 1:colcon.colcon_core.package_identification:_identify(src/px4_ros_com) by extension 'colcon_pkg'
[0.731s] Level 1:colcon.colcon_core.package_identification:_identify(src/px4_ros_com) by extensions ['colcon_meta']
[0.731s] Level 1:colcon.colcon_core.package_identification:_identify(src/px4_ros_com) by extension 'colcon_meta'
[0.731s] Level 1:colcon.colcon_core.package_identification:_identify(src/px4_ros_com) by extensions ['ros']
[0.731s] Level 1:colcon.colcon_core.package_identification:_identify(src/px4_ros_com) by extension 'ros'
[0.732s] DEBUG:colcon.colcon_core.package_identification:Package 'src/px4_ros_com' with type 'ros.ament_cmake' and name 'px4_ros_com'
[0.732s] Level 1:colcon.colcon_core.package_identification:_identify(src/swarmz_control_py) by extensions ['ignore', 'ignore_ament_install']
[0.732s] Level 1:colcon.colcon_core.package_identification:_identify(src/swarmz_control_py) by extension 'ignore'
[0.732s] Level 1:colcon.colcon_core.package_identification:_identify(src/swarmz_control_py) by extension 'ignore_ament_install'
[0.732s] Level 1:colcon.colcon_core.package_identification:_identify(src/swarmz_control_py) by extensions ['colcon_pkg']
[0.732s] Level 1:colcon.colcon_core.package_identification:_identify(src/swarmz_control_py) by extension 'colcon_pkg'
[0.732s] Level 1:colcon.colcon_core.package_identification:_identify(src/swarmz_control_py) by extensions ['colcon_meta']
[0.732s] Level 1:colcon.colcon_core.package_identification:_identify(src/swarmz_control_py) by extension 'colcon_meta'
[0.733s] Level 1:colcon.colcon_core.package_identification:_identify(src/swarmz_control_py) by extensions ['ros']
[0.733s] Level 1:colcon.colcon_core.package_identification:_identify(src/swarmz_control_py) by extension 'ros'
[0.733s] DEBUG:colcon.colcon_core.package_identification:Package 'src/swarmz_control_py' with type 'ros.ament_python' and name 'swarmz_control_py'
[0.733s] Level 1:colcon.colcon_core.package_discovery:discover_packages(recursive) using defaults
[0.733s] Level 1:colcon.colcon_core.package_discovery:discover_packages(ignore) discover
[0.733s] Level 1:colcon.colcon_core.package_discovery:discover_packages(ignore) using defaults
[0.733s] Level 1:colcon.colcon_core.package_discovery:discover_packages(path) discover
[0.733s] Level 1:colcon.colcon_core.package_discovery:discover_packages(path) using defaults
[0.795s] Level 1:colcon.colcon_core.package_discovery:discover_packages(prefix_path) check parameters
[0.795s] Level 1:colcon.colcon_core.package_discovery:discover_packages(prefix_path) discover
[0.814s] DEBUG:colcon.colcon_installed_package_information.package_discovery:Found 7 installed packages in /home/user_adm/ros2_PX4_gz/SwarmZ_ROS2/install
[0.833s] DEBUG:colcon.colcon_installed_package_information.package_discovery:Found 274 installed packages in /opt/ros/humble
[0.834s] Level 1:colcon.colcon_core.package_discovery:discover_packages(prefix_path) using defaults
[0.893s] Level 5:colcon.colcon_core.verb:set package 'acoustics_simulation_py' build argument 'cmake_args' from command line to 'None'
[0.893s] Level 5:colcon.colcon_core.verb:set package 'acoustics_simulation_py' build argument 'cmake_target' from command line to 'None'
[0.893s] Level 5:colcon.colcon_core.verb:set package 'acoustics_simulation_py' build argument 'cmake_target_skip_unavailable' from command line to 'False'
[0.893s] Level 5:colcon.colcon_core.verb:set package 'acoustics_simulation_py' build argument 'cmake_clean_cache' from command line to 'False'
[0.893s] Level 5:colcon.colcon_core.verb:set package 'acoustics_simulation_py' build argument 'cmake_clean_first' from command line to 'False'
[0.893s] Level 5:colcon.colcon_core.verb:set package 'acoustics_simulation_py' build argument 'cmake_force_configure' from command line to 'False'
[0.893s] Level 5:colcon.colcon_core.verb:set package 'acoustics_simulation_py' build argument 'ament_cmake_args' from command line to 'None'
[0.893s] Level 5:colcon.colcon_core.verb:set package 'acoustics_simulation_py' build argument 'catkin_cmake_args' from command line to 'None'
[0.893s] Level 5:colcon.colcon_core.verb:set package 'acoustics_simulation_py' build argument 'catkin_skip_building_tests' from command line to 'False'
[0.893s] DEBUG:colcon.colcon_core.verb:Building package 'acoustics_simulation_py' with the following arguments: {'ament_cmake_args': None, 'build_base': '/home/user_adm/ros2_PX4_gz/SwarmZ_ROS2/build/acoustics_simulation_py', 'catkin_cmake_args': None, 'catkin_skip_building_tests': False, 'cmake_args': None, 'cmake_clean_cache': False, 'cmake_clean_first': False, 'cmake_force_configure': False, 'cmake_target': None, 'cmake_target_skip_unavailable': False, 'install_base': '/home/user_adm/ros2_PX4_gz/SwarmZ_ROS2/install/acoustics_simulation_py', 'merge_install': False, 'path': '/home/user_adm/ros2_PX4_gz/SwarmZ_ROS2/src/acoustics_simulation_py', 'symlink_install': False, 'test_result_base': None}
[0.904s] Level 5:colcon.colcon_core.verb:set package 'px4_msgs' build argument 'cmake_args' from command line to 'None'
[0.904s] Level 5:colcon.colcon_core.verb:set package 'px4_msgs' build argument 'cmake_target' from command line to 'None'
[0.904s] Level 5:colcon.colcon_core.verb:set package 'px4_msgs' build argument 'cmake_target_skip_unavailable' from command line to 'False'
[0.904s] Level 5:colcon.colcon_core.verb:set package 'px4_msgs' build argument 'cmake_clean_cache' from command line to 'False'
[0.904s] Level 5:colcon.colcon_core.verb:set package 'px4_msgs' build argument 'cmake_clean_first' from command line to 'False'
[0.904s] Level 5:colcon.colcon_core.verb:set package 'px4_msgs' build argument 'cmake_force_configure' from command line to 'False'
[0.904s] Level 5:colcon.colcon_core.verb:set package 'px4_msgs' build argument 'ament_cmake_args' from command line to 'None'
[0.904s] Level 5:colcon.colcon_core.verb:set package 'px4_msgs' build argument 'catkin_cmake_args' from command line to 'None'
[0.904s] Level 5:colcon.colcon_core.verb:set package 'px4_msgs' build argument 'catkin_skip_building_tests' from command line to 'False'
[0.904s] DEBUG:colcon.colcon_core.verb:Building package 'px4_msgs' with the following arguments: {'ament_cmake_args': None, 'build_base': '/home/user_adm/ros2_PX4_gz/SwarmZ_ROS2/build/px4_msgs', 'catkin_cmake_args': None, 'catkin_skip_building_tests': False, 'cmake_args': None, 'cmake_clean_cache': False, 'cmake_clean_first': False, 'cmake_force_configure': False, 'cmake_target': None, 'cmake_target_skip_unavailable': False, 'install_base': '/home/user_adm/ros2_PX4_gz/SwarmZ_ROS2/install/px4_msgs', 'merge_install': False, 'path': '/home/user_adm/ros2_PX4_gz/SwarmZ_ROS2/src/px4_msgs', 'symlink_install': False, 'test_result_base': None}
[0.914s] Level 5:colcon.colcon_core.verb:set package 'swarmz_control_py' build argument 'cmake_args' from command line to 'None'
[0.914s] Level 5:colcon.colcon_core.verb:set package 'swarmz_control_py' build argument 'cmake_target' from command line to 'None'
[0.914s] Level 5:colcon.colcon_core.verb:set package 'swarmz_control_py' build argument 'cmake_target_skip_unavailable' from command line to 'False'
[0.914s] Level 5:colcon.colcon_core.verb:set package 'swarmz_control_py' build argument 'cmake_clean_cache' from command line to 'False'
[0.914s] Level 5:colcon.colcon_core.verb:set package 'swarmz_control_py' build argument 'cmake_clean_first' from command line to 'False'
[0.914s] Level 5:colcon.colcon_core.verb:set package 'swarmz_control_py' build argument 'cmake_force_configure' from command line to 'False'
[0.914s] Level 5:colcon.colcon_core.verb:set package 'swarmz_control_py' build argument 'ament_cmake_args' from command line to 'None'
[0.914s] Level 5:colcon.colcon_core.verb:set package 'swarmz_control_py' build argument 'catkin_cmake_args' from command line to 'None'
[0.914s] Level 5:colcon.colcon_core.verb:set package 'swarmz_control_py' build argument 'catkin_skip_building_tests' from command line to 'False'
[0.914s] DEBUG:colcon.colcon_core.verb:Building package 'swarmz_control_py' with the following arguments: {'ament_cmake_args': None, 'build_base': '/home/user_adm/ros2_PX4_gz/SwarmZ_ROS2/build/swarmz_control_py', 'catkin_cmake_args': None, 'catkin_skip_building_tests': False, 'cmake_args': None, 'cmake_clean_cache': False, 'cmake_clean_first': False, 'cmake_force_configure': False, 'cmake_target': None, 'cmake_target_skip_unavailable': False, 'install_base': '/home/user_adm/ros2_PX4_gz/SwarmZ_ROS2/install/swarmz_control_py', 'merge_install': False, 'path': '/home/user_adm/ros2_PX4_gz/SwarmZ_ROS2/src/swarmz_control_py', 'symlink_install': False, 'test_result_base': None}
[0.924s] Level 5:colcon.colcon_core.verb:set package 'acoustics_simulation_cpp' build argument 'cmake_args' from command line to 'None'
[0.924s] Level 5:colcon.colcon_core.verb:set package 'acoustics_simulation_cpp' build argument 'cmake_target' from command line to 'None'
[0.924s] Level 5:colcon.colcon_core.verb:set package 'acoustics_simulation_cpp' build argument 'cmake_target_skip_unavailable' from command line to 'False'
[0.924s] Level 5:colcon.colcon_core.verb:set package 'acoustics_simulation_cpp' build argument 'cmake_clean_cache' from command line to 'False'
[0.924s] Level 5:colcon.colcon_core.verb:set package 'acoustics_simulation_cpp' build argument 'cmake_clean_first' from command line to 'False'
[0.924s] Level 5:colcon.colcon_core.verb:set package 'acoustics_simulation_cpp' build argument 'cmake_force_configure' from command line to 'False'
[0.924s] Level 5:colcon.colcon_core.verb:set package 'acoustics_simulation_cpp' build argument 'ament_cmake_args' from command line to 'None'
[0.924s] Level 5:colcon.colcon_core.verb:set package 'acoustics_simulation_cpp' build argument 'catkin_cmake_args' from command line to 'None'
[0.924s] Level 5:colcon.colcon_core.verb:set package 'acoustics_simulation_cpp' build argument 'catkin_skip_building_tests' from command line to 'False'
[0.924s] DEBUG:colcon.colcon_core.verb:Building package 'acoustics_simulation_cpp' with the following arguments: {'ament_cmake_args': None, 'build_base': '/home/user_adm/ros2_PX4_gz/SwarmZ_ROS2/build/acoustics_simulation_cpp', 'catkin_cmake_args': None, 'catkin_skip_building_tests': False, 'cmake_args': None, 'cmake_clean_cache': False, 'cmake_clean_first': False, 'cmake_force_configure': False, 'cmake_target': None, 'cmake_target_skip_unavailable': False, 'install_base': '/home/user_adm/ros2_PX4_gz/SwarmZ_ROS2/install/acoustics_simulation_cpp', 'merge_install': False, 'path': '/home/user_adm/ros2_PX4_gz/SwarmZ_ROS2/src/acoustics_simulation_cpp', 'symlink_install': False, 'test_result_base': None}
[0.934s] Level 5:colcon.colcon_core.verb:set package 'offboard_control_cpp' build argument 'cmake_args' from command line to 'None'
[0.934s] Level 5:colcon.colcon_core.verb:set package 'offboard_control_cpp' build argument 'cmake_target' from command line to 'None'
[0.934s] Level 5:colcon.colcon_core.verb:set package 'offboard_control_cpp' build argument 'cmake_target_skip_unavailable' from command line to 'False'
[0.934s] Level 5:colcon.colcon_core.verb:set package 'offboard_control_cpp' build argument 'cmake_clean_cache' from command line to 'False'
[0.934s] Level 5:colcon.colcon_core.verb:set package 'offboard_control_cpp' build argument 'cmake_clean_first' from command line to 'False'
[0.934s] Level 5:colcon.colcon_core.verb:set package 'offboard_control_cpp' build argument 'cmake_force_configure' from command line to 'False'
[0.934s] Level 5:colcon.colcon_core.verb:set package 'offboard_control_cpp' build argument 'ament_cmake_args' from command line to 'None'
[0.934s] Level 5:colcon.colcon_core.verb:set package 'offboard_control_cpp' build argument 'catkin_cmake_args' from command line to 'None'
[0.934s] Level 5:colcon.colcon_core.verb:set package 'offboard_control_cpp' build argument 'catkin_skip_building_tests' from command line to 'False'
[0.934s] DEBUG:colcon.colcon_core.verb:Building package 'offboard_control_cpp' with the following arguments: {'ament_cmake_args': None, 'build_base': '/home/user_adm/ros2_PX4_gz/SwarmZ_ROS2/build/offboard_control_cpp', 'catkin_cmake_args': None, 'catkin_skip_building_tests': False, 'cmake_args': None, 'cmake_clean_cache': False, 'cmake_clean_first': False, 'cmake_force_configure': False, 'cmake_target': None, 'cmake_target_skip_unavailable': False, 'install_base': '/home/user_adm/ros2_PX4_gz/SwarmZ_ROS2/install/offboard_control_cpp', 'merge_install': False, 'path': '/home/user_adm/ros2_PX4_gz/SwarmZ_ROS2/src/offboard_control_cpp', 'symlink_install': False, 'test_result_base': None}
[0.944s] Level 5:colcon.colcon_core.verb:set package 'px4_ros_com' build argument 'cmake_args' from command line to 'None'
[0.944s] Level 5:colcon.colcon_core.verb:set package 'px4_ros_com' build argument 'cmake_target' from command line to 'None'
[0.944s] Level 5:colcon.colcon_core.verb:set package 'px4_ros_com' build argument 'cmake_target_skip_unavailable' from command line to 'False'
[0.944s] Level 5:colcon.colcon_core.verb:set package 'px4_ros_com' build argument 'cmake_clean_cache' from command line to 'False'
[0.944s] Level 5:colcon.colcon_core.verb:set package 'px4_ros_com' build argument 'cmake_clean_first' from command line to 'False'
[0.944s] Level 5:colcon.colcon_core.verb:set package 'px4_ros_com' build argument 'cmake_force_configure' from command line to 'False'
[0.945s] Level 5:colcon.colcon_core.verb:set package 'px4_ros_com' build argument 'ament_cmake_args' from command line to 'None'
[0.945s] Level 5:colcon.colcon_core.verb:set package 'px4_ros_com' build argument 'catkin_cmake_args' from command line to 'None'
[0.945s] Level 5:colcon.colcon_core.verb:set package 'px4_ros_com' build argument 'catkin_skip_building_tests' from command line to 'False'
[0.945s] DEBUG:colcon.colcon_core.verb:Building package 'px4_ros_com' with the following arguments: {'ament_cmake_args': None, 'build_base': '/home/user_adm/ros2_PX4_gz/SwarmZ_ROS2/build/px4_ros_com', 'catkin_cmake_args': None, 'catkin_skip_building_tests': False, 'cmake_args': None, 'cmake_clean_cache': False, 'cmake_clean_first': False, 'cmake_force_configure': False, 'cmake_target': None, 'cmake_target_skip_unavailable': False, 'install_base': '/home/user_adm/ros2_PX4_gz/SwarmZ_ROS2/install/px4_ros_com', 'merge_install': False, 'path': '/home/user_adm/ros2_PX4_gz/SwarmZ_ROS2/src/px4_ros_com', 'symlink_install': False, 'test_result_base': None}
[0.955s] Level 5:colcon.colcon_core.verb:set package 'px4_velocity_control' build argument 'cmake_args' from command line to 'None'
[0.955s] Level 5:colcon.colcon_core.verb:set package 'px4_velocity_control' build argument 'cmake_target' from command line to 'None'
[0.955s] Level 5:colcon.colcon_core.verb:set package 'px4_velocity_control' build argument 'cmake_target_skip_unavailable' from command line to 'False'
[0.955s] Level 5:colcon.colcon_core.verb:set package 'px4_velocity_control' build argument 'cmake_clean_cache' from command line to 'False'
[0.955s] Level 5:colcon.colcon_core.verb:set package 'px4_velocity_control' build argument 'cmake_clean_first' from command line to 'False'
[0.955s] Level 5:colcon.colcon_core.verb:set package 'px4_velocity_control' build argument 'cmake_force_configure' from command line to 'False'
[0.955s] Level 5:colcon.colcon_core.verb:set package 'px4_velocity_control' build argument 'ament_cmake_args' from command line to 'None'
[0.955s] Level 5:colcon.colcon_core.verb:set package 'px4_velocity_control' build argument 'catkin_cmake_args' from command line to 'None'
[0.955s] Level 5:colcon.colcon_core.verb:set package 'px4_velocity_control' build argument 'catkin_skip_building_tests' from command line to 'False'
[0.955s] DEBUG:colcon.colcon_core.verb:Building package 'px4_velocity_control' with the following arguments: {'ament_cmake_args': None, 'build_base': '/home/user_adm/ros2_PX4_gz/SwarmZ_ROS2/build/px4_velocity_control', 'catkin_cmake_args': None, 'catkin_skip_building_tests': False, 'cmake_args': None, 'cmake_clean_cache': False, 'cmake_clean_first': False, 'cmake_force_configure': False, 'cmake_target': None, 'cmake_target_skip_unavailable': False, 'install_base': '/home/user_adm/ros2_PX4_gz/SwarmZ_ROS2/install/px4_velocity_control', 'merge_install': False, 'path': '/home/user_adm/ros2_PX4_gz/SwarmZ_ROS2/src/ROS2_PX4_Velocity_Control/px4_velocity_control', 'symlink_install': False, 'test_result_base': None}
[0.965s] INFO:colcon.colcon_core.executor:Executing jobs using 'parallel' executor
[0.975s] DEBUG:colcon.colcon_parallel_executor.executor.parallel:run_until_complete
[0.975s] INFO:colcon.colcon_ros.task.ament_cmake.build:Building ROS package in '/home/user_adm/ros2_PX4_gz/SwarmZ_ROS2/src/px4_msgs' with build type 'ament_cmake'
[0.976s] INFO:colcon.colcon_cmake.task.cmake.build:Building CMake package in '/home/user_adm/ros2_PX4_gz/SwarmZ_ROS2/src/px4_msgs'
[0.988s] INFO:colcon.colcon_core.plugin_system:Skipping extension 'colcon_core.shell.bat': Not used on non-Windows systems
[0.988s] INFO:colcon.colcon_core.shell:Skip shell extension 'powershell' for command environment: Not usable outside of PowerShell
[0.988s] DEBUG:colcon.colcon_core.shell:Skip shell extension 'dsv' for command environment
[1.023s] INFO:colcon.colcon_ros.task.ament_python.build:Building ROS package in '/home/user_adm/ros2_PX4_gz/SwarmZ_ROS2/src/acoustics_simulation_py' with build type 'ament_python'
[1.023s] Level 1:colcon.colcon_core.shell:create_environment_hook('acoustics_simulation_py', 'ament_prefix_path')
[1.034s] INFO:colcon.colcon_core.shell:Creating environment hook '/home/user_adm/ros2_PX4_gz/SwarmZ_ROS2/install/acoustics_simulation_py/share/acoustics_simulation_py/hook/ament_prefix_path.ps1'
[1.035s] INFO:colcon.colcon_core.shell:Creating environment descriptor '/home/user_adm/ros2_PX4_gz/SwarmZ_ROS2/install/acoustics_simulation_py/share/acoustics_simulation_py/hook/ament_prefix_path.dsv'
[1.035s] INFO:colcon.colcon_core.shell:Creating environment hook '/home/user_adm/ros2_PX4_gz/SwarmZ_ROS2/install/acoustics_simulation_py/share/acoustics_simulation_py/hook/ament_prefix_path.sh'
[1.046s] INFO:colcon.colcon_core.shell:Skip shell extension 'powershell' for command environment: Not usable outside of PowerShell
[1.046s] DEBUG:colcon.colcon_core.shell:Skip shell extension 'dsv' for command environment
[1.078s] INFO:colcon.colcon_ros.task.ament_python.build:Building ROS package in '/home/user_adm/ros2_PX4_gz/SwarmZ_ROS2/src/swarmz_control_py' with build type 'ament_python'
[1.078s] Level 1:colcon.colcon_core.shell:create_environment_hook('swarmz_control_py', 'ament_prefix_path')
[1.089s] INFO:colcon.colcon_core.shell:Creating environment hook '/home/user_adm/ros2_PX4_gz/SwarmZ_ROS2/install/swarmz_control_py/share/swarmz_control_py/hook/ament_prefix_path.ps1'
[1.089s] INFO:colcon.colcon_core.shell:Creating environment descriptor '/home/user_adm/ros2_PX4_gz/SwarmZ_ROS2/install/swarmz_control_py/share/swarmz_control_py/hook/ament_prefix_path.dsv'
[1.089s] INFO:colcon.colcon_core.shell:Creating environment hook '/home/user_adm/ros2_PX4_gz/SwarmZ_ROS2/install/swarmz_control_py/share/swarmz_control_py/hook/ament_prefix_path.sh'
[1.100s] INFO:colcon.colcon_core.shell:Skip shell extension 'powershell' for command environment: Not usable outside of PowerShell
[1.100s] DEBUG:colcon.colcon_core.shell:Skip shell extension 'dsv' for command environment
[1.136s] DEBUG:colcon.colcon_core.event_handler.log_command:Invoking command in '/home/user_adm/ros2_PX4_gz/SwarmZ_ROS2/build/px4_msgs': CMAKE_PREFIX_PATH=${CMAKE_PREFIX_PATH}:/home/user_adm/ros2_PX4_gz/SwarmZ_ROS2/install/swarmz_control_py:/home/user_adm/ros2_PX4_gz/SwarmZ_ROS2/install/px4_velocity_control:/home/user_adm/ros2_PX4_gz/SwarmZ_ROS2/install/acoustics_simulation_py:/opt/ros/humble /usr/bin/cmake --build /home/user_adm/ros2_PX4_gz/SwarmZ_ROS2/build/px4_msgs -- -j8 -l8
[1.337s] INFO:colcon.colcon_core.task.python.build:Building Python package in '/home/user_adm/ros2_PX4_gz/SwarmZ_ROS2/src/acoustics_simulation_py'
[1.348s] INFO:colcon.colcon_core.shell:Skip shell extension 'powershell' for command environment: Not usable outside of PowerShell
[1.348s] DEBUG:colcon.colcon_core.shell:Skip shell extension 'dsv' for command environment
[1.732s] INFO:colcon.colcon_core.task.python.build:Building Python package in '/home/user_adm/ros2_PX4_gz/SwarmZ_ROS2/src/swarmz_control_py'
[1.743s] INFO:colcon.colcon_core.shell:Skip shell extension 'powershell' for command environment: Not usable outside of PowerShell
[1.743s] DEBUG:colcon.colcon_core.shell:Skip shell extension 'dsv' for command environment
[1.957s] DEBUG:colcon.colcon_core.event_handler.log_command:Invoked command in '/home/user_adm/ros2_PX4_gz/SwarmZ_ROS2/build/px4_msgs' returned '0': CMAKE_PREFIX_PATH=${CMAKE_PREFIX_PATH}:/home/user_adm/ros2_PX4_gz/SwarmZ_ROS2/install/swarmz_control_py:/home/user_adm/ros2_PX4_gz/SwarmZ_ROS2/install/px4_velocity_control:/home/user_adm/ros2_PX4_gz/SwarmZ_ROS2/install/acoustics_simulation_py:/opt/ros/humble /usr/bin/cmake --build /home/user_adm/ros2_PX4_gz/SwarmZ_ROS2/build/px4_msgs -- -j8 -l8
[2.062s] DEBUG:colcon.colcon_core.event_handler.log_command:Invoking command in '/home/user_adm/ros2_PX4_gz/SwarmZ_ROS2/src/acoustics_simulation_py': PYTHONPATH=/home/user_adm/ros2_PX4_gz/SwarmZ_ROS2/build/acoustics_simulation_py/prefix_override:/home/user_adm/ros2_PX4_gz/SwarmZ_ROS2/install/acoustics_simulation_py/lib/python3.10/site-packages:${PYTHONPATH} /usr/bin/python3 setup.py egg_info --egg-base ../../build/acoustics_simulation_py build --build-base /home/user_adm/ros2_PX4_gz/SwarmZ_ROS2/build/acoustics_simulation_py/build install --record /home/user_adm/ros2_PX4_gz/SwarmZ_ROS2/build/acoustics_simulation_py/install.log --single-version-externally-managed
[2.077s] DEBUG:colcon.colcon_core.event_handler.log_command:Invoking command in '/home/user_adm/ros2_PX4_gz/SwarmZ_ROS2/src/swarmz_control_py': PYTHONPATH=/home/user_adm/ros2_PX4_gz/SwarmZ_ROS2/build/swarmz_control_py/prefix_override:/home/user_adm/ros2_PX4_gz/SwarmZ_ROS2/install/swarmz_control_py/lib/python3.10/site-packages:${PYTHONPATH} /usr/bin/python3 setup.py egg_info --egg-base ../../build/swarmz_control_py build --build-base /home/user_adm/ros2_PX4_gz/SwarmZ_ROS2/build/swarmz_control_py/build install --record /home/user_adm/ros2_PX4_gz/SwarmZ_ROS2/build/swarmz_control_py/install.log --single-version-externally-managed
[2.326s] DEBUG:colcon.colcon_core.event_handler.log_command:Invoked command in '/home/user_adm/ros2_PX4_gz/SwarmZ_ROS2/src/acoustics_simulation_py' returned '0': PYTHONPATH=/home/user_adm/ros2_PX4_gz/SwarmZ_ROS2/build/acoustics_simulation_py/prefix_override:/home/user_adm/ros2_PX4_gz/SwarmZ_ROS2/install/acoustics_simulation_py/lib/python3.10/site-packages:${PYTHONPATH} /usr/bin/python3 setup.py egg_info --egg-base ../../build/acoustics_simulation_py build --build-base /home/user_adm/ros2_PX4_gz/SwarmZ_ROS2/build/acoustics_simulation_py/build install --record /home/user_adm/ros2_PX4_gz/SwarmZ_ROS2/build/acoustics_simulation_py/install.log --single-version-externally-managed
[2.340s] Level 1:colcon.colcon_core.environment:checking '/home/user_adm/ros2_PX4_gz/SwarmZ_ROS2/install/acoustics_simulation_py' for CMake module files
[2.340s] Level 1:colcon.colcon_core.environment:checking '/home/user_adm/ros2_PX4_gz/SwarmZ_ROS2/install/acoustics_simulation_py' for CMake config files
[2.341s] Level 1:colcon.colcon_core.environment:checking '/home/user_adm/ros2_PX4_gz/SwarmZ_ROS2/install/acoustics_simulation_py/lib'
[2.341s] Level 1:colcon.colcon_core.environment:checking '/home/user_adm/ros2_PX4_gz/SwarmZ_ROS2/install/acoustics_simulation_py/bin'
[2.341s] Level 1:colcon.colcon_core.environment:checking '/home/user_adm/ros2_PX4_gz/SwarmZ_ROS2/install/acoustics_simulation_py/lib/pkgconfig/acoustics_simulation_py.pc'
[2.341s] Level 1:colcon.colcon_core.environment:checking '/home/user_adm/ros2_PX4_gz/SwarmZ_ROS2/install/acoustics_simulation_py/lib/python3.10/site-packages'
[2.341s] Level 1:colcon.colcon_core.shell:create_environment_hook('acoustics_simulation_py', 'pythonpath')
[2.352s] INFO:colcon.colcon_core.shell:Creating environment hook '/home/user_adm/ros2_PX4_gz/SwarmZ_ROS2/install/acoustics_simulation_py/share/acoustics_simulation_py/hook/pythonpath.ps1'
[2.353s] INFO:colcon.colcon_core.shell:Creating environment descriptor '/home/user_adm/ros2_PX4_gz/SwarmZ_ROS2/install/acoustics_simulation_py/share/acoustics_simulation_py/hook/pythonpath.dsv'
[2.353s] INFO:colcon.colcon_core.shell:Creating environment hook '/home/user_adm/ros2_PX4_gz/SwarmZ_ROS2/install/acoustics_simulation_py/share/acoustics_simulation_py/hook/pythonpath.sh'
[2.353s] Level 1:colcon.colcon_core.environment:checking '/home/user_adm/ros2_PX4_gz/SwarmZ_ROS2/install/acoustics_simulation_py/bin'
[2.353s] Level 1:colcon.colcon_core.environment:create_environment_scripts_only(acoustics_simulation_py)
[2.364s] INFO:colcon.colcon_core.shell:Creating package script '/home/user_adm/ros2_PX4_gz/SwarmZ_ROS2/install/acoustics_simulation_py/share/acoustics_simulation_py/package.ps1'
[2.365s] INFO:colcon.colcon_core.shell:Creating package descriptor '/home/user_adm/ros2_PX4_gz/SwarmZ_ROS2/install/acoustics_simulation_py/share/acoustics_simulation_py/package.dsv'
[2.365s] INFO:colcon.colcon_core.shell:Creating package script '/home/user_adm/ros2_PX4_gz/SwarmZ_ROS2/install/acoustics_simulation_py/share/acoustics_simulation_py/package.sh'
[2.366s] INFO:colcon.colcon_core.shell:Creating package script '/home/user_adm/ros2_PX4_gz/SwarmZ_ROS2/install/acoustics_simulation_py/share/acoustics_simulation_py/package.bash'
[2.366s] INFO:colcon.colcon_core.shell:Creating package script '/home/user_adm/ros2_PX4_gz/SwarmZ_ROS2/install/acoustics_simulation_py/share/acoustics_simulation_py/package.zsh'
[2.367s] Level 1:colcon.colcon_core.environment:create_file_with_runtime_dependencies(/home/user_adm/ros2_PX4_gz/SwarmZ_ROS2/install/acoustics_simulation_py/share/colcon-core/packages/acoustics_simulation_py)
[2.368s] DEBUG:colcon.colcon_core.event_handler.log_command:Invoked command in '/home/user_adm/ros2_PX4_gz/SwarmZ_ROS2/src/swarmz_control_py' returned '0': PYTHONPATH=/home/user_adm/ros2_PX4_gz/SwarmZ_ROS2/build/swarmz_control_py/prefix_override:/home/user_adm/ros2_PX4_gz/SwarmZ_ROS2/install/swarmz_control_py/lib/python3.10/site-packages:${PYTHONPATH} /usr/bin/python3 setup.py egg_info --egg-base ../../build/swarmz_control_py build --build-base /home/user_adm/ros2_PX4_gz/SwarmZ_ROS2/build/swarmz_control_py/build install --record /home/user_adm/ros2_PX4_gz/SwarmZ_ROS2/build/swarmz_control_py/install.log --single-version-externally-managed
[2.378s] Level 1:colcon.colcon_core.environment:checking '/home/user_adm/ros2_PX4_gz/SwarmZ_ROS2/install/swarmz_control_py' for CMake module files
[2.379s] Level 1:colcon.colcon_core.environment:checking '/home/user_adm/ros2_PX4_gz/SwarmZ_ROS2/install/swarmz_control_py' for CMake config files
[2.379s] Level 1:colcon.colcon_core.environment:checking '/home/user_adm/ros2_PX4_gz/SwarmZ_ROS2/install/swarmz_control_py/lib'
[2.379s] Level 1:colcon.colcon_core.environment:checking '/home/user_adm/ros2_PX4_gz/SwarmZ_ROS2/install/swarmz_control_py/bin'
[2.379s] Level 1:colcon.colcon_core.environment:checking '/home/user_adm/ros2_PX4_gz/SwarmZ_ROS2/install/swarmz_control_py/lib/pkgconfig/swarmz_control_py.pc'
[2.379s] Level 1:colcon.colcon_core.environment:checking '/home/user_adm/ros2_PX4_gz/SwarmZ_ROS2/install/swarmz_control_py/lib/python3.10/site-packages'
[2.379s] Level 1:colcon.colcon_core.shell:create_environment_hook('swarmz_control_py', 'pythonpath')
[2.391s] INFO:colcon.colcon_core.shell:Creating environment hook '/home/user_adm/ros2_PX4_gz/SwarmZ_ROS2/install/swarmz_control_py/share/swarmz_control_py/hook/pythonpath.ps1'
[2.391s] INFO:colcon.colcon_core.shell:Creating environment descriptor '/home/user_adm/ros2_PX4_gz/SwarmZ_ROS2/install/swarmz_control_py/share/swarmz_control_py/hook/pythonpath.dsv'
[2.391s] INFO:colcon.colcon_core.shell:Creating environment hook '/home/user_adm/ros2_PX4_gz/SwarmZ_ROS2/install/swarmz_control_py/share/swarmz_control_py/hook/pythonpath.sh'
[2.392s] Level 1:colcon.colcon_core.environment:checking '/home/user_adm/ros2_PX4_gz/SwarmZ_ROS2/install/swarmz_control_py/bin'
[2.392s] Level 1:colcon.colcon_core.environment:create_environment_scripts_only(swarmz_control_py)
[2.404s] INFO:colcon.colcon_core.shell:Creating package script '/home/user_adm/ros2_PX4_gz/SwarmZ_ROS2/install/swarmz_control_py/share/swarmz_control_py/package.ps1'
[2.404s] INFO:colcon.colcon_core.shell:Creating package descriptor '/home/user_adm/ros2_PX4_gz/SwarmZ_ROS2/install/swarmz_control_py/share/swarmz_control_py/package.dsv'
[2.404s] INFO:colcon.colcon_core.shell:Creating package script '/home/user_adm/ros2_PX4_gz/SwarmZ_ROS2/install/swarmz_control_py/share/swarmz_control_py/package.sh'
[2.405s] INFO:colcon.colcon_core.shell:Creating package script '/home/user_adm/ros2_PX4_gz/SwarmZ_ROS2/install/swarmz_control_py/share/swarmz_control_py/package.bash'
[2.405s] INFO:colcon.colcon_core.shell:Creating package script '/home/user_adm/ros2_PX4_gz/SwarmZ_ROS2/install/swarmz_control_py/share/swarmz_control_py/package.zsh'
[2.405s] Level 1:colcon.colcon_core.environment:create_file_with_runtime_dependencies(/home/user_adm/ros2_PX4_gz/SwarmZ_ROS2/install/swarmz_control_py/share/colcon-core/packages/swarmz_control_py)
[4.581s] DEBUG:colcon.colcon_core.event_handler.log_command:Invoking command in '/home/user_adm/ros2_PX4_gz/SwarmZ_ROS2/build/px4_msgs': CMAKE_PREFIX_PATH=${CMAKE_PREFIX_PATH}:/home/user_adm/ros2_PX4_gz/SwarmZ_ROS2/install/swarmz_control_py:/home/user_adm/ros2_PX4_gz/SwarmZ_ROS2/install/px4_velocity_control:/home/user_adm/ros2_PX4_gz/SwarmZ_ROS2/install/acoustics_simulation_py:/opt/ros/humble /usr/bin/cmake --install /home/user_adm/ros2_PX4_gz/SwarmZ_ROS2/build/px4_msgs
[4.769s] Level 1:colcon.colcon_core.environment:create_environment_scripts_only(px4_msgs)
[4.770s] DEBUG:colcon.colcon_core.event_handler.log_command:Invoked command in '/home/user_adm/ros2_PX4_gz/SwarmZ_ROS2/build/px4_msgs' returned '0': CMAKE_PREFIX_PATH=${CMAKE_PREFIX_PATH}:/home/user_adm/ros2_PX4_gz/SwarmZ_ROS2/install/swarmz_control_py:/home/user_adm/ros2_PX4_gz/SwarmZ_ROS2/install/px4_velocity_control:/home/user_adm/ros2_PX4_gz/SwarmZ_ROS2/install/acoustics_simulation_py:/opt/ros/humble /usr/bin/cmake --install /home/user_adm/ros2_PX4_gz/SwarmZ_ROS2/build/px4_msgs
[4.780s] Level 1:colcon.colcon_core.environment:checking '/home/user_adm/ros2_PX4_gz/SwarmZ_ROS2/install/px4_msgs' for CMake module files
[4.780s] Level 1:colcon.colcon_core.environment:checking '/home/user_adm/ros2_PX4_gz/SwarmZ_ROS2/install/px4_msgs' for CMake config files
[4.781s] Level 1:colcon.colcon_core.shell:create_environment_hook('px4_msgs', 'cmake_prefix_path')
[4.791s] INFO:colcon.colcon_core.shell:Creating environment hook '/home/user_adm/ros2_PX4_gz/SwarmZ_ROS2/install/px4_msgs/share/px4_msgs/hook/cmake_prefix_path.ps1'
[4.791s] INFO:colcon.colcon_core.shell:Creating environment descriptor '/home/user_adm/ros2_PX4_gz/SwarmZ_ROS2/install/px4_msgs/share/px4_msgs/hook/cmake_prefix_path.dsv'
[4.791s] INFO:colcon.colcon_core.shell:Creating environment hook '/home/user_adm/ros2_PX4_gz/SwarmZ_ROS2/install/px4_msgs/share/px4_msgs/hook/cmake_prefix_path.sh'
[4.792s] Level 1:colcon.colcon_core.environment:checking '/home/user_adm/ros2_PX4_gz/SwarmZ_ROS2/install/px4_msgs/lib'
[4.792s] Level 1:colcon.colcon_core.shell:create_environment_hook('px4_msgs', 'ld_library_path_lib')
[4.802s] INFO:colcon.colcon_core.shell:Creating environment hook '/home/user_adm/ros2_PX4_gz/SwarmZ_ROS2/install/px4_msgs/share/px4_msgs/hook/ld_library_path_lib.ps1'
[4.802s] INFO:colcon.colcon_core.shell:Creating environment descriptor '/home/user_adm/ros2_PX4_gz/SwarmZ_ROS2/install/px4_msgs/share/px4_msgs/hook/ld_library_path_lib.dsv'
[4.802s] INFO:colcon.colcon_core.shell:Creating environment hook '/home/user_adm/ros2_PX4_gz/SwarmZ_ROS2/install/px4_msgs/share/px4_msgs/hook/ld_library_path_lib.sh'
[4.803s] Level 1:colcon.colcon_core.environment:checking '/home/user_adm/ros2_PX4_gz/SwarmZ_ROS2/install/px4_msgs/bin'
[4.803s] Level 1:colcon.colcon_core.environment:checking '/home/user_adm/ros2_PX4_gz/SwarmZ_ROS2/install/px4_msgs/lib/pkgconfig/px4_msgs.pc'
[4.803s] Level 1:colcon.colcon_core.environment:checking '/home/user_adm/ros2_PX4_gz/SwarmZ_ROS2/install/px4_msgs/lib/python3.10/site-packages'
[4.803s] Level 1:colcon.colcon_core.environment:checking '/home/user_adm/ros2_PX4_gz/SwarmZ_ROS2/install/px4_msgs/bin'
[4.813s] INFO:colcon.colcon_core.shell:Creating package script '/home/user_adm/ros2_PX4_gz/SwarmZ_ROS2/install/px4_msgs/share/px4_msgs/package.ps1'
[4.814s] INFO:colcon.colcon_core.shell:Creating package descriptor '/home/user_adm/ros2_PX4_gz/SwarmZ_ROS2/install/px4_msgs/share/px4_msgs/package.dsv'
[4.814s] INFO:colcon.colcon_core.shell:Creating package script '/home/user_adm/ros2_PX4_gz/SwarmZ_ROS2/install/px4_msgs/share/px4_msgs/package.sh'
[4.814s] INFO:colcon.colcon_core.shell:Creating package script '/home/user_adm/ros2_PX4_gz/SwarmZ_ROS2/install/px4_msgs/share/px4_msgs/package.bash'
[4.815s] INFO:colcon.colcon_core.shell:Creating package script '/home/user_adm/ros2_PX4_gz/SwarmZ_ROS2/install/px4_msgs/share/px4_msgs/package.zsh'
[4.815s] Level 1:colcon.colcon_core.environment:create_file_with_runtime_dependencies(/home/user_adm/ros2_PX4_gz/SwarmZ_ROS2/install/px4_msgs/share/colcon-core/packages/px4_msgs)
[7.404s] Level 1:colcon.colcon_core.environment:create_environment_scripts_only(px4_msgs)
[7.414s] Level 1:colcon.colcon_core.environment:checking '/home/user_adm/ros2_PX4_gz/SwarmZ_ROS2/install/px4_msgs' for CMake module files
[7.414s] Level 1:colcon.colcon_core.environment:checking '/home/user_adm/ros2_PX4_gz/SwarmZ_ROS2/install/px4_msgs' for CMake config files
[7.415s] Level 1:colcon.colcon_core.shell:create_environment_hook('px4_msgs', 'cmake_prefix_path')
[7.425s] INFO:colcon.colcon_core.shell:Creating environment hook '/home/user_adm/ros2_PX4_gz/SwarmZ_ROS2/install/px4_msgs/share/px4_msgs/hook/cmake_prefix_path.ps1'
[7.426s] INFO:colcon.colcon_core.shell:Creating environment descriptor '/home/user_adm/ros2_PX4_gz/SwarmZ_ROS2/install/px4_msgs/share/px4_msgs/hook/cmake_prefix_path.dsv'
[7.426s] INFO:colcon.colcon_core.shell:Creating environment hook '/home/user_adm/ros2_PX4_gz/SwarmZ_ROS2/install/px4_msgs/share/px4_msgs/hook/cmake_prefix_path.sh'
[7.426s] Level 1:colcon.colcon_core.environment:checking '/home/user_adm/ros2_PX4_gz/SwarmZ_ROS2/install/px4_msgs/lib'
[7.426s] Level 1:colcon.colcon_core.shell:create_environment_hook('px4_msgs', 'ld_library_path_lib')
[7.436s] INFO:colcon.colcon_core.shell:Creating environment hook '/home/user_adm/ros2_PX4_gz/SwarmZ_ROS2/install/px4_msgs/share/px4_msgs/hook/ld_library_path_lib.ps1'
[7.437s] INFO:colcon.colcon_core.shell:Creating environment descriptor '/home/user_adm/ros2_PX4_gz/SwarmZ_ROS2/install/px4_msgs/share/px4_msgs/hook/ld_library_path_lib.dsv'
[7.437s] INFO:colcon.colcon_core.shell:Creating environment hook '/home/user_adm/ros2_PX4_gz/SwarmZ_ROS2/install/px4_msgs/share/px4_msgs/hook/ld_library_path_lib.sh'
[7.437s] Level 1:colcon.colcon_core.environment:checking '/home/user_adm/ros2_PX4_gz/SwarmZ_ROS2/install/px4_msgs/bin'
[7.437s] Level 1:colcon.colcon_core.environment:checking '/home/user_adm/ros2_PX4_gz/SwarmZ_ROS2/install/px4_msgs/lib/pkgconfig/px4_msgs.pc'
[7.437s] Level 1:colcon.colcon_core.environment:checking '/home/user_adm/ros2_PX4_gz/SwarmZ_ROS2/install/px4_msgs/lib/python3.10/site-packages'
[7.438s] Level 1:colcon.colcon_core.environment:checking '/home/user_adm/ros2_PX4_gz/SwarmZ_ROS2/install/px4_msgs/bin'
[7.447s] INFO:colcon.colcon_core.shell:Creating package script '/home/user_adm/ros2_PX4_gz/SwarmZ_ROS2/install/px4_msgs/share/px4_msgs/package.ps1'
[7.448s] INFO:colcon.colcon_core.shell:Creating package descriptor '/home/user_adm/ros2_PX4_gz/SwarmZ_ROS2/install/px4_msgs/share/px4_msgs/package.dsv'
[7.448s] INFO:colcon.colcon_core.shell:Creating package script '/home/user_adm/ros2_PX4_gz/SwarmZ_ROS2/install/px4_msgs/share/px4_msgs/package.sh'
[7.448s] INFO:colcon.colcon_core.shell:Creating package script '/home/user_adm/ros2_PX4_gz/SwarmZ_ROS2/install/px4_msgs/share/px4_msgs/package.bash'
[7.448s] INFO:colcon.colcon_core.shell:Creating package script '/home/user_adm/ros2_PX4_gz/SwarmZ_ROS2/install/px4_msgs/share/px4_msgs/package.zsh'
[7.449s] Level 1:colcon.colcon_core.environment:create_file_with_runtime_dependencies(/home/user_adm/ros2_PX4_gz/SwarmZ_ROS2/install/px4_msgs/share/colcon-core/packages/px4_msgs)
[7.449s] INFO:colcon.colcon_ros.task.ament_cmake.build:Building ROS package in '/home/user_adm/ros2_PX4_gz/SwarmZ_ROS2/src/acoustics_simulation_cpp' with build type 'ament_cmake'
[7.449s] INFO:colcon.colcon_cmake.task.cmake.build:Building CMake package in '/home/user_adm/ros2_PX4_gz/SwarmZ_ROS2/src/acoustics_simulation_cpp'
[7.460s] INFO:colcon.colcon_core.shell:Skip shell extension 'powershell' for command environment: Not usable outside of PowerShell
[7.460s] DEBUG:colcon.colcon_core.shell:Skip shell extension 'dsv' for command environment
[7.503s] INFO:colcon.colcon_ros.task.ament_cmake.build:Building ROS package in '/home/user_adm/ros2_PX4_gz/SwarmZ_ROS2/src/offboard_control_cpp' with build type 'ament_cmake'
[7.504s] INFO:colcon.colcon_cmake.task.cmake.build:Building CMake package in '/home/user_adm/ros2_PX4_gz/SwarmZ_ROS2/src/offboard_control_cpp'
[7.515s] INFO:colcon.colcon_core.shell:Skip shell extension 'powershell' for command environment: Not usable outside of PowerShell
[7.515s] DEBUG:colcon.colcon_core.shell:Skip shell extension 'dsv' for command environment
[7.546s] INFO:colcon.colcon_ros.task.ament_cmake.build:Building ROS package in '/home/user_adm/ros2_PX4_gz/SwarmZ_ROS2/src/px4_ros_com' with build type 'ament_cmake'
[7.546s] INFO:colcon.colcon_cmake.task.cmake.build:Building CMake package in '/home/user_adm/ros2_PX4_gz/SwarmZ_ROS2/src/px4_ros_com'
[7.557s] INFO:colcon.colcon_core.shell:Skip shell extension 'powershell' for command environment: Not usable outside of PowerShell
[7.557s] DEBUG:colcon.colcon_core.shell:Skip shell extension 'dsv' for command environment
[7.589s] INFO:colcon.colcon_ros.task.ament_python.build:Building ROS package in '/home/user_adm/ros2_PX4_gz/SwarmZ_ROS2/src/ROS2_PX4_Velocity_Control/px4_velocity_control' with build type 'ament_python'
[7.589s] Level 1:colcon.colcon_core.shell:create_environment_hook('px4_velocity_control', 'ament_prefix_path')
[7.600s] INFO:colcon.colcon_core.shell:Creating environment hook '/home/user_adm/ros2_PX4_gz/SwarmZ_ROS2/install/px4_velocity_control/share/px4_velocity_control/hook/ament_prefix_path.ps1'
[7.600s] INFO:colcon.colcon_core.shell:Creating environment descriptor '/home/user_adm/ros2_PX4_gz/SwarmZ_ROS2/install/px4_velocity_control/share/px4_velocity_control/hook/ament_prefix_path.dsv'
[7.601s] INFO:colcon.colcon_core.shell:Creating environment hook '/home/user_adm/ros2_PX4_gz/SwarmZ_ROS2/install/px4_velocity_control/share/px4_velocity_control/hook/ament_prefix_path.sh'
[7.611s] INFO:colcon.colcon_core.shell:Skip shell extension 'powershell' for command environment: Not usable outside of PowerShell
[7.612s] DEBUG:colcon.colcon_core.shell:Skip shell extension 'dsv' for command environment
[7.647s] DEBUG:colcon.colcon_core.event_handler.log_command:Invoking command in '/home/user_adm/ros2_PX4_gz/SwarmZ_ROS2/build/acoustics_simulation_cpp': CMAKE_PREFIX_PATH=/home/user_adm/ros2_PX4_gz/SwarmZ_ROS2/install/px4_msgs:/home/user_adm/ros2_PX4_gz/SwarmZ_ROS2/install/px4_ros_com:/home/user_adm/ros2_PX4_gz/SwarmZ_ROS2/install/offboard_control_cpp:/home/user_adm/ros2_PX4_gz/SwarmZ_ROS2/install/acoustics_simulation_cpp:/home/user_adm/ros2_PX4_gz/SwarmZ_ROS2/install/swarmz_control_py:/home/user_adm/ros2_PX4_gz/SwarmZ_ROS2/install/px4_velocity_control:/home/user_adm/ros2_PX4_gz/SwarmZ_ROS2/install/acoustics_simulation_py:/opt/ros/humble LD_LIBRARY_PATH=/home/user_adm/ros2_PX4_gz/SwarmZ_ROS2/install/px4_msgs/lib:/home/user_adm/ros2_PX4_gz/SwarmZ_ROS2/install/px4_ros_com/lib:/opt/ros/humble/opt/rviz_ogre_vendor/lib:/opt/ros/humble/lib/x86_64-linux-gnu:/opt/ros/humble/lib /usr/bin/cmake --build /home/user_adm/ros2_PX4_gz/SwarmZ_ROS2/build/acoustics_simulation_cpp -- -j8 -l8
[7.649s] DEBUG:colcon.colcon_core.event_handler.log_command:Invoking command in '/home/user_adm/ros2_PX4_gz/SwarmZ_ROS2/build/offboard_control_cpp': CMAKE_PREFIX_PATH=/home/user_adm/ros2_PX4_gz/SwarmZ_ROS2/install/px4_msgs:/home/user_adm/ros2_PX4_gz/SwarmZ_ROS2/install/px4_ros_com:/home/user_adm/ros2_PX4_gz/SwarmZ_ROS2/install/offboard_control_cpp:/home/user_adm/ros2_PX4_gz/SwarmZ_ROS2/install/acoustics_simulation_cpp:/home/user_adm/ros2_PX4_gz/SwarmZ_ROS2/install/swarmz_control_py:/home/user_adm/ros2_PX4_gz/SwarmZ_ROS2/install/px4_velocity_control:/home/user_adm/ros2_PX4_gz/SwarmZ_ROS2/install/acoustics_simulation_py:/opt/ros/humble LD_LIBRARY_PATH=/home/user_adm/ros2_PX4_gz/SwarmZ_ROS2/install/px4_msgs/lib:/home/user_adm/ros2_PX4_gz/SwarmZ_ROS2/install/px4_ros_com/lib:/opt/ros/humble/opt/rviz_ogre_vendor/lib:/opt/ros/humble/lib/x86_64-linux-gnu:/opt/ros/humble/lib /usr/bin/cmake --build /home/user_adm/ros2_PX4_gz/SwarmZ_ROS2/build/offboard_control_cpp -- -j8 -l8
[7.652s] DEBUG:colcon.colcon_core.event_handler.log_command:Invoking command in '/home/user_adm/ros2_PX4_gz/SwarmZ_ROS2/build/px4_ros_com': CMAKE_PREFIX_PATH=/home/user_adm/ros2_PX4_gz/SwarmZ_ROS2/install/px4_msgs:/home/user_adm/ros2_PX4_gz/SwarmZ_ROS2/install/px4_ros_com:/home/user_adm/ros2_PX4_gz/SwarmZ_ROS2/install/offboard_control_cpp:/home/user_adm/ros2_PX4_gz/SwarmZ_ROS2/install/acoustics_simulation_cpp:/home/user_adm/ros2_PX4_gz/SwarmZ_ROS2/install/swarmz_control_py:/home/user_adm/ros2_PX4_gz/SwarmZ_ROS2/install/px4_velocity_control:/home/user_adm/ros2_PX4_gz/SwarmZ_ROS2/install/acoustics_simulation_py:/opt/ros/humble LD_LIBRARY_PATH=/home/user_adm/ros2_PX4_gz/SwarmZ_ROS2/install/px4_msgs/lib:/home/user_adm/ros2_PX4_gz/SwarmZ_ROS2/install/px4_ros_com/lib:/opt/ros/humble/opt/rviz_ogre_vendor/lib:/opt/ros/humble/lib/x86_64-linux-gnu:/opt/ros/humble/lib /usr/bin/cmake --build /home/user_adm/ros2_PX4_gz/SwarmZ_ROS2/build/px4_ros_com -- -j8 -l8
[7.871s] INFO:colcon.colcon_core.task.python.build:Building Python package in '/home/user_adm/ros2_PX4_gz/SwarmZ_ROS2/src/ROS2_PX4_Velocity_Control/px4_velocity_control'
[7.880s] INFO:colcon.colcon_core.shell:Skip shell extension 'powershell' for command environment: Not usable outside of PowerShell
[7.880s] DEBUG:colcon.colcon_core.shell:Skip shell extension 'dsv' for command environment
[7.912s] DEBUG:colcon.colcon_core.event_handler.log_command:Invoked command in '/home/user_adm/ros2_PX4_gz/SwarmZ_ROS2/build/acoustics_simulation_cpp' returned '0': CMAKE_PREFIX_PATH=/home/user_adm/ros2_PX4_gz/SwarmZ_ROS2/install/px4_msgs:/home/user_adm/ros2_PX4_gz/SwarmZ_ROS2/install/px4_ros_com:/home/user_adm/ros2_PX4_gz/SwarmZ_ROS2/install/offboard_control_cpp:/home/user_adm/ros2_PX4_gz/SwarmZ_ROS2/install/acoustics_simulation_cpp:/home/user_adm/ros2_PX4_gz/SwarmZ_ROS2/install/swarmz_control_py:/home/user_adm/ros2_PX4_gz/SwarmZ_ROS2/install/px4_velocity_control:/home/user_adm/ros2_PX4_gz/SwarmZ_ROS2/install/acoustics_simulation_py:/opt/ros/humble LD_LIBRARY_PATH=/home/user_adm/ros2_PX4_gz/SwarmZ_ROS2/install/px4_msgs/lib:/home/user_adm/ros2_PX4_gz/SwarmZ_ROS2/install/px4_ros_com/lib:/opt/ros/humble/opt/rviz_ogre_vendor/lib:/opt/ros/humble/lib/x86_64-linux-gnu:/opt/ros/humble/lib /usr/bin/cmake --build /home/user_adm/ros2_PX4_gz/SwarmZ_ROS2/build/acoustics_simulation_cpp -- -j8 -l8
[7.913s] DEBUG:colcon.colcon_core.event_handler.log_command:Invoked command in '/home/user_adm/ros2_PX4_gz/SwarmZ_ROS2/build/offboard_control_cpp' returned '0': CMAKE_PREFIX_PATH=/home/user_adm/ros2_PX4_gz/SwarmZ_ROS2/install/px4_msgs:/home/user_adm/ros2_PX4_gz/SwarmZ_ROS2/install/px4_ros_com:/home/user_adm/ros2_PX4_gz/SwarmZ_ROS2/install/offboard_control_cpp:/home/user_adm/ros2_PX4_gz/SwarmZ_ROS2/install/acoustics_simulation_cpp:/home/user_adm/ros2_PX4_gz/SwarmZ_ROS2/install/swarmz_control_py:/home/user_adm/ros2_PX4_gz/SwarmZ_ROS2/install/px4_velocity_control:/home/user_adm/ros2_PX4_gz/SwarmZ_ROS2/install/acoustics_simulation_py:/opt/ros/humble LD_LIBRARY_PATH=/home/user_adm/ros2_PX4_gz/SwarmZ_ROS2/install/px4_msgs/lib:/home/user_adm/ros2_PX4_gz/SwarmZ_ROS2/install/px4_ros_com/lib:/opt/ros/humble/opt/rviz_ogre_vendor/lib:/opt/ros/humble/lib/x86_64-linux-gnu:/opt/ros/humble/lib /usr/bin/cmake --build /home/user_adm/ros2_PX4_gz/SwarmZ_ROS2/build/offboard_control_cpp -- -j8 -l8
[7.914s] DEBUG:colcon.colcon_core.event_handler.log_command:Invoked command in '/home/user_adm/ros2_PX4_gz/SwarmZ_ROS2/build/px4_ros_com' returned '0': CMAKE_PREFIX_PATH=/home/user_adm/ros2_PX4_gz/SwarmZ_ROS2/install/px4_msgs:/home/user_adm/ros2_PX4_gz/SwarmZ_ROS2/install/px4_ros_com:/home/user_adm/ros2_PX4_gz/SwarmZ_ROS2/install/offboard_control_cpp:/home/user_adm/ros2_PX4_gz/SwarmZ_ROS2/install/acoustics_simulation_cpp:/home/user_adm/ros2_PX4_gz/SwarmZ_ROS2/install/swarmz_control_py:/home/user_adm/ros2_PX4_gz/SwarmZ_ROS2/install/px4_velocity_control:/home/user_adm/ros2_PX4_gz/SwarmZ_ROS2/install/acoustics_simulation_py:/opt/ros/humble LD_LIBRARY_PATH=/home/user_adm/ros2_PX4_gz/SwarmZ_ROS2/install/px4_msgs/lib:/home/user_adm/ros2_PX4_gz/SwarmZ_ROS2/install/px4_ros_com/lib:/opt/ros/humble/opt/rviz_ogre_vendor/lib:/opt/ros/humble/lib/x86_64-linux-gnu:/opt/ros/humble/lib /usr/bin/cmake --build /home/user_adm/ros2_PX4_gz/SwarmZ_ROS2/build/px4_ros_com -- -j8 -l8
[7.934s] DEBUG:colcon.colcon_core.event_handler.log_command:Invoking command in '/home/user_adm/ros2_PX4_gz/SwarmZ_ROS2/build/acoustics_simulation_cpp': CMAKE_PREFIX_PATH=/home/user_adm/ros2_PX4_gz/SwarmZ_ROS2/install/px4_msgs:/home/user_adm/ros2_PX4_gz/SwarmZ_ROS2/install/px4_ros_com:/home/user_adm/ros2_PX4_gz/SwarmZ_ROS2/install/offboard_control_cpp:/home/user_adm/ros2_PX4_gz/SwarmZ_ROS2/install/acoustics_simulation_cpp:/home/user_adm/ros2_PX4_gz/SwarmZ_ROS2/install/swarmz_control_py:/home/user_adm/ros2_PX4_gz/SwarmZ_ROS2/install/px4_velocity_control:/home/user_adm/ros2_PX4_gz/SwarmZ_ROS2/install/acoustics_simulation_py:/opt/ros/humble LD_LIBRARY_PATH=/home/user_adm/ros2_PX4_gz/SwarmZ_ROS2/install/px4_msgs/lib:/home/user_adm/ros2_PX4_gz/SwarmZ_ROS2/install/px4_ros_com/lib:/opt/ros/humble/opt/rviz_ogre_vendor/lib:/opt/ros/humble/lib/x86_64-linux-gnu:/opt/ros/humble/lib /usr/bin/cmake --install /home/user_adm/ros2_PX4_gz/SwarmZ_ROS2/build/acoustics_simulation_cpp
[7.936s] DEBUG:colcon.colcon_core.event_handler.log_command:Invoking command in '/home/user_adm/ros2_PX4_gz/SwarmZ_ROS2/build/offboard_control_cpp': CMAKE_PREFIX_PATH=/home/user_adm/ros2_PX4_gz/SwarmZ_ROS2/install/px4_msgs:/home/user_adm/ros2_PX4_gz/SwarmZ_ROS2/install/px4_ros_com:/home/user_adm/ros2_PX4_gz/SwarmZ_ROS2/install/offboard_control_cpp:/home/user_adm/ros2_PX4_gz/SwarmZ_ROS2/install/acoustics_simulation_cpp:/home/user_adm/ros2_PX4_gz/SwarmZ_ROS2/install/swarmz_control_py:/home/user_adm/ros2_PX4_gz/SwarmZ_ROS2/install/px4_velocity_control:/home/user_adm/ros2_PX4_gz/SwarmZ_ROS2/install/acoustics_simulation_py:/opt/ros/humble LD_LIBRARY_PATH=/home/user_adm/ros2_PX4_gz/SwarmZ_ROS2/install/px4_msgs/lib:/home/user_adm/ros2_PX4_gz/SwarmZ_ROS2/install/px4_ros_com/lib:/opt/ros/humble/opt/rviz_ogre_vendor/lib:/opt/ros/humble/lib/x86_64-linux-gnu:/opt/ros/humble/lib /usr/bin/cmake --install /home/user_adm/ros2_PX4_gz/SwarmZ_ROS2/build/offboard_control_cpp
[7.941s] Level 1:colcon.colcon_core.environment:create_environment_scripts_only(acoustics_simulation_cpp)
[7.942s] DEBUG:colcon.colcon_core.event_handler.log_command:Invoked command in '/home/user_adm/ros2_PX4_gz/SwarmZ_ROS2/build/acoustics_simulation_cpp' returned '0': CMAKE_PREFIX_PATH=/home/user_adm/ros2_PX4_gz/SwarmZ_ROS2/install/px4_msgs:/home/user_adm/ros2_PX4_gz/SwarmZ_ROS2/install/px4_ros_com:/home/user_adm/ros2_PX4_gz/SwarmZ_ROS2/install/offboard_control_cpp:/home/user_adm/ros2_PX4_gz/SwarmZ_ROS2/install/acoustics_simulation_cpp:/home/user_adm/ros2_PX4_gz/SwarmZ_ROS2/install/swarmz_control_py:/home/user_adm/ros2_PX4_gz/SwarmZ_ROS2/install/px4_velocity_control:/home/user_adm/ros2_PX4_gz/SwarmZ_ROS2/install/acoustics_simulation_py:/opt/ros/humble LD_LIBRARY_PATH=/home/user_adm/ros2_PX4_gz/SwarmZ_ROS2/install/px4_msgs/lib:/home/user_adm/ros2_PX4_gz/SwarmZ_ROS2/install/px4_ros_com/lib:/opt/ros/humble/opt/rviz_ogre_vendor/lib:/opt/ros/humble/lib/x86_64-linux-gnu:/opt/ros/humble/lib /usr/bin/cmake --install /home/user_adm/ros2_PX4_gz/SwarmZ_ROS2/build/acoustics_simulation_cpp
[7.961s] Level 1:colcon.colcon_core.environment:checking '/home/user_adm/ros2_PX4_gz/SwarmZ_ROS2/install/acoustics_simulation_cpp' for CMake module files
[7.961s] Level 1:colcon.colcon_core.environment:checking '/home/user_adm/ros2_PX4_gz/SwarmZ_ROS2/install/acoustics_simulation_cpp' for CMake config files
[7.961s] Level 1:colcon.colcon_core.shell:create_environment_hook('acoustics_simulation_cpp', 'cmake_prefix_path')
[7.972s] INFO:colcon.colcon_core.shell:Creating environment hook '/home/user_adm/ros2_PX4_gz/SwarmZ_ROS2/install/acoustics_simulation_cpp/share/acoustics_simulation_cpp/hook/cmake_prefix_path.ps1'
[7.972s] INFO:colcon.colcon_core.shell:Creating environment descriptor '/home/user_adm/ros2_PX4_gz/SwarmZ_ROS2/install/acoustics_simulation_cpp/share/acoustics_simulation_cpp/hook/cmake_prefix_path.dsv'
[7.973s] INFO:colcon.colcon_core.shell:Creating environment hook '/home/user_adm/ros2_PX4_gz/SwarmZ_ROS2/install/acoustics_simulation_cpp/share/acoustics_simulation_cpp/hook/cmake_prefix_path.sh'
[7.973s] Level 1:colcon.colcon_core.environment:checking '/home/user_adm/ros2_PX4_gz/SwarmZ_ROS2/install/acoustics_simulation_cpp/lib'
[7.973s] Level 1:colcon.colcon_core.environment:checking '/home/user_adm/ros2_PX4_gz/SwarmZ_ROS2/install/acoustics_simulation_cpp/bin'
[7.973s] Level 1:colcon.colcon_core.environment:checking '/home/user_adm/ros2_PX4_gz/SwarmZ_ROS2/install/acoustics_simulation_cpp/lib/pkgconfig/acoustics_simulation_cpp.pc'
[7.973s] Level 1:colcon.colcon_core.environment:checking '/home/user_adm/ros2_PX4_gz/SwarmZ_ROS2/install/acoustics_simulation_cpp/lib/python3.10/site-packages'
[7.973s] Level 1:colcon.colcon_core.environment:checking '/home/user_adm/ros2_PX4_gz/SwarmZ_ROS2/install/acoustics_simulation_cpp/bin'
[7.984s] INFO:colcon.colcon_core.shell:Creating package script '/home/user_adm/ros2_PX4_gz/SwarmZ_ROS2/install/acoustics_simulation_cpp/share/acoustics_simulation_cpp/package.ps1'
[7.984s] INFO:colcon.colcon_core.shell:Creating package descriptor '/home/user_adm/ros2_PX4_gz/SwarmZ_ROS2/install/acoustics_simulation_cpp/share/acoustics_simulation_cpp/package.dsv'
[7.984s] INFO:colcon.colcon_core.shell:Creating package script '/home/user_adm/ros2_PX4_gz/SwarmZ_ROS2/install/acoustics_simulation_cpp/share/acoustics_simulation_cpp/package.sh'
[7.985s] INFO:colcon.colcon_core.shell:Creating package script '/home/user_adm/ros2_PX4_gz/SwarmZ_ROS2/install/acoustics_simulation_cpp/share/acoustics_simulation_cpp/package.bash'
[7.985s] INFO:colcon.colcon_core.shell:Creating package script '/home/user_adm/ros2_PX4_gz/SwarmZ_ROS2/install/acoustics_simulation_cpp/share/acoustics_simulation_cpp/package.zsh'
[7.985s] Level 1:colcon.colcon_core.environment:create_file_with_runtime_dependencies(/home/user_adm/ros2_PX4_gz/SwarmZ_ROS2/install/acoustics_simulation_cpp/share/colcon-core/packages/acoustics_simulation_cpp)
[7.987s] DEBUG:colcon.colcon_core.event_handler.log_command:Invoking command in '/home/user_adm/ros2_PX4_gz/SwarmZ_ROS2/build/px4_ros_com': CMAKE_PREFIX_PATH=/home/user_adm/ros2_PX4_gz/SwarmZ_ROS2/install/px4_msgs:/home/user_adm/ros2_PX4_gz/SwarmZ_ROS2/install/px4_ros_com:/home/user_adm/ros2_PX4_gz/SwarmZ_ROS2/install/offboard_control_cpp:/home/user_adm/ros2_PX4_gz/SwarmZ_ROS2/install/acoustics_simulation_cpp:/home/user_adm/ros2_PX4_gz/SwarmZ_ROS2/install/swarmz_control_py:/home/user_adm/ros2_PX4_gz/SwarmZ_ROS2/install/px4_velocity_control:/home/user_adm/ros2_PX4_gz/SwarmZ_ROS2/install/acoustics_simulation_py:/opt/ros/humble LD_LIBRARY_PATH=/home/user_adm/ros2_PX4_gz/SwarmZ_ROS2/install/px4_msgs/lib:/home/user_adm/ros2_PX4_gz/SwarmZ_ROS2/install/px4_ros_com/lib:/opt/ros/humble/opt/rviz_ogre_vendor/lib:/opt/ros/humble/lib/x86_64-linux-gnu:/opt/ros/humble/lib /usr/bin/cmake --install /home/user_adm/ros2_PX4_gz/SwarmZ_ROS2/build/px4_ros_com
[7.988s] Level 1:colcon.colcon_core.environment:create_environment_scripts_only(offboard_control_cpp)
[7.988s] DEBUG:colcon.colcon_core.event_handler.log_command:Invoked command in '/home/user_adm/ros2_PX4_gz/SwarmZ_ROS2/build/offboard_control_cpp' returned '0': CMAKE_PREFIX_PATH=/home/user_adm/ros2_PX4_gz/SwarmZ_ROS2/install/px4_msgs:/home/user_adm/ros2_PX4_gz/SwarmZ_ROS2/install/px4_ros_com:/home/user_adm/ros2_PX4_gz/SwarmZ_ROS2/install/offboard_control_cpp:/home/user_adm/ros2_PX4_gz/SwarmZ_ROS2/install/acoustics_simulation_cpp:/home/user_adm/ros2_PX4_gz/SwarmZ_ROS2/install/swarmz_control_py:/home/user_adm/ros2_PX4_gz/SwarmZ_ROS2/install/px4_velocity_control:/home/user_adm/ros2_PX4_gz/SwarmZ_ROS2/install/acoustics_simulation_py:/opt/ros/humble LD_LIBRARY_PATH=/home/user_adm/ros2_PX4_gz/SwarmZ_ROS2/install/px4_msgs/lib:/home/user_adm/ros2_PX4_gz/SwarmZ_ROS2/install/px4_ros_com/lib:/opt/ros/humble/opt/rviz_ogre_vendor/lib:/opt/ros/humble/lib/x86_64-linux-gnu:/opt/ros/humble/lib /usr/bin/cmake --install /home/user_adm/ros2_PX4_gz/SwarmZ_ROS2/build/offboard_control_cpp
[8.005s] Level 1:colcon.colcon_core.environment:checking '/home/user_adm/ros2_PX4_gz/SwarmZ_ROS2/install/offboard_control_cpp' for CMake module files
[8.006s] Level 1:colcon.colcon_core.environment:checking '/home/user_adm/ros2_PX4_gz/SwarmZ_ROS2/install/offboard_control_cpp' for CMake config files
[8.006s] Level 1:colcon.colcon_core.shell:create_environment_hook('offboard_control_cpp', 'cmake_prefix_path')
[8.017s] INFO:colcon.colcon_core.shell:Creating environment hook '/home/user_adm/ros2_PX4_gz/SwarmZ_ROS2/install/offboard_control_cpp/share/offboard_control_cpp/hook/cmake_prefix_path.ps1'
[8.018s] INFO:colcon.colcon_core.shell:Creating environment descriptor '/home/user_adm/ros2_PX4_gz/SwarmZ_ROS2/install/offboard_control_cpp/share/offboard_control_cpp/hook/cmake_prefix_path.dsv'
[8.018s] INFO:colcon.colcon_core.shell:Creating environment hook '/home/user_adm/ros2_PX4_gz/SwarmZ_ROS2/install/offboard_control_cpp/share/offboard_control_cpp/hook/cmake_prefix_path.sh'
[8.018s] Level 1:colcon.colcon_core.environment:checking '/home/user_adm/ros2_PX4_gz/SwarmZ_ROS2/install/offboard_control_cpp/lib'
[8.018s] Level 1:colcon.colcon_core.environment:checking '/home/user_adm/ros2_PX4_gz/SwarmZ_ROS2/install/offboard_control_cpp/bin'
[8.018s] Level 1:colcon.colcon_core.environment:checking '/home/user_adm/ros2_PX4_gz/SwarmZ_ROS2/install/offboard_control_cpp/lib/pkgconfig/offboard_control_cpp.pc'
[8.018s] Level 1:colcon.colcon_core.environment:checking '/home/user_adm/ros2_PX4_gz/SwarmZ_ROS2/install/offboard_control_cpp/lib/python3.10/site-packages'
[8.019s] Level 1:colcon.colcon_core.environment:checking '/home/user_adm/ros2_PX4_gz/SwarmZ_ROS2/install/offboard_control_cpp/bin'
[8.030s] INFO:colcon.colcon_core.shell:Creating package script '/home/user_adm/ros2_PX4_gz/SwarmZ_ROS2/install/offboard_control_cpp/share/offboard_control_cpp/package.ps1'
[8.030s] INFO:colcon.colcon_core.shell:Creating package descriptor '/home/user_adm/ros2_PX4_gz/SwarmZ_ROS2/install/offboard_control_cpp/share/offboard_control_cpp/package.dsv'
[8.030s] INFO:colcon.colcon_core.shell:Creating package script '/home/user_adm/ros2_PX4_gz/SwarmZ_ROS2/install/offboard_control_cpp/share/offboard_control_cpp/package.sh'
[8.031s] INFO:colcon.colcon_core.shell:Creating package script '/home/user_adm/ros2_PX4_gz/SwarmZ_ROS2/install/offboard_control_cpp/share/offboard_control_cpp/package.bash'
[8.031s] INFO:colcon.colcon_core.shell:Creating package script '/home/user_adm/ros2_PX4_gz/SwarmZ_ROS2/install/offboard_control_cpp/share/offboard_control_cpp/package.zsh'
[8.031s] Level 1:colcon.colcon_core.environment:create_file_with_runtime_dependencies(/home/user_adm/ros2_PX4_gz/SwarmZ_ROS2/install/offboard_control_cpp/share/colcon-core/packages/offboard_control_cpp)
[8.044s] Level 1:colcon.colcon_core.environment:create_environment_scripts_only(acoustics_simulation_cpp)
[8.054s] Level 1:colcon.colcon_core.environment:checking '/home/user_adm/ros2_PX4_gz/SwarmZ_ROS2/install/acoustics_simulation_cpp' for CMake module files
[8.055s] Level 1:colcon.colcon_core.environment:checking '/home/user_adm/ros2_PX4_gz/SwarmZ_ROS2/install/acoustics_simulation_cpp' for CMake config files
[8.055s] Level 1:colcon.colcon_core.shell:create_environment_hook('acoustics_simulation_cpp', 'cmake_prefix_path')
[8.065s] INFO:colcon.colcon_core.shell:Creating environment hook '/home/user_adm/ros2_PX4_gz/SwarmZ_ROS2/install/acoustics_simulation_cpp/share/acoustics_simulation_cpp/hook/cmake_prefix_path.ps1'
[8.065s] INFO:colcon.colcon_core.shell:Creating environment descriptor '/home/user_adm/ros2_PX4_gz/SwarmZ_ROS2/install/acoustics_simulation_cpp/share/acoustics_simulation_cpp/hook/cmake_prefix_path.dsv'
[8.066s] INFO:colcon.colcon_core.shell:Creating environment hook '/home/user_adm/ros2_PX4_gz/SwarmZ_ROS2/install/acoustics_simulation_cpp/share/acoustics_simulation_cpp/hook/cmake_prefix_path.sh'
[8.066s] Level 1:colcon.colcon_core.environment:checking '/home/user_adm/ros2_PX4_gz/SwarmZ_ROS2/install/acoustics_simulation_cpp/lib'
[8.066s] Level 1:colcon.colcon_core.environment:checking '/home/user_adm/ros2_PX4_gz/SwarmZ_ROS2/install/acoustics_simulation_cpp/bin'
[8.066s] Level 1:colcon.colcon_core.environment:checking '/home/user_adm/ros2_PX4_gz/SwarmZ_ROS2/install/acoustics_simulation_cpp/lib/pkgconfig/acoustics_simulation_cpp.pc'
[8.066s] Level 1:colcon.colcon_core.environment:checking '/home/user_adm/ros2_PX4_gz/SwarmZ_ROS2/install/acoustics_simulation_cpp/lib/python3.10/site-packages'
[8.066s] Level 1:colcon.colcon_core.environment:checking '/home/user_adm/ros2_PX4_gz/SwarmZ_ROS2/install/acoustics_simulation_cpp/bin'
[8.077s] INFO:colcon.colcon_core.shell:Creating package script '/home/user_adm/ros2_PX4_gz/SwarmZ_ROS2/install/acoustics_simulation_cpp/share/acoustics_simulation_cpp/package.ps1'
[8.077s] INFO:colcon.colcon_core.shell:Creating package descriptor '/home/user_adm/ros2_PX4_gz/SwarmZ_ROS2/install/acoustics_simulation_cpp/share/acoustics_simulation_cpp/package.dsv'
[8.078s] INFO:colcon.colcon_core.shell:Creating package script '/home/user_adm/ros2_PX4_gz/SwarmZ_ROS2/install/acoustics_simulation_cpp/share/acoustics_simulation_cpp/package.sh'
[8.078s] INFO:colcon.colcon_core.shell:Creating package script '/home/user_adm/ros2_PX4_gz/SwarmZ_ROS2/install/acoustics_simulation_cpp/share/acoustics_simulation_cpp/package.bash'
[8.078s] INFO:colcon.colcon_core.shell:Creating package script '/home/user_adm/ros2_PX4_gz/SwarmZ_ROS2/install/acoustics_simulation_cpp/share/acoustics_simulation_cpp/package.zsh'
[8.078s] Level 1:colcon.colcon_core.environment:create_file_with_runtime_dependencies(/home/user_adm/ros2_PX4_gz/SwarmZ_ROS2/install/acoustics_simulation_cpp/share/colcon-core/packages/acoustics_simulation_cpp)
[8.079s] Level 1:colcon.colcon_core.environment:create_environment_scripts_only(px4_ros_com)
[8.079s] DEBUG:colcon.colcon_core.event_handler.log_command:Invoked command in '/home/user_adm/ros2_PX4_gz/SwarmZ_ROS2/build/px4_ros_com' returned '0': CMAKE_PREFIX_PATH=/home/user_adm/ros2_PX4_gz/SwarmZ_ROS2/install/px4_msgs:/home/user_adm/ros2_PX4_gz/SwarmZ_ROS2/install/px4_ros_com:/home/user_adm/ros2_PX4_gz/SwarmZ_ROS2/install/offboard_control_cpp:/home/user_adm/ros2_PX4_gz/SwarmZ_ROS2/install/acoustics_simulation_cpp:/home/user_adm/ros2_PX4_gz/SwarmZ_ROS2/install/swarmz_control_py:/home/user_adm/ros2_PX4_gz/SwarmZ_ROS2/install/px4_velocity_control:/home/user_adm/ros2_PX4_gz/SwarmZ_ROS2/install/acoustics_simulation_py:/opt/ros/humble LD_LIBRARY_PATH=/home/user_adm/ros2_PX4_gz/SwarmZ_ROS2/install/px4_msgs/lib:/home/user_adm/ros2_PX4_gz/SwarmZ_ROS2/install/px4_ros_com/lib:/opt/ros/humble/opt/rviz_ogre_vendor/lib:/opt/ros/humble/lib/x86_64-linux-gnu:/opt/ros/humble/lib /usr/bin/cmake --install /home/user_adm/ros2_PX4_gz/SwarmZ_ROS2/build/px4_ros_com
[8.090s] Level 1:colcon.colcon_core.environment:checking '/home/user_adm/ros2_PX4_gz/SwarmZ_ROS2/install/px4_ros_com' for CMake module files
[8.090s] Level 1:colcon.colcon_core.environment:checking '/home/user_adm/ros2_PX4_gz/SwarmZ_ROS2/install/px4_ros_com' for CMake config files
[8.090s] Level 1:colcon.colcon_core.shell:create_environment_hook('px4_ros_com', 'cmake_prefix_path')
[8.101s] INFO:colcon.colcon_core.shell:Creating environment hook '/home/user_adm/ros2_PX4_gz/SwarmZ_ROS2/install/px4_ros_com/share/px4_ros_com/hook/cmake_prefix_path.ps1'
[8.102s] INFO:colcon.colcon_core.shell:Creating environment descriptor '/home/user_adm/ros2_PX4_gz/SwarmZ_ROS2/install/px4_ros_com/share/px4_ros_com/hook/cmake_prefix_path.dsv'
[8.102s] INFO:colcon.colcon_core.shell:Creating environment hook '/home/user_adm/ros2_PX4_gz/SwarmZ_ROS2/install/px4_ros_com/share/px4_ros_com/hook/cmake_prefix_path.sh'
[8.102s] Level 1:colcon.colcon_core.environment:checking '/home/user_adm/ros2_PX4_gz/SwarmZ_ROS2/install/px4_ros_com/lib'
[8.102s] Level 1:colcon.colcon_core.shell:create_environment_hook('px4_ros_com', 'ld_library_path_lib')
[8.114s] INFO:colcon.colcon_core.shell:Creating environment hook '/home/user_adm/ros2_PX4_gz/SwarmZ_ROS2/install/px4_ros_com/share/px4_ros_com/hook/ld_library_path_lib.ps1'
[8.115s] INFO:colcon.colcon_core.shell:Creating environment descriptor '/home/user_adm/ros2_PX4_gz/SwarmZ_ROS2/install/px4_ros_com/share/px4_ros_com/hook/ld_library_path_lib.dsv'
[8.115s] INFO:colcon.colcon_core.shell:Creating environment hook '/home/user_adm/ros2_PX4_gz/SwarmZ_ROS2/install/px4_ros_com/share/px4_ros_com/hook/ld_library_path_lib.sh'
[8.115s] Level 1:colcon.colcon_core.environment:checking '/home/user_adm/ros2_PX4_gz/SwarmZ_ROS2/install/px4_ros_com/bin'
[8.115s] Level 1:colcon.colcon_core.environment:checking '/home/user_adm/ros2_PX4_gz/SwarmZ_ROS2/install/px4_ros_com/lib/pkgconfig/px4_ros_com.pc'
[8.116s] Level 1:colcon.colcon_core.environment:checking '/home/user_adm/ros2_PX4_gz/SwarmZ_ROS2/install/px4_ros_com/lib/python3.10/site-packages'
[8.116s] Level 1:colcon.colcon_core.environment:checking '/home/user_adm/ros2_PX4_gz/SwarmZ_ROS2/install/px4_ros_com/bin'
[8.127s] INFO:colcon.colcon_core.shell:Creating package script '/home/user_adm/ros2_PX4_gz/SwarmZ_ROS2/install/px4_ros_com/share/px4_ros_com/package.ps1'
[8.127s] INFO:colcon.colcon_core.shell:Creating package descriptor '/home/user_adm/ros2_PX4_gz/SwarmZ_ROS2/install/px4_ros_com/share/px4_ros_com/package.dsv'
[8.128s] INFO:colcon.colcon_core.shell:Creating package script '/home/user_adm/ros2_PX4_gz/SwarmZ_ROS2/install/px4_ros_com/share/px4_ros_com/package.sh'
[8.128s] INFO:colcon.colcon_core.shell:Creating package script '/home/user_adm/ros2_PX4_gz/SwarmZ_ROS2/install/px4_ros_com/share/px4_ros_com/package.bash'
[8.128s] INFO:colcon.colcon_core.shell:Creating package script '/home/user_adm/ros2_PX4_gz/SwarmZ_ROS2/install/px4_ros_com/share/px4_ros_com/package.zsh'
[8.128s] Level 1:colcon.colcon_core.environment:create_file_with_runtime_dependencies(/home/user_adm/ros2_PX4_gz/SwarmZ_ROS2/install/px4_ros_com/share/colcon-core/packages/px4_ros_com)
[8.140s] Level 1:colcon.colcon_core.environment:create_environment_scripts_only(offboard_control_cpp)
[8.150s] Level 1:colcon.colcon_core.environment:checking '/home/user_adm/ros2_PX4_gz/SwarmZ_ROS2/install/offboard_control_cpp' for CMake module files
[8.151s] Level 1:colcon.colcon_core.environment:checking '/home/user_adm/ros2_PX4_gz/SwarmZ_ROS2/install/offboard_control_cpp' for CMake config files
[8.151s] Level 1:colcon.colcon_core.shell:create_environment_hook('offboard_control_cpp', 'cmake_prefix_path')
[8.162s] INFO:colcon.colcon_core.shell:Creating environment hook '/home/user_adm/ros2_PX4_gz/SwarmZ_ROS2/install/offboard_control_cpp/share/offboard_control_cpp/hook/cmake_prefix_path.ps1'
[8.162s] INFO:colcon.colcon_core.shell:Creating environment descriptor '/home/user_adm/ros2_PX4_gz/SwarmZ_ROS2/install/offboard_control_cpp/share/offboard_control_cpp/hook/cmake_prefix_path.dsv'
[8.162s] INFO:colcon.colcon_core.shell:Creating environment hook '/home/user_adm/ros2_PX4_gz/SwarmZ_ROS2/install/offboard_control_cpp/share/offboard_control_cpp/hook/cmake_prefix_path.sh'
[8.163s] Level 1:colcon.colcon_core.environment:checking '/home/user_adm/ros2_PX4_gz/SwarmZ_ROS2/install/offboard_control_cpp/lib'
[8.163s] Level 1:colcon.colcon_core.environment:checking '/home/user_adm/ros2_PX4_gz/SwarmZ_ROS2/install/offboard_control_cpp/bin'
[8.163s] Level 1:colcon.colcon_core.environment:checking '/home/user_adm/ros2_PX4_gz/SwarmZ_ROS2/install/offboard_control_cpp/lib/pkgconfig/offboard_control_cpp.pc'
[8.163s] Level 1:colcon.colcon_core.environment:checking '/home/user_adm/ros2_PX4_gz/SwarmZ_ROS2/install/offboard_control_cpp/lib/python3.10/site-packages'
[8.163s] Level 1:colcon.colcon_core.environment:checking '/home/user_adm/ros2_PX4_gz/SwarmZ_ROS2/install/offboard_control_cpp/bin'
[8.174s] INFO:colcon.colcon_core.shell:Creating package script '/home/user_adm/ros2_PX4_gz/SwarmZ_ROS2/install/offboard_control_cpp/share/offboard_control_cpp/package.ps1'
[8.175s] INFO:colcon.colcon_core.shell:Creating package descriptor '/home/user_adm/ros2_PX4_gz/SwarmZ_ROS2/install/offboard_control_cpp/share/offboard_control_cpp/package.dsv'
[8.175s] INFO:colcon.colcon_core.shell:Creating package script '/home/user_adm/ros2_PX4_gz/SwarmZ_ROS2/install/offboard_control_cpp/share/offboard_control_cpp/package.sh'
[8.175s] INFO:colcon.colcon_core.shell:Creating package script '/home/user_adm/ros2_PX4_gz/SwarmZ_ROS2/install/offboard_control_cpp/share/offboard_control_cpp/package.bash'
[8.176s] INFO:colcon.colcon_core.shell:Creating package script '/home/user_adm/ros2_PX4_gz/SwarmZ_ROS2/install/offboard_control_cpp/share/offboard_control_cpp/package.zsh'
[8.176s] Level 1:colcon.colcon_core.environment:create_file_with_runtime_dependencies(/home/user_adm/ros2_PX4_gz/SwarmZ_ROS2/install/offboard_control_cpp/share/colcon-core/packages/offboard_control_cpp)
[8.188s] Level 1:colcon.colcon_core.environment:create_environment_scripts_only(px4_ros_com)
[8.200s] Level 1:colcon.colcon_core.environment:checking '/home/user_adm/ros2_PX4_gz/SwarmZ_ROS2/install/px4_ros_com' for CMake module files
[8.200s] Level 1:colcon.colcon_core.environment:checking '/home/user_adm/ros2_PX4_gz/SwarmZ_ROS2/install/px4_ros_com' for CMake config files
[8.201s] Level 1:colcon.colcon_core.shell:create_environment_hook('px4_ros_com', 'cmake_prefix_path')
[8.212s] INFO:colcon.colcon_core.shell:Creating environment hook '/home/user_adm/ros2_PX4_gz/SwarmZ_ROS2/install/px4_ros_com/share/px4_ros_com/hook/cmake_prefix_path.ps1'
[8.212s] INFO:colcon.colcon_core.shell:Creating environment descriptor '/home/user_adm/ros2_PX4_gz/SwarmZ_ROS2/install/px4_ros_com/share/px4_ros_com/hook/cmake_prefix_path.dsv'
[8.212s] INFO:colcon.colcon_core.shell:Creating environment hook '/home/user_adm/ros2_PX4_gz/SwarmZ_ROS2/install/px4_ros_com/share/px4_ros_com/hook/cmake_prefix_path.sh'
[8.213s] Level 1:colcon.colcon_core.environment:checking '/home/user_adm/ros2_PX4_gz/SwarmZ_ROS2/install/px4_ros_com/lib'
[8.213s] Level 1:colcon.colcon_core.shell:create_environment_hook('px4_ros_com', 'ld_library_path_lib')
[8.224s] INFO:colcon.colcon_core.shell:Creating environment hook '/home/user_adm/ros2_PX4_gz/SwarmZ_ROS2/install/px4_ros_com/share/px4_ros_com/hook/ld_library_path_lib.ps1'
[8.224s] INFO:colcon.colcon_core.shell:Creating environment descriptor '/home/user_adm/ros2_PX4_gz/SwarmZ_ROS2/install/px4_ros_com/share/px4_ros_com/hook/ld_library_path_lib.dsv'
[8.225s] INFO:colcon.colcon_core.shell:Creating environment hook '/home/user_adm/ros2_PX4_gz/SwarmZ_ROS2/install/px4_ros_com/share/px4_ros_com/hook/ld_library_path_lib.sh'
[8.225s] Level 1:colcon.colcon_core.environment:checking '/home/user_adm/ros2_PX4_gz/SwarmZ_ROS2/install/px4_ros_com/bin'
[8.225s] Level 1:colcon.colcon_core.environment:checking '/home/user_adm/ros2_PX4_gz/SwarmZ_ROS2/install/px4_ros_com/lib/pkgconfig/px4_ros_com.pc'
[8.225s] Level 1:colcon.colcon_core.environment:checking '/home/user_adm/ros2_PX4_gz/SwarmZ_ROS2/install/px4_ros_com/lib/python3.10/site-packages'
[8.225s] Level 1:colcon.colcon_core.environment:checking '/home/user_adm/ros2_PX4_gz/SwarmZ_ROS2/install/px4_ros_com/bin'
[8.236s] INFO:colcon.colcon_core.shell:Creating package script '/home/user_adm/ros2_PX4_gz/SwarmZ_ROS2/install/px4_ros_com/share/px4_ros_com/package.ps1'
[8.236s] INFO:colcon.colcon_core.shell:Creating package descriptor '/home/user_adm/ros2_PX4_gz/SwarmZ_ROS2/install/px4_ros_com/share/px4_ros_com/package.dsv'
[8.237s] INFO:colcon.colcon_core.shell:Creating package script '/home/user_adm/ros2_PX4_gz/SwarmZ_ROS2/install/px4_ros_com/share/px4_ros_com/package.sh'
[8.237s] INFO:colcon.colcon_core.shell:Creating package script '/home/user_adm/ros2_PX4_gz/SwarmZ_ROS2/install/px4_ros_com/share/px4_ros_com/package.bash'
[8.237s] INFO:colcon.colcon_core.shell:Creating package script '/home/user_adm/ros2_PX4_gz/SwarmZ_ROS2/install/px4_ros_com/share/px4_ros_com/package.zsh'
[8.237s] Level 1:colcon.colcon_core.environment:create_file_with_runtime_dependencies(/home/user_adm/ros2_PX4_gz/SwarmZ_ROS2/install/px4_ros_com/share/colcon-core/packages/px4_ros_com)
[8.240s] DEBUG:colcon.colcon_core.event_handler.log_command:Invoking command in '/home/user_adm/ros2_PX4_gz/SwarmZ_ROS2/src/ROS2_PX4_Velocity_Control/px4_velocity_control': CMAKE_PREFIX_PATH=/home/user_adm/ros2_PX4_gz/SwarmZ_ROS2/install/px4_msgs:/home/user_adm/ros2_PX4_gz/SwarmZ_ROS2/install/px4_ros_com:/home/user_adm/ros2_PX4_gz/SwarmZ_ROS2/install/offboard_control_cpp:/home/user_adm/ros2_PX4_gz/SwarmZ_ROS2/install/acoustics_simulation_cpp LD_LIBRARY_PATH=/home/user_adm/ros2_PX4_gz/SwarmZ_ROS2/install/px4_msgs/lib:/home/user_adm/ros2_PX4_gz/SwarmZ_ROS2/install/px4_ros_com/lib:/opt/ros/humble/opt/rviz_ogre_vendor/lib:/opt/ros/humble/lib/x86_64-linux-gnu:/opt/ros/humble/lib PYTHONPATH=/home/user_adm/ros2_PX4_gz/SwarmZ_ROS2/build/px4_velocity_control/prefix_override:/home/user_adm/ros2_PX4_gz/SwarmZ_ROS2/install/px4_velocity_control/lib/python3.10/site-packages:${PYTHONPATH} /usr/bin/python3 setup.py egg_info --egg-base ../../../build/px4_velocity_control build --build-base /home/user_adm/ros2_PX4_gz/SwarmZ_ROS2/build/px4_velocity_control/build install --record /home/user_adm/ros2_PX4_gz/SwarmZ_ROS2/build/px4_velocity_control/install.log --single-version-externally-managed
[8.457s] DEBUG:colcon.colcon_core.event_handler.log_command:Invoked command in '/home/user_adm/ros2_PX4_gz/SwarmZ_ROS2/src/ROS2_PX4_Velocity_Control/px4_velocity_control' returned '0': CMAKE_PREFIX_PATH=/home/user_adm/ros2_PX4_gz/SwarmZ_ROS2/install/px4_msgs:/home/user_adm/ros2_PX4_gz/SwarmZ_ROS2/install/px4_ros_com:/home/user_adm/ros2_PX4_gz/SwarmZ_ROS2/install/offboard_control_cpp:/home/user_adm/ros2_PX4_gz/SwarmZ_ROS2/install/acoustics_simulation_cpp LD_LIBRARY_PATH=/home/user_adm/ros2_PX4_gz/SwarmZ_ROS2/install/px4_msgs/lib:/home/user_adm/ros2_PX4_gz/SwarmZ_ROS2/install/px4_ros_com/lib:/opt/ros/humble/opt/rviz_ogre_vendor/lib:/opt/ros/humble/lib/x86_64-linux-gnu:/opt/ros/humble/lib PYTHONPATH=/home/user_adm/ros2_PX4_gz/SwarmZ_ROS2/build/px4_velocity_control/prefix_override:/home/user_adm/ros2_PX4_gz/SwarmZ_ROS2/install/px4_velocity_control/lib/python3.10/site-packages:${PYTHONPATH} /usr/bin/python3 setup.py egg_info --egg-base ../../../build/px4_velocity_control build --build-base /home/user_adm/ros2_PX4_gz/SwarmZ_ROS2/build/px4_velocity_control/build install --record /home/user_adm/ros2_PX4_gz/SwarmZ_ROS2/build/px4_velocity_control/install.log --single-version-externally-managed
[8.467s] Level 1:colcon.colcon_core.environment:checking '/home/user_adm/ros2_PX4_gz/SwarmZ_ROS2/install/px4_velocity_control' for CMake module files
[8.468s] Level 1:colcon.colcon_core.environment:checking '/home/user_adm/ros2_PX4_gz/SwarmZ_ROS2/install/px4_velocity_control' for CMake config files
[8.468s] Level 1:colcon.colcon_core.environment:checking '/home/user_adm/ros2_PX4_gz/SwarmZ_ROS2/install/px4_velocity_control/lib'
[8.468s] Level 1:colcon.colcon_core.environment:checking '/home/user_adm/ros2_PX4_gz/SwarmZ_ROS2/install/px4_velocity_control/bin'
[8.468s] Level 1:colcon.colcon_core.environment:checking '/home/user_adm/ros2_PX4_gz/SwarmZ_ROS2/install/px4_velocity_control/lib/pkgconfig/px4_velocity_control.pc'
[8.468s] Level 1:colcon.colcon_core.environment:checking '/home/user_adm/ros2_PX4_gz/SwarmZ_ROS2/install/px4_velocity_control/lib/python3.10/site-packages'
[8.468s] Level 1:colcon.colcon_core.shell:create_environment_hook('px4_velocity_control', 'pythonpath')
[8.478s] INFO:colcon.colcon_core.shell:Creating environment hook '/home/user_adm/ros2_PX4_gz/SwarmZ_ROS2/install/px4_velocity_control/share/px4_velocity_control/hook/pythonpath.ps1'
[8.478s] INFO:colcon.colcon_core.shell:Creating environment descriptor '/home/user_adm/ros2_PX4_gz/SwarmZ_ROS2/install/px4_velocity_control/share/px4_velocity_control/hook/pythonpath.dsv'
[8.478s] INFO:colcon.colcon_core.shell:Creating environment hook '/home/user_adm/ros2_PX4_gz/SwarmZ_ROS2/install/px4_velocity_control/share/px4_velocity_control/hook/pythonpath.sh'
[8.479s] Level 1:colcon.colcon_core.environment:checking '/home/user_adm/ros2_PX4_gz/SwarmZ_ROS2/install/px4_velocity_control/bin'
[8.479s] Level 1:colcon.colcon_core.environment:create_environment_scripts_only(px4_velocity_control)
[8.488s] INFO:colcon.colcon_core.shell:Creating package script '/home/user_adm/ros2_PX4_gz/SwarmZ_ROS2/install/px4_velocity_control/share/px4_velocity_control/package.ps1'
[8.488s] INFO:colcon.colcon_core.shell:Creating package descriptor '/home/user_adm/ros2_PX4_gz/SwarmZ_ROS2/install/px4_velocity_control/share/px4_velocity_control/package.dsv'
[8.489s] INFO:colcon.colcon_core.shell:Creating package script '/home/user_adm/ros2_PX4_gz/SwarmZ_ROS2/install/px4_velocity_control/share/px4_velocity_control/package.sh'
[8.489s] INFO:colcon.colcon_core.shell:Creating package script '/home/user_adm/ros2_PX4_gz/SwarmZ_ROS2/install/px4_velocity_control/share/px4_velocity_control/package.bash'
[8.489s] INFO:colcon.colcon_core.shell:Creating package script '/home/user_adm/ros2_PX4_gz/SwarmZ_ROS2/install/px4_velocity_control/share/px4_velocity_control/package.zsh'
[8.489s] Level 1:colcon.colcon_core.environment:create_file_with_runtime_dependencies(/home/user_adm/ros2_PX4_gz/SwarmZ_ROS2/install/px4_velocity_control/share/colcon-core/packages/px4_velocity_control)
[8.489s] DEBUG:colcon.colcon_parallel_executor.executor.parallel:closing loop
[8.490s] DEBUG:colcon.colcon_parallel_executor.executor.parallel:loop closed
[8.490s] DEBUG:colcon.colcon_parallel_executor.executor.parallel:run_until_complete finished with '0'
[8.490s] DEBUG:colcon.colcon_core.event_reactor:joining thread
[8.503s] INFO:colcon.colcon_core.plugin_system:Skipping extension 'colcon_notification.desktop_notification.terminal_notifier': Not used on non-Darwin systems
[8.503s] INFO:colcon.colcon_core.plugin_system:Skipping extension 'colcon_notification.desktop_notification.win32': Not used on non-Windows systems
[8.503s] INFO:colcon.colcon_notification.desktop_notification:Sending desktop notification using 'notify2'
[8.512s] DEBUG:colcon.colcon_core.event_reactor:joined thread
[8.524s] INFO:colcon.colcon_core.shell:Creating prefix script '/home/user_adm/ros2_PX4_gz/SwarmZ_ROS2/install/local_setup.ps1'
[8.524s] INFO:colcon.colcon_core.shell:Creating prefix util module '/home/user_adm/ros2_PX4_gz/SwarmZ_ROS2/install/_local_setup_util_ps1.py'
[8.525s] INFO:colcon.colcon_core.shell:Creating prefix chain script '/home/user_adm/ros2_PX4_gz/SwarmZ_ROS2/install/setup.ps1'
[8.536s] INFO:colcon.colcon_core.shell:Creating prefix script '/home/user_adm/ros2_PX4_gz/SwarmZ_ROS2/install/local_setup.sh'
[8.536s] INFO:colcon.colcon_core.shell:Creating prefix util module '/home/user_adm/ros2_PX4_gz/SwarmZ_ROS2/install/_local_setup_util_sh.py'
[8.537s] INFO:colcon.colcon_core.shell:Creating prefix chain script '/home/user_adm/ros2_PX4_gz/SwarmZ_ROS2/install/setup.sh'
[8.548s] INFO:colcon.colcon_core.shell:Creating prefix script '/home/user_adm/ros2_PX4_gz/SwarmZ_ROS2/install/local_setup.bash'
[8.548s] INFO:colcon.colcon_core.shell:Creating prefix chain script '/home/user_adm/ros2_PX4_gz/SwarmZ_ROS2/install/setup.bash'
[8.559s] INFO:colcon.colcon_core.shell:Creating prefix script '/home/user_adm/ros2_PX4_gz/SwarmZ_ROS2/install/local_setup.zsh'
[8.559s] INFO:colcon.colcon_core.shell:Creating prefix chain script '/home/user_adm/ros2_PX4_gz/SwarmZ_ROS2/install/setup.zsh'
