running egg_info
creating ../../build/acoustics_simulation_py/acoustics_simulation_py.egg-info
writing ../../build/acoustics_simulation_py/acoustics_simulation_py.egg-info/PKG-INFO
writing dependency_links to ../../build/acoustics_simulation_py/acoustics_simulation_py.egg-info/dependency_links.txt
writing entry points to ../../build/acoustics_simulation_py/acoustics_simulation_py.egg-info/entry_points.txt
writing requirements to ../../build/acoustics_simulation_py/acoustics_simulation_py.egg-info/requires.txt
writing top-level names to ../../build/acoustics_simulation_py/acoustics_simulation_py.egg-info/top_level.txt
writing manifest file '../../build/acoustics_simulation_py/acoustics_simulation_py.egg-info/SOURCES.txt'
reading manifest file '../../build/acoustics_simulation_py/acoustics_simulation_py.egg-info/SOURCES.txt'
writing manifest file '../../build/acoustics_simulation_py/acoustics_simulation_py.egg-info/SOURCES.txt'
running build
running build_py
creating /home/user_adm/ros2_PX4_gz/SwarmZ_ROS2/build/acoustics_simulation_py/build
creating /home/user_adm/ros2_PX4_gz/SwarmZ_ROS2/build/acoustics_simulation_py/build/lib
creating /home/user_adm/ros2_PX4_gz/SwarmZ_ROS2/build/acoustics_simulation_py/build/lib/acoustics_simulation_py
copying acoustics_simulation_py/__init__.py -> /home/user_adm/ros2_PX4_gz/SwarmZ_ROS2/build/acoustics_simulation_py/build/lib/acoustics_simulation_py
copying acoustics_simulation_py/simulated_recordings.py -> /home/user_adm/ros2_PX4_gz/SwarmZ_ROS2/build/acoustics_simulation_py/build/lib/acoustics_simulation_py
running install
running install_lib
creating /home/user_adm/ros2_PX4_gz/SwarmZ_ROS2/install/acoustics_simulation_py/lib/python3.10/site-packages/acoustics_simulation_py
copying /home/user_adm/ros2_PX4_gz/SwarmZ_ROS2/build/acoustics_simulation_py/build/lib/acoustics_simulation_py/__init__.py -> /home/user_adm/ros2_PX4_gz/SwarmZ_ROS2/install/acoustics_simulation_py/lib/python3.10/site-packages/acoustics_simulation_py
copying /home/user_adm/ros2_PX4_gz/SwarmZ_ROS2/build/acoustics_simulation_py/build/lib/acoustics_simulation_py/simulated_recordings.py -> /home/user_adm/ros2_PX4_gz/SwarmZ_ROS2/install/acoustics_simulation_py/lib/python3.10/site-packages/acoustics_simulation_py
byte-compiling /home/user_adm/ros2_PX4_gz/SwarmZ_ROS2/install/acoustics_simulation_py/lib/python3.10/site-packages/acoustics_simulation_py/__init__.py to __init__.cpython-310.pyc
byte-compiling /home/user_adm/ros2_PX4_gz/SwarmZ_ROS2/install/acoustics_simulation_py/lib/python3.10/site-packages/acoustics_simulation_py/simulated_recordings.py to simulated_recordings.cpython-310.pyc
running install_data
creating /home/user_adm/ros2_PX4_gz/SwarmZ_ROS2/install/acoustics_simulation_py/share/ament_index
creating /home/user_adm/ros2_PX4_gz/SwarmZ_ROS2/install/acoustics_simulation_py/share/ament_index/resource_index
creating /home/user_adm/ros2_PX4_gz/SwarmZ_ROS2/install/acoustics_simulation_py/share/ament_index/resource_index/packages
copying resource/acoustics_simulation_py -> /home/user_adm/ros2_PX4_gz/SwarmZ_ROS2/install/acoustics_simulation_py/share/ament_index/resource_index/packages
copying package.xml -> /home/user_adm/ros2_PX4_gz/SwarmZ_ROS2/install/acoustics_simulation_py/share/acoustics_simulation_py
running install_egg_info
Copying ../../build/acoustics_simulation_py/acoustics_simulation_py.egg-info to /home/user_adm/ros2_PX4_gz/SwarmZ_ROS2/install/acoustics_simulation_py/lib/python3.10/site-packages/acoustics_simulation_py-0.0.0-py3.10.egg-info
running install_scripts
Installing simulated_recordings script to /home/user_adm/ros2_PX4_gz/SwarmZ_ROS2/install/acoustics_simulation_py/lib/acoustics_simulation_py
writing list of installed files to '/home/user_adm/ros2_PX4_gz/SwarmZ_ROS2/build/acoustics_simulation_py/install.log'
