[0.889s] Invoking command in '/home/user_adm/ros2_PX4_gz/SwarmZ_ROS2/src/acoustics_simulation_py': PYTHONPATH=/home/user_adm/ros2_PX4_gz/SwarmZ_ROS2/build/acoustics_simulation_py/prefix_override:/home/user_adm/ros2_PX4_gz/SwarmZ_ROS2/install/acoustics_simulation_py/lib/python3.10/site-packages:${PYTHONPATH} /usr/bin/python3 setup.py egg_info --egg-base ../../build/acoustics_simulation_py build --build-base /home/user_adm/ros2_PX4_gz/SwarmZ_ROS2/build/acoustics_simulation_py/build install --record /home/user_adm/ros2_PX4_gz/SwarmZ_ROS2/build/acoustics_simulation_py/install.log --single-version-externally-managed
[1.079s] running egg_info
[1.079s] creating ../../build/acoustics_simulation_py/acoustics_simulation_py.egg-info
[1.080s] writing ../../build/acoustics_simulation_py/acoustics_simulation_py.egg-info/PKG-INFO
[1.080s] writing dependency_links to ../../build/acoustics_simulation_py/acoustics_simulation_py.egg-info/dependency_links.txt
[1.080s] writing entry points to ../../build/acoustics_simulation_py/acoustics_simulation_py.egg-info/entry_points.txt
[1.080s] writing requirements to ../../build/acoustics_simulation_py/acoustics_simulation_py.egg-info/requires.txt
[1.080s] writing top-level names to ../../build/acoustics_simulation_py/acoustics_simulation_py.egg-info/top_level.txt
[1.080s] writing manifest file '../../build/acoustics_simulation_py/acoustics_simulation_py.egg-info/SOURCES.txt'
[1.081s] reading manifest file '../../build/acoustics_simulation_py/acoustics_simulation_py.egg-info/SOURCES.txt'
[1.082s] writing manifest file '../../build/acoustics_simulation_py/acoustics_simulation_py.egg-info/SOURCES.txt'
[1.082s] running build
[1.082s] running build_py
[1.082s] creating /home/user_adm/ros2_PX4_gz/SwarmZ_ROS2/build/acoustics_simulation_py/build
[1.082s] creating /home/user_adm/ros2_PX4_gz/SwarmZ_ROS2/build/acoustics_simulation_py/build/lib
[1.082s] creating /home/user_adm/ros2_PX4_gz/SwarmZ_ROS2/build/acoustics_simulation_py/build/lib/acoustics_simulation_py
[1.082s] copying acoustics_simulation_py/__init__.py -> /home/user_adm/ros2_PX4_gz/SwarmZ_ROS2/build/acoustics_simulation_py/build/lib/acoustics_simulation_py
[1.082s] copying acoustics_simulation_py/simulated_recordings.py -> /home/user_adm/ros2_PX4_gz/SwarmZ_ROS2/build/acoustics_simulation_py/build/lib/acoustics_simulation_py
[1.082s] running install
[1.083s] running install_lib
[1.083s] creating /home/user_adm/ros2_PX4_gz/SwarmZ_ROS2/install/acoustics_simulation_py/lib/python3.10/site-packages/acoustics_simulation_py
[1.083s] copying /home/user_adm/ros2_PX4_gz/SwarmZ_ROS2/build/acoustics_simulation_py/build/lib/acoustics_simulation_py/__init__.py -> /home/user_adm/ros2_PX4_gz/SwarmZ_ROS2/install/acoustics_simulation_py/lib/python3.10/site-packages/acoustics_simulation_py
[1.084s] copying /home/user_adm/ros2_PX4_gz/SwarmZ_ROS2/build/acoustics_simulation_py/build/lib/acoustics_simulation_py/simulated_recordings.py -> /home/user_adm/ros2_PX4_gz/SwarmZ_ROS2/install/acoustics_simulation_py/lib/python3.10/site-packages/acoustics_simulation_py
[1.084s] byte-compiling /home/user_adm/ros2_PX4_gz/SwarmZ_ROS2/install/acoustics_simulation_py/lib/python3.10/site-packages/acoustics_simulation_py/__init__.py to __init__.cpython-310.pyc
[1.084s] byte-compiling /home/user_adm/ros2_PX4_gz/SwarmZ_ROS2/install/acoustics_simulation_py/lib/python3.10/site-packages/acoustics_simulation_py/simulated_recordings.py to simulated_recordings.cpython-310.pyc
[1.086s] running install_data
[1.086s] creating /home/user_adm/ros2_PX4_gz/SwarmZ_ROS2/install/acoustics_simulation_py/share/ament_index
[1.086s] creating /home/user_adm/ros2_PX4_gz/SwarmZ_ROS2/install/acoustics_simulation_py/share/ament_index/resource_index
[1.086s] creating /home/user_adm/ros2_PX4_gz/SwarmZ_ROS2/install/acoustics_simulation_py/share/ament_index/resource_index/packages
[1.087s] copying resource/acoustics_simulation_py -> /home/user_adm/ros2_PX4_gz/SwarmZ_ROS2/install/acoustics_simulation_py/share/ament_index/resource_index/packages
[1.087s] copying package.xml -> /home/user_adm/ros2_PX4_gz/SwarmZ_ROS2/install/acoustics_simulation_py/share/acoustics_simulation_py
[1.087s] running install_egg_info
[1.088s] Copying ../../build/acoustics_simulation_py/acoustics_simulation_py.egg-info to /home/user_adm/ros2_PX4_gz/SwarmZ_ROS2/install/acoustics_simulation_py/lib/python3.10/site-packages/acoustics_simulation_py-0.0.0-py3.10.egg-info
[1.089s] running install_scripts
[1.105s] Installing simulated_recordings script to /home/user_adm/ros2_PX4_gz/SwarmZ_ROS2/install/acoustics_simulation_py/lib/acoustics_simulation_py
[1.105s] writing list of installed files to '/home/user_adm/ros2_PX4_gz/SwarmZ_ROS2/build/acoustics_simulation_py/install.log'
[1.134s] Invoked command in '/home/user_adm/ros2_PX4_gz/SwarmZ_ROS2/src/acoustics_simulation_py' returned '0': PYTHONPATH=/home/user_adm/ros2_PX4_gz/SwarmZ_ROS2/build/acoustics_simulation_py/prefix_override:/home/user_adm/ros2_PX4_gz/SwarmZ_ROS2/install/acoustics_simulation_py/lib/python3.10/site-packages:${PYTHONPATH} /usr/bin/python3 setup.py egg_info --egg-base ../../build/acoustics_simulation_py build --build-base /home/user_adm/ros2_PX4_gz/SwarmZ_ROS2/build/acoustics_simulation_py/build install --record /home/user_adm/ros2_PX4_gz/SwarmZ_ROS2/build/acoustics_simulation_py/install.log --single-version-externally-managed
