[1.047s] Invoking command in '/home/user_adm/ros2_PX4_gz/SwarmZ_ROS2/src/acoustics_simulation_py': PYTHONPATH=/home/user_adm/ros2_PX4_gz/SwarmZ_ROS2/build/acoustics_simulation_py/prefix_override:/home/user_adm/ros2_PX4_gz/SwarmZ_ROS2/install/acoustics_simulation_py/lib/python3.10/site-packages:${PYTHONPATH} /usr/bin/python3 setup.py egg_info --egg-base ../../build/acoustics_simulation_py build --build-base /home/user_adm/ros2_PX4_gz/SwarmZ_ROS2/build/acoustics_simulation_py/build install --record /home/user_adm/ros2_PX4_gz/SwarmZ_ROS2/build/acoustics_simulation_py/install.log --single-version-externally-managed
[1.260s] running egg_info
[1.261s] writing ../../build/acoustics_simulation_py/acoustics_simulation_py.egg-info/PKG-INFO
[1.261s] writing dependency_links to ../../build/acoustics_simulation_py/acoustics_simulation_py.egg-info/dependency_links.txt
[1.261s] writing entry points to ../../build/acoustics_simulation_py/acoustics_simulation_py.egg-info/entry_points.txt
[1.261s] writing requirements to ../../build/acoustics_simulation_py/acoustics_simulation_py.egg-info/requires.txt
[1.261s] writing top-level names to ../../build/acoustics_simulation_py/acoustics_simulation_py.egg-info/top_level.txt
[1.263s] reading manifest file '../../build/acoustics_simulation_py/acoustics_simulation_py.egg-info/SOURCES.txt'
[1.263s] writing manifest file '../../build/acoustics_simulation_py/acoustics_simulation_py.egg-info/SOURCES.txt'
[1.263s] running build
[1.263s] running build_py
[1.264s] running install
[1.264s] running install_lib
[1.265s] running install_data
[1.266s] running install_egg_info
[1.267s] removing '/home/user_adm/ros2_PX4_gz/SwarmZ_ROS2/install/acoustics_simulation_py/lib/python3.10/site-packages/acoustics_simulation_py-0.0.0-py3.10.egg-info' (and everything under it)
[1.267s] Copying ../../build/acoustics_simulation_py/acoustics_simulation_py.egg-info to /home/user_adm/ros2_PX4_gz/SwarmZ_ROS2/install/acoustics_simulation_py/lib/python3.10/site-packages/acoustics_simulation_py-0.0.0-py3.10.egg-info
[1.268s] running install_scripts
[1.286s] Installing simulated_recordings script to /home/user_adm/ros2_PX4_gz/SwarmZ_ROS2/install/acoustics_simulation_py/lib/acoustics_simulation_py
[1.286s] writing list of installed files to '/home/user_adm/ros2_PX4_gz/SwarmZ_ROS2/build/acoustics_simulation_py/install.log'
[1.353s] Invoked command in '/home/user_adm/ros2_PX4_gz/SwarmZ_ROS2/src/acoustics_simulation_py' returned '0': PYTHONPATH=/home/user_adm/ros2_PX4_gz/SwarmZ_ROS2/build/acoustics_simulation_py/prefix_override:/home/user_adm/ros2_PX4_gz/SwarmZ_ROS2/install/acoustics_simulation_py/lib/python3.10/site-packages:${PYTHONPATH} /usr/bin/python3 setup.py egg_info --egg-base ../../build/acoustics_simulation_py build --build-base /home/user_adm/ros2_PX4_gz/SwarmZ_ROS2/build/acoustics_simulation_py/build install --record /home/user_adm/ros2_PX4_gz/SwarmZ_ROS2/build/acoustics_simulation_py/install.log --single-version-externally-managed
