[0.125s] Invoking command in '/home/user_adm/ros2_PX4_gz/SwarmZ_ROS2/build/px4_ros_com': CMAKE_PREFIX_PATH=/home/user_adm/ros2_PX4_gz/SwarmZ_ROS2/install/px4_msgs:/home/user_adm/ros2_PX4_gz/SwarmZ_ROS2/install/px4_ros_com:/home/user_adm/ros2_PX4_gz/SwarmZ_ROS2/install/offboard_control_cpp:/home/user_adm/ros2_PX4_gz/SwarmZ_ROS2/install/acoustics_simulation_cpp:/home/user_adm/ros2_PX4_gz/SwarmZ_ROS2/install/swarmz_control_py:/home/user_adm/ros2_PX4_gz/SwarmZ_ROS2/install/px4_velocity_control:/home/user_adm/ros2_PX4_gz/SwarmZ_ROS2/install/acoustics_simulation_py:/opt/ros/humble LD_LIBRARY_PATH=/home/user_adm/ros2_PX4_gz/SwarmZ_ROS2/install/px4_msgs/lib:/home/user_adm/ros2_PX4_gz/SwarmZ_ROS2/install/px4_ros_com/lib:/opt/ros/humble/opt/rviz_ogre_vendor/lib:/opt/ros/humble/lib/x86_64-linux-gnu:/opt/ros/humble/lib /usr/bin/cmake --build /home/user_adm/ros2_PX4_gz/SwarmZ_ROS2/build/px4_ros_com -- -j8 -l8
[0.188s] [ 28%] Built target sensor_combined_listener
[0.188s] [ 28%] Built target frame_transforms
[0.196s] [ 42%] Built target vehicle_gps_position_listener
[0.202s] [ 57%] Built target offboard_control
[0.202s] [ 71%] Built target offboard_control_px4_1
[0.205s] [ 85%] Built target debug_vect_advertiser
[0.210s] [100%] Built target new_offboard_control
[0.428s] Invoked command in '/home/user_adm/ros2_PX4_gz/SwarmZ_ROS2/build/px4_ros_com' returned '0': CMAKE_PREFIX_PATH=/home/user_adm/ros2_PX4_gz/SwarmZ_ROS2/install/px4_msgs:/home/user_adm/ros2_PX4_gz/SwarmZ_ROS2/install/px4_ros_com:/home/user_adm/ros2_PX4_gz/SwarmZ_ROS2/install/offboard_control_cpp:/home/user_adm/ros2_PX4_gz/SwarmZ_ROS2/install/acoustics_simulation_cpp:/home/user_adm/ros2_PX4_gz/SwarmZ_ROS2/install/swarmz_control_py:/home/user_adm/ros2_PX4_gz/SwarmZ_ROS2/install/px4_velocity_control:/home/user_adm/ros2_PX4_gz/SwarmZ_ROS2/install/acoustics_simulation_py:/opt/ros/humble LD_LIBRARY_PATH=/home/user_adm/ros2_PX4_gz/SwarmZ_ROS2/install/px4_msgs/lib:/home/user_adm/ros2_PX4_gz/SwarmZ_ROS2/install/px4_ros_com/lib:/opt/ros/humble/opt/rviz_ogre_vendor/lib:/opt/ros/humble/lib/x86_64-linux-gnu:/opt/ros/humble/lib /usr/bin/cmake --build /home/user_adm/ros2_PX4_gz/SwarmZ_ROS2/build/px4_ros_com -- -j8 -l8
[0.503s] Invoking command in '/home/user_adm/ros2_PX4_gz/SwarmZ_ROS2/build/px4_ros_com': CMAKE_PREFIX_PATH=/home/user_adm/ros2_PX4_gz/SwarmZ_ROS2/install/px4_msgs:/home/user_adm/ros2_PX4_gz/SwarmZ_ROS2/install/px4_ros_com:/home/user_adm/ros2_PX4_gz/SwarmZ_ROS2/install/offboard_control_cpp:/home/user_adm/ros2_PX4_gz/SwarmZ_ROS2/install/acoustics_simulation_cpp:/home/user_adm/ros2_PX4_gz/SwarmZ_ROS2/install/swarmz_control_py:/home/user_adm/ros2_PX4_gz/SwarmZ_ROS2/install/px4_velocity_control:/home/user_adm/ros2_PX4_gz/SwarmZ_ROS2/install/acoustics_simulation_py:/opt/ros/humble LD_LIBRARY_PATH=/home/user_adm/ros2_PX4_gz/SwarmZ_ROS2/install/px4_msgs/lib:/home/user_adm/ros2_PX4_gz/SwarmZ_ROS2/install/px4_ros_com/lib:/opt/ros/humble/opt/rviz_ogre_vendor/lib:/opt/ros/humble/lib/x86_64-linux-gnu:/opt/ros/humble/lib /usr/bin/cmake --install /home/user_adm/ros2_PX4_gz/SwarmZ_ROS2/build/px4_ros_com
[0.554s] -- Install configuration: ""
[0.554s] -- Up-to-date: /home/user_adm/ros2_PX4_gz/SwarmZ_ROS2/install/px4_ros_com/lib/px4_ros_com/sensor_combined_listener
[0.555s] -- Up-to-date: /home/user_adm/ros2_PX4_gz/SwarmZ_ROS2/install/px4_ros_com/lib/px4_ros_com/vehicle_gps_position_listener
[0.555s] -- Up-to-date: /home/user_adm/ros2_PX4_gz/SwarmZ_ROS2/install/px4_ros_com/lib/px4_ros_com/debug_vect_advertiser
[0.555s] -- Up-to-date: /home/user_adm/ros2_PX4_gz/SwarmZ_ROS2/install/px4_ros_com/lib/px4_ros_com/offboard_control
[0.555s] -- Up-to-date: /home/user_adm/ros2_PX4_gz/SwarmZ_ROS2/install/px4_ros_com/lib/px4_ros_com/offboard_control_px4_1
[0.555s] -- Up-to-date: /home/user_adm/ros2_PX4_gz/SwarmZ_ROS2/install/px4_ros_com/lib/px4_ros_com/new_offboard_control
[0.555s] -- Up-to-date: /home/user_adm/ros2_PX4_gz/SwarmZ_ROS2/install/px4_ros_com/share/px4_ros_com/environment/library_path.sh
[0.555s] -- Up-to-date: /home/user_adm/ros2_PX4_gz/SwarmZ_ROS2/install/px4_ros_com/share/px4_ros_com/environment/library_path.dsv
[0.555s] -- Up-to-date: /home/user_adm/ros2_PX4_gz/SwarmZ_ROS2/install/px4_ros_com/include/px4_ros_com
[0.555s] -- Up-to-date: /home/user_adm/ros2_PX4_gz/SwarmZ_ROS2/install/px4_ros_com/include/px4_ros_com/frame_transforms.h
[0.555s] -- Up-to-date: /home/user_adm/ros2_PX4_gz/SwarmZ_ROS2/install/px4_ros_com/lib/libframe_transforms.so
[0.555s] -- Up-to-date: /home/user_adm/ros2_PX4_gz/SwarmZ_ROS2/install/px4_ros_com/share/px4_ros_com//launch
[0.555s] -- Up-to-date: /home/user_adm/ros2_PX4_gz/SwarmZ_ROS2/install/px4_ros_com/share/px4_ros_com//launch/offboard_control_launch.yaml
[0.555s] -- Up-to-date: /home/user_adm/ros2_PX4_gz/SwarmZ_ROS2/install/px4_ros_com/share/px4_ros_com//launch/sensor_combined_listener.launch.py
[0.555s] -- Up-to-date: /home/user_adm/ros2_PX4_gz/SwarmZ_ROS2/install/px4_ros_com/share/px4_ros_com//test
[0.555s] -- Up-to-date: /home/user_adm/ros2_PX4_gz/SwarmZ_ROS2/install/px4_ros_com/share/px4_ros_com//test/__init__.py
[0.555s] -- Up-to-date: /home/user_adm/ros2_PX4_gz/SwarmZ_ROS2/install/px4_ros_com/share/px4_ros_com//test/test_input.py
[0.555s] -- Up-to-date: /home/user_adm/ros2_PX4_gz/SwarmZ_ROS2/install/px4_ros_com/share/px4_ros_com//test/test_output.py
[0.555s] -- Up-to-date: /home/user_adm/ros2_PX4_gz/SwarmZ_ROS2/install/px4_ros_com/share/px4_ros_com//test/pipeline_io_test.py
[0.555s] -- Up-to-date: /home/user_adm/ros2_PX4_gz/SwarmZ_ROS2/install/px4_ros_com/share/ament_index/resource_index/package_run_dependencies/px4_ros_com
[0.555s] -- Up-to-date: /home/user_adm/ros2_PX4_gz/SwarmZ_ROS2/install/px4_ros_com/share/ament_index/resource_index/parent_prefix_path/px4_ros_com
[0.556s] -- Up-to-date: /home/user_adm/ros2_PX4_gz/SwarmZ_ROS2/install/px4_ros_com/share/px4_ros_com/environment/ament_prefix_path.sh
[0.556s] -- Up-to-date: /home/user_adm/ros2_PX4_gz/SwarmZ_ROS2/install/px4_ros_com/share/px4_ros_com/environment/ament_prefix_path.dsv
[0.556s] -- Up-to-date: /home/user_adm/ros2_PX4_gz/SwarmZ_ROS2/install/px4_ros_com/share/px4_ros_com/environment/path.sh
[0.556s] -- Up-to-date: /home/user_adm/ros2_PX4_gz/SwarmZ_ROS2/install/px4_ros_com/share/px4_ros_com/environment/path.dsv
[0.556s] -- Up-to-date: /home/user_adm/ros2_PX4_gz/SwarmZ_ROS2/install/px4_ros_com/share/px4_ros_com/local_setup.bash
[0.556s] -- Up-to-date: /home/user_adm/ros2_PX4_gz/SwarmZ_ROS2/install/px4_ros_com/share/px4_ros_com/local_setup.sh
[0.556s] -- Up-to-date: /home/user_adm/ros2_PX4_gz/SwarmZ_ROS2/install/px4_ros_com/share/px4_ros_com/local_setup.zsh
[0.556s] -- Up-to-date: /home/user_adm/ros2_PX4_gz/SwarmZ_ROS2/install/px4_ros_com/share/px4_ros_com/local_setup.dsv
[0.556s] -- Installing: /home/user_adm/ros2_PX4_gz/SwarmZ_ROS2/install/px4_ros_com/share/px4_ros_com/package.dsv
[0.556s] -- Up-to-date: /home/user_adm/ros2_PX4_gz/SwarmZ_ROS2/install/px4_ros_com/share/ament_index/resource_index/packages/px4_ros_com
[0.556s] -- Up-to-date: /home/user_adm/ros2_PX4_gz/SwarmZ_ROS2/install/px4_ros_com/share/px4_ros_com/cmake/export_frame_transformsExport.cmake
[0.556s] -- Up-to-date: /home/user_adm/ros2_PX4_gz/SwarmZ_ROS2/install/px4_ros_com/share/px4_ros_com/cmake/export_frame_transformsExport-noconfig.cmake
[0.556s] -- Up-to-date: /home/user_adm/ros2_PX4_gz/SwarmZ_ROS2/install/px4_ros_com/share/px4_ros_com/cmake/ament_cmake_export_dependencies-extras.cmake
[0.556s] -- Up-to-date: /home/user_adm/ros2_PX4_gz/SwarmZ_ROS2/install/px4_ros_com/share/px4_ros_com/cmake/ament_cmake_export_targets-extras.cmake
[0.556s] -- Up-to-date: /home/user_adm/ros2_PX4_gz/SwarmZ_ROS2/install/px4_ros_com/share/px4_ros_com/cmake/ament_cmake_export_include_directories-extras.cmake
[0.556s] -- Up-to-date: /home/user_adm/ros2_PX4_gz/SwarmZ_ROS2/install/px4_ros_com/share/px4_ros_com/cmake/ament_cmake_export_libraries-extras.cmake
[0.556s] -- Up-to-date: /home/user_adm/ros2_PX4_gz/SwarmZ_ROS2/install/px4_ros_com/share/px4_ros_com/cmake/px4_ros_comConfig.cmake
[0.556s] -- Up-to-date: /home/user_adm/ros2_PX4_gz/SwarmZ_ROS2/install/px4_ros_com/share/px4_ros_com/cmake/px4_ros_comConfig-version.cmake
[0.556s] -- Up-to-date: /home/user_adm/ros2_PX4_gz/SwarmZ_ROS2/install/px4_ros_com/share/px4_ros_com/package.xml
[0.615s] Invoked command in '/home/user_adm/ros2_PX4_gz/SwarmZ_ROS2/build/px4_ros_com' returned '0': CMAKE_PREFIX_PATH=/home/user_adm/ros2_PX4_gz/SwarmZ_ROS2/install/px4_msgs:/home/user_adm/ros2_PX4_gz/SwarmZ_ROS2/install/px4_ros_com:/home/user_adm/ros2_PX4_gz/SwarmZ_ROS2/install/offboard_control_cpp:/home/user_adm/ros2_PX4_gz/SwarmZ_ROS2/install/acoustics_simulation_cpp:/home/user_adm/ros2_PX4_gz/SwarmZ_ROS2/install/swarmz_control_py:/home/user_adm/ros2_PX4_gz/SwarmZ_ROS2/install/px4_velocity_control:/home/user_adm/ros2_PX4_gz/SwarmZ_ROS2/install/acoustics_simulation_py:/opt/ros/humble LD_LIBRARY_PATH=/home/user_adm/ros2_PX4_gz/SwarmZ_ROS2/install/px4_msgs/lib:/home/user_adm/ros2_PX4_gz/SwarmZ_ROS2/install/px4_ros_com/lib:/opt/ros/humble/opt/rviz_ogre_vendor/lib:/opt/ros/humble/lib/x86_64-linux-gnu:/opt/ros/humble/lib /usr/bin/cmake --install /home/user_adm/ros2_PX4_gz/SwarmZ_ROS2/build/px4_ros_com
