[0.692s] DEBUG:colcon:Command line arguments: ['/usr/bin/colcon', 'build']
[0.692s] DEBUG:colcon:Parsed command line arguments: Namespace(log_base=None, log_level=None, verb_name='build', build_base='build', install_base='install', merge_install=False, symlink_install=False, test_result_base=None, continue_on_error=False, executor='parallel', parallel_workers=8, event_handlers=None, ignore_user_meta=False, metas=['./colcon.meta'], base_paths=['.'], packages_ignore=None, packages_ignore_regex=None, paths=None, packages_up_to=None, packages_up_to_regex=None, packages_above=None, packages_above_and_dependencies=None, packages_above_depth=None, packages_select_by_dep=None, packages_skip_by_dep=None, packages_skip_up_to=None, packages_select_build_failed=False, packages_skip_build_finished=False, packages_select_test_failures=False, packages_skip_test_passed=False, packages_select=None, packages_skip=None, packages_select_regex=None, packages_skip_regex=None, packages_start=None, packages_end=None, allow_overriding=[], cmake_args=None, cmake_target=None, cmake_target_skip_unavailable=False, cmake_clean_cache=False, cmake_clean_first=False, cmake_force_configure=False, ament_cmake_args=None, catkin_cmake_args=None, catkin_skip_building_tests=False, verb_parser=<colcon_defaults.argument_parser.defaults.DefaultArgumentsDecorator object at 0x7fe3a89afe80>, verb_extension=<colcon_core.verb.build.BuildVerb object at 0x7fe3a89afa60>, main=<bound method BuildVerb.main of <colcon_core.verb.build.BuildVerb object at 0x7fe3a89afa60>>)
[0.723s] Level 1:colcon.colcon_core.package_discovery:discover_packages(colcon_meta) check parameters
[0.723s] Level 1:colcon.colcon_core.package_discovery:discover_packages(recursive) check parameters
[0.723s] Level 1:colcon.colcon_core.package_discovery:discover_packages(ignore) check parameters
[0.723s] Level 1:colcon.colcon_core.package_discovery:discover_packages(path) check parameters
[0.723s] Level 1:colcon.colcon_core.package_discovery:discover_packages(colcon_meta) discover
[0.723s] Level 1:colcon.colcon_core.package_discovery:discover_packages(recursive) discover
[0.723s] INFO:colcon.colcon_core.package_discovery:Crawling recursively for packages in '/home/user_adm/ros2_PX4_gz/SwarmZ_ROS2'
[0.723s] Level 1:colcon.colcon_core.package_identification:_identify(.) by extensions ['ignore', 'ignore_ament_install']
[0.723s] Level 1:colcon.colcon_core.package_identification:_identify(.) by extension 'ignore'
[0.723s] Level 1:colcon.colcon_core.package_identification:_identify(.) by extension 'ignore_ament_install'
[0.723s] Level 1:colcon.colcon_core.package_identification:_identify(.) by extensions ['colcon_pkg']
[0.723s] Level 1:colcon.colcon_core.package_identification:_identify(.) by extension 'colcon_pkg'
[0.723s] Level 1:colcon.colcon_core.package_identification:_identify(.) by extensions ['colcon_meta']
[0.723s] Level 1:colcon.colcon_core.package_identification:_identify(.) by extension 'colcon_meta'
[0.723s] Level 1:colcon.colcon_core.package_identification:_identify(.) by extensions ['ros']
[0.723s] Level 1:colcon.colcon_core.package_identification:_identify(.) by extension 'ros'
[0.731s] Level 1:colcon.colcon_core.package_identification:_identify(.) by extensions ['cmake', 'python']
[0.731s] Level 1:colcon.colcon_core.package_identification:_identify(.) by extension 'cmake'
[0.731s] Level 1:colcon.colcon_core.package_identification:_identify(.) by extension 'python'
[0.731s] Level 1:colcon.colcon_core.package_identification:_identify(.) by extensions ['python_setup_py']
[0.731s] Level 1:colcon.colcon_core.package_identification:_identify(.) by extension 'python_setup_py'
[0.731s] Level 1:colcon.colcon_core.package_identification:_identify(build) by extensions ['ignore', 'ignore_ament_install']
[0.731s] Level 1:colcon.colcon_core.package_identification:_identify(build) by extension 'ignore'
[0.731s] Level 1:colcon.colcon_core.package_identification:_identify(build) ignored
[0.731s] Level 1:colcon.colcon_core.package_identification:_identify(install) by extensions ['ignore', 'ignore_ament_install']
[0.732s] Level 1:colcon.colcon_core.package_identification:_identify(install) by extension 'ignore'
[0.732s] Level 1:colcon.colcon_core.package_identification:_identify(install) ignored
[0.732s] Level 1:colcon.colcon_core.package_identification:_identify(log) by extensions ['ignore', 'ignore_ament_install']
[0.732s] Level 1:colcon.colcon_core.package_identification:_identify(log) by extension 'ignore'
[0.732s] Level 1:colcon.colcon_core.package_identification:_identify(log) ignored
[0.732s] Level 1:colcon.colcon_core.package_identification:_identify(src) by extensions ['ignore', 'ignore_ament_install']
[0.732s] Level 1:colcon.colcon_core.package_identification:_identify(src) by extension 'ignore'
[0.732s] Level 1:colcon.colcon_core.package_identification:_identify(src) by extension 'ignore_ament_install'
[0.732s] Level 1:colcon.colcon_core.package_identification:_identify(src) by extensions ['colcon_pkg']
[0.732s] Level 1:colcon.colcon_core.package_identification:_identify(src) by extension 'colcon_pkg'
[0.732s] Level 1:colcon.colcon_core.package_identification:_identify(src) by extensions ['colcon_meta']
[0.732s] Level 1:colcon.colcon_core.package_identification:_identify(src) by extension 'colcon_meta'
[0.732s] Level 1:colcon.colcon_core.package_identification:_identify(src) by extensions ['ros']
[0.732s] Level 1:colcon.colcon_core.package_identification:_identify(src) by extension 'ros'
[0.732s] Level 1:colcon.colcon_core.package_identification:_identify(src) by extensions ['cmake', 'python']
[0.732s] Level 1:colcon.colcon_core.package_identification:_identify(src) by extension 'cmake'
[0.732s] Level 1:colcon.colcon_core.package_identification:_identify(src) by extension 'python'
[0.732s] Level 1:colcon.colcon_core.package_identification:_identify(src) by extensions ['python_setup_py']
[0.732s] Level 1:colcon.colcon_core.package_identification:_identify(src) by extension 'python_setup_py'
[0.732s] Level 1:colcon.colcon_core.package_identification:_identify(src/ROS2_PX4_Velocity_Control) by extensions ['ignore', 'ignore_ament_install']
[0.732s] Level 1:colcon.colcon_core.package_identification:_identify(src/ROS2_PX4_Velocity_Control) by extension 'ignore'
[0.732s] Level 1:colcon.colcon_core.package_identification:_identify(src/ROS2_PX4_Velocity_Control) by extension 'ignore_ament_install'
[0.732s] Level 1:colcon.colcon_core.package_identification:_identify(src/ROS2_PX4_Velocity_Control) by extensions ['colcon_pkg']
[0.732s] Level 1:colcon.colcon_core.package_identification:_identify(src/ROS2_PX4_Velocity_Control) by extension 'colcon_pkg'
[0.732s] Level 1:colcon.colcon_core.package_identification:_identify(src/ROS2_PX4_Velocity_Control) by extensions ['colcon_meta']
[0.732s] Level 1:colcon.colcon_core.package_identification:_identify(src/ROS2_PX4_Velocity_Control) by extension 'colcon_meta'
[0.732s] Level 1:colcon.colcon_core.package_identification:_identify(src/ROS2_PX4_Velocity_Control) by extensions ['ros']
[0.732s] Level 1:colcon.colcon_core.package_identification:_identify(src/ROS2_PX4_Velocity_Control) by extension 'ros'
[0.732s] Level 1:colcon.colcon_core.package_identification:_identify(src/ROS2_PX4_Velocity_Control) by extensions ['cmake', 'python']
[0.733s] Level 1:colcon.colcon_core.package_identification:_identify(src/ROS2_PX4_Velocity_Control) by extension 'cmake'
[0.733s] Level 1:colcon.colcon_core.package_identification:_identify(src/ROS2_PX4_Velocity_Control) by extension 'python'
[0.733s] Level 1:colcon.colcon_core.package_identification:_identify(src/ROS2_PX4_Velocity_Control) by extensions ['python_setup_py']
[0.733s] Level 1:colcon.colcon_core.package_identification:_identify(src/ROS2_PX4_Velocity_Control) by extension 'python_setup_py'
[0.733s] Level 1:colcon.colcon_core.package_identification:_identify(src/ROS2_PX4_Velocity_Control/px4_velocity_control) by extensions ['ignore', 'ignore_ament_install']
[0.733s] Level 1:colcon.colcon_core.package_identification:_identify(src/ROS2_PX4_Velocity_Control/px4_velocity_control) by extension 'ignore'
[0.733s] Level 1:colcon.colcon_core.package_identification:_identify(src/ROS2_PX4_Velocity_Control/px4_velocity_control) by extension 'ignore_ament_install'
[0.733s] Level 1:colcon.colcon_core.package_identification:_identify(src/ROS2_PX4_Velocity_Control/px4_velocity_control) by extensions ['colcon_pkg']
[0.733s] Level 1:colcon.colcon_core.package_identification:_identify(src/ROS2_PX4_Velocity_Control/px4_velocity_control) by extension 'colcon_pkg'
[0.733s] Level 1:colcon.colcon_core.package_identification:_identify(src/ROS2_PX4_Velocity_Control/px4_velocity_control) by extensions ['colcon_meta']
[0.733s] Level 1:colcon.colcon_core.package_identification:_identify(src/ROS2_PX4_Velocity_Control/px4_velocity_control) by extension 'colcon_meta'
[0.733s] Level 1:colcon.colcon_core.package_identification:_identify(src/ROS2_PX4_Velocity_Control/px4_velocity_control) by extensions ['ros']
[0.733s] Level 1:colcon.colcon_core.package_identification:_identify(src/ROS2_PX4_Velocity_Control/px4_velocity_control) by extension 'ros'
[0.735s] DEBUG:colcon.colcon_core.package_identification:Package 'src/ROS2_PX4_Velocity_Control/px4_velocity_control' with type 'ros.ament_python' and name 'px4_velocity_control'
[0.735s] Level 1:colcon.colcon_core.package_identification:_identify(src/acoustics_simulation_cpp) by extensions ['ignore', 'ignore_ament_install']
[0.735s] Level 1:colcon.colcon_core.package_identification:_identify(src/acoustics_simulation_cpp) by extension 'ignore'
[0.735s] Level 1:colcon.colcon_core.package_identification:_identify(src/acoustics_simulation_cpp) by extension 'ignore_ament_install'
[0.735s] Level 1:colcon.colcon_core.package_identification:_identify(src/acoustics_simulation_cpp) by extensions ['colcon_pkg']
[0.735s] Level 1:colcon.colcon_core.package_identification:_identify(src/acoustics_simulation_cpp) by extension 'colcon_pkg'
[0.735s] Level 1:colcon.colcon_core.package_identification:_identify(src/acoustics_simulation_cpp) by extensions ['colcon_meta']
[0.735s] Level 1:colcon.colcon_core.package_identification:_identify(src/acoustics_simulation_cpp) by extension 'colcon_meta'
[0.735s] Level 1:colcon.colcon_core.package_identification:_identify(src/acoustics_simulation_cpp) by extensions ['ros']
[0.735s] Level 1:colcon.colcon_core.package_identification:_identify(src/acoustics_simulation_cpp) by extension 'ros'
[0.736s] DEBUG:colcon.colcon_core.package_identification:Package 'src/acoustics_simulation_cpp' with type 'ros.ament_cmake' and name 'acoustics_simulation_cpp'
[0.736s] Level 1:colcon.colcon_core.package_identification:_identify(src/acoustics_simulation_py) by extensions ['ignore', 'ignore_ament_install']
[0.736s] Level 1:colcon.colcon_core.package_identification:_identify(src/acoustics_simulation_py) by extension 'ignore'
[0.736s] Level 1:colcon.colcon_core.package_identification:_identify(src/acoustics_simulation_py) by extension 'ignore_ament_install'
[0.736s] Level 1:colcon.colcon_core.package_identification:_identify(src/acoustics_simulation_py) by extensions ['colcon_pkg']
[0.736s] Level 1:colcon.colcon_core.package_identification:_identify(src/acoustics_simulation_py) by extension 'colcon_pkg'
[0.736s] Level 1:colcon.colcon_core.package_identification:_identify(src/acoustics_simulation_py) by extensions ['colcon_meta']
[0.736s] Level 1:colcon.colcon_core.package_identification:_identify(src/acoustics_simulation_py) by extension 'colcon_meta'
[0.736s] Level 1:colcon.colcon_core.package_identification:_identify(src/acoustics_simulation_py) by extensions ['ros']
[0.736s] Level 1:colcon.colcon_core.package_identification:_identify(src/acoustics_simulation_py) by extension 'ros'
[0.736s] DEBUG:colcon.colcon_core.package_identification:Package 'src/acoustics_simulation_py' with type 'ros.ament_python' and name 'acoustics_simulation_py'
[0.736s] Level 1:colcon.colcon_core.package_identification:_identify(src/offboard_control_cpp) by extensions ['ignore', 'ignore_ament_install']
[0.736s] Level 1:colcon.colcon_core.package_identification:_identify(src/offboard_control_cpp) by extension 'ignore'
[0.736s] Level 1:colcon.colcon_core.package_identification:_identify(src/offboard_control_cpp) by extension 'ignore_ament_install'
[0.736s] Level 1:colcon.colcon_core.package_identification:_identify(src/offboard_control_cpp) by extensions ['colcon_pkg']
[0.737s] Level 1:colcon.colcon_core.package_identification:_identify(src/offboard_control_cpp) by extension 'colcon_pkg'
[0.737s] Level 1:colcon.colcon_core.package_identification:_identify(src/offboard_control_cpp) by extensions ['colcon_meta']
[0.737s] Level 1:colcon.colcon_core.package_identification:_identify(src/offboard_control_cpp) by extension 'colcon_meta'
[0.737s] Level 1:colcon.colcon_core.package_identification:_identify(src/offboard_control_cpp) by extensions ['ros']
[0.737s] Level 1:colcon.colcon_core.package_identification:_identify(src/offboard_control_cpp) by extension 'ros'
[0.737s] DEBUG:colcon.colcon_core.package_identification:Package 'src/offboard_control_cpp' with type 'ros.ament_cmake' and name 'offboard_control_cpp'
[0.737s] Level 1:colcon.colcon_core.package_identification:_identify(src/px4_msgs) by extensions ['ignore', 'ignore_ament_install']
[0.737s] Level 1:colcon.colcon_core.package_identification:_identify(src/px4_msgs) by extension 'ignore'
[0.737s] Level 1:colcon.colcon_core.package_identification:_identify(src/px4_msgs) by extension 'ignore_ament_install'
[0.737s] Level 1:colcon.colcon_core.package_identification:_identify(src/px4_msgs) by extensions ['colcon_pkg']
[0.737s] Level 1:colcon.colcon_core.package_identification:_identify(src/px4_msgs) by extension 'colcon_pkg'
[0.737s] Level 1:colcon.colcon_core.package_identification:_identify(src/px4_msgs) by extensions ['colcon_meta']
[0.737s] Level 1:colcon.colcon_core.package_identification:_identify(src/px4_msgs) by extension 'colcon_meta'
[0.737s] Level 1:colcon.colcon_core.package_identification:_identify(src/px4_msgs) by extensions ['ros']
[0.738s] Level 1:colcon.colcon_core.package_identification:_identify(src/px4_msgs) by extension 'ros'
[0.738s] DEBUG:colcon.colcon_core.package_identification:Package 'src/px4_msgs' with type 'ros.ament_cmake' and name 'px4_msgs'
[0.738s] Level 1:colcon.colcon_core.package_identification:_identify(src/px4_ros_com) by extensions ['ignore', 'ignore_ament_install']
[0.738s] Level 1:colcon.colcon_core.package_identification:_identify(src/px4_ros_com) by extension 'ignore'
[0.738s] Level 1:colcon.colcon_core.package_identification:_identify(src/px4_ros_com) by extension 'ignore_ament_install'
[0.738s] Level 1:colcon.colcon_core.package_identification:_identify(src/px4_ros_com) by extensions ['colcon_pkg']
[0.738s] Level 1:colcon.colcon_core.package_identification:_identify(src/px4_ros_com) by extension 'colcon_pkg'
[0.738s] Level 1:colcon.colcon_core.package_identification:_identify(src/px4_ros_com) by extensions ['colcon_meta']
[0.738s] Level 1:colcon.colcon_core.package_identification:_identify(src/px4_ros_com) by extension 'colcon_meta'
[0.738s] Level 1:colcon.colcon_core.package_identification:_identify(src/px4_ros_com) by extensions ['ros']
[0.738s] Level 1:colcon.colcon_core.package_identification:_identify(src/px4_ros_com) by extension 'ros'
[0.739s] DEBUG:colcon.colcon_core.package_identification:Package 'src/px4_ros_com' with type 'ros.ament_cmake' and name 'px4_ros_com'
[0.739s] Level 1:colcon.colcon_core.package_identification:_identify(src/swarmz_control_py) by extensions ['ignore', 'ignore_ament_install']
[0.739s] Level 1:colcon.colcon_core.package_identification:_identify(src/swarmz_control_py) by extension 'ignore'
[0.739s] Level 1:colcon.colcon_core.package_identification:_identify(src/swarmz_control_py) by extension 'ignore_ament_install'
[0.739s] Level 1:colcon.colcon_core.package_identification:_identify(src/swarmz_control_py) by extensions ['colcon_pkg']
[0.739s] Level 1:colcon.colcon_core.package_identification:_identify(src/swarmz_control_py) by extension 'colcon_pkg'
[0.739s] Level 1:colcon.colcon_core.package_identification:_identify(src/swarmz_control_py) by extensions ['colcon_meta']
[0.739s] Level 1:colcon.colcon_core.package_identification:_identify(src/swarmz_control_py) by extension 'colcon_meta'
[0.739s] Level 1:colcon.colcon_core.package_identification:_identify(src/swarmz_control_py) by extensions ['ros']
[0.739s] Level 1:colcon.colcon_core.package_identification:_identify(src/swarmz_control_py) by extension 'ros'
[0.739s] DEBUG:colcon.colcon_core.package_identification:Package 'src/swarmz_control_py' with type 'ros.ament_python' and name 'swarmz_control_py'
[0.739s] Level 1:colcon.colcon_core.package_discovery:discover_packages(recursive) using defaults
[0.740s] Level 1:colcon.colcon_core.package_discovery:discover_packages(ignore) discover
[0.740s] Level 1:colcon.colcon_core.package_discovery:discover_packages(ignore) using defaults
[0.740s] Level 1:colcon.colcon_core.package_discovery:discover_packages(path) discover
[0.740s] Level 1:colcon.colcon_core.package_discovery:discover_packages(path) using defaults
[0.803s] Level 1:colcon.colcon_core.package_discovery:discover_packages(prefix_path) check parameters
[0.803s] Level 1:colcon.colcon_core.package_discovery:discover_packages(prefix_path) discover
[0.824s] DEBUG:colcon.colcon_installed_package_information.package_discovery:Found 7 installed packages in /home/user_adm/ros2_PX4_gz/SwarmZ_ROS2/install
[0.843s] DEBUG:colcon.colcon_installed_package_information.package_discovery:Found 274 installed packages in /opt/ros/humble
[0.844s] Level 1:colcon.colcon_core.package_discovery:discover_packages(prefix_path) using defaults
[0.904s] Level 5:colcon.colcon_core.verb:set package 'acoustics_simulation_py' build argument 'cmake_args' from command line to 'None'
[0.904s] Level 5:colcon.colcon_core.verb:set package 'acoustics_simulation_py' build argument 'cmake_target' from command line to 'None'
[0.904s] Level 5:colcon.colcon_core.verb:set package 'acoustics_simulation_py' build argument 'cmake_target_skip_unavailable' from command line to 'False'
[0.904s] Level 5:colcon.colcon_core.verb:set package 'acoustics_simulation_py' build argument 'cmake_clean_cache' from command line to 'False'
[0.904s] Level 5:colcon.colcon_core.verb:set package 'acoustics_simulation_py' build argument 'cmake_clean_first' from command line to 'False'
[0.904s] Level 5:colcon.colcon_core.verb:set package 'acoustics_simulation_py' build argument 'cmake_force_configure' from command line to 'False'
[0.904s] Level 5:colcon.colcon_core.verb:set package 'acoustics_simulation_py' build argument 'ament_cmake_args' from command line to 'None'
[0.904s] Level 5:colcon.colcon_core.verb:set package 'acoustics_simulation_py' build argument 'catkin_cmake_args' from command line to 'None'
[0.904s] Level 5:colcon.colcon_core.verb:set package 'acoustics_simulation_py' build argument 'catkin_skip_building_tests' from command line to 'False'
[0.904s] DEBUG:colcon.colcon_core.verb:Building package 'acoustics_simulation_py' with the following arguments: {'ament_cmake_args': None, 'build_base': '/home/user_adm/ros2_PX4_gz/SwarmZ_ROS2/build/acoustics_simulation_py', 'catkin_cmake_args': None, 'catkin_skip_building_tests': False, 'cmake_args': None, 'cmake_clean_cache': False, 'cmake_clean_first': False, 'cmake_force_configure': False, 'cmake_target': None, 'cmake_target_skip_unavailable': False, 'install_base': '/home/user_adm/ros2_PX4_gz/SwarmZ_ROS2/install/acoustics_simulation_py', 'merge_install': False, 'path': '/home/user_adm/ros2_PX4_gz/SwarmZ_ROS2/src/acoustics_simulation_py', 'symlink_install': False, 'test_result_base': None}
[0.914s] Level 5:colcon.colcon_core.verb:set package 'px4_msgs' build argument 'cmake_args' from command line to 'None'
[0.914s] Level 5:colcon.colcon_core.verb:set package 'px4_msgs' build argument 'cmake_target' from command line to 'None'
[0.914s] Level 5:colcon.colcon_core.verb:set package 'px4_msgs' build argument 'cmake_target_skip_unavailable' from command line to 'False'
[0.914s] Level 5:colcon.colcon_core.verb:set package 'px4_msgs' build argument 'cmake_clean_cache' from command line to 'False'
[0.914s] Level 5:colcon.colcon_core.verb:set package 'px4_msgs' build argument 'cmake_clean_first' from command line to 'False'
[0.914s] Level 5:colcon.colcon_core.verb:set package 'px4_msgs' build argument 'cmake_force_configure' from command line to 'False'
[0.914s] Level 5:colcon.colcon_core.verb:set package 'px4_msgs' build argument 'ament_cmake_args' from command line to 'None'
[0.914s] Level 5:colcon.colcon_core.verb:set package 'px4_msgs' build argument 'catkin_cmake_args' from command line to 'None'
[0.914s] Level 5:colcon.colcon_core.verb:set package 'px4_msgs' build argument 'catkin_skip_building_tests' from command line to 'False'
[0.914s] DEBUG:colcon.colcon_core.verb:Building package 'px4_msgs' with the following arguments: {'ament_cmake_args': None, 'build_base': '/home/user_adm/ros2_PX4_gz/SwarmZ_ROS2/build/px4_msgs', 'catkin_cmake_args': None, 'catkin_skip_building_tests': False, 'cmake_args': None, 'cmake_clean_cache': False, 'cmake_clean_first': False, 'cmake_force_configure': False, 'cmake_target': None, 'cmake_target_skip_unavailable': False, 'install_base': '/home/user_adm/ros2_PX4_gz/SwarmZ_ROS2/install/px4_msgs', 'merge_install': False, 'path': '/home/user_adm/ros2_PX4_gz/SwarmZ_ROS2/src/px4_msgs', 'symlink_install': False, 'test_result_base': None}
[0.924s] Level 5:colcon.colcon_core.verb:set package 'swarmz_control_py' build argument 'cmake_args' from command line to 'None'
[0.925s] Level 5:colcon.colcon_core.verb:set package 'swarmz_control_py' build argument 'cmake_target' from command line to 'None'
[0.925s] Level 5:colcon.colcon_core.verb:set package 'swarmz_control_py' build argument 'cmake_target_skip_unavailable' from command line to 'False'
[0.925s] Level 5:colcon.colcon_core.verb:set package 'swarmz_control_py' build argument 'cmake_clean_cache' from command line to 'False'
[0.925s] Level 5:colcon.colcon_core.verb:set package 'swarmz_control_py' build argument 'cmake_clean_first' from command line to 'False'
[0.925s] Level 5:colcon.colcon_core.verb:set package 'swarmz_control_py' build argument 'cmake_force_configure' from command line to 'False'
[0.925s] Level 5:colcon.colcon_core.verb:set package 'swarmz_control_py' build argument 'ament_cmake_args' from command line to 'None'
[0.925s] Level 5:colcon.colcon_core.verb:set package 'swarmz_control_py' build argument 'catkin_cmake_args' from command line to 'None'
[0.925s] Level 5:colcon.colcon_core.verb:set package 'swarmz_control_py' build argument 'catkin_skip_building_tests' from command line to 'False'
[0.925s] DEBUG:colcon.colcon_core.verb:Building package 'swarmz_control_py' with the following arguments: {'ament_cmake_args': None, 'build_base': '/home/user_adm/ros2_PX4_gz/SwarmZ_ROS2/build/swarmz_control_py', 'catkin_cmake_args': None, 'catkin_skip_building_tests': False, 'cmake_args': None, 'cmake_clean_cache': False, 'cmake_clean_first': False, 'cmake_force_configure': False, 'cmake_target': None, 'cmake_target_skip_unavailable': False, 'install_base': '/home/user_adm/ros2_PX4_gz/SwarmZ_ROS2/install/swarmz_control_py', 'merge_install': False, 'path': '/home/user_adm/ros2_PX4_gz/SwarmZ_ROS2/src/swarmz_control_py', 'symlink_install': False, 'test_result_base': None}
[0.935s] Level 5:colcon.colcon_core.verb:set package 'acoustics_simulation_cpp' build argument 'cmake_args' from command line to 'None'
[0.935s] Level 5:colcon.colcon_core.verb:set package 'acoustics_simulation_cpp' build argument 'cmake_target' from command line to 'None'
[0.935s] Level 5:colcon.colcon_core.verb:set package 'acoustics_simulation_cpp' build argument 'cmake_target_skip_unavailable' from command line to 'False'
[0.935s] Level 5:colcon.colcon_core.verb:set package 'acoustics_simulation_cpp' build argument 'cmake_clean_cache' from command line to 'False'
[0.935s] Level 5:colcon.colcon_core.verb:set package 'acoustics_simulation_cpp' build argument 'cmake_clean_first' from command line to 'False'
[0.935s] Level 5:colcon.colcon_core.verb:set package 'acoustics_simulation_cpp' build argument 'cmake_force_configure' from command line to 'False'
[0.935s] Level 5:colcon.colcon_core.verb:set package 'acoustics_simulation_cpp' build argument 'ament_cmake_args' from command line to 'None'
[0.935s] Level 5:colcon.colcon_core.verb:set package 'acoustics_simulation_cpp' build argument 'catkin_cmake_args' from command line to 'None'
[0.935s] Level 5:colcon.colcon_core.verb:set package 'acoustics_simulation_cpp' build argument 'catkin_skip_building_tests' from command line to 'False'
[0.935s] DEBUG:colcon.colcon_core.verb:Building package 'acoustics_simulation_cpp' with the following arguments: {'ament_cmake_args': None, 'build_base': '/home/user_adm/ros2_PX4_gz/SwarmZ_ROS2/build/acoustics_simulation_cpp', 'catkin_cmake_args': None, 'catkin_skip_building_tests': False, 'cmake_args': None, 'cmake_clean_cache': False, 'cmake_clean_first': False, 'cmake_force_configure': False, 'cmake_target': None, 'cmake_target_skip_unavailable': False, 'install_base': '/home/user_adm/ros2_PX4_gz/SwarmZ_ROS2/install/acoustics_simulation_cpp', 'merge_install': False, 'path': '/home/user_adm/ros2_PX4_gz/SwarmZ_ROS2/src/acoustics_simulation_cpp', 'symlink_install': False, 'test_result_base': None}
[0.945s] Level 5:colcon.colcon_core.verb:set package 'offboard_control_cpp' build argument 'cmake_args' from command line to 'None'
[0.945s] Level 5:colcon.colcon_core.verb:set package 'offboard_control_cpp' build argument 'cmake_target' from command line to 'None'
[0.945s] Level 5:colcon.colcon_core.verb:set package 'offboard_control_cpp' build argument 'cmake_target_skip_unavailable' from command line to 'False'
[0.945s] Level 5:colcon.colcon_core.verb:set package 'offboard_control_cpp' build argument 'cmake_clean_cache' from command line to 'False'
[0.945s] Level 5:colcon.colcon_core.verb:set package 'offboard_control_cpp' build argument 'cmake_clean_first' from command line to 'False'
[0.945s] Level 5:colcon.colcon_core.verb:set package 'offboard_control_cpp' build argument 'cmake_force_configure' from command line to 'False'
[0.945s] Level 5:colcon.colcon_core.verb:set package 'offboard_control_cpp' build argument 'ament_cmake_args' from command line to 'None'
[0.945s] Level 5:colcon.colcon_core.verb:set package 'offboard_control_cpp' build argument 'catkin_cmake_args' from command line to 'None'
[0.945s] Level 5:colcon.colcon_core.verb:set package 'offboard_control_cpp' build argument 'catkin_skip_building_tests' from command line to 'False'
[0.945s] DEBUG:colcon.colcon_core.verb:Building package 'offboard_control_cpp' with the following arguments: {'ament_cmake_args': None, 'build_base': '/home/user_adm/ros2_PX4_gz/SwarmZ_ROS2/build/offboard_control_cpp', 'catkin_cmake_args': None, 'catkin_skip_building_tests': False, 'cmake_args': None, 'cmake_clean_cache': False, 'cmake_clean_first': False, 'cmake_force_configure': False, 'cmake_target': None, 'cmake_target_skip_unavailable': False, 'install_base': '/home/user_adm/ros2_PX4_gz/SwarmZ_ROS2/install/offboard_control_cpp', 'merge_install': False, 'path': '/home/user_adm/ros2_PX4_gz/SwarmZ_ROS2/src/offboard_control_cpp', 'symlink_install': False, 'test_result_base': None}
[0.955s] Level 5:colcon.colcon_core.verb:set package 'px4_ros_com' build argument 'cmake_args' from command line to 'None'
[0.955s] Level 5:colcon.colcon_core.verb:set package 'px4_ros_com' build argument 'cmake_target' from command line to 'None'
[0.955s] Level 5:colcon.colcon_core.verb:set package 'px4_ros_com' build argument 'cmake_target_skip_unavailable' from command line to 'False'
[0.955s] Level 5:colcon.colcon_core.verb:set package 'px4_ros_com' build argument 'cmake_clean_cache' from command line to 'False'
[0.955s] Level 5:colcon.colcon_core.verb:set package 'px4_ros_com' build argument 'cmake_clean_first' from command line to 'False'
[0.955s] Level 5:colcon.colcon_core.verb:set package 'px4_ros_com' build argument 'cmake_force_configure' from command line to 'False'
[0.955s] Level 5:colcon.colcon_core.verb:set package 'px4_ros_com' build argument 'ament_cmake_args' from command line to 'None'
[0.955s] Level 5:colcon.colcon_core.verb:set package 'px4_ros_com' build argument 'catkin_cmake_args' from command line to 'None'
[0.955s] Level 5:colcon.colcon_core.verb:set package 'px4_ros_com' build argument 'catkin_skip_building_tests' from command line to 'False'
[0.955s] DEBUG:colcon.colcon_core.verb:Building package 'px4_ros_com' with the following arguments: {'ament_cmake_args': None, 'build_base': '/home/user_adm/ros2_PX4_gz/SwarmZ_ROS2/build/px4_ros_com', 'catkin_cmake_args': None, 'catkin_skip_building_tests': False, 'cmake_args': None, 'cmake_clean_cache': False, 'cmake_clean_first': False, 'cmake_force_configure': False, 'cmake_target': None, 'cmake_target_skip_unavailable': False, 'install_base': '/home/user_adm/ros2_PX4_gz/SwarmZ_ROS2/install/px4_ros_com', 'merge_install': False, 'path': '/home/user_adm/ros2_PX4_gz/SwarmZ_ROS2/src/px4_ros_com', 'symlink_install': False, 'test_result_base': None}
[0.965s] Level 5:colcon.colcon_core.verb:set package 'px4_velocity_control' build argument 'cmake_args' from command line to 'None'
[0.965s] Level 5:colcon.colcon_core.verb:set package 'px4_velocity_control' build argument 'cmake_target' from command line to 'None'
[0.965s] Level 5:colcon.colcon_core.verb:set package 'px4_velocity_control' build argument 'cmake_target_skip_unavailable' from command line to 'False'
[0.965s] Level 5:colcon.colcon_core.verb:set package 'px4_velocity_control' build argument 'cmake_clean_cache' from command line to 'False'
[0.965s] Level 5:colcon.colcon_core.verb:set package 'px4_velocity_control' build argument 'cmake_clean_first' from command line to 'False'
[0.965s] Level 5:colcon.colcon_core.verb:set package 'px4_velocity_control' build argument 'cmake_force_configure' from command line to 'False'
[0.965s] Level 5:colcon.colcon_core.verb:set package 'px4_velocity_control' build argument 'ament_cmake_args' from command line to 'None'
[0.965s] Level 5:colcon.colcon_core.verb:set package 'px4_velocity_control' build argument 'catkin_cmake_args' from command line to 'None'
[0.965s] Level 5:colcon.colcon_core.verb:set package 'px4_velocity_control' build argument 'catkin_skip_building_tests' from command line to 'False'
[0.965s] DEBUG:colcon.colcon_core.verb:Building package 'px4_velocity_control' with the following arguments: {'ament_cmake_args': None, 'build_base': '/home/user_adm/ros2_PX4_gz/SwarmZ_ROS2/build/px4_velocity_control', 'catkin_cmake_args': None, 'catkin_skip_building_tests': False, 'cmake_args': None, 'cmake_clean_cache': False, 'cmake_clean_first': False, 'cmake_force_configure': False, 'cmake_target': None, 'cmake_target_skip_unavailable': False, 'install_base': '/home/user_adm/ros2_PX4_gz/SwarmZ_ROS2/install/px4_velocity_control', 'merge_install': False, 'path': '/home/user_adm/ros2_PX4_gz/SwarmZ_ROS2/src/ROS2_PX4_Velocity_Control/px4_velocity_control', 'symlink_install': False, 'test_result_base': None}
[0.975s] INFO:colcon.colcon_core.executor:Executing jobs using 'parallel' executor
[0.986s] DEBUG:colcon.colcon_parallel_executor.executor.parallel:run_until_complete
[0.986s] INFO:colcon.colcon_ros.task.ament_cmake.build:Building ROS package in '/home/user_adm/ros2_PX4_gz/SwarmZ_ROS2/src/px4_msgs' with build type 'ament_cmake'
[0.986s] INFO:colcon.colcon_cmake.task.cmake.build:Building CMake package in '/home/user_adm/ros2_PX4_gz/SwarmZ_ROS2/src/px4_msgs'
[0.998s] INFO:colcon.colcon_core.plugin_system:Skipping extension 'colcon_core.shell.bat': Not used on non-Windows systems
[0.998s] INFO:colcon.colcon_core.shell:Skip shell extension 'powershell' for command environment: Not usable outside of PowerShell
[0.998s] DEBUG:colcon.colcon_core.shell:Skip shell extension 'dsv' for command environment
[1.034s] INFO:colcon.colcon_ros.task.ament_python.build:Building ROS package in '/home/user_adm/ros2_PX4_gz/SwarmZ_ROS2/src/acoustics_simulation_py' with build type 'ament_python'
[1.034s] Level 1:colcon.colcon_core.shell:create_environment_hook('acoustics_simulation_py', 'ament_prefix_path')
[1.046s] INFO:colcon.colcon_core.shell:Creating environment hook '/home/user_adm/ros2_PX4_gz/SwarmZ_ROS2/install/acoustics_simulation_py/share/acoustics_simulation_py/hook/ament_prefix_path.ps1'
[1.047s] INFO:colcon.colcon_core.shell:Creating environment descriptor '/home/user_adm/ros2_PX4_gz/SwarmZ_ROS2/install/acoustics_simulation_py/share/acoustics_simulation_py/hook/ament_prefix_path.dsv'
[1.047s] INFO:colcon.colcon_core.shell:Creating environment hook '/home/user_adm/ros2_PX4_gz/SwarmZ_ROS2/install/acoustics_simulation_py/share/acoustics_simulation_py/hook/ament_prefix_path.sh'
[1.059s] INFO:colcon.colcon_core.shell:Skip shell extension 'powershell' for command environment: Not usable outside of PowerShell
[1.060s] DEBUG:colcon.colcon_core.shell:Skip shell extension 'dsv' for command environment
[1.091s] INFO:colcon.colcon_ros.task.ament_python.build:Building ROS package in '/home/user_adm/ros2_PX4_gz/SwarmZ_ROS2/src/swarmz_control_py' with build type 'ament_python'
[1.091s] Level 1:colcon.colcon_core.shell:create_environment_hook('swarmz_control_py', 'ament_prefix_path')
[1.101s] INFO:colcon.colcon_core.shell:Creating environment hook '/home/user_adm/ros2_PX4_gz/SwarmZ_ROS2/install/swarmz_control_py/share/swarmz_control_py/hook/ament_prefix_path.ps1'
[1.101s] INFO:colcon.colcon_core.shell:Creating environment descriptor '/home/user_adm/ros2_PX4_gz/SwarmZ_ROS2/install/swarmz_control_py/share/swarmz_control_py/hook/ament_prefix_path.dsv'
[1.102s] INFO:colcon.colcon_core.shell:Creating environment hook '/home/user_adm/ros2_PX4_gz/SwarmZ_ROS2/install/swarmz_control_py/share/swarmz_control_py/hook/ament_prefix_path.sh'
[1.112s] INFO:colcon.colcon_core.shell:Skip shell extension 'powershell' for command environment: Not usable outside of PowerShell
[1.112s] DEBUG:colcon.colcon_core.shell:Skip shell extension 'dsv' for command environment
[1.148s] DEBUG:colcon.colcon_core.event_handler.log_command:Invoking command in '/home/user_adm/ros2_PX4_gz/SwarmZ_ROS2/build/px4_msgs': CMAKE_PREFIX_PATH=${CMAKE_PREFIX_PATH}:/home/user_adm/ros2_PX4_gz/SwarmZ_ROS2/install/swarmz_control_py:/home/user_adm/ros2_PX4_gz/SwarmZ_ROS2/install/px4_velocity_control:/home/user_adm/ros2_PX4_gz/SwarmZ_ROS2/install/acoustics_simulation_py:/opt/ros/humble /usr/bin/cmake --build /home/user_adm/ros2_PX4_gz/SwarmZ_ROS2/build/px4_msgs -- -j8 -l8
[1.339s] INFO:colcon.colcon_core.task.python.build:Building Python package in '/home/user_adm/ros2_PX4_gz/SwarmZ_ROS2/src/acoustics_simulation_py'
[1.349s] INFO:colcon.colcon_core.shell:Skip shell extension 'powershell' for command environment: Not usable outside of PowerShell
[1.349s] DEBUG:colcon.colcon_core.shell:Skip shell extension 'dsv' for command environment
[1.663s] INFO:colcon.colcon_core.task.python.build:Building Python package in '/home/user_adm/ros2_PX4_gz/SwarmZ_ROS2/src/swarmz_control_py'
[1.675s] INFO:colcon.colcon_core.shell:Skip shell extension 'powershell' for command environment: Not usable outside of PowerShell
[1.675s] DEBUG:colcon.colcon_core.shell:Skip shell extension 'dsv' for command environment
[1.770s] DEBUG:colcon.colcon_core.event_handler.log_command:Invoked command in '/home/user_adm/ros2_PX4_gz/SwarmZ_ROS2/build/px4_msgs' returned '0': CMAKE_PREFIX_PATH=${CMAKE_PREFIX_PATH}:/home/user_adm/ros2_PX4_gz/SwarmZ_ROS2/install/swarmz_control_py:/home/user_adm/ros2_PX4_gz/SwarmZ_ROS2/install/px4_velocity_control:/home/user_adm/ros2_PX4_gz/SwarmZ_ROS2/install/acoustics_simulation_py:/opt/ros/humble /usr/bin/cmake --build /home/user_adm/ros2_PX4_gz/SwarmZ_ROS2/build/px4_msgs -- -j8 -l8
[2.013s] DEBUG:colcon.colcon_core.event_handler.log_command:Invoking command in '/home/user_adm/ros2_PX4_gz/SwarmZ_ROS2/src/swarmz_control_py': PYTHONPATH=/home/user_adm/ros2_PX4_gz/SwarmZ_ROS2/build/swarmz_control_py/prefix_override:/home/user_adm/ros2_PX4_gz/SwarmZ_ROS2/install/swarmz_control_py/lib/python3.10/site-packages:${PYTHONPATH} /usr/bin/python3 setup.py egg_info --egg-base ../../build/swarmz_control_py build --build-base /home/user_adm/ros2_PX4_gz/SwarmZ_ROS2/build/swarmz_control_py/build install --record /home/user_adm/ros2_PX4_gz/SwarmZ_ROS2/build/swarmz_control_py/install.log --single-version-externally-managed
[2.018s] DEBUG:colcon.colcon_core.event_handler.log_command:Invoking command in '/home/user_adm/ros2_PX4_gz/SwarmZ_ROS2/src/acoustics_simulation_py': PYTHONPATH=/home/user_adm/ros2_PX4_gz/SwarmZ_ROS2/build/acoustics_simulation_py/prefix_override:/home/user_adm/ros2_PX4_gz/SwarmZ_ROS2/install/acoustics_simulation_py/lib/python3.10/site-packages:${PYTHONPATH} /usr/bin/python3 setup.py egg_info --egg-base ../../build/acoustics_simulation_py build --build-base /home/user_adm/ros2_PX4_gz/SwarmZ_ROS2/build/acoustics_simulation_py/build install --record /home/user_adm/ros2_PX4_gz/SwarmZ_ROS2/build/acoustics_simulation_py/install.log --single-version-externally-managed
[2.278s] DEBUG:colcon.colcon_core.event_handler.log_command:Invoked command in '/home/user_adm/ros2_PX4_gz/SwarmZ_ROS2/src/swarmz_control_py' returned '0': PYTHONPATH=/home/user_adm/ros2_PX4_gz/SwarmZ_ROS2/build/swarmz_control_py/prefix_override:/home/user_adm/ros2_PX4_gz/SwarmZ_ROS2/install/swarmz_control_py/lib/python3.10/site-packages:${PYTHONPATH} /usr/bin/python3 setup.py egg_info --egg-base ../../build/swarmz_control_py build --build-base /home/user_adm/ros2_PX4_gz/SwarmZ_ROS2/build/swarmz_control_py/build install --record /home/user_adm/ros2_PX4_gz/SwarmZ_ROS2/build/swarmz_control_py/install.log --single-version-externally-managed
[2.293s] Level 1:colcon.colcon_core.environment:checking '/home/user_adm/ros2_PX4_gz/SwarmZ_ROS2/install/swarmz_control_py' for CMake module files
[2.293s] Level 1:colcon.colcon_core.environment:checking '/home/user_adm/ros2_PX4_gz/SwarmZ_ROS2/install/swarmz_control_py' for CMake config files
[2.293s] Level 1:colcon.colcon_core.environment:checking '/home/user_adm/ros2_PX4_gz/SwarmZ_ROS2/install/swarmz_control_py/lib'
[2.293s] Level 1:colcon.colcon_core.environment:checking '/home/user_adm/ros2_PX4_gz/SwarmZ_ROS2/install/swarmz_control_py/bin'
[2.294s] Level 1:colcon.colcon_core.environment:checking '/home/user_adm/ros2_PX4_gz/SwarmZ_ROS2/install/swarmz_control_py/lib/pkgconfig/swarmz_control_py.pc'
[2.294s] Level 1:colcon.colcon_core.environment:checking '/home/user_adm/ros2_PX4_gz/SwarmZ_ROS2/install/swarmz_control_py/lib/python3.10/site-packages'
[2.294s] Level 1:colcon.colcon_core.shell:create_environment_hook('swarmz_control_py', 'pythonpath')
[2.304s] INFO:colcon.colcon_core.shell:Creating environment hook '/home/user_adm/ros2_PX4_gz/SwarmZ_ROS2/install/swarmz_control_py/share/swarmz_control_py/hook/pythonpath.ps1'
[2.305s] INFO:colcon.colcon_core.shell:Creating environment descriptor '/home/user_adm/ros2_PX4_gz/SwarmZ_ROS2/install/swarmz_control_py/share/swarmz_control_py/hook/pythonpath.dsv'
[2.305s] INFO:colcon.colcon_core.shell:Creating environment hook '/home/user_adm/ros2_PX4_gz/SwarmZ_ROS2/install/swarmz_control_py/share/swarmz_control_py/hook/pythonpath.sh'
[2.305s] Level 1:colcon.colcon_core.environment:checking '/home/user_adm/ros2_PX4_gz/SwarmZ_ROS2/install/swarmz_control_py/bin'
[2.305s] Level 1:colcon.colcon_core.environment:create_environment_scripts_only(swarmz_control_py)
[2.316s] INFO:colcon.colcon_core.shell:Creating package script '/home/user_adm/ros2_PX4_gz/SwarmZ_ROS2/install/swarmz_control_py/share/swarmz_control_py/package.ps1'
[2.317s] INFO:colcon.colcon_core.shell:Creating package descriptor '/home/user_adm/ros2_PX4_gz/SwarmZ_ROS2/install/swarmz_control_py/share/swarmz_control_py/package.dsv'
[2.317s] INFO:colcon.colcon_core.shell:Creating package script '/home/user_adm/ros2_PX4_gz/SwarmZ_ROS2/install/swarmz_control_py/share/swarmz_control_py/package.sh'
[2.318s] INFO:colcon.colcon_core.shell:Creating package script '/home/user_adm/ros2_PX4_gz/SwarmZ_ROS2/install/swarmz_control_py/share/swarmz_control_py/package.bash'
[2.318s] INFO:colcon.colcon_core.shell:Creating package script '/home/user_adm/ros2_PX4_gz/SwarmZ_ROS2/install/swarmz_control_py/share/swarmz_control_py/package.zsh'
[2.319s] Level 1:colcon.colcon_core.environment:create_file_with_runtime_dependencies(/home/user_adm/ros2_PX4_gz/SwarmZ_ROS2/install/swarmz_control_py/share/colcon-core/packages/swarmz_control_py)
[2.320s] DEBUG:colcon.colcon_core.event_handler.log_command:Invoked command in '/home/user_adm/ros2_PX4_gz/SwarmZ_ROS2/src/acoustics_simulation_py' returned '0': PYTHONPATH=/home/user_adm/ros2_PX4_gz/SwarmZ_ROS2/build/acoustics_simulation_py/prefix_override:/home/user_adm/ros2_PX4_gz/SwarmZ_ROS2/install/acoustics_simulation_py/lib/python3.10/site-packages:${PYTHONPATH} /usr/bin/python3 setup.py egg_info --egg-base ../../build/acoustics_simulation_py build --build-base /home/user_adm/ros2_PX4_gz/SwarmZ_ROS2/build/acoustics_simulation_py/build install --record /home/user_adm/ros2_PX4_gz/SwarmZ_ROS2/build/acoustics_simulation_py/install.log --single-version-externally-managed
[2.332s] Level 1:colcon.colcon_core.environment:checking '/home/user_adm/ros2_PX4_gz/SwarmZ_ROS2/install/acoustics_simulation_py' for CMake module files
[2.332s] Level 1:colcon.colcon_core.environment:checking '/home/user_adm/ros2_PX4_gz/SwarmZ_ROS2/install/acoustics_simulation_py' for CMake config files
[2.333s] Level 1:colcon.colcon_core.environment:checking '/home/user_adm/ros2_PX4_gz/SwarmZ_ROS2/install/acoustics_simulation_py/lib'
[2.333s] Level 1:colcon.colcon_core.environment:checking '/home/user_adm/ros2_PX4_gz/SwarmZ_ROS2/install/acoustics_simulation_py/bin'
[2.333s] Level 1:colcon.colcon_core.environment:checking '/home/user_adm/ros2_PX4_gz/SwarmZ_ROS2/install/acoustics_simulation_py/lib/pkgconfig/acoustics_simulation_py.pc'
[2.333s] Level 1:colcon.colcon_core.environment:checking '/home/user_adm/ros2_PX4_gz/SwarmZ_ROS2/install/acoustics_simulation_py/lib/python3.10/site-packages'
[2.333s] Level 1:colcon.colcon_core.shell:create_environment_hook('acoustics_simulation_py', 'pythonpath')
[2.345s] INFO:colcon.colcon_core.shell:Creating environment hook '/home/user_adm/ros2_PX4_gz/SwarmZ_ROS2/install/acoustics_simulation_py/share/acoustics_simulation_py/hook/pythonpath.ps1'
[2.346s] INFO:colcon.colcon_core.shell:Creating environment descriptor '/home/user_adm/ros2_PX4_gz/SwarmZ_ROS2/install/acoustics_simulation_py/share/acoustics_simulation_py/hook/pythonpath.dsv'
[2.346s] INFO:colcon.colcon_core.shell:Creating environment hook '/home/user_adm/ros2_PX4_gz/SwarmZ_ROS2/install/acoustics_simulation_py/share/acoustics_simulation_py/hook/pythonpath.sh'
[2.346s] Level 1:colcon.colcon_core.environment:checking '/home/user_adm/ros2_PX4_gz/SwarmZ_ROS2/install/acoustics_simulation_py/bin'
[2.346s] Level 1:colcon.colcon_core.environment:create_environment_scripts_only(acoustics_simulation_py)
[2.359s] INFO:colcon.colcon_core.shell:Creating package script '/home/user_adm/ros2_PX4_gz/SwarmZ_ROS2/install/acoustics_simulation_py/share/acoustics_simulation_py/package.ps1'
[2.360s] INFO:colcon.colcon_core.shell:Creating package descriptor '/home/user_adm/ros2_PX4_gz/SwarmZ_ROS2/install/acoustics_simulation_py/share/acoustics_simulation_py/package.dsv'
[2.360s] INFO:colcon.colcon_core.shell:Creating package script '/home/user_adm/ros2_PX4_gz/SwarmZ_ROS2/install/acoustics_simulation_py/share/acoustics_simulation_py/package.sh'
[2.360s] INFO:colcon.colcon_core.shell:Creating package script '/home/user_adm/ros2_PX4_gz/SwarmZ_ROS2/install/acoustics_simulation_py/share/acoustics_simulation_py/package.bash'
[2.361s] INFO:colcon.colcon_core.shell:Creating package script '/home/user_adm/ros2_PX4_gz/SwarmZ_ROS2/install/acoustics_simulation_py/share/acoustics_simulation_py/package.zsh'
[2.361s] Level 1:colcon.colcon_core.environment:create_file_with_runtime_dependencies(/home/user_adm/ros2_PX4_gz/SwarmZ_ROS2/install/acoustics_simulation_py/share/colcon-core/packages/acoustics_simulation_py)
[4.390s] DEBUG:colcon.colcon_core.event_handler.log_command:Invoking command in '/home/user_adm/ros2_PX4_gz/SwarmZ_ROS2/build/px4_msgs': CMAKE_PREFIX_PATH=${CMAKE_PREFIX_PATH}:/home/user_adm/ros2_PX4_gz/SwarmZ_ROS2/install/swarmz_control_py:/home/user_adm/ros2_PX4_gz/SwarmZ_ROS2/install/px4_velocity_control:/home/user_adm/ros2_PX4_gz/SwarmZ_ROS2/install/acoustics_simulation_py:/opt/ros/humble /usr/bin/cmake --install /home/user_adm/ros2_PX4_gz/SwarmZ_ROS2/build/px4_msgs
[4.583s] Level 1:colcon.colcon_core.environment:create_environment_scripts_only(px4_msgs)
[4.583s] DEBUG:colcon.colcon_core.event_handler.log_command:Invoked command in '/home/user_adm/ros2_PX4_gz/SwarmZ_ROS2/build/px4_msgs' returned '0': CMAKE_PREFIX_PATH=${CMAKE_PREFIX_PATH}:/home/user_adm/ros2_PX4_gz/SwarmZ_ROS2/install/swarmz_control_py:/home/user_adm/ros2_PX4_gz/SwarmZ_ROS2/install/px4_velocity_control:/home/user_adm/ros2_PX4_gz/SwarmZ_ROS2/install/acoustics_simulation_py:/opt/ros/humble /usr/bin/cmake --install /home/user_adm/ros2_PX4_gz/SwarmZ_ROS2/build/px4_msgs
[4.594s] Level 1:colcon.colcon_core.environment:checking '/home/user_adm/ros2_PX4_gz/SwarmZ_ROS2/install/px4_msgs' for CMake module files
[4.594s] Level 1:colcon.colcon_core.environment:checking '/home/user_adm/ros2_PX4_gz/SwarmZ_ROS2/install/px4_msgs' for CMake config files
[4.594s] Level 1:colcon.colcon_core.shell:create_environment_hook('px4_msgs', 'cmake_prefix_path')
[4.605s] INFO:colcon.colcon_core.shell:Creating environment hook '/home/user_adm/ros2_PX4_gz/SwarmZ_ROS2/install/px4_msgs/share/px4_msgs/hook/cmake_prefix_path.ps1'
[4.605s] INFO:colcon.colcon_core.shell:Creating environment descriptor '/home/user_adm/ros2_PX4_gz/SwarmZ_ROS2/install/px4_msgs/share/px4_msgs/hook/cmake_prefix_path.dsv'
[4.605s] INFO:colcon.colcon_core.shell:Creating environment hook '/home/user_adm/ros2_PX4_gz/SwarmZ_ROS2/install/px4_msgs/share/px4_msgs/hook/cmake_prefix_path.sh'
[4.605s] Level 1:colcon.colcon_core.environment:checking '/home/user_adm/ros2_PX4_gz/SwarmZ_ROS2/install/px4_msgs/lib'
[4.606s] Level 1:colcon.colcon_core.shell:create_environment_hook('px4_msgs', 'ld_library_path_lib')
[4.615s] INFO:colcon.colcon_core.shell:Creating environment hook '/home/user_adm/ros2_PX4_gz/SwarmZ_ROS2/install/px4_msgs/share/px4_msgs/hook/ld_library_path_lib.ps1'
[4.616s] INFO:colcon.colcon_core.shell:Creating environment descriptor '/home/user_adm/ros2_PX4_gz/SwarmZ_ROS2/install/px4_msgs/share/px4_msgs/hook/ld_library_path_lib.dsv'
[4.616s] INFO:colcon.colcon_core.shell:Creating environment hook '/home/user_adm/ros2_PX4_gz/SwarmZ_ROS2/install/px4_msgs/share/px4_msgs/hook/ld_library_path_lib.sh'
[4.616s] Level 1:colcon.colcon_core.environment:checking '/home/user_adm/ros2_PX4_gz/SwarmZ_ROS2/install/px4_msgs/bin'
[4.616s] Level 1:colcon.colcon_core.environment:checking '/home/user_adm/ros2_PX4_gz/SwarmZ_ROS2/install/px4_msgs/lib/pkgconfig/px4_msgs.pc'
[4.616s] Level 1:colcon.colcon_core.environment:checking '/home/user_adm/ros2_PX4_gz/SwarmZ_ROS2/install/px4_msgs/lib/python3.10/site-packages'
[4.616s] Level 1:colcon.colcon_core.environment:checking '/home/user_adm/ros2_PX4_gz/SwarmZ_ROS2/install/px4_msgs/bin'
[4.627s] INFO:colcon.colcon_core.shell:Creating package script '/home/user_adm/ros2_PX4_gz/SwarmZ_ROS2/install/px4_msgs/share/px4_msgs/package.ps1'
[4.627s] INFO:colcon.colcon_core.shell:Creating package descriptor '/home/user_adm/ros2_PX4_gz/SwarmZ_ROS2/install/px4_msgs/share/px4_msgs/package.dsv'
[4.627s] INFO:colcon.colcon_core.shell:Creating package script '/home/user_adm/ros2_PX4_gz/SwarmZ_ROS2/install/px4_msgs/share/px4_msgs/package.sh'
[4.628s] INFO:colcon.colcon_core.shell:Creating package script '/home/user_adm/ros2_PX4_gz/SwarmZ_ROS2/install/px4_msgs/share/px4_msgs/package.bash'
[4.628s] INFO:colcon.colcon_core.shell:Creating package script '/home/user_adm/ros2_PX4_gz/SwarmZ_ROS2/install/px4_msgs/share/px4_msgs/package.zsh'
[4.628s] Level 1:colcon.colcon_core.environment:create_file_with_runtime_dependencies(/home/user_adm/ros2_PX4_gz/SwarmZ_ROS2/install/px4_msgs/share/colcon-core/packages/px4_msgs)
[7.229s] Level 1:colcon.colcon_core.environment:create_environment_scripts_only(px4_msgs)
[7.239s] Level 1:colcon.colcon_core.environment:checking '/home/user_adm/ros2_PX4_gz/SwarmZ_ROS2/install/px4_msgs' for CMake module files
[7.240s] Level 1:colcon.colcon_core.environment:checking '/home/user_adm/ros2_PX4_gz/SwarmZ_ROS2/install/px4_msgs' for CMake config files
[7.241s] Level 1:colcon.colcon_core.shell:create_environment_hook('px4_msgs', 'cmake_prefix_path')
[7.250s] INFO:colcon.colcon_core.shell:Creating environment hook '/home/user_adm/ros2_PX4_gz/SwarmZ_ROS2/install/px4_msgs/share/px4_msgs/hook/cmake_prefix_path.ps1'
[7.251s] INFO:colcon.colcon_core.shell:Creating environment descriptor '/home/user_adm/ros2_PX4_gz/SwarmZ_ROS2/install/px4_msgs/share/px4_msgs/hook/cmake_prefix_path.dsv'
[7.251s] INFO:colcon.colcon_core.shell:Creating environment hook '/home/user_adm/ros2_PX4_gz/SwarmZ_ROS2/install/px4_msgs/share/px4_msgs/hook/cmake_prefix_path.sh'
[7.251s] Level 1:colcon.colcon_core.environment:checking '/home/user_adm/ros2_PX4_gz/SwarmZ_ROS2/install/px4_msgs/lib'
[7.251s] Level 1:colcon.colcon_core.shell:create_environment_hook('px4_msgs', 'ld_library_path_lib')
[7.261s] INFO:colcon.colcon_core.shell:Creating environment hook '/home/user_adm/ros2_PX4_gz/SwarmZ_ROS2/install/px4_msgs/share/px4_msgs/hook/ld_library_path_lib.ps1'
[7.261s] INFO:colcon.colcon_core.shell:Creating environment descriptor '/home/user_adm/ros2_PX4_gz/SwarmZ_ROS2/install/px4_msgs/share/px4_msgs/hook/ld_library_path_lib.dsv'
[7.262s] INFO:colcon.colcon_core.shell:Creating environment hook '/home/user_adm/ros2_PX4_gz/SwarmZ_ROS2/install/px4_msgs/share/px4_msgs/hook/ld_library_path_lib.sh'
[7.262s] Level 1:colcon.colcon_core.environment:checking '/home/user_adm/ros2_PX4_gz/SwarmZ_ROS2/install/px4_msgs/bin'
[7.262s] Level 1:colcon.colcon_core.environment:checking '/home/user_adm/ros2_PX4_gz/SwarmZ_ROS2/install/px4_msgs/lib/pkgconfig/px4_msgs.pc'
[7.262s] Level 1:colcon.colcon_core.environment:checking '/home/user_adm/ros2_PX4_gz/SwarmZ_ROS2/install/px4_msgs/lib/python3.10/site-packages'
[7.262s] Level 1:colcon.colcon_core.environment:checking '/home/user_adm/ros2_PX4_gz/SwarmZ_ROS2/install/px4_msgs/bin'
[7.272s] INFO:colcon.colcon_core.shell:Creating package script '/home/user_adm/ros2_PX4_gz/SwarmZ_ROS2/install/px4_msgs/share/px4_msgs/package.ps1'
[7.272s] INFO:colcon.colcon_core.shell:Creating package descriptor '/home/user_adm/ros2_PX4_gz/SwarmZ_ROS2/install/px4_msgs/share/px4_msgs/package.dsv'
[7.273s] INFO:colcon.colcon_core.shell:Creating package script '/home/user_adm/ros2_PX4_gz/SwarmZ_ROS2/install/px4_msgs/share/px4_msgs/package.sh'
[7.273s] INFO:colcon.colcon_core.shell:Creating package script '/home/user_adm/ros2_PX4_gz/SwarmZ_ROS2/install/px4_msgs/share/px4_msgs/package.bash'
[7.273s] INFO:colcon.colcon_core.shell:Creating package script '/home/user_adm/ros2_PX4_gz/SwarmZ_ROS2/install/px4_msgs/share/px4_msgs/package.zsh'
[7.273s] Level 1:colcon.colcon_core.environment:create_file_with_runtime_dependencies(/home/user_adm/ros2_PX4_gz/SwarmZ_ROS2/install/px4_msgs/share/colcon-core/packages/px4_msgs)
[7.273s] INFO:colcon.colcon_ros.task.ament_cmake.build:Building ROS package in '/home/user_adm/ros2_PX4_gz/SwarmZ_ROS2/src/acoustics_simulation_cpp' with build type 'ament_cmake'
[7.274s] INFO:colcon.colcon_cmake.task.cmake.build:Building CMake package in '/home/user_adm/ros2_PX4_gz/SwarmZ_ROS2/src/acoustics_simulation_cpp'
[7.284s] INFO:colcon.colcon_core.shell:Skip shell extension 'powershell' for command environment: Not usable outside of PowerShell
[7.284s] DEBUG:colcon.colcon_core.shell:Skip shell extension 'dsv' for command environment
[7.317s] INFO:colcon.colcon_ros.task.ament_cmake.build:Building ROS package in '/home/user_adm/ros2_PX4_gz/SwarmZ_ROS2/src/offboard_control_cpp' with build type 'ament_cmake'
[7.317s] INFO:colcon.colcon_cmake.task.cmake.build:Building CMake package in '/home/user_adm/ros2_PX4_gz/SwarmZ_ROS2/src/offboard_control_cpp'
[7.342s] INFO:colcon.colcon_core.shell:Skip shell extension 'powershell' for command environment: Not usable outside of PowerShell
[7.342s] DEBUG:colcon.colcon_core.shell:Skip shell extension 'dsv' for command environment
[7.377s] INFO:colcon.colcon_ros.task.ament_cmake.build:Building ROS package in '/home/user_adm/ros2_PX4_gz/SwarmZ_ROS2/src/px4_ros_com' with build type 'ament_cmake'
[7.377s] INFO:colcon.colcon_cmake.task.cmake.build:Building CMake package in '/home/user_adm/ros2_PX4_gz/SwarmZ_ROS2/src/px4_ros_com'
[7.387s] INFO:colcon.colcon_core.shell:Skip shell extension 'powershell' for command environment: Not usable outside of PowerShell
[7.387s] DEBUG:colcon.colcon_core.shell:Skip shell extension 'dsv' for command environment
[7.419s] INFO:colcon.colcon_ros.task.ament_python.build:Building ROS package in '/home/user_adm/ros2_PX4_gz/SwarmZ_ROS2/src/ROS2_PX4_Velocity_Control/px4_velocity_control' with build type 'ament_python'
[7.419s] Level 1:colcon.colcon_core.shell:create_environment_hook('px4_velocity_control', 'ament_prefix_path')
[7.430s] INFO:colcon.colcon_core.shell:Creating environment hook '/home/user_adm/ros2_PX4_gz/SwarmZ_ROS2/install/px4_velocity_control/share/px4_velocity_control/hook/ament_prefix_path.ps1'
[7.430s] INFO:colcon.colcon_core.shell:Creating environment descriptor '/home/user_adm/ros2_PX4_gz/SwarmZ_ROS2/install/px4_velocity_control/share/px4_velocity_control/hook/ament_prefix_path.dsv'
[7.430s] INFO:colcon.colcon_core.shell:Creating environment hook '/home/user_adm/ros2_PX4_gz/SwarmZ_ROS2/install/px4_velocity_control/share/px4_velocity_control/hook/ament_prefix_path.sh'
[7.442s] INFO:colcon.colcon_core.shell:Skip shell extension 'powershell' for command environment: Not usable outside of PowerShell
[7.442s] DEBUG:colcon.colcon_core.shell:Skip shell extension 'dsv' for command environment
[7.476s] DEBUG:colcon.colcon_core.event_handler.log_command:Invoking command in '/home/user_adm/ros2_PX4_gz/SwarmZ_ROS2/build/acoustics_simulation_cpp': CMAKE_PREFIX_PATH=/home/user_adm/ros2_PX4_gz/SwarmZ_ROS2/install/px4_msgs:/home/user_adm/ros2_PX4_gz/SwarmZ_ROS2/install/px4_ros_com:/home/user_adm/ros2_PX4_gz/SwarmZ_ROS2/install/offboard_control_cpp:/home/user_adm/ros2_PX4_gz/SwarmZ_ROS2/install/acoustics_simulation_cpp:/home/user_adm/ros2_PX4_gz/SwarmZ_ROS2/install/swarmz_control_py:/home/user_adm/ros2_PX4_gz/SwarmZ_ROS2/install/px4_velocity_control:/home/user_adm/ros2_PX4_gz/SwarmZ_ROS2/install/acoustics_simulation_py:/opt/ros/humble LD_LIBRARY_PATH=/home/user_adm/ros2_PX4_gz/SwarmZ_ROS2/install/px4_msgs/lib:/home/user_adm/ros2_PX4_gz/SwarmZ_ROS2/install/px4_ros_com/lib:/opt/ros/humble/opt/rviz_ogre_vendor/lib:/opt/ros/humble/lib/x86_64-linux-gnu:/opt/ros/humble/lib /usr/bin/cmake --build /home/user_adm/ros2_PX4_gz/SwarmZ_ROS2/build/acoustics_simulation_cpp -- -j8 -l8
[7.478s] DEBUG:colcon.colcon_core.event_handler.log_command:Invoking command in '/home/user_adm/ros2_PX4_gz/SwarmZ_ROS2/build/offboard_control_cpp': CMAKE_PREFIX_PATH=/home/user_adm/ros2_PX4_gz/SwarmZ_ROS2/install/px4_msgs:/home/user_adm/ros2_PX4_gz/SwarmZ_ROS2/install/px4_ros_com:/home/user_adm/ros2_PX4_gz/SwarmZ_ROS2/install/offboard_control_cpp:/home/user_adm/ros2_PX4_gz/SwarmZ_ROS2/install/acoustics_simulation_cpp:/home/user_adm/ros2_PX4_gz/SwarmZ_ROS2/install/swarmz_control_py:/home/user_adm/ros2_PX4_gz/SwarmZ_ROS2/install/px4_velocity_control:/home/user_adm/ros2_PX4_gz/SwarmZ_ROS2/install/acoustics_simulation_py:/opt/ros/humble LD_LIBRARY_PATH=/home/user_adm/ros2_PX4_gz/SwarmZ_ROS2/install/px4_msgs/lib:/home/user_adm/ros2_PX4_gz/SwarmZ_ROS2/install/px4_ros_com/lib:/opt/ros/humble/opt/rviz_ogre_vendor/lib:/opt/ros/humble/lib/x86_64-linux-gnu:/opt/ros/humble/lib /usr/bin/cmake --build /home/user_adm/ros2_PX4_gz/SwarmZ_ROS2/build/offboard_control_cpp -- -j8 -l8
[7.480s] DEBUG:colcon.colcon_core.event_handler.log_command:Invoking command in '/home/user_adm/ros2_PX4_gz/SwarmZ_ROS2/build/px4_ros_com': CMAKE_PREFIX_PATH=/home/user_adm/ros2_PX4_gz/SwarmZ_ROS2/install/px4_msgs:/home/user_adm/ros2_PX4_gz/SwarmZ_ROS2/install/px4_ros_com:/home/user_adm/ros2_PX4_gz/SwarmZ_ROS2/install/offboard_control_cpp:/home/user_adm/ros2_PX4_gz/SwarmZ_ROS2/install/acoustics_simulation_cpp:/home/user_adm/ros2_PX4_gz/SwarmZ_ROS2/install/swarmz_control_py:/home/user_adm/ros2_PX4_gz/SwarmZ_ROS2/install/px4_velocity_control:/home/user_adm/ros2_PX4_gz/SwarmZ_ROS2/install/acoustics_simulation_py:/opt/ros/humble LD_LIBRARY_PATH=/home/user_adm/ros2_PX4_gz/SwarmZ_ROS2/install/px4_msgs/lib:/home/user_adm/ros2_PX4_gz/SwarmZ_ROS2/install/px4_ros_com/lib:/opt/ros/humble/opt/rviz_ogre_vendor/lib:/opt/ros/humble/lib/x86_64-linux-gnu:/opt/ros/humble/lib /usr/bin/cmake --build /home/user_adm/ros2_PX4_gz/SwarmZ_ROS2/build/px4_ros_com -- -j8 -l8
[7.695s] INFO:colcon.colcon_core.task.python.build:Building Python package in '/home/user_adm/ros2_PX4_gz/SwarmZ_ROS2/src/ROS2_PX4_Velocity_Control/px4_velocity_control'
[7.707s] INFO:colcon.colcon_core.shell:Skip shell extension 'powershell' for command environment: Not usable outside of PowerShell
[7.707s] DEBUG:colcon.colcon_core.shell:Skip shell extension 'dsv' for command environment
[7.743s] DEBUG:colcon.colcon_core.event_handler.log_command:Invoked command in '/home/user_adm/ros2_PX4_gz/SwarmZ_ROS2/build/acoustics_simulation_cpp' returned '0': CMAKE_PREFIX_PATH=/home/user_adm/ros2_PX4_gz/SwarmZ_ROS2/install/px4_msgs:/home/user_adm/ros2_PX4_gz/SwarmZ_ROS2/install/px4_ros_com:/home/user_adm/ros2_PX4_gz/SwarmZ_ROS2/install/offboard_control_cpp:/home/user_adm/ros2_PX4_gz/SwarmZ_ROS2/install/acoustics_simulation_cpp:/home/user_adm/ros2_PX4_gz/SwarmZ_ROS2/install/swarmz_control_py:/home/user_adm/ros2_PX4_gz/SwarmZ_ROS2/install/px4_velocity_control:/home/user_adm/ros2_PX4_gz/SwarmZ_ROS2/install/acoustics_simulation_py:/opt/ros/humble LD_LIBRARY_PATH=/home/user_adm/ros2_PX4_gz/SwarmZ_ROS2/install/px4_msgs/lib:/home/user_adm/ros2_PX4_gz/SwarmZ_ROS2/install/px4_ros_com/lib:/opt/ros/humble/opt/rviz_ogre_vendor/lib:/opt/ros/humble/lib/x86_64-linux-gnu:/opt/ros/humble/lib /usr/bin/cmake --build /home/user_adm/ros2_PX4_gz/SwarmZ_ROS2/build/acoustics_simulation_cpp -- -j8 -l8
[7.744s] DEBUG:colcon.colcon_core.event_handler.log_command:Invoked command in '/home/user_adm/ros2_PX4_gz/SwarmZ_ROS2/build/px4_ros_com' returned '0': CMAKE_PREFIX_PATH=/home/user_adm/ros2_PX4_gz/SwarmZ_ROS2/install/px4_msgs:/home/user_adm/ros2_PX4_gz/SwarmZ_ROS2/install/px4_ros_com:/home/user_adm/ros2_PX4_gz/SwarmZ_ROS2/install/offboard_control_cpp:/home/user_adm/ros2_PX4_gz/SwarmZ_ROS2/install/acoustics_simulation_cpp:/home/user_adm/ros2_PX4_gz/SwarmZ_ROS2/install/swarmz_control_py:/home/user_adm/ros2_PX4_gz/SwarmZ_ROS2/install/px4_velocity_control:/home/user_adm/ros2_PX4_gz/SwarmZ_ROS2/install/acoustics_simulation_py:/opt/ros/humble LD_LIBRARY_PATH=/home/user_adm/ros2_PX4_gz/SwarmZ_ROS2/install/px4_msgs/lib:/home/user_adm/ros2_PX4_gz/SwarmZ_ROS2/install/px4_ros_com/lib:/opt/ros/humble/opt/rviz_ogre_vendor/lib:/opt/ros/humble/lib/x86_64-linux-gnu:/opt/ros/humble/lib /usr/bin/cmake --build /home/user_adm/ros2_PX4_gz/SwarmZ_ROS2/build/px4_ros_com -- -j8 -l8
[7.745s] DEBUG:colcon.colcon_core.event_handler.log_command:Invoked command in '/home/user_adm/ros2_PX4_gz/SwarmZ_ROS2/build/offboard_control_cpp' returned '0': CMAKE_PREFIX_PATH=/home/user_adm/ros2_PX4_gz/SwarmZ_ROS2/install/px4_msgs:/home/user_adm/ros2_PX4_gz/SwarmZ_ROS2/install/px4_ros_com:/home/user_adm/ros2_PX4_gz/SwarmZ_ROS2/install/offboard_control_cpp:/home/user_adm/ros2_PX4_gz/SwarmZ_ROS2/install/acoustics_simulation_cpp:/home/user_adm/ros2_PX4_gz/SwarmZ_ROS2/install/swarmz_control_py:/home/user_adm/ros2_PX4_gz/SwarmZ_ROS2/install/px4_velocity_control:/home/user_adm/ros2_PX4_gz/SwarmZ_ROS2/install/acoustics_simulation_py:/opt/ros/humble LD_LIBRARY_PATH=/home/user_adm/ros2_PX4_gz/SwarmZ_ROS2/install/px4_msgs/lib:/home/user_adm/ros2_PX4_gz/SwarmZ_ROS2/install/px4_ros_com/lib:/opt/ros/humble/opt/rviz_ogre_vendor/lib:/opt/ros/humble/lib/x86_64-linux-gnu:/opt/ros/humble/lib /usr/bin/cmake --build /home/user_adm/ros2_PX4_gz/SwarmZ_ROS2/build/offboard_control_cpp -- -j8 -l8
[7.760s] DEBUG:colcon.colcon_core.event_handler.log_command:Invoking command in '/home/user_adm/ros2_PX4_gz/SwarmZ_ROS2/build/acoustics_simulation_cpp': CMAKE_PREFIX_PATH=/home/user_adm/ros2_PX4_gz/SwarmZ_ROS2/install/px4_msgs:/home/user_adm/ros2_PX4_gz/SwarmZ_ROS2/install/px4_ros_com:/home/user_adm/ros2_PX4_gz/SwarmZ_ROS2/install/offboard_control_cpp:/home/user_adm/ros2_PX4_gz/SwarmZ_ROS2/install/acoustics_simulation_cpp:/home/user_adm/ros2_PX4_gz/SwarmZ_ROS2/install/swarmz_control_py:/home/user_adm/ros2_PX4_gz/SwarmZ_ROS2/install/px4_velocity_control:/home/user_adm/ros2_PX4_gz/SwarmZ_ROS2/install/acoustics_simulation_py:/opt/ros/humble LD_LIBRARY_PATH=/home/user_adm/ros2_PX4_gz/SwarmZ_ROS2/install/px4_msgs/lib:/home/user_adm/ros2_PX4_gz/SwarmZ_ROS2/install/px4_ros_com/lib:/opt/ros/humble/opt/rviz_ogre_vendor/lib:/opt/ros/humble/lib/x86_64-linux-gnu:/opt/ros/humble/lib /usr/bin/cmake --install /home/user_adm/ros2_PX4_gz/SwarmZ_ROS2/build/acoustics_simulation_cpp
[7.763s] DEBUG:colcon.colcon_core.event_handler.log_command:Invoking command in '/home/user_adm/ros2_PX4_gz/SwarmZ_ROS2/build/offboard_control_cpp': CMAKE_PREFIX_PATH=/home/user_adm/ros2_PX4_gz/SwarmZ_ROS2/install/px4_msgs:/home/user_adm/ros2_PX4_gz/SwarmZ_ROS2/install/px4_ros_com:/home/user_adm/ros2_PX4_gz/SwarmZ_ROS2/install/offboard_control_cpp:/home/user_adm/ros2_PX4_gz/SwarmZ_ROS2/install/acoustics_simulation_cpp:/home/user_adm/ros2_PX4_gz/SwarmZ_ROS2/install/swarmz_control_py:/home/user_adm/ros2_PX4_gz/SwarmZ_ROS2/install/px4_velocity_control:/home/user_adm/ros2_PX4_gz/SwarmZ_ROS2/install/acoustics_simulation_py:/opt/ros/humble LD_LIBRARY_PATH=/home/user_adm/ros2_PX4_gz/SwarmZ_ROS2/install/px4_msgs/lib:/home/user_adm/ros2_PX4_gz/SwarmZ_ROS2/install/px4_ros_com/lib:/opt/ros/humble/opt/rviz_ogre_vendor/lib:/opt/ros/humble/lib/x86_64-linux-gnu:/opt/ros/humble/lib /usr/bin/cmake --install /home/user_adm/ros2_PX4_gz/SwarmZ_ROS2/build/offboard_control_cpp
[7.769s] Level 1:colcon.colcon_core.environment:create_environment_scripts_only(acoustics_simulation_cpp)
[7.771s] DEBUG:colcon.colcon_core.event_handler.log_command:Invoked command in '/home/user_adm/ros2_PX4_gz/SwarmZ_ROS2/build/acoustics_simulation_cpp' returned '0': CMAKE_PREFIX_PATH=/home/user_adm/ros2_PX4_gz/SwarmZ_ROS2/install/px4_msgs:/home/user_adm/ros2_PX4_gz/SwarmZ_ROS2/install/px4_ros_com:/home/user_adm/ros2_PX4_gz/SwarmZ_ROS2/install/offboard_control_cpp:/home/user_adm/ros2_PX4_gz/SwarmZ_ROS2/install/acoustics_simulation_cpp:/home/user_adm/ros2_PX4_gz/SwarmZ_ROS2/install/swarmz_control_py:/home/user_adm/ros2_PX4_gz/SwarmZ_ROS2/install/px4_velocity_control:/home/user_adm/ros2_PX4_gz/SwarmZ_ROS2/install/acoustics_simulation_py:/opt/ros/humble LD_LIBRARY_PATH=/home/user_adm/ros2_PX4_gz/SwarmZ_ROS2/install/px4_msgs/lib:/home/user_adm/ros2_PX4_gz/SwarmZ_ROS2/install/px4_ros_com/lib:/opt/ros/humble/opt/rviz_ogre_vendor/lib:/opt/ros/humble/lib/x86_64-linux-gnu:/opt/ros/humble/lib /usr/bin/cmake --install /home/user_adm/ros2_PX4_gz/SwarmZ_ROS2/build/acoustics_simulation_cpp
[7.782s] Level 1:colcon.colcon_core.environment:checking '/home/user_adm/ros2_PX4_gz/SwarmZ_ROS2/install/acoustics_simulation_cpp' for CMake module files
[7.782s] Level 1:colcon.colcon_core.environment:checking '/home/user_adm/ros2_PX4_gz/SwarmZ_ROS2/install/acoustics_simulation_cpp' for CMake config files
[7.782s] Level 1:colcon.colcon_core.shell:create_environment_hook('acoustics_simulation_cpp', 'cmake_prefix_path')
[7.793s] INFO:colcon.colcon_core.shell:Creating environment hook '/home/user_adm/ros2_PX4_gz/SwarmZ_ROS2/install/acoustics_simulation_cpp/share/acoustics_simulation_cpp/hook/cmake_prefix_path.ps1'
[7.793s] INFO:colcon.colcon_core.shell:Creating environment descriptor '/home/user_adm/ros2_PX4_gz/SwarmZ_ROS2/install/acoustics_simulation_cpp/share/acoustics_simulation_cpp/hook/cmake_prefix_path.dsv'
[7.794s] INFO:colcon.colcon_core.shell:Creating environment hook '/home/user_adm/ros2_PX4_gz/SwarmZ_ROS2/install/acoustics_simulation_cpp/share/acoustics_simulation_cpp/hook/cmake_prefix_path.sh'
[7.794s] Level 1:colcon.colcon_core.environment:checking '/home/user_adm/ros2_PX4_gz/SwarmZ_ROS2/install/acoustics_simulation_cpp/lib'
[7.794s] Level 1:colcon.colcon_core.environment:checking '/home/user_adm/ros2_PX4_gz/SwarmZ_ROS2/install/acoustics_simulation_cpp/bin'
[7.794s] Level 1:colcon.colcon_core.environment:checking '/home/user_adm/ros2_PX4_gz/SwarmZ_ROS2/install/acoustics_simulation_cpp/lib/pkgconfig/acoustics_simulation_cpp.pc'
[7.794s] Level 1:colcon.colcon_core.environment:checking '/home/user_adm/ros2_PX4_gz/SwarmZ_ROS2/install/acoustics_simulation_cpp/lib/python3.10/site-packages'
[7.794s] Level 1:colcon.colcon_core.environment:checking '/home/user_adm/ros2_PX4_gz/SwarmZ_ROS2/install/acoustics_simulation_cpp/bin'
[7.805s] INFO:colcon.colcon_core.shell:Creating package script '/home/user_adm/ros2_PX4_gz/SwarmZ_ROS2/install/acoustics_simulation_cpp/share/acoustics_simulation_cpp/package.ps1'
[7.805s] INFO:colcon.colcon_core.shell:Creating package descriptor '/home/user_adm/ros2_PX4_gz/SwarmZ_ROS2/install/acoustics_simulation_cpp/share/acoustics_simulation_cpp/package.dsv'
[7.806s] INFO:colcon.colcon_core.shell:Creating package script '/home/user_adm/ros2_PX4_gz/SwarmZ_ROS2/install/acoustics_simulation_cpp/share/acoustics_simulation_cpp/package.sh'
[7.806s] INFO:colcon.colcon_core.shell:Creating package script '/home/user_adm/ros2_PX4_gz/SwarmZ_ROS2/install/acoustics_simulation_cpp/share/acoustics_simulation_cpp/package.bash'
[7.806s] INFO:colcon.colcon_core.shell:Creating package script '/home/user_adm/ros2_PX4_gz/SwarmZ_ROS2/install/acoustics_simulation_cpp/share/acoustics_simulation_cpp/package.zsh'
[7.806s] Level 1:colcon.colcon_core.environment:create_file_with_runtime_dependencies(/home/user_adm/ros2_PX4_gz/SwarmZ_ROS2/install/acoustics_simulation_cpp/share/colcon-core/packages/acoustics_simulation_cpp)
[7.808s] DEBUG:colcon.colcon_core.event_handler.log_command:Invoking command in '/home/user_adm/ros2_PX4_gz/SwarmZ_ROS2/build/px4_ros_com': CMAKE_PREFIX_PATH=/home/user_adm/ros2_PX4_gz/SwarmZ_ROS2/install/px4_msgs:/home/user_adm/ros2_PX4_gz/SwarmZ_ROS2/install/px4_ros_com:/home/user_adm/ros2_PX4_gz/SwarmZ_ROS2/install/offboard_control_cpp:/home/user_adm/ros2_PX4_gz/SwarmZ_ROS2/install/acoustics_simulation_cpp:/home/user_adm/ros2_PX4_gz/SwarmZ_ROS2/install/swarmz_control_py:/home/user_adm/ros2_PX4_gz/SwarmZ_ROS2/install/px4_velocity_control:/home/user_adm/ros2_PX4_gz/SwarmZ_ROS2/install/acoustics_simulation_py:/opt/ros/humble LD_LIBRARY_PATH=/home/user_adm/ros2_PX4_gz/SwarmZ_ROS2/install/px4_msgs/lib:/home/user_adm/ros2_PX4_gz/SwarmZ_ROS2/install/px4_ros_com/lib:/opt/ros/humble/opt/rviz_ogre_vendor/lib:/opt/ros/humble/lib/x86_64-linux-gnu:/opt/ros/humble/lib /usr/bin/cmake --install /home/user_adm/ros2_PX4_gz/SwarmZ_ROS2/build/px4_ros_com
[7.808s] Level 1:colcon.colcon_core.environment:create_environment_scripts_only(offboard_control_cpp)
[7.809s] DEBUG:colcon.colcon_core.event_handler.log_command:Invoked command in '/home/user_adm/ros2_PX4_gz/SwarmZ_ROS2/build/offboard_control_cpp' returned '0': CMAKE_PREFIX_PATH=/home/user_adm/ros2_PX4_gz/SwarmZ_ROS2/install/px4_msgs:/home/user_adm/ros2_PX4_gz/SwarmZ_ROS2/install/px4_ros_com:/home/user_adm/ros2_PX4_gz/SwarmZ_ROS2/install/offboard_control_cpp:/home/user_adm/ros2_PX4_gz/SwarmZ_ROS2/install/acoustics_simulation_cpp:/home/user_adm/ros2_PX4_gz/SwarmZ_ROS2/install/swarmz_control_py:/home/user_adm/ros2_PX4_gz/SwarmZ_ROS2/install/px4_velocity_control:/home/user_adm/ros2_PX4_gz/SwarmZ_ROS2/install/acoustics_simulation_py:/opt/ros/humble LD_LIBRARY_PATH=/home/user_adm/ros2_PX4_gz/SwarmZ_ROS2/install/px4_msgs/lib:/home/user_adm/ros2_PX4_gz/SwarmZ_ROS2/install/px4_ros_com/lib:/opt/ros/humble/opt/rviz_ogre_vendor/lib:/opt/ros/humble/lib/x86_64-linux-gnu:/opt/ros/humble/lib /usr/bin/cmake --install /home/user_adm/ros2_PX4_gz/SwarmZ_ROS2/build/offboard_control_cpp
[7.825s] Level 1:colcon.colcon_core.environment:checking '/home/user_adm/ros2_PX4_gz/SwarmZ_ROS2/install/offboard_control_cpp' for CMake module files
[7.826s] Level 1:colcon.colcon_core.environment:checking '/home/user_adm/ros2_PX4_gz/SwarmZ_ROS2/install/offboard_control_cpp' for CMake config files
[7.826s] Level 1:colcon.colcon_core.shell:create_environment_hook('offboard_control_cpp', 'cmake_prefix_path')
[7.837s] INFO:colcon.colcon_core.shell:Creating environment hook '/home/user_adm/ros2_PX4_gz/SwarmZ_ROS2/install/offboard_control_cpp/share/offboard_control_cpp/hook/cmake_prefix_path.ps1'
[7.837s] INFO:colcon.colcon_core.shell:Creating environment descriptor '/home/user_adm/ros2_PX4_gz/SwarmZ_ROS2/install/offboard_control_cpp/share/offboard_control_cpp/hook/cmake_prefix_path.dsv'
[7.837s] INFO:colcon.colcon_core.shell:Creating environment hook '/home/user_adm/ros2_PX4_gz/SwarmZ_ROS2/install/offboard_control_cpp/share/offboard_control_cpp/hook/cmake_prefix_path.sh'
[7.838s] Level 1:colcon.colcon_core.environment:checking '/home/user_adm/ros2_PX4_gz/SwarmZ_ROS2/install/offboard_control_cpp/lib'
[7.838s] Level 1:colcon.colcon_core.environment:checking '/home/user_adm/ros2_PX4_gz/SwarmZ_ROS2/install/offboard_control_cpp/bin'
[7.838s] Level 1:colcon.colcon_core.environment:checking '/home/user_adm/ros2_PX4_gz/SwarmZ_ROS2/install/offboard_control_cpp/lib/pkgconfig/offboard_control_cpp.pc'
[7.838s] Level 1:colcon.colcon_core.environment:checking '/home/user_adm/ros2_PX4_gz/SwarmZ_ROS2/install/offboard_control_cpp/lib/python3.10/site-packages'
[7.839s] Level 1:colcon.colcon_core.environment:checking '/home/user_adm/ros2_PX4_gz/SwarmZ_ROS2/install/offboard_control_cpp/bin'
[7.850s] INFO:colcon.colcon_core.shell:Creating package script '/home/user_adm/ros2_PX4_gz/SwarmZ_ROS2/install/offboard_control_cpp/share/offboard_control_cpp/package.ps1'
[7.850s] INFO:colcon.colcon_core.shell:Creating package descriptor '/home/user_adm/ros2_PX4_gz/SwarmZ_ROS2/install/offboard_control_cpp/share/offboard_control_cpp/package.dsv'
[7.850s] INFO:colcon.colcon_core.shell:Creating package script '/home/user_adm/ros2_PX4_gz/SwarmZ_ROS2/install/offboard_control_cpp/share/offboard_control_cpp/package.sh'
[7.851s] INFO:colcon.colcon_core.shell:Creating package script '/home/user_adm/ros2_PX4_gz/SwarmZ_ROS2/install/offboard_control_cpp/share/offboard_control_cpp/package.bash'
[7.851s] INFO:colcon.colcon_core.shell:Creating package script '/home/user_adm/ros2_PX4_gz/SwarmZ_ROS2/install/offboard_control_cpp/share/offboard_control_cpp/package.zsh'
[7.851s] Level 1:colcon.colcon_core.environment:create_file_with_runtime_dependencies(/home/user_adm/ros2_PX4_gz/SwarmZ_ROS2/install/offboard_control_cpp/share/colcon-core/packages/offboard_control_cpp)
[7.864s] Level 1:colcon.colcon_core.environment:create_environment_scripts_only(acoustics_simulation_cpp)
[7.876s] Level 1:colcon.colcon_core.environment:checking '/home/user_adm/ros2_PX4_gz/SwarmZ_ROS2/install/acoustics_simulation_cpp' for CMake module files
[7.876s] Level 1:colcon.colcon_core.environment:checking '/home/user_adm/ros2_PX4_gz/SwarmZ_ROS2/install/acoustics_simulation_cpp' for CMake config files
[7.877s] Level 1:colcon.colcon_core.shell:create_environment_hook('acoustics_simulation_cpp', 'cmake_prefix_path')
[7.888s] INFO:colcon.colcon_core.shell:Creating environment hook '/home/user_adm/ros2_PX4_gz/SwarmZ_ROS2/install/acoustics_simulation_cpp/share/acoustics_simulation_cpp/hook/cmake_prefix_path.ps1'
[7.888s] INFO:colcon.colcon_core.shell:Creating environment descriptor '/home/user_adm/ros2_PX4_gz/SwarmZ_ROS2/install/acoustics_simulation_cpp/share/acoustics_simulation_cpp/hook/cmake_prefix_path.dsv'
[7.889s] INFO:colcon.colcon_core.shell:Creating environment hook '/home/user_adm/ros2_PX4_gz/SwarmZ_ROS2/install/acoustics_simulation_cpp/share/acoustics_simulation_cpp/hook/cmake_prefix_path.sh'
[7.889s] Level 1:colcon.colcon_core.environment:checking '/home/user_adm/ros2_PX4_gz/SwarmZ_ROS2/install/acoustics_simulation_cpp/lib'
[7.889s] Level 1:colcon.colcon_core.environment:checking '/home/user_adm/ros2_PX4_gz/SwarmZ_ROS2/install/acoustics_simulation_cpp/bin'
[7.889s] Level 1:colcon.colcon_core.environment:checking '/home/user_adm/ros2_PX4_gz/SwarmZ_ROS2/install/acoustics_simulation_cpp/lib/pkgconfig/acoustics_simulation_cpp.pc'
[7.889s] Level 1:colcon.colcon_core.environment:checking '/home/user_adm/ros2_PX4_gz/SwarmZ_ROS2/install/acoustics_simulation_cpp/lib/python3.10/site-packages'
[7.889s] Level 1:colcon.colcon_core.environment:checking '/home/user_adm/ros2_PX4_gz/SwarmZ_ROS2/install/acoustics_simulation_cpp/bin'
[7.901s] INFO:colcon.colcon_core.shell:Creating package script '/home/user_adm/ros2_PX4_gz/SwarmZ_ROS2/install/acoustics_simulation_cpp/share/acoustics_simulation_cpp/package.ps1'
[7.901s] INFO:colcon.colcon_core.shell:Creating package descriptor '/home/user_adm/ros2_PX4_gz/SwarmZ_ROS2/install/acoustics_simulation_cpp/share/acoustics_simulation_cpp/package.dsv'
[7.901s] INFO:colcon.colcon_core.shell:Creating package script '/home/user_adm/ros2_PX4_gz/SwarmZ_ROS2/install/acoustics_simulation_cpp/share/acoustics_simulation_cpp/package.sh'
[7.902s] INFO:colcon.colcon_core.shell:Creating package script '/home/user_adm/ros2_PX4_gz/SwarmZ_ROS2/install/acoustics_simulation_cpp/share/acoustics_simulation_cpp/package.bash'
[7.902s] INFO:colcon.colcon_core.shell:Creating package script '/home/user_adm/ros2_PX4_gz/SwarmZ_ROS2/install/acoustics_simulation_cpp/share/acoustics_simulation_cpp/package.zsh'
[7.902s] Level 1:colcon.colcon_core.environment:create_file_with_runtime_dependencies(/home/user_adm/ros2_PX4_gz/SwarmZ_ROS2/install/acoustics_simulation_cpp/share/colcon-core/packages/acoustics_simulation_cpp)
[7.903s] Level 1:colcon.colcon_core.environment:create_environment_scripts_only(px4_ros_com)
[7.903s] DEBUG:colcon.colcon_core.event_handler.log_command:Invoked command in '/home/user_adm/ros2_PX4_gz/SwarmZ_ROS2/build/px4_ros_com' returned '0': CMAKE_PREFIX_PATH=/home/user_adm/ros2_PX4_gz/SwarmZ_ROS2/install/px4_msgs:/home/user_adm/ros2_PX4_gz/SwarmZ_ROS2/install/px4_ros_com:/home/user_adm/ros2_PX4_gz/SwarmZ_ROS2/install/offboard_control_cpp:/home/user_adm/ros2_PX4_gz/SwarmZ_ROS2/install/acoustics_simulation_cpp:/home/user_adm/ros2_PX4_gz/SwarmZ_ROS2/install/swarmz_control_py:/home/user_adm/ros2_PX4_gz/SwarmZ_ROS2/install/px4_velocity_control:/home/user_adm/ros2_PX4_gz/SwarmZ_ROS2/install/acoustics_simulation_py:/opt/ros/humble LD_LIBRARY_PATH=/home/user_adm/ros2_PX4_gz/SwarmZ_ROS2/install/px4_msgs/lib:/home/user_adm/ros2_PX4_gz/SwarmZ_ROS2/install/px4_ros_com/lib:/opt/ros/humble/opt/rviz_ogre_vendor/lib:/opt/ros/humble/lib/x86_64-linux-gnu:/opt/ros/humble/lib /usr/bin/cmake --install /home/user_adm/ros2_PX4_gz/SwarmZ_ROS2/build/px4_ros_com
[7.915s] Level 1:colcon.colcon_core.environment:checking '/home/user_adm/ros2_PX4_gz/SwarmZ_ROS2/install/px4_ros_com' for CMake module files
[7.915s] Level 1:colcon.colcon_core.environment:checking '/home/user_adm/ros2_PX4_gz/SwarmZ_ROS2/install/px4_ros_com' for CMake config files
[7.915s] Level 1:colcon.colcon_core.shell:create_environment_hook('px4_ros_com', 'cmake_prefix_path')
[7.927s] INFO:colcon.colcon_core.shell:Creating environment hook '/home/user_adm/ros2_PX4_gz/SwarmZ_ROS2/install/px4_ros_com/share/px4_ros_com/hook/cmake_prefix_path.ps1'
[7.928s] INFO:colcon.colcon_core.shell:Creating environment descriptor '/home/user_adm/ros2_PX4_gz/SwarmZ_ROS2/install/px4_ros_com/share/px4_ros_com/hook/cmake_prefix_path.dsv'
[7.928s] INFO:colcon.colcon_core.shell:Creating environment hook '/home/user_adm/ros2_PX4_gz/SwarmZ_ROS2/install/px4_ros_com/share/px4_ros_com/hook/cmake_prefix_path.sh'
[7.928s] Level 1:colcon.colcon_core.environment:checking '/home/user_adm/ros2_PX4_gz/SwarmZ_ROS2/install/px4_ros_com/lib'
[7.928s] Level 1:colcon.colcon_core.shell:create_environment_hook('px4_ros_com', 'ld_library_path_lib')
[7.941s] INFO:colcon.colcon_core.shell:Creating environment hook '/home/user_adm/ros2_PX4_gz/SwarmZ_ROS2/install/px4_ros_com/share/px4_ros_com/hook/ld_library_path_lib.ps1'
[7.941s] INFO:colcon.colcon_core.shell:Creating environment descriptor '/home/user_adm/ros2_PX4_gz/SwarmZ_ROS2/install/px4_ros_com/share/px4_ros_com/hook/ld_library_path_lib.dsv'
[7.942s] INFO:colcon.colcon_core.shell:Creating environment hook '/home/user_adm/ros2_PX4_gz/SwarmZ_ROS2/install/px4_ros_com/share/px4_ros_com/hook/ld_library_path_lib.sh'
[7.942s] Level 1:colcon.colcon_core.environment:checking '/home/user_adm/ros2_PX4_gz/SwarmZ_ROS2/install/px4_ros_com/bin'
[7.942s] Level 1:colcon.colcon_core.environment:checking '/home/user_adm/ros2_PX4_gz/SwarmZ_ROS2/install/px4_ros_com/lib/pkgconfig/px4_ros_com.pc'
[7.942s] Level 1:colcon.colcon_core.environment:checking '/home/user_adm/ros2_PX4_gz/SwarmZ_ROS2/install/px4_ros_com/lib/python3.10/site-packages'
[7.942s] Level 1:colcon.colcon_core.environment:checking '/home/user_adm/ros2_PX4_gz/SwarmZ_ROS2/install/px4_ros_com/bin'
[7.953s] INFO:colcon.colcon_core.shell:Creating package script '/home/user_adm/ros2_PX4_gz/SwarmZ_ROS2/install/px4_ros_com/share/px4_ros_com/package.ps1'
[7.954s] INFO:colcon.colcon_core.shell:Creating package descriptor '/home/user_adm/ros2_PX4_gz/SwarmZ_ROS2/install/px4_ros_com/share/px4_ros_com/package.dsv'
[7.954s] INFO:colcon.colcon_core.shell:Creating package script '/home/user_adm/ros2_PX4_gz/SwarmZ_ROS2/install/px4_ros_com/share/px4_ros_com/package.sh'
[7.954s] INFO:colcon.colcon_core.shell:Creating package script '/home/user_adm/ros2_PX4_gz/SwarmZ_ROS2/install/px4_ros_com/share/px4_ros_com/package.bash'
[7.955s] INFO:colcon.colcon_core.shell:Creating package script '/home/user_adm/ros2_PX4_gz/SwarmZ_ROS2/install/px4_ros_com/share/px4_ros_com/package.zsh'
[7.955s] Level 1:colcon.colcon_core.environment:create_file_with_runtime_dependencies(/home/user_adm/ros2_PX4_gz/SwarmZ_ROS2/install/px4_ros_com/share/colcon-core/packages/px4_ros_com)
[7.967s] Level 1:colcon.colcon_core.environment:create_environment_scripts_only(offboard_control_cpp)
[7.979s] Level 1:colcon.colcon_core.environment:checking '/home/user_adm/ros2_PX4_gz/SwarmZ_ROS2/install/offboard_control_cpp' for CMake module files
[7.979s] Level 1:colcon.colcon_core.environment:checking '/home/user_adm/ros2_PX4_gz/SwarmZ_ROS2/install/offboard_control_cpp' for CMake config files
[7.979s] Level 1:colcon.colcon_core.shell:create_environment_hook('offboard_control_cpp', 'cmake_prefix_path')
[7.991s] INFO:colcon.colcon_core.shell:Creating environment hook '/home/user_adm/ros2_PX4_gz/SwarmZ_ROS2/install/offboard_control_cpp/share/offboard_control_cpp/hook/cmake_prefix_path.ps1'
[7.991s] INFO:colcon.colcon_core.shell:Creating environment descriptor '/home/user_adm/ros2_PX4_gz/SwarmZ_ROS2/install/offboard_control_cpp/share/offboard_control_cpp/hook/cmake_prefix_path.dsv'
[7.991s] INFO:colcon.colcon_core.shell:Creating environment hook '/home/user_adm/ros2_PX4_gz/SwarmZ_ROS2/install/offboard_control_cpp/share/offboard_control_cpp/hook/cmake_prefix_path.sh'
[7.992s] Level 1:colcon.colcon_core.environment:checking '/home/user_adm/ros2_PX4_gz/SwarmZ_ROS2/install/offboard_control_cpp/lib'
[7.992s] Level 1:colcon.colcon_core.environment:checking '/home/user_adm/ros2_PX4_gz/SwarmZ_ROS2/install/offboard_control_cpp/bin'
[7.992s] Level 1:colcon.colcon_core.environment:checking '/home/user_adm/ros2_PX4_gz/SwarmZ_ROS2/install/offboard_control_cpp/lib/pkgconfig/offboard_control_cpp.pc'
[7.992s] Level 1:colcon.colcon_core.environment:checking '/home/user_adm/ros2_PX4_gz/SwarmZ_ROS2/install/offboard_control_cpp/lib/python3.10/site-packages'
[7.992s] Level 1:colcon.colcon_core.environment:checking '/home/user_adm/ros2_PX4_gz/SwarmZ_ROS2/install/offboard_control_cpp/bin'
[8.004s] INFO:colcon.colcon_core.shell:Creating package script '/home/user_adm/ros2_PX4_gz/SwarmZ_ROS2/install/offboard_control_cpp/share/offboard_control_cpp/package.ps1'
[8.005s] INFO:colcon.colcon_core.shell:Creating package descriptor '/home/user_adm/ros2_PX4_gz/SwarmZ_ROS2/install/offboard_control_cpp/share/offboard_control_cpp/package.dsv'
[8.005s] INFO:colcon.colcon_core.shell:Creating package script '/home/user_adm/ros2_PX4_gz/SwarmZ_ROS2/install/offboard_control_cpp/share/offboard_control_cpp/package.sh'
[8.005s] INFO:colcon.colcon_core.shell:Creating package script '/home/user_adm/ros2_PX4_gz/SwarmZ_ROS2/install/offboard_control_cpp/share/offboard_control_cpp/package.bash'
[8.005s] INFO:colcon.colcon_core.shell:Creating package script '/home/user_adm/ros2_PX4_gz/SwarmZ_ROS2/install/offboard_control_cpp/share/offboard_control_cpp/package.zsh'
[8.006s] Level 1:colcon.colcon_core.environment:create_file_with_runtime_dependencies(/home/user_adm/ros2_PX4_gz/SwarmZ_ROS2/install/offboard_control_cpp/share/colcon-core/packages/offboard_control_cpp)
[8.018s] Level 1:colcon.colcon_core.environment:create_environment_scripts_only(px4_ros_com)
[8.030s] Level 1:colcon.colcon_core.environment:checking '/home/user_adm/ros2_PX4_gz/SwarmZ_ROS2/install/px4_ros_com' for CMake module files
[8.030s] Level 1:colcon.colcon_core.environment:checking '/home/user_adm/ros2_PX4_gz/SwarmZ_ROS2/install/px4_ros_com' for CMake config files
[8.031s] Level 1:colcon.colcon_core.shell:create_environment_hook('px4_ros_com', 'cmake_prefix_path')
[8.042s] INFO:colcon.colcon_core.shell:Creating environment hook '/home/user_adm/ros2_PX4_gz/SwarmZ_ROS2/install/px4_ros_com/share/px4_ros_com/hook/cmake_prefix_path.ps1'
[8.043s] INFO:colcon.colcon_core.shell:Creating environment descriptor '/home/user_adm/ros2_PX4_gz/SwarmZ_ROS2/install/px4_ros_com/share/px4_ros_com/hook/cmake_prefix_path.dsv'
[8.043s] INFO:colcon.colcon_core.shell:Creating environment hook '/home/user_adm/ros2_PX4_gz/SwarmZ_ROS2/install/px4_ros_com/share/px4_ros_com/hook/cmake_prefix_path.sh'
[8.043s] Level 1:colcon.colcon_core.environment:checking '/home/user_adm/ros2_PX4_gz/SwarmZ_ROS2/install/px4_ros_com/lib'
[8.044s] Level 1:colcon.colcon_core.shell:create_environment_hook('px4_ros_com', 'ld_library_path_lib')
[8.055s] INFO:colcon.colcon_core.shell:Creating environment hook '/home/user_adm/ros2_PX4_gz/SwarmZ_ROS2/install/px4_ros_com/share/px4_ros_com/hook/ld_library_path_lib.ps1'
[8.056s] INFO:colcon.colcon_core.shell:Creating environment descriptor '/home/user_adm/ros2_PX4_gz/SwarmZ_ROS2/install/px4_ros_com/share/px4_ros_com/hook/ld_library_path_lib.dsv'
[8.056s] INFO:colcon.colcon_core.shell:Creating environment hook '/home/user_adm/ros2_PX4_gz/SwarmZ_ROS2/install/px4_ros_com/share/px4_ros_com/hook/ld_library_path_lib.sh'
[8.056s] Level 1:colcon.colcon_core.environment:checking '/home/user_adm/ros2_PX4_gz/SwarmZ_ROS2/install/px4_ros_com/bin'
[8.056s] Level 1:colcon.colcon_core.environment:checking '/home/user_adm/ros2_PX4_gz/SwarmZ_ROS2/install/px4_ros_com/lib/pkgconfig/px4_ros_com.pc'
[8.056s] Level 1:colcon.colcon_core.environment:checking '/home/user_adm/ros2_PX4_gz/SwarmZ_ROS2/install/px4_ros_com/lib/python3.10/site-packages'
[8.056s] Level 1:colcon.colcon_core.environment:checking '/home/user_adm/ros2_PX4_gz/SwarmZ_ROS2/install/px4_ros_com/bin'
[8.067s] INFO:colcon.colcon_core.shell:Creating package script '/home/user_adm/ros2_PX4_gz/SwarmZ_ROS2/install/px4_ros_com/share/px4_ros_com/package.ps1'
[8.067s] INFO:colcon.colcon_core.shell:Creating package descriptor '/home/user_adm/ros2_PX4_gz/SwarmZ_ROS2/install/px4_ros_com/share/px4_ros_com/package.dsv'
[8.068s] INFO:colcon.colcon_core.shell:Creating package script '/home/user_adm/ros2_PX4_gz/SwarmZ_ROS2/install/px4_ros_com/share/px4_ros_com/package.sh'
[8.068s] INFO:colcon.colcon_core.shell:Creating package script '/home/user_adm/ros2_PX4_gz/SwarmZ_ROS2/install/px4_ros_com/share/px4_ros_com/package.bash'
[8.068s] INFO:colcon.colcon_core.shell:Creating package script '/home/user_adm/ros2_PX4_gz/SwarmZ_ROS2/install/px4_ros_com/share/px4_ros_com/package.zsh'
[8.068s] Level 1:colcon.colcon_core.environment:create_file_with_runtime_dependencies(/home/user_adm/ros2_PX4_gz/SwarmZ_ROS2/install/px4_ros_com/share/colcon-core/packages/px4_ros_com)
[8.071s] DEBUG:colcon.colcon_core.event_handler.log_command:Invoking command in '/home/user_adm/ros2_PX4_gz/SwarmZ_ROS2/src/ROS2_PX4_Velocity_Control/px4_velocity_control': CMAKE_PREFIX_PATH=/home/user_adm/ros2_PX4_gz/SwarmZ_ROS2/install/px4_msgs:/home/user_adm/ros2_PX4_gz/SwarmZ_ROS2/install/px4_ros_com:/home/user_adm/ros2_PX4_gz/SwarmZ_ROS2/install/offboard_control_cpp:/home/user_adm/ros2_PX4_gz/SwarmZ_ROS2/install/acoustics_simulation_cpp LD_LIBRARY_PATH=/home/user_adm/ros2_PX4_gz/SwarmZ_ROS2/install/px4_msgs/lib:/home/user_adm/ros2_PX4_gz/SwarmZ_ROS2/install/px4_ros_com/lib:/opt/ros/humble/opt/rviz_ogre_vendor/lib:/opt/ros/humble/lib/x86_64-linux-gnu:/opt/ros/humble/lib PYTHONPATH=/home/user_adm/ros2_PX4_gz/SwarmZ_ROS2/build/px4_velocity_control/prefix_override:/home/user_adm/ros2_PX4_gz/SwarmZ_ROS2/install/px4_velocity_control/lib/python3.10/site-packages:${PYTHONPATH} /usr/bin/python3 setup.py egg_info --egg-base ../../../build/px4_velocity_control build --build-base /home/user_adm/ros2_PX4_gz/SwarmZ_ROS2/build/px4_velocity_control/build install --record /home/user_adm/ros2_PX4_gz/SwarmZ_ROS2/build/px4_velocity_control/install.log --single-version-externally-managed
[8.297s] DEBUG:colcon.colcon_core.event_handler.log_command:Invoked command in '/home/user_adm/ros2_PX4_gz/SwarmZ_ROS2/src/ROS2_PX4_Velocity_Control/px4_velocity_control' returned '0': CMAKE_PREFIX_PATH=/home/user_adm/ros2_PX4_gz/SwarmZ_ROS2/install/px4_msgs:/home/user_adm/ros2_PX4_gz/SwarmZ_ROS2/install/px4_ros_com:/home/user_adm/ros2_PX4_gz/SwarmZ_ROS2/install/offboard_control_cpp:/home/user_adm/ros2_PX4_gz/SwarmZ_ROS2/install/acoustics_simulation_cpp LD_LIBRARY_PATH=/home/user_adm/ros2_PX4_gz/SwarmZ_ROS2/install/px4_msgs/lib:/home/user_adm/ros2_PX4_gz/SwarmZ_ROS2/install/px4_ros_com/lib:/opt/ros/humble/opt/rviz_ogre_vendor/lib:/opt/ros/humble/lib/x86_64-linux-gnu:/opt/ros/humble/lib PYTHONPATH=/home/user_adm/ros2_PX4_gz/SwarmZ_ROS2/build/px4_velocity_control/prefix_override:/home/user_adm/ros2_PX4_gz/SwarmZ_ROS2/install/px4_velocity_control/lib/python3.10/site-packages:${PYTHONPATH} /usr/bin/python3 setup.py egg_info --egg-base ../../../build/px4_velocity_control build --build-base /home/user_adm/ros2_PX4_gz/SwarmZ_ROS2/build/px4_velocity_control/build install --record /home/user_adm/ros2_PX4_gz/SwarmZ_ROS2/build/px4_velocity_control/install.log --single-version-externally-managed
[8.307s] Level 1:colcon.colcon_core.environment:checking '/home/user_adm/ros2_PX4_gz/SwarmZ_ROS2/install/px4_velocity_control' for CMake module files
[8.307s] Level 1:colcon.colcon_core.environment:checking '/home/user_adm/ros2_PX4_gz/SwarmZ_ROS2/install/px4_velocity_control' for CMake config files
[8.307s] Level 1:colcon.colcon_core.environment:checking '/home/user_adm/ros2_PX4_gz/SwarmZ_ROS2/install/px4_velocity_control/lib'
[8.307s] Level 1:colcon.colcon_core.environment:checking '/home/user_adm/ros2_PX4_gz/SwarmZ_ROS2/install/px4_velocity_control/bin'
[8.307s] Level 1:colcon.colcon_core.environment:checking '/home/user_adm/ros2_PX4_gz/SwarmZ_ROS2/install/px4_velocity_control/lib/pkgconfig/px4_velocity_control.pc'
[8.308s] Level 1:colcon.colcon_core.environment:checking '/home/user_adm/ros2_PX4_gz/SwarmZ_ROS2/install/px4_velocity_control/lib/python3.10/site-packages'
[8.308s] Level 1:colcon.colcon_core.shell:create_environment_hook('px4_velocity_control', 'pythonpath')
[8.317s] INFO:colcon.colcon_core.shell:Creating environment hook '/home/user_adm/ros2_PX4_gz/SwarmZ_ROS2/install/px4_velocity_control/share/px4_velocity_control/hook/pythonpath.ps1'
[8.317s] INFO:colcon.colcon_core.shell:Creating environment descriptor '/home/user_adm/ros2_PX4_gz/SwarmZ_ROS2/install/px4_velocity_control/share/px4_velocity_control/hook/pythonpath.dsv'
[8.317s] INFO:colcon.colcon_core.shell:Creating environment hook '/home/user_adm/ros2_PX4_gz/SwarmZ_ROS2/install/px4_velocity_control/share/px4_velocity_control/hook/pythonpath.sh'
[8.318s] Level 1:colcon.colcon_core.environment:checking '/home/user_adm/ros2_PX4_gz/SwarmZ_ROS2/install/px4_velocity_control/bin'
[8.318s] Level 1:colcon.colcon_core.environment:create_environment_scripts_only(px4_velocity_control)
[8.327s] INFO:colcon.colcon_core.shell:Creating package script '/home/user_adm/ros2_PX4_gz/SwarmZ_ROS2/install/px4_velocity_control/share/px4_velocity_control/package.ps1'
[8.327s] INFO:colcon.colcon_core.shell:Creating package descriptor '/home/user_adm/ros2_PX4_gz/SwarmZ_ROS2/install/px4_velocity_control/share/px4_velocity_control/package.dsv'
[8.328s] INFO:colcon.colcon_core.shell:Creating package script '/home/user_adm/ros2_PX4_gz/SwarmZ_ROS2/install/px4_velocity_control/share/px4_velocity_control/package.sh'
[8.328s] INFO:colcon.colcon_core.shell:Creating package script '/home/user_adm/ros2_PX4_gz/SwarmZ_ROS2/install/px4_velocity_control/share/px4_velocity_control/package.bash'
[8.328s] INFO:colcon.colcon_core.shell:Creating package script '/home/user_adm/ros2_PX4_gz/SwarmZ_ROS2/install/px4_velocity_control/share/px4_velocity_control/package.zsh'
[8.328s] Level 1:colcon.colcon_core.environment:create_file_with_runtime_dependencies(/home/user_adm/ros2_PX4_gz/SwarmZ_ROS2/install/px4_velocity_control/share/colcon-core/packages/px4_velocity_control)
[8.329s] DEBUG:colcon.colcon_parallel_executor.executor.parallel:closing loop
[8.329s] DEBUG:colcon.colcon_parallel_executor.executor.parallel:loop closed
[8.329s] DEBUG:colcon.colcon_parallel_executor.executor.parallel:run_until_complete finished with '0'
[8.329s] DEBUG:colcon.colcon_core.event_reactor:joining thread
[8.346s] INFO:colcon.colcon_core.plugin_system:Skipping extension 'colcon_notification.desktop_notification.terminal_notifier': Not used on non-Darwin systems
[8.346s] INFO:colcon.colcon_core.plugin_system:Skipping extension 'colcon_notification.desktop_notification.win32': Not used on non-Windows systems
[8.346s] INFO:colcon.colcon_notification.desktop_notification:Sending desktop notification using 'notify2'
[8.355s] DEBUG:colcon.colcon_core.event_reactor:joined thread
[8.366s] INFO:colcon.colcon_core.shell:Creating prefix script '/home/user_adm/ros2_PX4_gz/SwarmZ_ROS2/install/local_setup.ps1'
[8.368s] INFO:colcon.colcon_core.shell:Creating prefix util module '/home/user_adm/ros2_PX4_gz/SwarmZ_ROS2/install/_local_setup_util_ps1.py'
[8.369s] INFO:colcon.colcon_core.shell:Creating prefix chain script '/home/user_adm/ros2_PX4_gz/SwarmZ_ROS2/install/setup.ps1'
[8.382s] INFO:colcon.colcon_core.shell:Creating prefix script '/home/user_adm/ros2_PX4_gz/SwarmZ_ROS2/install/local_setup.sh'
[8.383s] INFO:colcon.colcon_core.shell:Creating prefix util module '/home/user_adm/ros2_PX4_gz/SwarmZ_ROS2/install/_local_setup_util_sh.py'
[8.383s] INFO:colcon.colcon_core.shell:Creating prefix chain script '/home/user_adm/ros2_PX4_gz/SwarmZ_ROS2/install/setup.sh'
[8.398s] INFO:colcon.colcon_core.shell:Creating prefix script '/home/user_adm/ros2_PX4_gz/SwarmZ_ROS2/install/local_setup.bash'
[8.398s] INFO:colcon.colcon_core.shell:Creating prefix chain script '/home/user_adm/ros2_PX4_gz/SwarmZ_ROS2/install/setup.bash'
[8.411s] INFO:colcon.colcon_core.shell:Creating prefix script '/home/user_adm/ros2_PX4_gz/SwarmZ_ROS2/install/local_setup.zsh'
[8.412s] INFO:colcon.colcon_core.shell:Creating prefix chain script '/home/user_adm/ros2_PX4_gz/SwarmZ_ROS2/install/setup.zsh'
