running egg_info
writing ../../../build/px4_velocity_control/px4_velocity_control.egg-info/PKG-INFO
writing dependency_links to ../../../build/px4_velocity_control/px4_velocity_control.egg-info/dependency_links.txt
writing entry points to ../../../build/px4_velocity_control/px4_velocity_control.egg-info/entry_points.txt
writing requirements to ../../../build/px4_velocity_control/px4_velocity_control.egg-info/requires.txt
writing top-level names to ../../../build/px4_velocity_control/px4_velocity_control.egg-info/top_level.txt
reading manifest file '../../../build/px4_velocity_control/px4_velocity_control.egg-info/SOURCES.txt'
adding license file 'LICENSE'
writing manifest file '../../../build/px4_velocity_control/px4_velocity_control.egg-info/SOURCES.txt'
running build
running build_py
running install
running install_lib
running install_data
running install_egg_info
removing '/home/user_adm/ros2_PX4_gz/SwarmZ_ROS2/install/px4_velocity_control/lib/python3.10/site-packages/px4_velocity_control-0.0.0-py3.10.egg-info' (and everything under it)
Copying ../../../build/px4_velocity_control/px4_velocity_control.egg-info to /home/user_adm/ros2_PX4_gz/SwarmZ_ROS2/install/px4_velocity_control/lib/python3.10/site-packages/px4_velocity_control-0.0.0-py3.10.egg-info
running install_scripts
Installing control script to /home/user_adm/ros2_PX4_gz/SwarmZ_ROS2/install/px4_velocity_control/lib/px4_velocity_control
Installing offboard_control script to /home/user_adm/ros2_PX4_gz/SwarmZ_ROS2/install/px4_velocity_control/lib/px4_velocity_control
Installing processes script to /home/user_adm/ros2_PX4_gz/SwarmZ_ROS2/install/px4_velocity_control/lib/px4_velocity_control
Installing velocity_control script to /home/user_adm/ros2_PX4_gz/SwarmZ_ROS2/install/px4_velocity_control/lib/px4_velocity_control
Installing visualizer script to /home/user_adm/ros2_PX4_gz/SwarmZ_ROS2/install/px4_velocity_control/lib/px4_velocity_control
writing list of installed files to '/home/user_adm/ros2_PX4_gz/SwarmZ_ROS2/build/px4_velocity_control/install.log'
