[0.652s] Invoking command in '/home/user_adm/ros2_PX4_gz/SwarmZ_ROS2/src/ROS2_PX4_Velocity_Control/px4_velocity_control': CMAKE_PREFIX_PATH=/home/user_adm/ros2_PX4_gz/SwarmZ_ROS2/install/px4_msgs:/home/user_adm/ros2_PX4_gz/SwarmZ_ROS2/install/px4_ros_com:/home/user_adm/ros2_PX4_gz/SwarmZ_ROS2/install/offboard_control_cpp:/home/user_adm/ros2_PX4_gz/SwarmZ_ROS2/install/acoustics_simulation_cpp LD_LIBRARY_PATH=/home/user_adm/ros2_PX4_gz/SwarmZ_ROS2/install/px4_msgs/lib:/home/user_adm/ros2_PX4_gz/SwarmZ_ROS2/install/px4_ros_com/lib:/opt/ros/humble/opt/rviz_ogre_vendor/lib:/opt/ros/humble/lib/x86_64-linux-gnu:/opt/ros/humble/lib PYTHONPATH=/home/user_adm/ros2_PX4_gz/SwarmZ_ROS2/build/px4_velocity_control/prefix_override:/home/user_adm/ros2_PX4_gz/SwarmZ_ROS2/install/px4_velocity_control/lib/python3.10/site-packages:${PYTHONPATH} /usr/bin/python3 setup.py egg_info --egg-base ../../../build/px4_velocity_control build --build-base /home/user_adm/ros2_PX4_gz/SwarmZ_ROS2/build/px4_velocity_control/build install --record /home/user_adm/ros2_PX4_gz/SwarmZ_ROS2/build/px4_velocity_control/install.log --single-version-externally-managed
[0.837s] running egg_info
[0.838s] writing ../../../build/px4_velocity_control/px4_velocity_control.egg-info/PKG-INFO
[0.838s] writing dependency_links to ../../../build/px4_velocity_control/px4_velocity_control.egg-info/dependency_links.txt
[0.838s] writing entry points to ../../../build/px4_velocity_control/px4_velocity_control.egg-info/entry_points.txt
[0.838s] writing requirements to ../../../build/px4_velocity_control/px4_velocity_control.egg-info/requires.txt
[0.838s] writing top-level names to ../../../build/px4_velocity_control/px4_velocity_control.egg-info/top_level.txt
[0.839s] reading manifest file '../../../build/px4_velocity_control/px4_velocity_control.egg-info/SOURCES.txt'
[0.839s] adding license file 'LICENSE'
[0.840s] writing manifest file '../../../build/px4_velocity_control/px4_velocity_control.egg-info/SOURCES.txt'
[0.840s] running build
[0.840s] running build_py
[0.840s] running install
[0.840s] running install_lib
[0.841s] running install_data
[0.842s] running install_egg_info
[0.843s] removing '/home/user_adm/ros2_PX4_gz/SwarmZ_ROS2/install/px4_velocity_control/lib/python3.10/site-packages/px4_velocity_control-0.0.0-py3.10.egg-info' (and everything under it)
[0.843s] Copying ../../../build/px4_velocity_control/px4_velocity_control.egg-info to /home/user_adm/ros2_PX4_gz/SwarmZ_ROS2/install/px4_velocity_control/lib/python3.10/site-packages/px4_velocity_control-0.0.0-py3.10.egg-info
[0.843s] running install_scripts
[0.857s] Installing control script to /home/user_adm/ros2_PX4_gz/SwarmZ_ROS2/install/px4_velocity_control/lib/px4_velocity_control
[0.857s] Installing offboard_control script to /home/user_adm/ros2_PX4_gz/SwarmZ_ROS2/install/px4_velocity_control/lib/px4_velocity_control
[0.857s] Installing processes script to /home/user_adm/ros2_PX4_gz/SwarmZ_ROS2/install/px4_velocity_control/lib/px4_velocity_control
[0.858s] Installing velocity_control script to /home/user_adm/ros2_PX4_gz/SwarmZ_ROS2/install/px4_velocity_control/lib/px4_velocity_control
[0.858s] Installing visualizer script to /home/user_adm/ros2_PX4_gz/SwarmZ_ROS2/install/px4_velocity_control/lib/px4_velocity_control
[0.858s] writing list of installed files to '/home/user_adm/ros2_PX4_gz/SwarmZ_ROS2/build/px4_velocity_control/install.log'
[0.878s] Invoked command in '/home/user_adm/ros2_PX4_gz/SwarmZ_ROS2/src/ROS2_PX4_Velocity_Control/px4_velocity_control' returned '0': CMAKE_PREFIX_PATH=/home/user_adm/ros2_PX4_gz/SwarmZ_ROS2/install/px4_msgs:/home/user_adm/ros2_PX4_gz/SwarmZ_ROS2/install/px4_ros_com:/home/user_adm/ros2_PX4_gz/SwarmZ_ROS2/install/offboard_control_cpp:/home/user_adm/ros2_PX4_gz/SwarmZ_ROS2/install/acoustics_simulation_cpp LD_LIBRARY_PATH=/home/user_adm/ros2_PX4_gz/SwarmZ_ROS2/install/px4_msgs/lib:/home/user_adm/ros2_PX4_gz/SwarmZ_ROS2/install/px4_ros_com/lib:/opt/ros/humble/opt/rviz_ogre_vendor/lib:/opt/ros/humble/lib/x86_64-linux-gnu:/opt/ros/humble/lib PYTHONPATH=/home/user_adm/ros2_PX4_gz/SwarmZ_ROS2/build/px4_velocity_control/prefix_override:/home/user_adm/ros2_PX4_gz/SwarmZ_ROS2/install/px4_velocity_control/lib/python3.10/site-packages:${PYTHONPATH} /usr/bin/python3 setup.py egg_info --egg-base ../../../build/px4_velocity_control build --build-base /home/user_adm/ros2_PX4_gz/SwarmZ_ROS2/build/px4_velocity_control/build install --record /home/user_adm/ros2_PX4_gz/SwarmZ_ROS2/build/px4_velocity_control/install.log --single-version-externally-managed
