[0.825s] DEBUG:colcon:Command line arguments: ['/usr/bin/colcon', 'build']
[0.825s] DEBUG:colcon:Parsed command line arguments: Namespace(log_base=None, log_level=None, verb_name='build', build_base='build', install_base='install', merge_install=False, symlink_install=False, test_result_base=None, continue_on_error=False, executor='parallel', parallel_workers=8, event_handlers=None, ignore_user_meta=False, metas=['./colcon.meta'], base_paths=['.'], packages_ignore=None, packages_ignore_regex=None, paths=None, packages_up_to=None, packages_up_to_regex=None, packages_above=None, packages_above_and_dependencies=None, packages_above_depth=None, packages_select_by_dep=None, packages_skip_by_dep=None, packages_skip_up_to=None, packages_select_build_failed=False, packages_skip_build_finished=False, packages_select_test_failures=False, packages_skip_test_passed=False, packages_select=None, packages_skip=None, packages_select_regex=None, packages_skip_regex=None, packages_start=None, packages_end=None, allow_overriding=[], cmake_args=None, cmake_target=None, cmake_target_skip_unavailable=False, cmake_clean_cache=False, cmake_clean_first=False, cmake_force_configure=False, ament_cmake_args=None, catkin_cmake_args=None, catkin_skip_building_tests=False, verb_parser=<colcon_defaults.argument_parser.defaults.DefaultArgumentsDecorator object at 0x7f764bd63fa0>, verb_extension=<colcon_core.verb.build.BuildVerb object at 0x7f764bd60940>, main=<bound method BuildVerb.main of <colcon_core.verb.build.BuildVerb object at 0x7f764bd60940>>)
[0.861s] Level 1:colcon.colcon_core.package_discovery:discover_packages(colcon_meta) check parameters
[0.862s] Level 1:colcon.colcon_core.package_discovery:discover_packages(recursive) check parameters
[0.862s] Level 1:colcon.colcon_core.package_discovery:discover_packages(ignore) check parameters
[0.862s] Level 1:colcon.colcon_core.package_discovery:discover_packages(path) check parameters
[0.862s] Level 1:colcon.colcon_core.package_discovery:discover_packages(colcon_meta) discover
[0.862s] Level 1:colcon.colcon_core.package_discovery:discover_packages(recursive) discover
[0.862s] INFO:colcon.colcon_core.package_discovery:Crawling recursively for packages in '/home/user_adm/ros2_PX4_gz/SwarmZ_ROS2'
[0.862s] Level 1:colcon.colcon_core.package_identification:_identify(.) by extensions ['ignore', 'ignore_ament_install']
[0.862s] Level 1:colcon.colcon_core.package_identification:_identify(.) by extension 'ignore'
[0.862s] Level 1:colcon.colcon_core.package_identification:_identify(.) by extension 'ignore_ament_install'
[0.862s] Level 1:colcon.colcon_core.package_identification:_identify(.) by extensions ['colcon_pkg']
[0.862s] Level 1:colcon.colcon_core.package_identification:_identify(.) by extension 'colcon_pkg'
[0.862s] Level 1:colcon.colcon_core.package_identification:_identify(.) by extensions ['colcon_meta']
[0.862s] Level 1:colcon.colcon_core.package_identification:_identify(.) by extension 'colcon_meta'
[0.862s] Level 1:colcon.colcon_core.package_identification:_identify(.) by extensions ['ros']
[0.862s] Level 1:colcon.colcon_core.package_identification:_identify(.) by extension 'ros'
[0.871s] Level 1:colcon.colcon_core.package_identification:_identify(.) by extensions ['cmake', 'python']
[0.871s] Level 1:colcon.colcon_core.package_identification:_identify(.) by extension 'cmake'
[0.871s] Level 1:colcon.colcon_core.package_identification:_identify(.) by extension 'python'
[0.871s] Level 1:colcon.colcon_core.package_identification:_identify(.) by extensions ['python_setup_py']
[0.871s] Level 1:colcon.colcon_core.package_identification:_identify(.) by extension 'python_setup_py'
[0.871s] Level 1:colcon.colcon_core.package_identification:_identify(build) by extensions ['ignore', 'ignore_ament_install']
[0.871s] Level 1:colcon.colcon_core.package_identification:_identify(build) by extension 'ignore'
[0.871s] Level 1:colcon.colcon_core.package_identification:_identify(build) ignored
[0.871s] Level 1:colcon.colcon_core.package_identification:_identify(install) by extensions ['ignore', 'ignore_ament_install']
[0.872s] Level 1:colcon.colcon_core.package_identification:_identify(install) by extension 'ignore'
[0.872s] Level 1:colcon.colcon_core.package_identification:_identify(install) ignored
[0.872s] Level 1:colcon.colcon_core.package_identification:_identify(log) by extensions ['ignore', 'ignore_ament_install']
[0.872s] Level 1:colcon.colcon_core.package_identification:_identify(log) by extension 'ignore'
[0.872s] Level 1:colcon.colcon_core.package_identification:_identify(log) ignored
[0.872s] Level 1:colcon.colcon_core.package_identification:_identify(src) by extensions ['ignore', 'ignore_ament_install']
[0.872s] Level 1:colcon.colcon_core.package_identification:_identify(src) by extension 'ignore'
[0.872s] Level 1:colcon.colcon_core.package_identification:_identify(src) by extension 'ignore_ament_install'
[0.872s] Level 1:colcon.colcon_core.package_identification:_identify(src) by extensions ['colcon_pkg']
[0.872s] Level 1:colcon.colcon_core.package_identification:_identify(src) by extension 'colcon_pkg'
[0.872s] Level 1:colcon.colcon_core.package_identification:_identify(src) by extensions ['colcon_meta']
[0.872s] Level 1:colcon.colcon_core.package_identification:_identify(src) by extension 'colcon_meta'
[0.872s] Level 1:colcon.colcon_core.package_identification:_identify(src) by extensions ['ros']
[0.872s] Level 1:colcon.colcon_core.package_identification:_identify(src) by extension 'ros'
[0.872s] Level 1:colcon.colcon_core.package_identification:_identify(src) by extensions ['cmake', 'python']
[0.872s] Level 1:colcon.colcon_core.package_identification:_identify(src) by extension 'cmake'
[0.872s] Level 1:colcon.colcon_core.package_identification:_identify(src) by extension 'python'
[0.872s] Level 1:colcon.colcon_core.package_identification:_identify(src) by extensions ['python_setup_py']
[0.872s] Level 1:colcon.colcon_core.package_identification:_identify(src) by extension 'python_setup_py'
[0.872s] Level 1:colcon.colcon_core.package_identification:_identify(src/ROS2_PX4_Velocity_Control) by extensions ['ignore', 'ignore_ament_install']
[0.872s] Level 1:colcon.colcon_core.package_identification:_identify(src/ROS2_PX4_Velocity_Control) by extension 'ignore'
[0.872s] Level 1:colcon.colcon_core.package_identification:_identify(src/ROS2_PX4_Velocity_Control) by extension 'ignore_ament_install'
[0.872s] Level 1:colcon.colcon_core.package_identification:_identify(src/ROS2_PX4_Velocity_Control) by extensions ['colcon_pkg']
[0.872s] Level 1:colcon.colcon_core.package_identification:_identify(src/ROS2_PX4_Velocity_Control) by extension 'colcon_pkg'
[0.872s] Level 1:colcon.colcon_core.package_identification:_identify(src/ROS2_PX4_Velocity_Control) by extensions ['colcon_meta']
[0.872s] Level 1:colcon.colcon_core.package_identification:_identify(src/ROS2_PX4_Velocity_Control) by extension 'colcon_meta'
[0.872s] Level 1:colcon.colcon_core.package_identification:_identify(src/ROS2_PX4_Velocity_Control) by extensions ['ros']
[0.872s] Level 1:colcon.colcon_core.package_identification:_identify(src/ROS2_PX4_Velocity_Control) by extension 'ros'
[0.873s] Level 1:colcon.colcon_core.package_identification:_identify(src/ROS2_PX4_Velocity_Control) by extensions ['cmake', 'python']
[0.873s] Level 1:colcon.colcon_core.package_identification:_identify(src/ROS2_PX4_Velocity_Control) by extension 'cmake'
[0.873s] Level 1:colcon.colcon_core.package_identification:_identify(src/ROS2_PX4_Velocity_Control) by extension 'python'
[0.873s] Level 1:colcon.colcon_core.package_identification:_identify(src/ROS2_PX4_Velocity_Control) by extensions ['python_setup_py']
[0.873s] Level 1:colcon.colcon_core.package_identification:_identify(src/ROS2_PX4_Velocity_Control) by extension 'python_setup_py'
[0.873s] Level 1:colcon.colcon_core.package_identification:_identify(src/ROS2_PX4_Velocity_Control/px4_velocity_control) by extensions ['ignore', 'ignore_ament_install']
[0.873s] Level 1:colcon.colcon_core.package_identification:_identify(src/ROS2_PX4_Velocity_Control/px4_velocity_control) by extension 'ignore'
[0.873s] Level 1:colcon.colcon_core.package_identification:_identify(src/ROS2_PX4_Velocity_Control/px4_velocity_control) by extension 'ignore_ament_install'
[0.873s] Level 1:colcon.colcon_core.package_identification:_identify(src/ROS2_PX4_Velocity_Control/px4_velocity_control) by extensions ['colcon_pkg']
[0.873s] Level 1:colcon.colcon_core.package_identification:_identify(src/ROS2_PX4_Velocity_Control/px4_velocity_control) by extension 'colcon_pkg'
[0.873s] Level 1:colcon.colcon_core.package_identification:_identify(src/ROS2_PX4_Velocity_Control/px4_velocity_control) by extensions ['colcon_meta']
[0.873s] Level 1:colcon.colcon_core.package_identification:_identify(src/ROS2_PX4_Velocity_Control/px4_velocity_control) by extension 'colcon_meta'
[0.873s] Level 1:colcon.colcon_core.package_identification:_identify(src/ROS2_PX4_Velocity_Control/px4_velocity_control) by extensions ['ros']
[0.873s] Level 1:colcon.colcon_core.package_identification:_identify(src/ROS2_PX4_Velocity_Control/px4_velocity_control) by extension 'ros'
[0.876s] DEBUG:colcon.colcon_core.package_identification:Package 'src/ROS2_PX4_Velocity_Control/px4_velocity_control' with type 'ros.ament_python' and name 'px4_velocity_control'
[0.876s] Level 1:colcon.colcon_core.package_identification:_identify(src/acoustics_simulation_cpp) by extensions ['ignore', 'ignore_ament_install']
[0.876s] Level 1:colcon.colcon_core.package_identification:_identify(src/acoustics_simulation_cpp) by extension 'ignore'
[0.876s] Level 1:colcon.colcon_core.package_identification:_identify(src/acoustics_simulation_cpp) by extension 'ignore_ament_install'
[0.876s] Level 1:colcon.colcon_core.package_identification:_identify(src/acoustics_simulation_cpp) by extensions ['colcon_pkg']
[0.876s] Level 1:colcon.colcon_core.package_identification:_identify(src/acoustics_simulation_cpp) by extension 'colcon_pkg'
[0.876s] Level 1:colcon.colcon_core.package_identification:_identify(src/acoustics_simulation_cpp) by extensions ['colcon_meta']
[0.876s] Level 1:colcon.colcon_core.package_identification:_identify(src/acoustics_simulation_cpp) by extension 'colcon_meta'
[0.876s] Level 1:colcon.colcon_core.package_identification:_identify(src/acoustics_simulation_cpp) by extensions ['ros']
[0.876s] Level 1:colcon.colcon_core.package_identification:_identify(src/acoustics_simulation_cpp) by extension 'ros'
[0.876s] DEBUG:colcon.colcon_core.package_identification:Package 'src/acoustics_simulation_cpp' with type 'ros.ament_cmake' and name 'acoustics_simulation_cpp'
[0.877s] Level 1:colcon.colcon_core.package_identification:_identify(src/acoustics_simulation_py) by extensions ['ignore', 'ignore_ament_install']
[0.877s] Level 1:colcon.colcon_core.package_identification:_identify(src/acoustics_simulation_py) by extension 'ignore'
[0.877s] Level 1:colcon.colcon_core.package_identification:_identify(src/acoustics_simulation_py) by extension 'ignore_ament_install'
[0.877s] Level 1:colcon.colcon_core.package_identification:_identify(src/acoustics_simulation_py) by extensions ['colcon_pkg']
[0.877s] Level 1:colcon.colcon_core.package_identification:_identify(src/acoustics_simulation_py) by extension 'colcon_pkg'
[0.877s] Level 1:colcon.colcon_core.package_identification:_identify(src/acoustics_simulation_py) by extensions ['colcon_meta']
[0.877s] Level 1:colcon.colcon_core.package_identification:_identify(src/acoustics_simulation_py) by extension 'colcon_meta'
[0.877s] Level 1:colcon.colcon_core.package_identification:_identify(src/acoustics_simulation_py) by extensions ['ros']
[0.877s] Level 1:colcon.colcon_core.package_identification:_identify(src/acoustics_simulation_py) by extension 'ros'
[0.877s] DEBUG:colcon.colcon_core.package_identification:Package 'src/acoustics_simulation_py' with type 'ros.ament_python' and name 'acoustics_simulation_py'
[0.877s] Level 1:colcon.colcon_core.package_identification:_identify(src/offboard_control_cpp) by extensions ['ignore', 'ignore_ament_install']
[0.877s] Level 1:colcon.colcon_core.package_identification:_identify(src/offboard_control_cpp) by extension 'ignore'
[0.877s] Level 1:colcon.colcon_core.package_identification:_identify(src/offboard_control_cpp) by extension 'ignore_ament_install'
[0.877s] Level 1:colcon.colcon_core.package_identification:_identify(src/offboard_control_cpp) by extensions ['colcon_pkg']
[0.877s] Level 1:colcon.colcon_core.package_identification:_identify(src/offboard_control_cpp) by extension 'colcon_pkg'
[0.877s] Level 1:colcon.colcon_core.package_identification:_identify(src/offboard_control_cpp) by extensions ['colcon_meta']
[0.877s] Level 1:colcon.colcon_core.package_identification:_identify(src/offboard_control_cpp) by extension 'colcon_meta'
[0.877s] Level 1:colcon.colcon_core.package_identification:_identify(src/offboard_control_cpp) by extensions ['ros']
[0.877s] Level 1:colcon.colcon_core.package_identification:_identify(src/offboard_control_cpp) by extension 'ros'
[0.878s] DEBUG:colcon.colcon_core.package_identification:Package 'src/offboard_control_cpp' with type 'ros.ament_cmake' and name 'offboard_control_cpp'
[0.878s] Level 1:colcon.colcon_core.package_identification:_identify(src/px4_msgs) by extensions ['ignore', 'ignore_ament_install']
[0.878s] Level 1:colcon.colcon_core.package_identification:_identify(src/px4_msgs) by extension 'ignore'
[0.878s] Level 1:colcon.colcon_core.package_identification:_identify(src/px4_msgs) by extension 'ignore_ament_install'
[0.878s] Level 1:colcon.colcon_core.package_identification:_identify(src/px4_msgs) by extensions ['colcon_pkg']
[0.878s] Level 1:colcon.colcon_core.package_identification:_identify(src/px4_msgs) by extension 'colcon_pkg'
[0.878s] Level 1:colcon.colcon_core.package_identification:_identify(src/px4_msgs) by extensions ['colcon_meta']
[0.878s] Level 1:colcon.colcon_core.package_identification:_identify(src/px4_msgs) by extension 'colcon_meta'
[0.878s] Level 1:colcon.colcon_core.package_identification:_identify(src/px4_msgs) by extensions ['ros']
[0.878s] Level 1:colcon.colcon_core.package_identification:_identify(src/px4_msgs) by extension 'ros'
[0.879s] DEBUG:colcon.colcon_core.package_identification:Package 'src/px4_msgs' with type 'ros.ament_cmake' and name 'px4_msgs'
[0.879s] Level 1:colcon.colcon_core.package_identification:_identify(src/px4_ros_com) by extensions ['ignore', 'ignore_ament_install']
[0.879s] Level 1:colcon.colcon_core.package_identification:_identify(src/px4_ros_com) by extension 'ignore'
[0.879s] Level 1:colcon.colcon_core.package_identification:_identify(src/px4_ros_com) by extension 'ignore_ament_install'
[0.879s] Level 1:colcon.colcon_core.package_identification:_identify(src/px4_ros_com) by extensions ['colcon_pkg']
[0.879s] Level 1:colcon.colcon_core.package_identification:_identify(src/px4_ros_com) by extension 'colcon_pkg'
[0.879s] Level 1:colcon.colcon_core.package_identification:_identify(src/px4_ros_com) by extensions ['colcon_meta']
[0.879s] Level 1:colcon.colcon_core.package_identification:_identify(src/px4_ros_com) by extension 'colcon_meta'
[0.879s] Level 1:colcon.colcon_core.package_identification:_identify(src/px4_ros_com) by extensions ['ros']
[0.879s] Level 1:colcon.colcon_core.package_identification:_identify(src/px4_ros_com) by extension 'ros'
[0.880s] DEBUG:colcon.colcon_core.package_identification:Package 'src/px4_ros_com' with type 'ros.ament_cmake' and name 'px4_ros_com'
[0.880s] Level 1:colcon.colcon_core.package_identification:_identify(src/swarmz_control_py) by extensions ['ignore', 'ignore_ament_install']
[0.880s] Level 1:colcon.colcon_core.package_identification:_identify(src/swarmz_control_py) by extension 'ignore'
[0.880s] Level 1:colcon.colcon_core.package_identification:_identify(src/swarmz_control_py) by extension 'ignore_ament_install'
[0.880s] Level 1:colcon.colcon_core.package_identification:_identify(src/swarmz_control_py) by extensions ['colcon_pkg']
[0.880s] Level 1:colcon.colcon_core.package_identification:_identify(src/swarmz_control_py) by extension 'colcon_pkg'
[0.880s] Level 1:colcon.colcon_core.package_identification:_identify(src/swarmz_control_py) by extensions ['colcon_meta']
[0.880s] Level 1:colcon.colcon_core.package_identification:_identify(src/swarmz_control_py) by extension 'colcon_meta'
[0.880s] Level 1:colcon.colcon_core.package_identification:_identify(src/swarmz_control_py) by extensions ['ros']
[0.881s] Level 1:colcon.colcon_core.package_identification:_identify(src/swarmz_control_py) by extension 'ros'
[0.881s] DEBUG:colcon.colcon_core.package_identification:Package 'src/swarmz_control_py' with type 'ros.ament_python' and name 'swarmz_control_py'
[0.881s] Level 1:colcon.colcon_core.package_discovery:discover_packages(recursive) using defaults
[0.881s] Level 1:colcon.colcon_core.package_discovery:discover_packages(ignore) discover
[0.881s] Level 1:colcon.colcon_core.package_discovery:discover_packages(ignore) using defaults
[0.881s] Level 1:colcon.colcon_core.package_discovery:discover_packages(path) discover
[0.881s] Level 1:colcon.colcon_core.package_discovery:discover_packages(path) using defaults
[0.956s] Level 1:colcon.colcon_core.package_discovery:discover_packages(prefix_path) check parameters
[0.956s] Level 1:colcon.colcon_core.package_discovery:discover_packages(prefix_path) discover
[0.982s] DEBUG:colcon.colcon_installed_package_information.package_discovery:Found 7 installed packages in /home/user_adm/ros2_PX4_gz/SwarmZ_ROS2/install
[1.004s] DEBUG:colcon.colcon_installed_package_information.package_discovery:Found 274 installed packages in /opt/ros/humble
[1.005s] Level 1:colcon.colcon_core.package_discovery:discover_packages(prefix_path) using defaults
[1.074s] Level 5:colcon.colcon_core.verb:set package 'acoustics_simulation_py' build argument 'cmake_args' from command line to 'None'
[1.074s] Level 5:colcon.colcon_core.verb:set package 'acoustics_simulation_py' build argument 'cmake_target' from command line to 'None'
[1.074s] Level 5:colcon.colcon_core.verb:set package 'acoustics_simulation_py' build argument 'cmake_target_skip_unavailable' from command line to 'False'
[1.074s] Level 5:colcon.colcon_core.verb:set package 'acoustics_simulation_py' build argument 'cmake_clean_cache' from command line to 'False'
[1.074s] Level 5:colcon.colcon_core.verb:set package 'acoustics_simulation_py' build argument 'cmake_clean_first' from command line to 'False'
[1.074s] Level 5:colcon.colcon_core.verb:set package 'acoustics_simulation_py' build argument 'cmake_force_configure' from command line to 'False'
[1.074s] Level 5:colcon.colcon_core.verb:set package 'acoustics_simulation_py' build argument 'ament_cmake_args' from command line to 'None'
[1.074s] Level 5:colcon.colcon_core.verb:set package 'acoustics_simulation_py' build argument 'catkin_cmake_args' from command line to 'None'
[1.074s] Level 5:colcon.colcon_core.verb:set package 'acoustics_simulation_py' build argument 'catkin_skip_building_tests' from command line to 'False'
[1.074s] DEBUG:colcon.colcon_core.verb:Building package 'acoustics_simulation_py' with the following arguments: {'ament_cmake_args': None, 'build_base': '/home/user_adm/ros2_PX4_gz/SwarmZ_ROS2/build/acoustics_simulation_py', 'catkin_cmake_args': None, 'catkin_skip_building_tests': False, 'cmake_args': None, 'cmake_clean_cache': False, 'cmake_clean_first': False, 'cmake_force_configure': False, 'cmake_target': None, 'cmake_target_skip_unavailable': False, 'install_base': '/home/user_adm/ros2_PX4_gz/SwarmZ_ROS2/install/acoustics_simulation_py', 'merge_install': False, 'path': '/home/user_adm/ros2_PX4_gz/SwarmZ_ROS2/src/acoustics_simulation_py', 'symlink_install': False, 'test_result_base': None}
[1.086s] Level 5:colcon.colcon_core.verb:set package 'px4_msgs' build argument 'cmake_args' from command line to 'None'
[1.086s] Level 5:colcon.colcon_core.verb:set package 'px4_msgs' build argument 'cmake_target' from command line to 'None'
[1.086s] Level 5:colcon.colcon_core.verb:set package 'px4_msgs' build argument 'cmake_target_skip_unavailable' from command line to 'False'
[1.086s] Level 5:colcon.colcon_core.verb:set package 'px4_msgs' build argument 'cmake_clean_cache' from command line to 'False'
[1.086s] Level 5:colcon.colcon_core.verb:set package 'px4_msgs' build argument 'cmake_clean_first' from command line to 'False'
[1.086s] Level 5:colcon.colcon_core.verb:set package 'px4_msgs' build argument 'cmake_force_configure' from command line to 'False'
[1.086s] Level 5:colcon.colcon_core.verb:set package 'px4_msgs' build argument 'ament_cmake_args' from command line to 'None'
[1.086s] Level 5:colcon.colcon_core.verb:set package 'px4_msgs' build argument 'catkin_cmake_args' from command line to 'None'
[1.086s] Level 5:colcon.colcon_core.verb:set package 'px4_msgs' build argument 'catkin_skip_building_tests' from command line to 'False'
[1.086s] DEBUG:colcon.colcon_core.verb:Building package 'px4_msgs' with the following arguments: {'ament_cmake_args': None, 'build_base': '/home/user_adm/ros2_PX4_gz/SwarmZ_ROS2/build/px4_msgs', 'catkin_cmake_args': None, 'catkin_skip_building_tests': False, 'cmake_args': None, 'cmake_clean_cache': False, 'cmake_clean_first': False, 'cmake_force_configure': False, 'cmake_target': None, 'cmake_target_skip_unavailable': False, 'install_base': '/home/user_adm/ros2_PX4_gz/SwarmZ_ROS2/install/px4_msgs', 'merge_install': False, 'path': '/home/user_adm/ros2_PX4_gz/SwarmZ_ROS2/src/px4_msgs', 'symlink_install': False, 'test_result_base': None}
[1.098s] Level 5:colcon.colcon_core.verb:set package 'swarmz_control_py' build argument 'cmake_args' from command line to 'None'
[1.098s] Level 5:colcon.colcon_core.verb:set package 'swarmz_control_py' build argument 'cmake_target' from command line to 'None'
[1.098s] Level 5:colcon.colcon_core.verb:set package 'swarmz_control_py' build argument 'cmake_target_skip_unavailable' from command line to 'False'
[1.098s] Level 5:colcon.colcon_core.verb:set package 'swarmz_control_py' build argument 'cmake_clean_cache' from command line to 'False'
[1.098s] Level 5:colcon.colcon_core.verb:set package 'swarmz_control_py' build argument 'cmake_clean_first' from command line to 'False'
[1.098s] Level 5:colcon.colcon_core.verb:set package 'swarmz_control_py' build argument 'cmake_force_configure' from command line to 'False'
[1.098s] Level 5:colcon.colcon_core.verb:set package 'swarmz_control_py' build argument 'ament_cmake_args' from command line to 'None'
[1.098s] Level 5:colcon.colcon_core.verb:set package 'swarmz_control_py' build argument 'catkin_cmake_args' from command line to 'None'
[1.098s] Level 5:colcon.colcon_core.verb:set package 'swarmz_control_py' build argument 'catkin_skip_building_tests' from command line to 'False'
[1.098s] DEBUG:colcon.colcon_core.verb:Building package 'swarmz_control_py' with the following arguments: {'ament_cmake_args': None, 'build_base': '/home/user_adm/ros2_PX4_gz/SwarmZ_ROS2/build/swarmz_control_py', 'catkin_cmake_args': None, 'catkin_skip_building_tests': False, 'cmake_args': None, 'cmake_clean_cache': False, 'cmake_clean_first': False, 'cmake_force_configure': False, 'cmake_target': None, 'cmake_target_skip_unavailable': False, 'install_base': '/home/user_adm/ros2_PX4_gz/SwarmZ_ROS2/install/swarmz_control_py', 'merge_install': False, 'path': '/home/user_adm/ros2_PX4_gz/SwarmZ_ROS2/src/swarmz_control_py', 'symlink_install': False, 'test_result_base': None}
[1.110s] Level 5:colcon.colcon_core.verb:set package 'acoustics_simulation_cpp' build argument 'cmake_args' from command line to 'None'
[1.110s] Level 5:colcon.colcon_core.verb:set package 'acoustics_simulation_cpp' build argument 'cmake_target' from command line to 'None'
[1.110s] Level 5:colcon.colcon_core.verb:set package 'acoustics_simulation_cpp' build argument 'cmake_target_skip_unavailable' from command line to 'False'
[1.110s] Level 5:colcon.colcon_core.verb:set package 'acoustics_simulation_cpp' build argument 'cmake_clean_cache' from command line to 'False'
[1.110s] Level 5:colcon.colcon_core.verb:set package 'acoustics_simulation_cpp' build argument 'cmake_clean_first' from command line to 'False'
[1.110s] Level 5:colcon.colcon_core.verb:set package 'acoustics_simulation_cpp' build argument 'cmake_force_configure' from command line to 'False'
[1.110s] Level 5:colcon.colcon_core.verb:set package 'acoustics_simulation_cpp' build argument 'ament_cmake_args' from command line to 'None'
[1.110s] Level 5:colcon.colcon_core.verb:set package 'acoustics_simulation_cpp' build argument 'catkin_cmake_args' from command line to 'None'
[1.110s] Level 5:colcon.colcon_core.verb:set package 'acoustics_simulation_cpp' build argument 'catkin_skip_building_tests' from command line to 'False'
[1.110s] DEBUG:colcon.colcon_core.verb:Building package 'acoustics_simulation_cpp' with the following arguments: {'ament_cmake_args': None, 'build_base': '/home/user_adm/ros2_PX4_gz/SwarmZ_ROS2/build/acoustics_simulation_cpp', 'catkin_cmake_args': None, 'catkin_skip_building_tests': False, 'cmake_args': None, 'cmake_clean_cache': False, 'cmake_clean_first': False, 'cmake_force_configure': False, 'cmake_target': None, 'cmake_target_skip_unavailable': False, 'install_base': '/home/user_adm/ros2_PX4_gz/SwarmZ_ROS2/install/acoustics_simulation_cpp', 'merge_install': False, 'path': '/home/user_adm/ros2_PX4_gz/SwarmZ_ROS2/src/acoustics_simulation_cpp', 'symlink_install': False, 'test_result_base': None}
[1.122s] Level 5:colcon.colcon_core.verb:set package 'offboard_control_cpp' build argument 'cmake_args' from command line to 'None'
[1.122s] Level 5:colcon.colcon_core.verb:set package 'offboard_control_cpp' build argument 'cmake_target' from command line to 'None'
[1.122s] Level 5:colcon.colcon_core.verb:set package 'offboard_control_cpp' build argument 'cmake_target_skip_unavailable' from command line to 'False'
[1.122s] Level 5:colcon.colcon_core.verb:set package 'offboard_control_cpp' build argument 'cmake_clean_cache' from command line to 'False'
[1.122s] Level 5:colcon.colcon_core.verb:set package 'offboard_control_cpp' build argument 'cmake_clean_first' from command line to 'False'
[1.122s] Level 5:colcon.colcon_core.verb:set package 'offboard_control_cpp' build argument 'cmake_force_configure' from command line to 'False'
[1.122s] Level 5:colcon.colcon_core.verb:set package 'offboard_control_cpp' build argument 'ament_cmake_args' from command line to 'None'
[1.122s] Level 5:colcon.colcon_core.verb:set package 'offboard_control_cpp' build argument 'catkin_cmake_args' from command line to 'None'
[1.122s] Level 5:colcon.colcon_core.verb:set package 'offboard_control_cpp' build argument 'catkin_skip_building_tests' from command line to 'False'
[1.122s] DEBUG:colcon.colcon_core.verb:Building package 'offboard_control_cpp' with the following arguments: {'ament_cmake_args': None, 'build_base': '/home/user_adm/ros2_PX4_gz/SwarmZ_ROS2/build/offboard_control_cpp', 'catkin_cmake_args': None, 'catkin_skip_building_tests': False, 'cmake_args': None, 'cmake_clean_cache': False, 'cmake_clean_first': False, 'cmake_force_configure': False, 'cmake_target': None, 'cmake_target_skip_unavailable': False, 'install_base': '/home/user_adm/ros2_PX4_gz/SwarmZ_ROS2/install/offboard_control_cpp', 'merge_install': False, 'path': '/home/user_adm/ros2_PX4_gz/SwarmZ_ROS2/src/offboard_control_cpp', 'symlink_install': False, 'test_result_base': None}
[1.133s] Level 5:colcon.colcon_core.verb:set package 'px4_ros_com' build argument 'cmake_args' from command line to 'None'
[1.133s] Level 5:colcon.colcon_core.verb:set package 'px4_ros_com' build argument 'cmake_target' from command line to 'None'
[1.133s] Level 5:colcon.colcon_core.verb:set package 'px4_ros_com' build argument 'cmake_target_skip_unavailable' from command line to 'False'
[1.133s] Level 5:colcon.colcon_core.verb:set package 'px4_ros_com' build argument 'cmake_clean_cache' from command line to 'False'
[1.133s] Level 5:colcon.colcon_core.verb:set package 'px4_ros_com' build argument 'cmake_clean_first' from command line to 'False'
[1.133s] Level 5:colcon.colcon_core.verb:set package 'px4_ros_com' build argument 'cmake_force_configure' from command line to 'False'
[1.133s] Level 5:colcon.colcon_core.verb:set package 'px4_ros_com' build argument 'ament_cmake_args' from command line to 'None'
[1.133s] Level 5:colcon.colcon_core.verb:set package 'px4_ros_com' build argument 'catkin_cmake_args' from command line to 'None'
[1.133s] Level 5:colcon.colcon_core.verb:set package 'px4_ros_com' build argument 'catkin_skip_building_tests' from command line to 'False'
[1.133s] DEBUG:colcon.colcon_core.verb:Building package 'px4_ros_com' with the following arguments: {'ament_cmake_args': None, 'build_base': '/home/user_adm/ros2_PX4_gz/SwarmZ_ROS2/build/px4_ros_com', 'catkin_cmake_args': None, 'catkin_skip_building_tests': False, 'cmake_args': None, 'cmake_clean_cache': False, 'cmake_clean_first': False, 'cmake_force_configure': False, 'cmake_target': None, 'cmake_target_skip_unavailable': False, 'install_base': '/home/user_adm/ros2_PX4_gz/SwarmZ_ROS2/install/px4_ros_com', 'merge_install': False, 'path': '/home/user_adm/ros2_PX4_gz/SwarmZ_ROS2/src/px4_ros_com', 'symlink_install': False, 'test_result_base': None}
[1.145s] Level 5:colcon.colcon_core.verb:set package 'px4_velocity_control' build argument 'cmake_args' from command line to 'None'
[1.145s] Level 5:colcon.colcon_core.verb:set package 'px4_velocity_control' build argument 'cmake_target' from command line to 'None'
[1.145s] Level 5:colcon.colcon_core.verb:set package 'px4_velocity_control' build argument 'cmake_target_skip_unavailable' from command line to 'False'
[1.145s] Level 5:colcon.colcon_core.verb:set package 'px4_velocity_control' build argument 'cmake_clean_cache' from command line to 'False'
[1.146s] Level 5:colcon.colcon_core.verb:set package 'px4_velocity_control' build argument 'cmake_clean_first' from command line to 'False'
[1.146s] Level 5:colcon.colcon_core.verb:set package 'px4_velocity_control' build argument 'cmake_force_configure' from command line to 'False'
[1.146s] Level 5:colcon.colcon_core.verb:set package 'px4_velocity_control' build argument 'ament_cmake_args' from command line to 'None'
[1.146s] Level 5:colcon.colcon_core.verb:set package 'px4_velocity_control' build argument 'catkin_cmake_args' from command line to 'None'
[1.146s] Level 5:colcon.colcon_core.verb:set package 'px4_velocity_control' build argument 'catkin_skip_building_tests' from command line to 'False'
[1.146s] DEBUG:colcon.colcon_core.verb:Building package 'px4_velocity_control' with the following arguments: {'ament_cmake_args': None, 'build_base': '/home/user_adm/ros2_PX4_gz/SwarmZ_ROS2/build/px4_velocity_control', 'catkin_cmake_args': None, 'catkin_skip_building_tests': False, 'cmake_args': None, 'cmake_clean_cache': False, 'cmake_clean_first': False, 'cmake_force_configure': False, 'cmake_target': None, 'cmake_target_skip_unavailable': False, 'install_base': '/home/user_adm/ros2_PX4_gz/SwarmZ_ROS2/install/px4_velocity_control', 'merge_install': False, 'path': '/home/user_adm/ros2_PX4_gz/SwarmZ_ROS2/src/ROS2_PX4_Velocity_Control/px4_velocity_control', 'symlink_install': False, 'test_result_base': None}
[1.159s] INFO:colcon.colcon_core.executor:Executing jobs using 'parallel' executor
[1.173s] DEBUG:colcon.colcon_parallel_executor.executor.parallel:run_until_complete
[1.173s] INFO:colcon.colcon_ros.task.ament_cmake.build:Building ROS package in '/home/user_adm/ros2_PX4_gz/SwarmZ_ROS2/src/px4_msgs' with build type 'ament_cmake'
[1.174s] INFO:colcon.colcon_cmake.task.cmake.build:Building CMake package in '/home/user_adm/ros2_PX4_gz/SwarmZ_ROS2/src/px4_msgs'
[1.188s] INFO:colcon.colcon_core.plugin_system:Skipping extension 'colcon_core.shell.bat': Not used on non-Windows systems
[1.189s] INFO:colcon.colcon_core.shell:Skip shell extension 'powershell' for command environment: Not usable outside of PowerShell
[1.189s] DEBUG:colcon.colcon_core.shell:Skip shell extension 'dsv' for command environment
[1.228s] INFO:colcon.colcon_ros.task.ament_python.build:Building ROS package in '/home/user_adm/ros2_PX4_gz/SwarmZ_ROS2/src/acoustics_simulation_py' with build type 'ament_python'
[1.228s] Level 1:colcon.colcon_core.shell:create_environment_hook('acoustics_simulation_py', 'ament_prefix_path')
[1.241s] INFO:colcon.colcon_core.shell:Creating environment hook '/home/user_adm/ros2_PX4_gz/SwarmZ_ROS2/install/acoustics_simulation_py/share/acoustics_simulation_py/hook/ament_prefix_path.ps1'
[1.241s] INFO:colcon.colcon_core.shell:Creating environment descriptor '/home/user_adm/ros2_PX4_gz/SwarmZ_ROS2/install/acoustics_simulation_py/share/acoustics_simulation_py/hook/ament_prefix_path.dsv'
[1.242s] INFO:colcon.colcon_core.shell:Creating environment hook '/home/user_adm/ros2_PX4_gz/SwarmZ_ROS2/install/acoustics_simulation_py/share/acoustics_simulation_py/hook/ament_prefix_path.sh'
[1.254s] INFO:colcon.colcon_core.shell:Skip shell extension 'powershell' for command environment: Not usable outside of PowerShell
[1.254s] DEBUG:colcon.colcon_core.shell:Skip shell extension 'dsv' for command environment
[1.295s] INFO:colcon.colcon_ros.task.ament_python.build:Building ROS package in '/home/user_adm/ros2_PX4_gz/SwarmZ_ROS2/src/swarmz_control_py' with build type 'ament_python'
[1.295s] Level 1:colcon.colcon_core.shell:create_environment_hook('swarmz_control_py', 'ament_prefix_path')
[1.308s] INFO:colcon.colcon_core.shell:Creating environment hook '/home/user_adm/ros2_PX4_gz/SwarmZ_ROS2/install/swarmz_control_py/share/swarmz_control_py/hook/ament_prefix_path.ps1'
[1.309s] INFO:colcon.colcon_core.shell:Creating environment descriptor '/home/user_adm/ros2_PX4_gz/SwarmZ_ROS2/install/swarmz_control_py/share/swarmz_control_py/hook/ament_prefix_path.dsv'
[1.309s] INFO:colcon.colcon_core.shell:Creating environment hook '/home/user_adm/ros2_PX4_gz/SwarmZ_ROS2/install/swarmz_control_py/share/swarmz_control_py/hook/ament_prefix_path.sh'
[1.323s] INFO:colcon.colcon_core.shell:Skip shell extension 'powershell' for command environment: Not usable outside of PowerShell
[1.323s] DEBUG:colcon.colcon_core.shell:Skip shell extension 'dsv' for command environment
[1.366s] DEBUG:colcon.colcon_core.event_handler.log_command:Invoking command in '/home/user_adm/ros2_PX4_gz/SwarmZ_ROS2/build/px4_msgs': CMAKE_PREFIX_PATH=${CMAKE_PREFIX_PATH}:/home/user_adm/ros2_PX4_gz/SwarmZ_ROS2/install/swarmz_control_py:/home/user_adm/ros2_PX4_gz/SwarmZ_ROS2/install/px4_velocity_control:/home/user_adm/ros2_PX4_gz/SwarmZ_ROS2/install/acoustics_simulation_py:/opt/ros/humble /usr/bin/cmake --build /home/user_adm/ros2_PX4_gz/SwarmZ_ROS2/build/px4_msgs -- -j8 -l8
[1.590s] INFO:colcon.colcon_core.task.python.build:Building Python package in '/home/user_adm/ros2_PX4_gz/SwarmZ_ROS2/src/acoustics_simulation_py'
[1.602s] INFO:colcon.colcon_core.shell:Skip shell extension 'powershell' for command environment: Not usable outside of PowerShell
[1.602s] DEBUG:colcon.colcon_core.shell:Skip shell extension 'dsv' for command environment
[1.980s] INFO:colcon.colcon_core.task.python.build:Building Python package in '/home/user_adm/ros2_PX4_gz/SwarmZ_ROS2/src/swarmz_control_py'
[2.001s] INFO:colcon.colcon_core.shell:Skip shell extension 'powershell' for command environment: Not usable outside of PowerShell
[2.001s] DEBUG:colcon.colcon_core.shell:Skip shell extension 'dsv' for command environment
[2.061s] DEBUG:colcon.colcon_core.event_handler.log_command:Invoked command in '/home/user_adm/ros2_PX4_gz/SwarmZ_ROS2/build/px4_msgs' returned '0': CMAKE_PREFIX_PATH=${CMAKE_PREFIX_PATH}:/home/user_adm/ros2_PX4_gz/SwarmZ_ROS2/install/swarmz_control_py:/home/user_adm/ros2_PX4_gz/SwarmZ_ROS2/install/px4_velocity_control:/home/user_adm/ros2_PX4_gz/SwarmZ_ROS2/install/acoustics_simulation_py:/opt/ros/humble /usr/bin/cmake --build /home/user_adm/ros2_PX4_gz/SwarmZ_ROS2/build/px4_msgs -- -j8 -l8
[2.417s] DEBUG:colcon.colcon_core.event_handler.log_command:Invoking command in '/home/user_adm/ros2_PX4_gz/SwarmZ_ROS2/src/acoustics_simulation_py': PYTHONPATH=/home/user_adm/ros2_PX4_gz/SwarmZ_ROS2/build/acoustics_simulation_py/prefix_override:/home/user_adm/ros2_PX4_gz/SwarmZ_ROS2/install/acoustics_simulation_py/lib/python3.10/site-packages:${PYTHONPATH} /usr/bin/python3 setup.py egg_info --egg-base ../../build/acoustics_simulation_py build --build-base /home/user_adm/ros2_PX4_gz/SwarmZ_ROS2/build/acoustics_simulation_py/build install --record /home/user_adm/ros2_PX4_gz/SwarmZ_ROS2/build/acoustics_simulation_py/install.log --single-version-externally-managed
[2.420s] DEBUG:colcon.colcon_core.event_handler.log_command:Invoking command in '/home/user_adm/ros2_PX4_gz/SwarmZ_ROS2/src/swarmz_control_py': PYTHONPATH=/home/user_adm/ros2_PX4_gz/SwarmZ_ROS2/build/swarmz_control_py/prefix_override:/home/user_adm/ros2_PX4_gz/SwarmZ_ROS2/install/swarmz_control_py/lib/python3.10/site-packages:${PYTHONPATH} /usr/bin/python3 setup.py egg_info --egg-base ../../build/swarmz_control_py build --build-base /home/user_adm/ros2_PX4_gz/SwarmZ_ROS2/build/swarmz_control_py/build install --record /home/user_adm/ros2_PX4_gz/SwarmZ_ROS2/build/swarmz_control_py/install.log --single-version-externally-managed
[2.722s] DEBUG:colcon.colcon_core.event_handler.log_command:Invoked command in '/home/user_adm/ros2_PX4_gz/SwarmZ_ROS2/src/acoustics_simulation_py' returned '0': PYTHONPATH=/home/user_adm/ros2_PX4_gz/SwarmZ_ROS2/build/acoustics_simulation_py/prefix_override:/home/user_adm/ros2_PX4_gz/SwarmZ_ROS2/install/acoustics_simulation_py/lib/python3.10/site-packages:${PYTHONPATH} /usr/bin/python3 setup.py egg_info --egg-base ../../build/acoustics_simulation_py build --build-base /home/user_adm/ros2_PX4_gz/SwarmZ_ROS2/build/acoustics_simulation_py/build install --record /home/user_adm/ros2_PX4_gz/SwarmZ_ROS2/build/acoustics_simulation_py/install.log --single-version-externally-managed
[2.738s] Level 1:colcon.colcon_core.environment:checking '/home/user_adm/ros2_PX4_gz/SwarmZ_ROS2/install/acoustics_simulation_py' for CMake module files
[2.738s] Level 1:colcon.colcon_core.environment:checking '/home/user_adm/ros2_PX4_gz/SwarmZ_ROS2/install/acoustics_simulation_py' for CMake config files
[2.739s] Level 1:colcon.colcon_core.environment:checking '/home/user_adm/ros2_PX4_gz/SwarmZ_ROS2/install/acoustics_simulation_py/lib'
[2.739s] Level 1:colcon.colcon_core.environment:checking '/home/user_adm/ros2_PX4_gz/SwarmZ_ROS2/install/acoustics_simulation_py/bin'
[2.739s] Level 1:colcon.colcon_core.environment:checking '/home/user_adm/ros2_PX4_gz/SwarmZ_ROS2/install/acoustics_simulation_py/lib/pkgconfig/acoustics_simulation_py.pc'
[2.739s] Level 1:colcon.colcon_core.environment:checking '/home/user_adm/ros2_PX4_gz/SwarmZ_ROS2/install/acoustics_simulation_py/lib/python3.10/site-packages'
[2.739s] Level 1:colcon.colcon_core.shell:create_environment_hook('acoustics_simulation_py', 'pythonpath')
[2.754s] INFO:colcon.colcon_core.shell:Creating environment hook '/home/user_adm/ros2_PX4_gz/SwarmZ_ROS2/install/acoustics_simulation_py/share/acoustics_simulation_py/hook/pythonpath.ps1'
[2.754s] INFO:colcon.colcon_core.shell:Creating environment descriptor '/home/user_adm/ros2_PX4_gz/SwarmZ_ROS2/install/acoustics_simulation_py/share/acoustics_simulation_py/hook/pythonpath.dsv'
[2.754s] INFO:colcon.colcon_core.shell:Creating environment hook '/home/user_adm/ros2_PX4_gz/SwarmZ_ROS2/install/acoustics_simulation_py/share/acoustics_simulation_py/hook/pythonpath.sh'
[2.755s] Level 1:colcon.colcon_core.environment:checking '/home/user_adm/ros2_PX4_gz/SwarmZ_ROS2/install/acoustics_simulation_py/bin'
[2.755s] Level 1:colcon.colcon_core.environment:create_environment_scripts_only(acoustics_simulation_py)
[2.768s] INFO:colcon.colcon_core.shell:Creating package script '/home/user_adm/ros2_PX4_gz/SwarmZ_ROS2/install/acoustics_simulation_py/share/acoustics_simulation_py/package.ps1'
[2.769s] INFO:colcon.colcon_core.shell:Creating package descriptor '/home/user_adm/ros2_PX4_gz/SwarmZ_ROS2/install/acoustics_simulation_py/share/acoustics_simulation_py/package.dsv'
[2.769s] INFO:colcon.colcon_core.shell:Creating package script '/home/user_adm/ros2_PX4_gz/SwarmZ_ROS2/install/acoustics_simulation_py/share/acoustics_simulation_py/package.sh'
[2.770s] INFO:colcon.colcon_core.shell:Creating package script '/home/user_adm/ros2_PX4_gz/SwarmZ_ROS2/install/acoustics_simulation_py/share/acoustics_simulation_py/package.bash'
[2.770s] INFO:colcon.colcon_core.shell:Creating package script '/home/user_adm/ros2_PX4_gz/SwarmZ_ROS2/install/acoustics_simulation_py/share/acoustics_simulation_py/package.zsh'
[2.771s] Level 1:colcon.colcon_core.environment:create_file_with_runtime_dependencies(/home/user_adm/ros2_PX4_gz/SwarmZ_ROS2/install/acoustics_simulation_py/share/colcon-core/packages/acoustics_simulation_py)
[2.772s] DEBUG:colcon.colcon_core.event_handler.log_command:Invoked command in '/home/user_adm/ros2_PX4_gz/SwarmZ_ROS2/src/swarmz_control_py' returned '0': PYTHONPATH=/home/user_adm/ros2_PX4_gz/SwarmZ_ROS2/build/swarmz_control_py/prefix_override:/home/user_adm/ros2_PX4_gz/SwarmZ_ROS2/install/swarmz_control_py/lib/python3.10/site-packages:${PYTHONPATH} /usr/bin/python3 setup.py egg_info --egg-base ../../build/swarmz_control_py build --build-base /home/user_adm/ros2_PX4_gz/SwarmZ_ROS2/build/swarmz_control_py/build install --record /home/user_adm/ros2_PX4_gz/SwarmZ_ROS2/build/swarmz_control_py/install.log --single-version-externally-managed
[2.790s] Level 1:colcon.colcon_core.environment:checking '/home/user_adm/ros2_PX4_gz/SwarmZ_ROS2/install/swarmz_control_py' for CMake module files
[2.791s] Level 1:colcon.colcon_core.environment:checking '/home/user_adm/ros2_PX4_gz/SwarmZ_ROS2/install/swarmz_control_py' for CMake config files
[2.791s] Level 1:colcon.colcon_core.environment:checking '/home/user_adm/ros2_PX4_gz/SwarmZ_ROS2/install/swarmz_control_py/lib'
[2.791s] Level 1:colcon.colcon_core.environment:checking '/home/user_adm/ros2_PX4_gz/SwarmZ_ROS2/install/swarmz_control_py/bin'
[2.792s] Level 1:colcon.colcon_core.environment:checking '/home/user_adm/ros2_PX4_gz/SwarmZ_ROS2/install/swarmz_control_py/lib/pkgconfig/swarmz_control_py.pc'
[2.792s] Level 1:colcon.colcon_core.environment:checking '/home/user_adm/ros2_PX4_gz/SwarmZ_ROS2/install/swarmz_control_py/lib/python3.10/site-packages'
[2.792s] Level 1:colcon.colcon_core.shell:create_environment_hook('swarmz_control_py', 'pythonpath')
[2.804s] INFO:colcon.colcon_core.shell:Creating environment hook '/home/user_adm/ros2_PX4_gz/SwarmZ_ROS2/install/swarmz_control_py/share/swarmz_control_py/hook/pythonpath.ps1'
[2.804s] INFO:colcon.colcon_core.shell:Creating environment descriptor '/home/user_adm/ros2_PX4_gz/SwarmZ_ROS2/install/swarmz_control_py/share/swarmz_control_py/hook/pythonpath.dsv'
[2.805s] INFO:colcon.colcon_core.shell:Creating environment hook '/home/user_adm/ros2_PX4_gz/SwarmZ_ROS2/install/swarmz_control_py/share/swarmz_control_py/hook/pythonpath.sh'
[2.805s] Level 1:colcon.colcon_core.environment:checking '/home/user_adm/ros2_PX4_gz/SwarmZ_ROS2/install/swarmz_control_py/bin'
[2.805s] Level 1:colcon.colcon_core.environment:create_environment_scripts_only(swarmz_control_py)
[2.819s] INFO:colcon.colcon_core.shell:Creating package script '/home/user_adm/ros2_PX4_gz/SwarmZ_ROS2/install/swarmz_control_py/share/swarmz_control_py/package.ps1'
[2.820s] INFO:colcon.colcon_core.shell:Creating package descriptor '/home/user_adm/ros2_PX4_gz/SwarmZ_ROS2/install/swarmz_control_py/share/swarmz_control_py/package.dsv'
[2.820s] INFO:colcon.colcon_core.shell:Creating package script '/home/user_adm/ros2_PX4_gz/SwarmZ_ROS2/install/swarmz_control_py/share/swarmz_control_py/package.sh'
[2.820s] INFO:colcon.colcon_core.shell:Creating package script '/home/user_adm/ros2_PX4_gz/SwarmZ_ROS2/install/swarmz_control_py/share/swarmz_control_py/package.bash'
[2.820s] INFO:colcon.colcon_core.shell:Creating package script '/home/user_adm/ros2_PX4_gz/SwarmZ_ROS2/install/swarmz_control_py/share/swarmz_control_py/package.zsh'
[2.821s] Level 1:colcon.colcon_core.environment:create_file_with_runtime_dependencies(/home/user_adm/ros2_PX4_gz/SwarmZ_ROS2/install/swarmz_control_py/share/colcon-core/packages/swarmz_control_py)
[5.081s] DEBUG:colcon.colcon_core.event_handler.log_command:Invoking command in '/home/user_adm/ros2_PX4_gz/SwarmZ_ROS2/build/px4_msgs': CMAKE_PREFIX_PATH=${CMAKE_PREFIX_PATH}:/home/user_adm/ros2_PX4_gz/SwarmZ_ROS2/install/swarmz_control_py:/home/user_adm/ros2_PX4_gz/SwarmZ_ROS2/install/px4_velocity_control:/home/user_adm/ros2_PX4_gz/SwarmZ_ROS2/install/acoustics_simulation_py:/opt/ros/humble /usr/bin/cmake --install /home/user_adm/ros2_PX4_gz/SwarmZ_ROS2/build/px4_msgs
[5.293s] Level 1:colcon.colcon_core.environment:create_environment_scripts_only(px4_msgs)
[5.294s] DEBUG:colcon.colcon_core.event_handler.log_command:Invoked command in '/home/user_adm/ros2_PX4_gz/SwarmZ_ROS2/build/px4_msgs' returned '0': CMAKE_PREFIX_PATH=${CMAKE_PREFIX_PATH}:/home/user_adm/ros2_PX4_gz/SwarmZ_ROS2/install/swarmz_control_py:/home/user_adm/ros2_PX4_gz/SwarmZ_ROS2/install/px4_velocity_control:/home/user_adm/ros2_PX4_gz/SwarmZ_ROS2/install/acoustics_simulation_py:/opt/ros/humble /usr/bin/cmake --install /home/user_adm/ros2_PX4_gz/SwarmZ_ROS2/build/px4_msgs
[5.306s] Level 1:colcon.colcon_core.environment:checking '/home/user_adm/ros2_PX4_gz/SwarmZ_ROS2/install/px4_msgs' for CMake module files
[5.306s] Level 1:colcon.colcon_core.environment:checking '/home/user_adm/ros2_PX4_gz/SwarmZ_ROS2/install/px4_msgs' for CMake config files
[5.307s] Level 1:colcon.colcon_core.shell:create_environment_hook('px4_msgs', 'cmake_prefix_path')
[5.321s] INFO:colcon.colcon_core.shell:Creating environment hook '/home/user_adm/ros2_PX4_gz/SwarmZ_ROS2/install/px4_msgs/share/px4_msgs/hook/cmake_prefix_path.ps1'
[5.321s] INFO:colcon.colcon_core.shell:Creating environment descriptor '/home/user_adm/ros2_PX4_gz/SwarmZ_ROS2/install/px4_msgs/share/px4_msgs/hook/cmake_prefix_path.dsv'
[5.321s] INFO:colcon.colcon_core.shell:Creating environment hook '/home/user_adm/ros2_PX4_gz/SwarmZ_ROS2/install/px4_msgs/share/px4_msgs/hook/cmake_prefix_path.sh'
[5.322s] Level 1:colcon.colcon_core.environment:checking '/home/user_adm/ros2_PX4_gz/SwarmZ_ROS2/install/px4_msgs/lib'
[5.322s] Level 1:colcon.colcon_core.shell:create_environment_hook('px4_msgs', 'ld_library_path_lib')
[5.334s] INFO:colcon.colcon_core.shell:Creating environment hook '/home/user_adm/ros2_PX4_gz/SwarmZ_ROS2/install/px4_msgs/share/px4_msgs/hook/ld_library_path_lib.ps1'
[5.334s] INFO:colcon.colcon_core.shell:Creating environment descriptor '/home/user_adm/ros2_PX4_gz/SwarmZ_ROS2/install/px4_msgs/share/px4_msgs/hook/ld_library_path_lib.dsv'
[5.335s] INFO:colcon.colcon_core.shell:Creating environment hook '/home/user_adm/ros2_PX4_gz/SwarmZ_ROS2/install/px4_msgs/share/px4_msgs/hook/ld_library_path_lib.sh'
[5.335s] Level 1:colcon.colcon_core.environment:checking '/home/user_adm/ros2_PX4_gz/SwarmZ_ROS2/install/px4_msgs/bin'
[5.335s] Level 1:colcon.colcon_core.environment:checking '/home/user_adm/ros2_PX4_gz/SwarmZ_ROS2/install/px4_msgs/lib/pkgconfig/px4_msgs.pc'
[5.335s] Level 1:colcon.colcon_core.environment:checking '/home/user_adm/ros2_PX4_gz/SwarmZ_ROS2/install/px4_msgs/lib/python3.10/site-packages'
[5.335s] Level 1:colcon.colcon_core.environment:checking '/home/user_adm/ros2_PX4_gz/SwarmZ_ROS2/install/px4_msgs/bin'
[5.348s] INFO:colcon.colcon_core.shell:Creating package script '/home/user_adm/ros2_PX4_gz/SwarmZ_ROS2/install/px4_msgs/share/px4_msgs/package.ps1'
[5.348s] INFO:colcon.colcon_core.shell:Creating package descriptor '/home/user_adm/ros2_PX4_gz/SwarmZ_ROS2/install/px4_msgs/share/px4_msgs/package.dsv'
[5.349s] INFO:colcon.colcon_core.shell:Creating package script '/home/user_adm/ros2_PX4_gz/SwarmZ_ROS2/install/px4_msgs/share/px4_msgs/package.sh'
[5.349s] INFO:colcon.colcon_core.shell:Creating package script '/home/user_adm/ros2_PX4_gz/SwarmZ_ROS2/install/px4_msgs/share/px4_msgs/package.bash'
[5.349s] INFO:colcon.colcon_core.shell:Creating package script '/home/user_adm/ros2_PX4_gz/SwarmZ_ROS2/install/px4_msgs/share/px4_msgs/package.zsh'
[5.349s] Level 1:colcon.colcon_core.environment:create_file_with_runtime_dependencies(/home/user_adm/ros2_PX4_gz/SwarmZ_ROS2/install/px4_msgs/share/colcon-core/packages/px4_msgs)
[8.256s] Level 1:colcon.colcon_core.environment:create_environment_scripts_only(px4_msgs)
[8.267s] Level 1:colcon.colcon_core.environment:checking '/home/user_adm/ros2_PX4_gz/SwarmZ_ROS2/install/px4_msgs' for CMake module files
[8.268s] Level 1:colcon.colcon_core.environment:checking '/home/user_adm/ros2_PX4_gz/SwarmZ_ROS2/install/px4_msgs' for CMake config files
[8.268s] Level 1:colcon.colcon_core.shell:create_environment_hook('px4_msgs', 'cmake_prefix_path')
[8.279s] INFO:colcon.colcon_core.shell:Creating environment hook '/home/user_adm/ros2_PX4_gz/SwarmZ_ROS2/install/px4_msgs/share/px4_msgs/hook/cmake_prefix_path.ps1'
[8.280s] INFO:colcon.colcon_core.shell:Creating environment descriptor '/home/user_adm/ros2_PX4_gz/SwarmZ_ROS2/install/px4_msgs/share/px4_msgs/hook/cmake_prefix_path.dsv'
[8.280s] INFO:colcon.colcon_core.shell:Creating environment hook '/home/user_adm/ros2_PX4_gz/SwarmZ_ROS2/install/px4_msgs/share/px4_msgs/hook/cmake_prefix_path.sh'
[8.280s] Level 1:colcon.colcon_core.environment:checking '/home/user_adm/ros2_PX4_gz/SwarmZ_ROS2/install/px4_msgs/lib'
[8.280s] Level 1:colcon.colcon_core.shell:create_environment_hook('px4_msgs', 'ld_library_path_lib')
[8.294s] INFO:colcon.colcon_core.shell:Creating environment hook '/home/user_adm/ros2_PX4_gz/SwarmZ_ROS2/install/px4_msgs/share/px4_msgs/hook/ld_library_path_lib.ps1'
[8.295s] INFO:colcon.colcon_core.shell:Creating environment descriptor '/home/user_adm/ros2_PX4_gz/SwarmZ_ROS2/install/px4_msgs/share/px4_msgs/hook/ld_library_path_lib.dsv'
[8.295s] INFO:colcon.colcon_core.shell:Creating environment hook '/home/user_adm/ros2_PX4_gz/SwarmZ_ROS2/install/px4_msgs/share/px4_msgs/hook/ld_library_path_lib.sh'
[8.296s] Level 1:colcon.colcon_core.environment:checking '/home/user_adm/ros2_PX4_gz/SwarmZ_ROS2/install/px4_msgs/bin'
[8.296s] Level 1:colcon.colcon_core.environment:checking '/home/user_adm/ros2_PX4_gz/SwarmZ_ROS2/install/px4_msgs/lib/pkgconfig/px4_msgs.pc'
[8.297s] Level 1:colcon.colcon_core.environment:checking '/home/user_adm/ros2_PX4_gz/SwarmZ_ROS2/install/px4_msgs/lib/python3.10/site-packages'
[8.297s] Level 1:colcon.colcon_core.environment:checking '/home/user_adm/ros2_PX4_gz/SwarmZ_ROS2/install/px4_msgs/bin'
[8.309s] INFO:colcon.colcon_core.shell:Creating package script '/home/user_adm/ros2_PX4_gz/SwarmZ_ROS2/install/px4_msgs/share/px4_msgs/package.ps1'
[8.310s] INFO:colcon.colcon_core.shell:Creating package descriptor '/home/user_adm/ros2_PX4_gz/SwarmZ_ROS2/install/px4_msgs/share/px4_msgs/package.dsv'
[8.310s] INFO:colcon.colcon_core.shell:Creating package script '/home/user_adm/ros2_PX4_gz/SwarmZ_ROS2/install/px4_msgs/share/px4_msgs/package.sh'
[8.311s] INFO:colcon.colcon_core.shell:Creating package script '/home/user_adm/ros2_PX4_gz/SwarmZ_ROS2/install/px4_msgs/share/px4_msgs/package.bash'
[8.311s] INFO:colcon.colcon_core.shell:Creating package script '/home/user_adm/ros2_PX4_gz/SwarmZ_ROS2/install/px4_msgs/share/px4_msgs/package.zsh'
[8.311s] Level 1:colcon.colcon_core.environment:create_file_with_runtime_dependencies(/home/user_adm/ros2_PX4_gz/SwarmZ_ROS2/install/px4_msgs/share/colcon-core/packages/px4_msgs)
[8.312s] INFO:colcon.colcon_ros.task.ament_cmake.build:Building ROS package in '/home/user_adm/ros2_PX4_gz/SwarmZ_ROS2/src/acoustics_simulation_cpp' with build type 'ament_cmake'
[8.312s] INFO:colcon.colcon_cmake.task.cmake.build:Building CMake package in '/home/user_adm/ros2_PX4_gz/SwarmZ_ROS2/src/acoustics_simulation_cpp'
[8.329s] INFO:colcon.colcon_core.shell:Skip shell extension 'powershell' for command environment: Not usable outside of PowerShell
[8.329s] DEBUG:colcon.colcon_core.shell:Skip shell extension 'dsv' for command environment
[8.377s] INFO:colcon.colcon_ros.task.ament_cmake.build:Building ROS package in '/home/user_adm/ros2_PX4_gz/SwarmZ_ROS2/src/offboard_control_cpp' with build type 'ament_cmake'
[8.377s] INFO:colcon.colcon_cmake.task.cmake.build:Building CMake package in '/home/user_adm/ros2_PX4_gz/SwarmZ_ROS2/src/offboard_control_cpp'
[8.389s] INFO:colcon.colcon_core.shell:Skip shell extension 'powershell' for command environment: Not usable outside of PowerShell
[8.389s] DEBUG:colcon.colcon_core.shell:Skip shell extension 'dsv' for command environment
[8.430s] INFO:colcon.colcon_ros.task.ament_cmake.build:Building ROS package in '/home/user_adm/ros2_PX4_gz/SwarmZ_ROS2/src/px4_ros_com' with build type 'ament_cmake'
[8.430s] INFO:colcon.colcon_cmake.task.cmake.build:Building CMake package in '/home/user_adm/ros2_PX4_gz/SwarmZ_ROS2/src/px4_ros_com'
[8.443s] INFO:colcon.colcon_core.shell:Skip shell extension 'powershell' for command environment: Not usable outside of PowerShell
[8.443s] DEBUG:colcon.colcon_core.shell:Skip shell extension 'dsv' for command environment
[8.481s] INFO:colcon.colcon_ros.task.ament_python.build:Building ROS package in '/home/user_adm/ros2_PX4_gz/SwarmZ_ROS2/src/ROS2_PX4_Velocity_Control/px4_velocity_control' with build type 'ament_python'
[8.481s] Level 1:colcon.colcon_core.shell:create_environment_hook('px4_velocity_control', 'ament_prefix_path')
[8.495s] INFO:colcon.colcon_core.shell:Creating environment hook '/home/user_adm/ros2_PX4_gz/SwarmZ_ROS2/install/px4_velocity_control/share/px4_velocity_control/hook/ament_prefix_path.ps1'
[8.496s] INFO:colcon.colcon_core.shell:Creating environment descriptor '/home/user_adm/ros2_PX4_gz/SwarmZ_ROS2/install/px4_velocity_control/share/px4_velocity_control/hook/ament_prefix_path.dsv'
[8.496s] INFO:colcon.colcon_core.shell:Creating environment hook '/home/user_adm/ros2_PX4_gz/SwarmZ_ROS2/install/px4_velocity_control/share/px4_velocity_control/hook/ament_prefix_path.sh'
[8.508s] INFO:colcon.colcon_core.shell:Skip shell extension 'powershell' for command environment: Not usable outside of PowerShell
[8.508s] DEBUG:colcon.colcon_core.shell:Skip shell extension 'dsv' for command environment
[8.550s] DEBUG:colcon.colcon_core.event_handler.log_command:Invoking command in '/home/user_adm/ros2_PX4_gz/SwarmZ_ROS2/build/acoustics_simulation_cpp': CMAKE_PREFIX_PATH=/home/user_adm/ros2_PX4_gz/SwarmZ_ROS2/install/px4_msgs:/home/user_adm/ros2_PX4_gz/SwarmZ_ROS2/install/px4_ros_com:/home/user_adm/ros2_PX4_gz/SwarmZ_ROS2/install/offboard_control_cpp:/home/user_adm/ros2_PX4_gz/SwarmZ_ROS2/install/acoustics_simulation_cpp:/home/user_adm/ros2_PX4_gz/SwarmZ_ROS2/install/swarmz_control_py:/home/user_adm/ros2_PX4_gz/SwarmZ_ROS2/install/px4_velocity_control:/home/user_adm/ros2_PX4_gz/SwarmZ_ROS2/install/acoustics_simulation_py:/opt/ros/humble LD_LIBRARY_PATH=/home/user_adm/ros2_PX4_gz/SwarmZ_ROS2/install/px4_msgs/lib:/home/user_adm/ros2_PX4_gz/SwarmZ_ROS2/install/px4_ros_com/lib:/opt/ros/humble/opt/rviz_ogre_vendor/lib:/opt/ros/humble/lib/x86_64-linux-gnu:/opt/ros/humble/lib /usr/bin/cmake --build /home/user_adm/ros2_PX4_gz/SwarmZ_ROS2/build/acoustics_simulation_cpp -- -j8 -l8
[8.552s] DEBUG:colcon.colcon_core.event_handler.log_command:Invoking command in '/home/user_adm/ros2_PX4_gz/SwarmZ_ROS2/build/offboard_control_cpp': CMAKE_PREFIX_PATH=/home/user_adm/ros2_PX4_gz/SwarmZ_ROS2/install/px4_msgs:/home/user_adm/ros2_PX4_gz/SwarmZ_ROS2/install/px4_ros_com:/home/user_adm/ros2_PX4_gz/SwarmZ_ROS2/install/offboard_control_cpp:/home/user_adm/ros2_PX4_gz/SwarmZ_ROS2/install/acoustics_simulation_cpp:/home/user_adm/ros2_PX4_gz/SwarmZ_ROS2/install/swarmz_control_py:/home/user_adm/ros2_PX4_gz/SwarmZ_ROS2/install/px4_velocity_control:/home/user_adm/ros2_PX4_gz/SwarmZ_ROS2/install/acoustics_simulation_py:/opt/ros/humble LD_LIBRARY_PATH=/home/user_adm/ros2_PX4_gz/SwarmZ_ROS2/install/px4_msgs/lib:/home/user_adm/ros2_PX4_gz/SwarmZ_ROS2/install/px4_ros_com/lib:/opt/ros/humble/opt/rviz_ogre_vendor/lib:/opt/ros/humble/lib/x86_64-linux-gnu:/opt/ros/humble/lib /usr/bin/cmake --build /home/user_adm/ros2_PX4_gz/SwarmZ_ROS2/build/offboard_control_cpp -- -j8 -l8
[8.555s] DEBUG:colcon.colcon_core.event_handler.log_command:Invoking command in '/home/user_adm/ros2_PX4_gz/SwarmZ_ROS2/build/px4_ros_com': CMAKE_PREFIX_PATH=/home/user_adm/ros2_PX4_gz/SwarmZ_ROS2/install/px4_msgs:/home/user_adm/ros2_PX4_gz/SwarmZ_ROS2/install/px4_ros_com:/home/user_adm/ros2_PX4_gz/SwarmZ_ROS2/install/offboard_control_cpp:/home/user_adm/ros2_PX4_gz/SwarmZ_ROS2/install/acoustics_simulation_cpp:/home/user_adm/ros2_PX4_gz/SwarmZ_ROS2/install/swarmz_control_py:/home/user_adm/ros2_PX4_gz/SwarmZ_ROS2/install/px4_velocity_control:/home/user_adm/ros2_PX4_gz/SwarmZ_ROS2/install/acoustics_simulation_py:/opt/ros/humble LD_LIBRARY_PATH=/home/user_adm/ros2_PX4_gz/SwarmZ_ROS2/install/px4_msgs/lib:/home/user_adm/ros2_PX4_gz/SwarmZ_ROS2/install/px4_ros_com/lib:/opt/ros/humble/opt/rviz_ogre_vendor/lib:/opt/ros/humble/lib/x86_64-linux-gnu:/opt/ros/humble/lib /usr/bin/cmake --build /home/user_adm/ros2_PX4_gz/SwarmZ_ROS2/build/px4_ros_com -- -j8 -l8
[8.807s] INFO:colcon.colcon_core.task.python.build:Building Python package in '/home/user_adm/ros2_PX4_gz/SwarmZ_ROS2/src/ROS2_PX4_Velocity_Control/px4_velocity_control'
[8.819s] INFO:colcon.colcon_core.shell:Skip shell extension 'powershell' for command environment: Not usable outside of PowerShell
[8.819s] DEBUG:colcon.colcon_core.shell:Skip shell extension 'dsv' for command environment
[8.856s] DEBUG:colcon.colcon_core.event_handler.log_command:Invoked command in '/home/user_adm/ros2_PX4_gz/SwarmZ_ROS2/build/acoustics_simulation_cpp' returned '0': CMAKE_PREFIX_PATH=/home/user_adm/ros2_PX4_gz/SwarmZ_ROS2/install/px4_msgs:/home/user_adm/ros2_PX4_gz/SwarmZ_ROS2/install/px4_ros_com:/home/user_adm/ros2_PX4_gz/SwarmZ_ROS2/install/offboard_control_cpp:/home/user_adm/ros2_PX4_gz/SwarmZ_ROS2/install/acoustics_simulation_cpp:/home/user_adm/ros2_PX4_gz/SwarmZ_ROS2/install/swarmz_control_py:/home/user_adm/ros2_PX4_gz/SwarmZ_ROS2/install/px4_velocity_control:/home/user_adm/ros2_PX4_gz/SwarmZ_ROS2/install/acoustics_simulation_py:/opt/ros/humble LD_LIBRARY_PATH=/home/user_adm/ros2_PX4_gz/SwarmZ_ROS2/install/px4_msgs/lib:/home/user_adm/ros2_PX4_gz/SwarmZ_ROS2/install/px4_ros_com/lib:/opt/ros/humble/opt/rviz_ogre_vendor/lib:/opt/ros/humble/lib/x86_64-linux-gnu:/opt/ros/humble/lib /usr/bin/cmake --build /home/user_adm/ros2_PX4_gz/SwarmZ_ROS2/build/acoustics_simulation_cpp -- -j8 -l8
[8.857s] DEBUG:colcon.colcon_core.event_handler.log_command:Invoked command in '/home/user_adm/ros2_PX4_gz/SwarmZ_ROS2/build/offboard_control_cpp' returned '0': CMAKE_PREFIX_PATH=/home/user_adm/ros2_PX4_gz/SwarmZ_ROS2/install/px4_msgs:/home/user_adm/ros2_PX4_gz/SwarmZ_ROS2/install/px4_ros_com:/home/user_adm/ros2_PX4_gz/SwarmZ_ROS2/install/offboard_control_cpp:/home/user_adm/ros2_PX4_gz/SwarmZ_ROS2/install/acoustics_simulation_cpp:/home/user_adm/ros2_PX4_gz/SwarmZ_ROS2/install/swarmz_control_py:/home/user_adm/ros2_PX4_gz/SwarmZ_ROS2/install/px4_velocity_control:/home/user_adm/ros2_PX4_gz/SwarmZ_ROS2/install/acoustics_simulation_py:/opt/ros/humble LD_LIBRARY_PATH=/home/user_adm/ros2_PX4_gz/SwarmZ_ROS2/install/px4_msgs/lib:/home/user_adm/ros2_PX4_gz/SwarmZ_ROS2/install/px4_ros_com/lib:/opt/ros/humble/opt/rviz_ogre_vendor/lib:/opt/ros/humble/lib/x86_64-linux-gnu:/opt/ros/humble/lib /usr/bin/cmake --build /home/user_adm/ros2_PX4_gz/SwarmZ_ROS2/build/offboard_control_cpp -- -j8 -l8
[8.858s] DEBUG:colcon.colcon_core.event_handler.log_command:Invoked command in '/home/user_adm/ros2_PX4_gz/SwarmZ_ROS2/build/px4_ros_com' returned '0': CMAKE_PREFIX_PATH=/home/user_adm/ros2_PX4_gz/SwarmZ_ROS2/install/px4_msgs:/home/user_adm/ros2_PX4_gz/SwarmZ_ROS2/install/px4_ros_com:/home/user_adm/ros2_PX4_gz/SwarmZ_ROS2/install/offboard_control_cpp:/home/user_adm/ros2_PX4_gz/SwarmZ_ROS2/install/acoustics_simulation_cpp:/home/user_adm/ros2_PX4_gz/SwarmZ_ROS2/install/swarmz_control_py:/home/user_adm/ros2_PX4_gz/SwarmZ_ROS2/install/px4_velocity_control:/home/user_adm/ros2_PX4_gz/SwarmZ_ROS2/install/acoustics_simulation_py:/opt/ros/humble LD_LIBRARY_PATH=/home/user_adm/ros2_PX4_gz/SwarmZ_ROS2/install/px4_msgs/lib:/home/user_adm/ros2_PX4_gz/SwarmZ_ROS2/install/px4_ros_com/lib:/opt/ros/humble/opt/rviz_ogre_vendor/lib:/opt/ros/humble/lib/x86_64-linux-gnu:/opt/ros/humble/lib /usr/bin/cmake --build /home/user_adm/ros2_PX4_gz/SwarmZ_ROS2/build/px4_ros_com -- -j8 -l8
[8.877s] DEBUG:colcon.colcon_core.event_handler.log_command:Invoking command in '/home/user_adm/ros2_PX4_gz/SwarmZ_ROS2/build/acoustics_simulation_cpp': CMAKE_PREFIX_PATH=/home/user_adm/ros2_PX4_gz/SwarmZ_ROS2/install/px4_msgs:/home/user_adm/ros2_PX4_gz/SwarmZ_ROS2/install/px4_ros_com:/home/user_adm/ros2_PX4_gz/SwarmZ_ROS2/install/offboard_control_cpp:/home/user_adm/ros2_PX4_gz/SwarmZ_ROS2/install/acoustics_simulation_cpp:/home/user_adm/ros2_PX4_gz/SwarmZ_ROS2/install/swarmz_control_py:/home/user_adm/ros2_PX4_gz/SwarmZ_ROS2/install/px4_velocity_control:/home/user_adm/ros2_PX4_gz/SwarmZ_ROS2/install/acoustics_simulation_py:/opt/ros/humble LD_LIBRARY_PATH=/home/user_adm/ros2_PX4_gz/SwarmZ_ROS2/install/px4_msgs/lib:/home/user_adm/ros2_PX4_gz/SwarmZ_ROS2/install/px4_ros_com/lib:/opt/ros/humble/opt/rviz_ogre_vendor/lib:/opt/ros/humble/lib/x86_64-linux-gnu:/opt/ros/humble/lib /usr/bin/cmake --install /home/user_adm/ros2_PX4_gz/SwarmZ_ROS2/build/acoustics_simulation_cpp
[8.879s] DEBUG:colcon.colcon_core.event_handler.log_command:Invoking command in '/home/user_adm/ros2_PX4_gz/SwarmZ_ROS2/build/offboard_control_cpp': CMAKE_PREFIX_PATH=/home/user_adm/ros2_PX4_gz/SwarmZ_ROS2/install/px4_msgs:/home/user_adm/ros2_PX4_gz/SwarmZ_ROS2/install/px4_ros_com:/home/user_adm/ros2_PX4_gz/SwarmZ_ROS2/install/offboard_control_cpp:/home/user_adm/ros2_PX4_gz/SwarmZ_ROS2/install/acoustics_simulation_cpp:/home/user_adm/ros2_PX4_gz/SwarmZ_ROS2/install/swarmz_control_py:/home/user_adm/ros2_PX4_gz/SwarmZ_ROS2/install/px4_velocity_control:/home/user_adm/ros2_PX4_gz/SwarmZ_ROS2/install/acoustics_simulation_py:/opt/ros/humble LD_LIBRARY_PATH=/home/user_adm/ros2_PX4_gz/SwarmZ_ROS2/install/px4_msgs/lib:/home/user_adm/ros2_PX4_gz/SwarmZ_ROS2/install/px4_ros_com/lib:/opt/ros/humble/opt/rviz_ogre_vendor/lib:/opt/ros/humble/lib/x86_64-linux-gnu:/opt/ros/humble/lib /usr/bin/cmake --install /home/user_adm/ros2_PX4_gz/SwarmZ_ROS2/build/offboard_control_cpp
[8.887s] Level 1:colcon.colcon_core.environment:create_environment_scripts_only(acoustics_simulation_cpp)
[8.887s] DEBUG:colcon.colcon_core.event_handler.log_command:Invoked command in '/home/user_adm/ros2_PX4_gz/SwarmZ_ROS2/build/acoustics_simulation_cpp' returned '0': CMAKE_PREFIX_PATH=/home/user_adm/ros2_PX4_gz/SwarmZ_ROS2/install/px4_msgs:/home/user_adm/ros2_PX4_gz/SwarmZ_ROS2/install/px4_ros_com:/home/user_adm/ros2_PX4_gz/SwarmZ_ROS2/install/offboard_control_cpp:/home/user_adm/ros2_PX4_gz/SwarmZ_ROS2/install/acoustics_simulation_cpp:/home/user_adm/ros2_PX4_gz/SwarmZ_ROS2/install/swarmz_control_py:/home/user_adm/ros2_PX4_gz/SwarmZ_ROS2/install/px4_velocity_control:/home/user_adm/ros2_PX4_gz/SwarmZ_ROS2/install/acoustics_simulation_py:/opt/ros/humble LD_LIBRARY_PATH=/home/user_adm/ros2_PX4_gz/SwarmZ_ROS2/install/px4_msgs/lib:/home/user_adm/ros2_PX4_gz/SwarmZ_ROS2/install/px4_ros_com/lib:/opt/ros/humble/opt/rviz_ogre_vendor/lib:/opt/ros/humble/lib/x86_64-linux-gnu:/opt/ros/humble/lib /usr/bin/cmake --install /home/user_adm/ros2_PX4_gz/SwarmZ_ROS2/build/acoustics_simulation_cpp
[8.900s] Level 1:colcon.colcon_core.environment:checking '/home/user_adm/ros2_PX4_gz/SwarmZ_ROS2/install/acoustics_simulation_cpp' for CMake module files
[8.900s] Level 1:colcon.colcon_core.environment:checking '/home/user_adm/ros2_PX4_gz/SwarmZ_ROS2/install/acoustics_simulation_cpp' for CMake config files
[8.900s] Level 1:colcon.colcon_core.shell:create_environment_hook('acoustics_simulation_cpp', 'cmake_prefix_path')
[8.912s] INFO:colcon.colcon_core.shell:Creating environment hook '/home/user_adm/ros2_PX4_gz/SwarmZ_ROS2/install/acoustics_simulation_cpp/share/acoustics_simulation_cpp/hook/cmake_prefix_path.ps1'
[8.913s] INFO:colcon.colcon_core.shell:Creating environment descriptor '/home/user_adm/ros2_PX4_gz/SwarmZ_ROS2/install/acoustics_simulation_cpp/share/acoustics_simulation_cpp/hook/cmake_prefix_path.dsv'
[8.913s] INFO:colcon.colcon_core.shell:Creating environment hook '/home/user_adm/ros2_PX4_gz/SwarmZ_ROS2/install/acoustics_simulation_cpp/share/acoustics_simulation_cpp/hook/cmake_prefix_path.sh'
[8.914s] Level 1:colcon.colcon_core.environment:checking '/home/user_adm/ros2_PX4_gz/SwarmZ_ROS2/install/acoustics_simulation_cpp/lib'
[8.914s] Level 1:colcon.colcon_core.environment:checking '/home/user_adm/ros2_PX4_gz/SwarmZ_ROS2/install/acoustics_simulation_cpp/bin'
[8.914s] Level 1:colcon.colcon_core.environment:checking '/home/user_adm/ros2_PX4_gz/SwarmZ_ROS2/install/acoustics_simulation_cpp/lib/pkgconfig/acoustics_simulation_cpp.pc'
[8.914s] Level 1:colcon.colcon_core.environment:checking '/home/user_adm/ros2_PX4_gz/SwarmZ_ROS2/install/acoustics_simulation_cpp/lib/python3.10/site-packages'
[8.914s] Level 1:colcon.colcon_core.environment:checking '/home/user_adm/ros2_PX4_gz/SwarmZ_ROS2/install/acoustics_simulation_cpp/bin'
[8.929s] INFO:colcon.colcon_core.shell:Creating package script '/home/user_adm/ros2_PX4_gz/SwarmZ_ROS2/install/acoustics_simulation_cpp/share/acoustics_simulation_cpp/package.ps1'
[8.930s] INFO:colcon.colcon_core.shell:Creating package descriptor '/home/user_adm/ros2_PX4_gz/SwarmZ_ROS2/install/acoustics_simulation_cpp/share/acoustics_simulation_cpp/package.dsv'
[8.930s] INFO:colcon.colcon_core.shell:Creating package script '/home/user_adm/ros2_PX4_gz/SwarmZ_ROS2/install/acoustics_simulation_cpp/share/acoustics_simulation_cpp/package.sh'
[8.930s] INFO:colcon.colcon_core.shell:Creating package script '/home/user_adm/ros2_PX4_gz/SwarmZ_ROS2/install/acoustics_simulation_cpp/share/acoustics_simulation_cpp/package.bash'
[8.930s] INFO:colcon.colcon_core.shell:Creating package script '/home/user_adm/ros2_PX4_gz/SwarmZ_ROS2/install/acoustics_simulation_cpp/share/acoustics_simulation_cpp/package.zsh'
[8.931s] Level 1:colcon.colcon_core.environment:create_file_with_runtime_dependencies(/home/user_adm/ros2_PX4_gz/SwarmZ_ROS2/install/acoustics_simulation_cpp/share/colcon-core/packages/acoustics_simulation_cpp)
[8.933s] DEBUG:colcon.colcon_core.event_handler.log_command:Invoking command in '/home/user_adm/ros2_PX4_gz/SwarmZ_ROS2/build/px4_ros_com': CMAKE_PREFIX_PATH=/home/user_adm/ros2_PX4_gz/SwarmZ_ROS2/install/px4_msgs:/home/user_adm/ros2_PX4_gz/SwarmZ_ROS2/install/px4_ros_com:/home/user_adm/ros2_PX4_gz/SwarmZ_ROS2/install/offboard_control_cpp:/home/user_adm/ros2_PX4_gz/SwarmZ_ROS2/install/acoustics_simulation_cpp:/home/user_adm/ros2_PX4_gz/SwarmZ_ROS2/install/swarmz_control_py:/home/user_adm/ros2_PX4_gz/SwarmZ_ROS2/install/px4_velocity_control:/home/user_adm/ros2_PX4_gz/SwarmZ_ROS2/install/acoustics_simulation_py:/opt/ros/humble LD_LIBRARY_PATH=/home/user_adm/ros2_PX4_gz/SwarmZ_ROS2/install/px4_msgs/lib:/home/user_adm/ros2_PX4_gz/SwarmZ_ROS2/install/px4_ros_com/lib:/opt/ros/humble/opt/rviz_ogre_vendor/lib:/opt/ros/humble/lib/x86_64-linux-gnu:/opt/ros/humble/lib /usr/bin/cmake --install /home/user_adm/ros2_PX4_gz/SwarmZ_ROS2/build/px4_ros_com
[8.934s] Level 1:colcon.colcon_core.environment:create_environment_scripts_only(offboard_control_cpp)
[8.934s] DEBUG:colcon.colcon_core.event_handler.log_command:Invoked command in '/home/user_adm/ros2_PX4_gz/SwarmZ_ROS2/build/offboard_control_cpp' returned '0': CMAKE_PREFIX_PATH=/home/user_adm/ros2_PX4_gz/SwarmZ_ROS2/install/px4_msgs:/home/user_adm/ros2_PX4_gz/SwarmZ_ROS2/install/px4_ros_com:/home/user_adm/ros2_PX4_gz/SwarmZ_ROS2/install/offboard_control_cpp:/home/user_adm/ros2_PX4_gz/SwarmZ_ROS2/install/acoustics_simulation_cpp:/home/user_adm/ros2_PX4_gz/SwarmZ_ROS2/install/swarmz_control_py:/home/user_adm/ros2_PX4_gz/SwarmZ_ROS2/install/px4_velocity_control:/home/user_adm/ros2_PX4_gz/SwarmZ_ROS2/install/acoustics_simulation_py:/opt/ros/humble LD_LIBRARY_PATH=/home/user_adm/ros2_PX4_gz/SwarmZ_ROS2/install/px4_msgs/lib:/home/user_adm/ros2_PX4_gz/SwarmZ_ROS2/install/px4_ros_com/lib:/opt/ros/humble/opt/rviz_ogre_vendor/lib:/opt/ros/humble/lib/x86_64-linux-gnu:/opt/ros/humble/lib /usr/bin/cmake --install /home/user_adm/ros2_PX4_gz/SwarmZ_ROS2/build/offboard_control_cpp
[8.950s] Level 1:colcon.colcon_core.environment:checking '/home/user_adm/ros2_PX4_gz/SwarmZ_ROS2/install/offboard_control_cpp' for CMake module files
[8.951s] Level 1:colcon.colcon_core.environment:checking '/home/user_adm/ros2_PX4_gz/SwarmZ_ROS2/install/offboard_control_cpp' for CMake config files
[8.951s] Level 1:colcon.colcon_core.shell:create_environment_hook('offboard_control_cpp', 'cmake_prefix_path')
[8.966s] INFO:colcon.colcon_core.shell:Creating environment hook '/home/user_adm/ros2_PX4_gz/SwarmZ_ROS2/install/offboard_control_cpp/share/offboard_control_cpp/hook/cmake_prefix_path.ps1'
[8.966s] INFO:colcon.colcon_core.shell:Creating environment descriptor '/home/user_adm/ros2_PX4_gz/SwarmZ_ROS2/install/offboard_control_cpp/share/offboard_control_cpp/hook/cmake_prefix_path.dsv'
[8.967s] INFO:colcon.colcon_core.shell:Creating environment hook '/home/user_adm/ros2_PX4_gz/SwarmZ_ROS2/install/offboard_control_cpp/share/offboard_control_cpp/hook/cmake_prefix_path.sh'
[8.967s] Level 1:colcon.colcon_core.environment:checking '/home/user_adm/ros2_PX4_gz/SwarmZ_ROS2/install/offboard_control_cpp/lib'
[8.967s] Level 1:colcon.colcon_core.environment:checking '/home/user_adm/ros2_PX4_gz/SwarmZ_ROS2/install/offboard_control_cpp/bin'
[8.967s] Level 1:colcon.colcon_core.environment:checking '/home/user_adm/ros2_PX4_gz/SwarmZ_ROS2/install/offboard_control_cpp/lib/pkgconfig/offboard_control_cpp.pc'
[8.967s] Level 1:colcon.colcon_core.environment:checking '/home/user_adm/ros2_PX4_gz/SwarmZ_ROS2/install/offboard_control_cpp/lib/python3.10/site-packages'
[8.967s] Level 1:colcon.colcon_core.environment:checking '/home/user_adm/ros2_PX4_gz/SwarmZ_ROS2/install/offboard_control_cpp/bin'
[8.981s] INFO:colcon.colcon_core.shell:Creating package script '/home/user_adm/ros2_PX4_gz/SwarmZ_ROS2/install/offboard_control_cpp/share/offboard_control_cpp/package.ps1'
[8.981s] INFO:colcon.colcon_core.shell:Creating package descriptor '/home/user_adm/ros2_PX4_gz/SwarmZ_ROS2/install/offboard_control_cpp/share/offboard_control_cpp/package.dsv'
[8.982s] INFO:colcon.colcon_core.shell:Creating package script '/home/user_adm/ros2_PX4_gz/SwarmZ_ROS2/install/offboard_control_cpp/share/offboard_control_cpp/package.sh'
[8.982s] INFO:colcon.colcon_core.shell:Creating package script '/home/user_adm/ros2_PX4_gz/SwarmZ_ROS2/install/offboard_control_cpp/share/offboard_control_cpp/package.bash'
[8.982s] INFO:colcon.colcon_core.shell:Creating package script '/home/user_adm/ros2_PX4_gz/SwarmZ_ROS2/install/offboard_control_cpp/share/offboard_control_cpp/package.zsh'
[8.982s] Level 1:colcon.colcon_core.environment:create_file_with_runtime_dependencies(/home/user_adm/ros2_PX4_gz/SwarmZ_ROS2/install/offboard_control_cpp/share/colcon-core/packages/offboard_control_cpp)
[9.000s] Level 1:colcon.colcon_core.environment:create_environment_scripts_only(acoustics_simulation_cpp)
[9.013s] Level 1:colcon.colcon_core.environment:checking '/home/user_adm/ros2_PX4_gz/SwarmZ_ROS2/install/acoustics_simulation_cpp' for CMake module files
[9.013s] Level 1:colcon.colcon_core.environment:checking '/home/user_adm/ros2_PX4_gz/SwarmZ_ROS2/install/acoustics_simulation_cpp' for CMake config files
[9.013s] Level 1:colcon.colcon_core.shell:create_environment_hook('acoustics_simulation_cpp', 'cmake_prefix_path')
[9.027s] INFO:colcon.colcon_core.shell:Creating environment hook '/home/user_adm/ros2_PX4_gz/SwarmZ_ROS2/install/acoustics_simulation_cpp/share/acoustics_simulation_cpp/hook/cmake_prefix_path.ps1'
[9.027s] INFO:colcon.colcon_core.shell:Creating environment descriptor '/home/user_adm/ros2_PX4_gz/SwarmZ_ROS2/install/acoustics_simulation_cpp/share/acoustics_simulation_cpp/hook/cmake_prefix_path.dsv'
[9.028s] INFO:colcon.colcon_core.shell:Creating environment hook '/home/user_adm/ros2_PX4_gz/SwarmZ_ROS2/install/acoustics_simulation_cpp/share/acoustics_simulation_cpp/hook/cmake_prefix_path.sh'
[9.028s] Level 1:colcon.colcon_core.environment:checking '/home/user_adm/ros2_PX4_gz/SwarmZ_ROS2/install/acoustics_simulation_cpp/lib'
[9.028s] Level 1:colcon.colcon_core.environment:checking '/home/user_adm/ros2_PX4_gz/SwarmZ_ROS2/install/acoustics_simulation_cpp/bin'
[9.028s] Level 1:colcon.colcon_core.environment:checking '/home/user_adm/ros2_PX4_gz/SwarmZ_ROS2/install/acoustics_simulation_cpp/lib/pkgconfig/acoustics_simulation_cpp.pc'
[9.028s] Level 1:colcon.colcon_core.environment:checking '/home/user_adm/ros2_PX4_gz/SwarmZ_ROS2/install/acoustics_simulation_cpp/lib/python3.10/site-packages'
[9.028s] Level 1:colcon.colcon_core.environment:checking '/home/user_adm/ros2_PX4_gz/SwarmZ_ROS2/install/acoustics_simulation_cpp/bin'
[9.042s] INFO:colcon.colcon_core.shell:Creating package script '/home/user_adm/ros2_PX4_gz/SwarmZ_ROS2/install/acoustics_simulation_cpp/share/acoustics_simulation_cpp/package.ps1'
[9.042s] INFO:colcon.colcon_core.shell:Creating package descriptor '/home/user_adm/ros2_PX4_gz/SwarmZ_ROS2/install/acoustics_simulation_cpp/share/acoustics_simulation_cpp/package.dsv'
[9.043s] INFO:colcon.colcon_core.shell:Creating package script '/home/user_adm/ros2_PX4_gz/SwarmZ_ROS2/install/acoustics_simulation_cpp/share/acoustics_simulation_cpp/package.sh'
[9.043s] INFO:colcon.colcon_core.shell:Creating package script '/home/user_adm/ros2_PX4_gz/SwarmZ_ROS2/install/acoustics_simulation_cpp/share/acoustics_simulation_cpp/package.bash'
[9.043s] INFO:colcon.colcon_core.shell:Creating package script '/home/user_adm/ros2_PX4_gz/SwarmZ_ROS2/install/acoustics_simulation_cpp/share/acoustics_simulation_cpp/package.zsh'
[9.044s] Level 1:colcon.colcon_core.environment:create_file_with_runtime_dependencies(/home/user_adm/ros2_PX4_gz/SwarmZ_ROS2/install/acoustics_simulation_cpp/share/colcon-core/packages/acoustics_simulation_cpp)
[9.044s] Level 1:colcon.colcon_core.environment:create_environment_scripts_only(px4_ros_com)
[9.045s] DEBUG:colcon.colcon_core.event_handler.log_command:Invoked command in '/home/user_adm/ros2_PX4_gz/SwarmZ_ROS2/build/px4_ros_com' returned '0': CMAKE_PREFIX_PATH=/home/user_adm/ros2_PX4_gz/SwarmZ_ROS2/install/px4_msgs:/home/user_adm/ros2_PX4_gz/SwarmZ_ROS2/install/px4_ros_com:/home/user_adm/ros2_PX4_gz/SwarmZ_ROS2/install/offboard_control_cpp:/home/user_adm/ros2_PX4_gz/SwarmZ_ROS2/install/acoustics_simulation_cpp:/home/user_adm/ros2_PX4_gz/SwarmZ_ROS2/install/swarmz_control_py:/home/user_adm/ros2_PX4_gz/SwarmZ_ROS2/install/px4_velocity_control:/home/user_adm/ros2_PX4_gz/SwarmZ_ROS2/install/acoustics_simulation_py:/opt/ros/humble LD_LIBRARY_PATH=/home/user_adm/ros2_PX4_gz/SwarmZ_ROS2/install/px4_msgs/lib:/home/user_adm/ros2_PX4_gz/SwarmZ_ROS2/install/px4_ros_com/lib:/opt/ros/humble/opt/rviz_ogre_vendor/lib:/opt/ros/humble/lib/x86_64-linux-gnu:/opt/ros/humble/lib /usr/bin/cmake --install /home/user_adm/ros2_PX4_gz/SwarmZ_ROS2/build/px4_ros_com
[9.063s] Level 1:colcon.colcon_core.environment:checking '/home/user_adm/ros2_PX4_gz/SwarmZ_ROS2/install/px4_ros_com' for CMake module files
[9.064s] Level 1:colcon.colcon_core.environment:checking '/home/user_adm/ros2_PX4_gz/SwarmZ_ROS2/install/px4_ros_com' for CMake config files
[9.064s] Level 1:colcon.colcon_core.shell:create_environment_hook('px4_ros_com', 'cmake_prefix_path')
[9.076s] INFO:colcon.colcon_core.shell:Creating environment hook '/home/user_adm/ros2_PX4_gz/SwarmZ_ROS2/install/px4_ros_com/share/px4_ros_com/hook/cmake_prefix_path.ps1'
[9.076s] INFO:colcon.colcon_core.shell:Creating environment descriptor '/home/user_adm/ros2_PX4_gz/SwarmZ_ROS2/install/px4_ros_com/share/px4_ros_com/hook/cmake_prefix_path.dsv'
[9.077s] INFO:colcon.colcon_core.shell:Creating environment hook '/home/user_adm/ros2_PX4_gz/SwarmZ_ROS2/install/px4_ros_com/share/px4_ros_com/hook/cmake_prefix_path.sh'
[9.077s] Level 1:colcon.colcon_core.environment:checking '/home/user_adm/ros2_PX4_gz/SwarmZ_ROS2/install/px4_ros_com/lib'
[9.077s] Level 1:colcon.colcon_core.shell:create_environment_hook('px4_ros_com', 'ld_library_path_lib')
[9.090s] INFO:colcon.colcon_core.shell:Creating environment hook '/home/user_adm/ros2_PX4_gz/SwarmZ_ROS2/install/px4_ros_com/share/px4_ros_com/hook/ld_library_path_lib.ps1'
[9.090s] INFO:colcon.colcon_core.shell:Creating environment descriptor '/home/user_adm/ros2_PX4_gz/SwarmZ_ROS2/install/px4_ros_com/share/px4_ros_com/hook/ld_library_path_lib.dsv'
[9.091s] INFO:colcon.colcon_core.shell:Creating environment hook '/home/user_adm/ros2_PX4_gz/SwarmZ_ROS2/install/px4_ros_com/share/px4_ros_com/hook/ld_library_path_lib.sh'
[9.091s] Level 1:colcon.colcon_core.environment:checking '/home/user_adm/ros2_PX4_gz/SwarmZ_ROS2/install/px4_ros_com/bin'
[9.091s] Level 1:colcon.colcon_core.environment:checking '/home/user_adm/ros2_PX4_gz/SwarmZ_ROS2/install/px4_ros_com/lib/pkgconfig/px4_ros_com.pc'
[9.091s] Level 1:colcon.colcon_core.environment:checking '/home/user_adm/ros2_PX4_gz/SwarmZ_ROS2/install/px4_ros_com/lib/python3.10/site-packages'
[9.091s] Level 1:colcon.colcon_core.environment:checking '/home/user_adm/ros2_PX4_gz/SwarmZ_ROS2/install/px4_ros_com/bin'
[9.105s] INFO:colcon.colcon_core.shell:Creating package script '/home/user_adm/ros2_PX4_gz/SwarmZ_ROS2/install/px4_ros_com/share/px4_ros_com/package.ps1'
[9.106s] INFO:colcon.colcon_core.shell:Creating package descriptor '/home/user_adm/ros2_PX4_gz/SwarmZ_ROS2/install/px4_ros_com/share/px4_ros_com/package.dsv'
[9.107s] INFO:colcon.colcon_core.shell:Creating package script '/home/user_adm/ros2_PX4_gz/SwarmZ_ROS2/install/px4_ros_com/share/px4_ros_com/package.sh'
[9.107s] INFO:colcon.colcon_core.shell:Creating package script '/home/user_adm/ros2_PX4_gz/SwarmZ_ROS2/install/px4_ros_com/share/px4_ros_com/package.bash'
[9.107s] INFO:colcon.colcon_core.shell:Creating package script '/home/user_adm/ros2_PX4_gz/SwarmZ_ROS2/install/px4_ros_com/share/px4_ros_com/package.zsh'
[9.107s] Level 1:colcon.colcon_core.environment:create_file_with_runtime_dependencies(/home/user_adm/ros2_PX4_gz/SwarmZ_ROS2/install/px4_ros_com/share/colcon-core/packages/px4_ros_com)
[9.125s] Level 1:colcon.colcon_core.environment:create_environment_scripts_only(offboard_control_cpp)
[9.140s] Level 1:colcon.colcon_core.environment:checking '/home/user_adm/ros2_PX4_gz/SwarmZ_ROS2/install/offboard_control_cpp' for CMake module files
[9.141s] Level 1:colcon.colcon_core.environment:checking '/home/user_adm/ros2_PX4_gz/SwarmZ_ROS2/install/offboard_control_cpp' for CMake config files
[9.141s] Level 1:colcon.colcon_core.shell:create_environment_hook('offboard_control_cpp', 'cmake_prefix_path')
[9.155s] INFO:colcon.colcon_core.shell:Creating environment hook '/home/user_adm/ros2_PX4_gz/SwarmZ_ROS2/install/offboard_control_cpp/share/offboard_control_cpp/hook/cmake_prefix_path.ps1'
[9.156s] INFO:colcon.colcon_core.shell:Creating environment descriptor '/home/user_adm/ros2_PX4_gz/SwarmZ_ROS2/install/offboard_control_cpp/share/offboard_control_cpp/hook/cmake_prefix_path.dsv'
[9.156s] INFO:colcon.colcon_core.shell:Creating environment hook '/home/user_adm/ros2_PX4_gz/SwarmZ_ROS2/install/offboard_control_cpp/share/offboard_control_cpp/hook/cmake_prefix_path.sh'
[9.157s] Level 1:colcon.colcon_core.environment:checking '/home/user_adm/ros2_PX4_gz/SwarmZ_ROS2/install/offboard_control_cpp/lib'
[9.157s] Level 1:colcon.colcon_core.environment:checking '/home/user_adm/ros2_PX4_gz/SwarmZ_ROS2/install/offboard_control_cpp/bin'
[9.157s] Level 1:colcon.colcon_core.environment:checking '/home/user_adm/ros2_PX4_gz/SwarmZ_ROS2/install/offboard_control_cpp/lib/pkgconfig/offboard_control_cpp.pc'
[9.157s] Level 1:colcon.colcon_core.environment:checking '/home/user_adm/ros2_PX4_gz/SwarmZ_ROS2/install/offboard_control_cpp/lib/python3.10/site-packages'
[9.157s] Level 1:colcon.colcon_core.environment:checking '/home/user_adm/ros2_PX4_gz/SwarmZ_ROS2/install/offboard_control_cpp/bin'
[9.173s] INFO:colcon.colcon_core.shell:Creating package script '/home/user_adm/ros2_PX4_gz/SwarmZ_ROS2/install/offboard_control_cpp/share/offboard_control_cpp/package.ps1'
[9.173s] INFO:colcon.colcon_core.shell:Creating package descriptor '/home/user_adm/ros2_PX4_gz/SwarmZ_ROS2/install/offboard_control_cpp/share/offboard_control_cpp/package.dsv'
[9.175s] INFO:colcon.colcon_core.shell:Creating package script '/home/user_adm/ros2_PX4_gz/SwarmZ_ROS2/install/offboard_control_cpp/share/offboard_control_cpp/package.sh'
[9.176s] INFO:colcon.colcon_core.shell:Creating package script '/home/user_adm/ros2_PX4_gz/SwarmZ_ROS2/install/offboard_control_cpp/share/offboard_control_cpp/package.bash'
[9.176s] INFO:colcon.colcon_core.shell:Creating package script '/home/user_adm/ros2_PX4_gz/SwarmZ_ROS2/install/offboard_control_cpp/share/offboard_control_cpp/package.zsh'
[9.176s] Level 1:colcon.colcon_core.environment:create_file_with_runtime_dependencies(/home/user_adm/ros2_PX4_gz/SwarmZ_ROS2/install/offboard_control_cpp/share/colcon-core/packages/offboard_control_cpp)
[9.191s] Level 1:colcon.colcon_core.environment:create_environment_scripts_only(px4_ros_com)
[9.204s] Level 1:colcon.colcon_core.environment:checking '/home/user_adm/ros2_PX4_gz/SwarmZ_ROS2/install/px4_ros_com' for CMake module files
[9.204s] Level 1:colcon.colcon_core.environment:checking '/home/user_adm/ros2_PX4_gz/SwarmZ_ROS2/install/px4_ros_com' for CMake config files
[9.204s] Level 1:colcon.colcon_core.shell:create_environment_hook('px4_ros_com', 'cmake_prefix_path')
[9.217s] INFO:colcon.colcon_core.shell:Creating environment hook '/home/user_adm/ros2_PX4_gz/SwarmZ_ROS2/install/px4_ros_com/share/px4_ros_com/hook/cmake_prefix_path.ps1'
[9.218s] INFO:colcon.colcon_core.shell:Creating environment descriptor '/home/user_adm/ros2_PX4_gz/SwarmZ_ROS2/install/px4_ros_com/share/px4_ros_com/hook/cmake_prefix_path.dsv'
[9.218s] INFO:colcon.colcon_core.shell:Creating environment hook '/home/user_adm/ros2_PX4_gz/SwarmZ_ROS2/install/px4_ros_com/share/px4_ros_com/hook/cmake_prefix_path.sh'
[9.218s] Level 1:colcon.colcon_core.environment:checking '/home/user_adm/ros2_PX4_gz/SwarmZ_ROS2/install/px4_ros_com/lib'
[9.218s] Level 1:colcon.colcon_core.shell:create_environment_hook('px4_ros_com', 'ld_library_path_lib')
[9.232s] INFO:colcon.colcon_core.shell:Creating environment hook '/home/user_adm/ros2_PX4_gz/SwarmZ_ROS2/install/px4_ros_com/share/px4_ros_com/hook/ld_library_path_lib.ps1'
[9.232s] INFO:colcon.colcon_core.shell:Creating environment descriptor '/home/user_adm/ros2_PX4_gz/SwarmZ_ROS2/install/px4_ros_com/share/px4_ros_com/hook/ld_library_path_lib.dsv'
[9.232s] INFO:colcon.colcon_core.shell:Creating environment hook '/home/user_adm/ros2_PX4_gz/SwarmZ_ROS2/install/px4_ros_com/share/px4_ros_com/hook/ld_library_path_lib.sh'
[9.232s] Level 1:colcon.colcon_core.environment:checking '/home/user_adm/ros2_PX4_gz/SwarmZ_ROS2/install/px4_ros_com/bin'
[9.232s] Level 1:colcon.colcon_core.environment:checking '/home/user_adm/ros2_PX4_gz/SwarmZ_ROS2/install/px4_ros_com/lib/pkgconfig/px4_ros_com.pc'
[9.233s] Level 1:colcon.colcon_core.environment:checking '/home/user_adm/ros2_PX4_gz/SwarmZ_ROS2/install/px4_ros_com/lib/python3.10/site-packages'
[9.233s] Level 1:colcon.colcon_core.environment:checking '/home/user_adm/ros2_PX4_gz/SwarmZ_ROS2/install/px4_ros_com/bin'
[9.245s] INFO:colcon.colcon_core.shell:Creating package script '/home/user_adm/ros2_PX4_gz/SwarmZ_ROS2/install/px4_ros_com/share/px4_ros_com/package.ps1'
[9.246s] INFO:colcon.colcon_core.shell:Creating package descriptor '/home/user_adm/ros2_PX4_gz/SwarmZ_ROS2/install/px4_ros_com/share/px4_ros_com/package.dsv'
[9.246s] INFO:colcon.colcon_core.shell:Creating package script '/home/user_adm/ros2_PX4_gz/SwarmZ_ROS2/install/px4_ros_com/share/px4_ros_com/package.sh'
[9.246s] INFO:colcon.colcon_core.shell:Creating package script '/home/user_adm/ros2_PX4_gz/SwarmZ_ROS2/install/px4_ros_com/share/px4_ros_com/package.bash'
[9.247s] INFO:colcon.colcon_core.shell:Creating package script '/home/user_adm/ros2_PX4_gz/SwarmZ_ROS2/install/px4_ros_com/share/px4_ros_com/package.zsh'
[9.247s] Level 1:colcon.colcon_core.environment:create_file_with_runtime_dependencies(/home/user_adm/ros2_PX4_gz/SwarmZ_ROS2/install/px4_ros_com/share/colcon-core/packages/px4_ros_com)
[9.249s] DEBUG:colcon.colcon_core.event_handler.log_command:Invoking command in '/home/user_adm/ros2_PX4_gz/SwarmZ_ROS2/src/ROS2_PX4_Velocity_Control/px4_velocity_control': CMAKE_PREFIX_PATH=/home/user_adm/ros2_PX4_gz/SwarmZ_ROS2/install/px4_msgs:/home/user_adm/ros2_PX4_gz/SwarmZ_ROS2/install/px4_ros_com:/home/user_adm/ros2_PX4_gz/SwarmZ_ROS2/install/offboard_control_cpp:/home/user_adm/ros2_PX4_gz/SwarmZ_ROS2/install/acoustics_simulation_cpp LD_LIBRARY_PATH=/home/user_adm/ros2_PX4_gz/SwarmZ_ROS2/install/px4_msgs/lib:/home/user_adm/ros2_PX4_gz/SwarmZ_ROS2/install/px4_ros_com/lib:/opt/ros/humble/opt/rviz_ogre_vendor/lib:/opt/ros/humble/lib/x86_64-linux-gnu:/opt/ros/humble/lib PYTHONPATH=/home/user_adm/ros2_PX4_gz/SwarmZ_ROS2/build/px4_velocity_control/prefix_override:/home/user_adm/ros2_PX4_gz/SwarmZ_ROS2/install/px4_velocity_control/lib/python3.10/site-packages:${PYTHONPATH} /usr/bin/python3 setup.py egg_info --egg-base ../../../build/px4_velocity_control build --build-base /home/user_adm/ros2_PX4_gz/SwarmZ_ROS2/build/px4_velocity_control/build install --record /home/user_adm/ros2_PX4_gz/SwarmZ_ROS2/build/px4_velocity_control/install.log --single-version-externally-managed
[9.511s] DEBUG:colcon.colcon_core.event_handler.log_command:Invoked command in '/home/user_adm/ros2_PX4_gz/SwarmZ_ROS2/src/ROS2_PX4_Velocity_Control/px4_velocity_control' returned '0': CMAKE_PREFIX_PATH=/home/user_adm/ros2_PX4_gz/SwarmZ_ROS2/install/px4_msgs:/home/user_adm/ros2_PX4_gz/SwarmZ_ROS2/install/px4_ros_com:/home/user_adm/ros2_PX4_gz/SwarmZ_ROS2/install/offboard_control_cpp:/home/user_adm/ros2_PX4_gz/SwarmZ_ROS2/install/acoustics_simulation_cpp LD_LIBRARY_PATH=/home/user_adm/ros2_PX4_gz/SwarmZ_ROS2/install/px4_msgs/lib:/home/user_adm/ros2_PX4_gz/SwarmZ_ROS2/install/px4_ros_com/lib:/opt/ros/humble/opt/rviz_ogre_vendor/lib:/opt/ros/humble/lib/x86_64-linux-gnu:/opt/ros/humble/lib PYTHONPATH=/home/user_adm/ros2_PX4_gz/SwarmZ_ROS2/build/px4_velocity_control/prefix_override:/home/user_adm/ros2_PX4_gz/SwarmZ_ROS2/install/px4_velocity_control/lib/python3.10/site-packages:${PYTHONPATH} /usr/bin/python3 setup.py egg_info --egg-base ../../../build/px4_velocity_control build --build-base /home/user_adm/ros2_PX4_gz/SwarmZ_ROS2/build/px4_velocity_control/build install --record /home/user_adm/ros2_PX4_gz/SwarmZ_ROS2/build/px4_velocity_control/install.log --single-version-externally-managed
[9.523s] Level 1:colcon.colcon_core.environment:checking '/home/user_adm/ros2_PX4_gz/SwarmZ_ROS2/install/px4_velocity_control' for CMake module files
[9.523s] Level 1:colcon.colcon_core.environment:checking '/home/user_adm/ros2_PX4_gz/SwarmZ_ROS2/install/px4_velocity_control' for CMake config files
[9.524s] Level 1:colcon.colcon_core.environment:checking '/home/user_adm/ros2_PX4_gz/SwarmZ_ROS2/install/px4_velocity_control/lib'
[9.524s] Level 1:colcon.colcon_core.environment:checking '/home/user_adm/ros2_PX4_gz/SwarmZ_ROS2/install/px4_velocity_control/bin'
[9.524s] Level 1:colcon.colcon_core.environment:checking '/home/user_adm/ros2_PX4_gz/SwarmZ_ROS2/install/px4_velocity_control/lib/pkgconfig/px4_velocity_control.pc'
[9.524s] Level 1:colcon.colcon_core.environment:checking '/home/user_adm/ros2_PX4_gz/SwarmZ_ROS2/install/px4_velocity_control/lib/python3.10/site-packages'
[9.524s] Level 1:colcon.colcon_core.shell:create_environment_hook('px4_velocity_control', 'pythonpath')
[9.535s] INFO:colcon.colcon_core.shell:Creating environment hook '/home/user_adm/ros2_PX4_gz/SwarmZ_ROS2/install/px4_velocity_control/share/px4_velocity_control/hook/pythonpath.ps1'
[9.536s] INFO:colcon.colcon_core.shell:Creating environment descriptor '/home/user_adm/ros2_PX4_gz/SwarmZ_ROS2/install/px4_velocity_control/share/px4_velocity_control/hook/pythonpath.dsv'
[9.536s] INFO:colcon.colcon_core.shell:Creating environment hook '/home/user_adm/ros2_PX4_gz/SwarmZ_ROS2/install/px4_velocity_control/share/px4_velocity_control/hook/pythonpath.sh'
[9.536s] Level 1:colcon.colcon_core.environment:checking '/home/user_adm/ros2_PX4_gz/SwarmZ_ROS2/install/px4_velocity_control/bin'
[9.537s] Level 1:colcon.colcon_core.environment:create_environment_scripts_only(px4_velocity_control)
[9.547s] INFO:colcon.colcon_core.shell:Creating package script '/home/user_adm/ros2_PX4_gz/SwarmZ_ROS2/install/px4_velocity_control/share/px4_velocity_control/package.ps1'
[9.548s] INFO:colcon.colcon_core.shell:Creating package descriptor '/home/user_adm/ros2_PX4_gz/SwarmZ_ROS2/install/px4_velocity_control/share/px4_velocity_control/package.dsv'
[9.548s] INFO:colcon.colcon_core.shell:Creating package script '/home/user_adm/ros2_PX4_gz/SwarmZ_ROS2/install/px4_velocity_control/share/px4_velocity_control/package.sh'
[9.548s] INFO:colcon.colcon_core.shell:Creating package script '/home/user_adm/ros2_PX4_gz/SwarmZ_ROS2/install/px4_velocity_control/share/px4_velocity_control/package.bash'
[9.548s] INFO:colcon.colcon_core.shell:Creating package script '/home/user_adm/ros2_PX4_gz/SwarmZ_ROS2/install/px4_velocity_control/share/px4_velocity_control/package.zsh'
[9.549s] Level 1:colcon.colcon_core.environment:create_file_with_runtime_dependencies(/home/user_adm/ros2_PX4_gz/SwarmZ_ROS2/install/px4_velocity_control/share/colcon-core/packages/px4_velocity_control)
[9.549s] DEBUG:colcon.colcon_parallel_executor.executor.parallel:closing loop
[9.549s] DEBUG:colcon.colcon_parallel_executor.executor.parallel:loop closed
[9.549s] DEBUG:colcon.colcon_parallel_executor.executor.parallel:run_until_complete finished with '0'
[9.549s] DEBUG:colcon.colcon_core.event_reactor:joining thread
[9.565s] INFO:colcon.colcon_core.plugin_system:Skipping extension 'colcon_notification.desktop_notification.terminal_notifier': Not used on non-Darwin systems
[9.565s] INFO:colcon.colcon_core.plugin_system:Skipping extension 'colcon_notification.desktop_notification.win32': Not used on non-Windows systems
[9.566s] INFO:colcon.colcon_notification.desktop_notification:Sending desktop notification using 'notify2'
[9.575s] DEBUG:colcon.colcon_core.event_reactor:joined thread
[9.595s] INFO:colcon.colcon_core.shell:Creating prefix script '/home/user_adm/ros2_PX4_gz/SwarmZ_ROS2/install/local_setup.ps1'
[9.596s] INFO:colcon.colcon_core.shell:Creating prefix util module '/home/user_adm/ros2_PX4_gz/SwarmZ_ROS2/install/_local_setup_util_ps1.py'
[9.597s] INFO:colcon.colcon_core.shell:Creating prefix chain script '/home/user_adm/ros2_PX4_gz/SwarmZ_ROS2/install/setup.ps1'
[9.610s] INFO:colcon.colcon_core.shell:Creating prefix script '/home/user_adm/ros2_PX4_gz/SwarmZ_ROS2/install/local_setup.sh'
[9.610s] INFO:colcon.colcon_core.shell:Creating prefix util module '/home/user_adm/ros2_PX4_gz/SwarmZ_ROS2/install/_local_setup_util_sh.py'
[9.611s] INFO:colcon.colcon_core.shell:Creating prefix chain script '/home/user_adm/ros2_PX4_gz/SwarmZ_ROS2/install/setup.sh'
[9.624s] INFO:colcon.colcon_core.shell:Creating prefix script '/home/user_adm/ros2_PX4_gz/SwarmZ_ROS2/install/local_setup.bash'
[9.624s] INFO:colcon.colcon_core.shell:Creating prefix chain script '/home/user_adm/ros2_PX4_gz/SwarmZ_ROS2/install/setup.bash'
[9.636s] INFO:colcon.colcon_core.shell:Creating prefix script '/home/user_adm/ros2_PX4_gz/SwarmZ_ROS2/install/local_setup.zsh'
[9.637s] INFO:colcon.colcon_core.shell:Creating prefix chain script '/home/user_adm/ros2_PX4_gz/SwarmZ_ROS2/install/setup.zsh'
