running egg_info
creating ../../../build/px4_velocity_control/px4_velocity_control.egg-info
writing ../../../build/px4_velocity_control/px4_velocity_control.egg-info/PKG-INFO
writing dependency_links to ../../../build/px4_velocity_control/px4_velocity_control.egg-info/dependency_links.txt
writing entry points to ../../../build/px4_velocity_control/px4_velocity_control.egg-info/entry_points.txt
writing requirements to ../../../build/px4_velocity_control/px4_velocity_control.egg-info/requires.txt
writing top-level names to ../../../build/px4_velocity_control/px4_velocity_control.egg-info/top_level.txt
writing manifest file '../../../build/px4_velocity_control/px4_velocity_control.egg-info/SOURCES.txt'
reading manifest file '../../../build/px4_velocity_control/px4_velocity_control.egg-info/SOURCES.txt'
adding license file 'LICENSE'
writing manifest file '../../../build/px4_velocity_control/px4_velocity_control.egg-info/SOURCES.txt'
running build
running build_py
creating /home/user_adm/ros2_PX4_gz/SwarmZ_ROS2/build/px4_velocity_control/build
creating /home/user_adm/ros2_PX4_gz/SwarmZ_ROS2/build/px4_velocity_control/build/lib
creating /home/user_adm/ros2_PX4_gz/SwarmZ_ROS2/build/px4_velocity_control/build/lib/px4_velocity_control
copying px4_velocity_control/__init__.py -> /home/user_adm/ros2_PX4_gz/SwarmZ_ROS2/build/px4_velocity_control/build/lib/px4_velocity_control
copying px4_velocity_control/processes.py -> /home/user_adm/ros2_PX4_gz/SwarmZ_ROS2/build/px4_velocity_control/build/lib/px4_velocity_control
copying px4_velocity_control/visualizer.py -> /home/user_adm/ros2_PX4_gz/SwarmZ_ROS2/build/px4_velocity_control/build/lib/px4_velocity_control
copying px4_velocity_control/velocity_control.py -> /home/user_adm/ros2_PX4_gz/SwarmZ_ROS2/build/px4_velocity_control/build/lib/px4_velocity_control
copying px4_velocity_control/control.py -> /home/user_adm/ros2_PX4_gz/SwarmZ_ROS2/build/px4_velocity_control/build/lib/px4_velocity_control
running install
running install_lib
creating /home/user_adm/ros2_PX4_gz/SwarmZ_ROS2/install/px4_velocity_control/lib/python3.10/site-packages/px4_velocity_control
copying /home/user_adm/ros2_PX4_gz/SwarmZ_ROS2/build/px4_velocity_control/build/lib/px4_velocity_control/__init__.py -> /home/user_adm/ros2_PX4_gz/SwarmZ_ROS2/install/px4_velocity_control/lib/python3.10/site-packages/px4_velocity_control
copying /home/user_adm/ros2_PX4_gz/SwarmZ_ROS2/build/px4_velocity_control/build/lib/px4_velocity_control/processes.py -> /home/user_adm/ros2_PX4_gz/SwarmZ_ROS2/install/px4_velocity_control/lib/python3.10/site-packages/px4_velocity_control
copying /home/user_adm/ros2_PX4_gz/SwarmZ_ROS2/build/px4_velocity_control/build/lib/px4_velocity_control/visualizer.py -> /home/user_adm/ros2_PX4_gz/SwarmZ_ROS2/install/px4_velocity_control/lib/python3.10/site-packages/px4_velocity_control
copying /home/user_adm/ros2_PX4_gz/SwarmZ_ROS2/build/px4_velocity_control/build/lib/px4_velocity_control/velocity_control.py -> /home/user_adm/ros2_PX4_gz/SwarmZ_ROS2/install/px4_velocity_control/lib/python3.10/site-packages/px4_velocity_control
copying /home/user_adm/ros2_PX4_gz/SwarmZ_ROS2/build/px4_velocity_control/build/lib/px4_velocity_control/control.py -> /home/user_adm/ros2_PX4_gz/SwarmZ_ROS2/install/px4_velocity_control/lib/python3.10/site-packages/px4_velocity_control
byte-compiling /home/user_adm/ros2_PX4_gz/SwarmZ_ROS2/install/px4_velocity_control/lib/python3.10/site-packages/px4_velocity_control/__init__.py to __init__.cpython-310.pyc
byte-compiling /home/user_adm/ros2_PX4_gz/SwarmZ_ROS2/install/px4_velocity_control/lib/python3.10/site-packages/px4_velocity_control/processes.py to processes.cpython-310.pyc
byte-compiling /home/user_adm/ros2_PX4_gz/SwarmZ_ROS2/install/px4_velocity_control/lib/python3.10/site-packages/px4_velocity_control/visualizer.py to visualizer.cpython-310.pyc
byte-compiling /home/user_adm/ros2_PX4_gz/SwarmZ_ROS2/install/px4_velocity_control/lib/python3.10/site-packages/px4_velocity_control/velocity_control.py to velocity_control.cpython-310.pyc
byte-compiling /home/user_adm/ros2_PX4_gz/SwarmZ_ROS2/install/px4_velocity_control/lib/python3.10/site-packages/px4_velocity_control/control.py to control.cpython-310.pyc
running install_data
creating /home/user_adm/ros2_PX4_gz/SwarmZ_ROS2/install/px4_velocity_control/share/ament_index
creating /home/user_adm/ros2_PX4_gz/SwarmZ_ROS2/install/px4_velocity_control/share/ament_index/resource_index
creating /home/user_adm/ros2_PX4_gz/SwarmZ_ROS2/install/px4_velocity_control/share/ament_index/resource_index/packages
copying resource/px4_velocity_control -> /home/user_adm/ros2_PX4_gz/SwarmZ_ROS2/install/px4_velocity_control/share/ament_index/resource_index/packages
copying resource/visualize.rviz -> /home/user_adm/ros2_PX4_gz/SwarmZ_ROS2/install/px4_velocity_control/share/ament_index/resource_index/packages
copying package.xml -> /home/user_adm/ros2_PX4_gz/SwarmZ_ROS2/install/px4_velocity_control/share/px4_velocity_control
copying launch/offboard_velocity_control.launch.py -> /home/user_adm/ros2_PX4_gz/SwarmZ_ROS2/install/px4_velocity_control/share/px4_velocity_control
copying resource/visualize.rviz -> /home/user_adm/ros2_PX4_gz/SwarmZ_ROS2/install/px4_velocity_control/share/px4_velocity_control
running install_egg_info
Copying ../../../build/px4_velocity_control/px4_velocity_control.egg-info to /home/user_adm/ros2_PX4_gz/SwarmZ_ROS2/install/px4_velocity_control/lib/python3.10/site-packages/px4_velocity_control-0.0.0-py3.10.egg-info
running install_scripts
Installing control script to /home/user_adm/ros2_PX4_gz/SwarmZ_ROS2/install/px4_velocity_control/lib/px4_velocity_control
Installing offboard_control script to /home/user_adm/ros2_PX4_gz/SwarmZ_ROS2/install/px4_velocity_control/lib/px4_velocity_control
Installing processes script to /home/user_adm/ros2_PX4_gz/SwarmZ_ROS2/install/px4_velocity_control/lib/px4_velocity_control
Installing velocity_control script to /home/user_adm/ros2_PX4_gz/SwarmZ_ROS2/install/px4_velocity_control/lib/px4_velocity_control
Installing visualizer script to /home/user_adm/ros2_PX4_gz/SwarmZ_ROS2/install/px4_velocity_control/lib/px4_velocity_control
writing list of installed files to '/home/user_adm/ros2_PX4_gz/SwarmZ_ROS2/build/px4_velocity_control/install.log'
