[1.165s] Invoking command in '/home/user_adm/ros2_PX4_gz/SwarmZ_ROS2/src/ROS2_PX4_Velocity_Control/px4_velocity_control': CMAKE_PREFIX_PATH=/home/user_adm/ros2_PX4_gz/SwarmZ_ROS2/install/px4_msgs:/home/user_adm/ros2_PX4_gz/SwarmZ_ROS2/install/px4_ros_com:/home/user_adm/ros2_PX4_gz/SwarmZ_ROS2/install/offboard_control_cpp:/home/user_adm/ros2_PX4_gz/SwarmZ_ROS2/install/acoustics_simulation_cpp LD_LIBRARY_PATH=/home/user_adm/ros2_PX4_gz/SwarmZ_ROS2/install/px4_msgs/lib:/home/user_adm/ros2_PX4_gz/SwarmZ_ROS2/install/px4_ros_com/lib:/opt/ros/humble/opt/rviz_ogre_vendor/lib:/opt/ros/humble/lib/x86_64-linux-gnu:/opt/ros/humble/lib PYTHONPATH=/home/user_adm/ros2_PX4_gz/SwarmZ_ROS2/build/px4_velocity_control/prefix_override:/home/user_adm/ros2_PX4_gz/SwarmZ_ROS2/install/px4_velocity_control/lib/python3.10/site-packages:${PYTHONPATH} /usr/bin/python3 setup.py egg_info --egg-base ../../../build/px4_velocity_control build --build-base /home/user_adm/ros2_PX4_gz/SwarmZ_ROS2/build/px4_velocity_control/build install --record /home/user_adm/ros2_PX4_gz/SwarmZ_ROS2/build/px4_velocity_control/install.log --single-version-externally-managed
[1.564s] running egg_info
[1.565s] creating ../../../build/px4_velocity_control/px4_velocity_control.egg-info
[1.565s] writing ../../../build/px4_velocity_control/px4_velocity_control.egg-info/PKG-INFO
[1.565s] writing dependency_links to ../../../build/px4_velocity_control/px4_velocity_control.egg-info/dependency_links.txt
[1.566s] writing entry points to ../../../build/px4_velocity_control/px4_velocity_control.egg-info/entry_points.txt
[1.566s] writing requirements to ../../../build/px4_velocity_control/px4_velocity_control.egg-info/requires.txt
[1.566s] writing top-level names to ../../../build/px4_velocity_control/px4_velocity_control.egg-info/top_level.txt
[1.566s] writing manifest file '../../../build/px4_velocity_control/px4_velocity_control.egg-info/SOURCES.txt'
[1.570s] reading manifest file '../../../build/px4_velocity_control/px4_velocity_control.egg-info/SOURCES.txt'
[1.570s] adding license file 'LICENSE'
[1.571s] writing manifest file '../../../build/px4_velocity_control/px4_velocity_control.egg-info/SOURCES.txt'
[1.572s] running build
[1.572s] running build_py
[1.572s] creating /home/user_adm/ros2_PX4_gz/SwarmZ_ROS2/build/px4_velocity_control/build
[1.573s] creating /home/user_adm/ros2_PX4_gz/SwarmZ_ROS2/build/px4_velocity_control/build/lib
[1.573s] creating /home/user_adm/ros2_PX4_gz/SwarmZ_ROS2/build/px4_velocity_control/build/lib/px4_velocity_control
[1.573s] copying px4_velocity_control/__init__.py -> /home/user_adm/ros2_PX4_gz/SwarmZ_ROS2/build/px4_velocity_control/build/lib/px4_velocity_control
[1.573s] copying px4_velocity_control/processes.py -> /home/user_adm/ros2_PX4_gz/SwarmZ_ROS2/build/px4_velocity_control/build/lib/px4_velocity_control
[1.573s] copying px4_velocity_control/visualizer.py -> /home/user_adm/ros2_PX4_gz/SwarmZ_ROS2/build/px4_velocity_control/build/lib/px4_velocity_control
[1.573s] copying px4_velocity_control/velocity_control.py -> /home/user_adm/ros2_PX4_gz/SwarmZ_ROS2/build/px4_velocity_control/build/lib/px4_velocity_control
[1.573s] copying px4_velocity_control/control.py -> /home/user_adm/ros2_PX4_gz/SwarmZ_ROS2/build/px4_velocity_control/build/lib/px4_velocity_control
[1.573s] running install
[1.574s] running install_lib
[1.575s] creating /home/user_adm/ros2_PX4_gz/SwarmZ_ROS2/install/px4_velocity_control/lib/python3.10/site-packages/px4_velocity_control
[1.575s] copying /home/user_adm/ros2_PX4_gz/SwarmZ_ROS2/build/px4_velocity_control/build/lib/px4_velocity_control/__init__.py -> /home/user_adm/ros2_PX4_gz/SwarmZ_ROS2/install/px4_velocity_control/lib/python3.10/site-packages/px4_velocity_control
[1.575s] copying /home/user_adm/ros2_PX4_gz/SwarmZ_ROS2/build/px4_velocity_control/build/lib/px4_velocity_control/processes.py -> /home/user_adm/ros2_PX4_gz/SwarmZ_ROS2/install/px4_velocity_control/lib/python3.10/site-packages/px4_velocity_control
[1.575s] copying /home/user_adm/ros2_PX4_gz/SwarmZ_ROS2/build/px4_velocity_control/build/lib/px4_velocity_control/visualizer.py -> /home/user_adm/ros2_PX4_gz/SwarmZ_ROS2/install/px4_velocity_control/lib/python3.10/site-packages/px4_velocity_control
[1.576s] copying /home/user_adm/ros2_PX4_gz/SwarmZ_ROS2/build/px4_velocity_control/build/lib/px4_velocity_control/velocity_control.py -> /home/user_adm/ros2_PX4_gz/SwarmZ_ROS2/install/px4_velocity_control/lib/python3.10/site-packages/px4_velocity_control
[1.576s] copying /home/user_adm/ros2_PX4_gz/SwarmZ_ROS2/build/px4_velocity_control/build/lib/px4_velocity_control/control.py -> /home/user_adm/ros2_PX4_gz/SwarmZ_ROS2/install/px4_velocity_control/lib/python3.10/site-packages/px4_velocity_control
[1.577s] byte-compiling /home/user_adm/ros2_PX4_gz/SwarmZ_ROS2/install/px4_velocity_control/lib/python3.10/site-packages/px4_velocity_control/__init__.py to __init__.cpython-310.pyc
[1.577s] byte-compiling /home/user_adm/ros2_PX4_gz/SwarmZ_ROS2/install/px4_velocity_control/lib/python3.10/site-packages/px4_velocity_control/processes.py to processes.cpython-310.pyc
[1.577s] byte-compiling /home/user_adm/ros2_PX4_gz/SwarmZ_ROS2/install/px4_velocity_control/lib/python3.10/site-packages/px4_velocity_control/visualizer.py to visualizer.cpython-310.pyc
[1.580s] byte-compiling /home/user_adm/ros2_PX4_gz/SwarmZ_ROS2/install/px4_velocity_control/lib/python3.10/site-packages/px4_velocity_control/velocity_control.py to velocity_control.cpython-310.pyc
[1.583s] byte-compiling /home/user_adm/ros2_PX4_gz/SwarmZ_ROS2/install/px4_velocity_control/lib/python3.10/site-packages/px4_velocity_control/control.py to control.cpython-310.pyc
[1.585s] running install_data
[1.586s] creating /home/user_adm/ros2_PX4_gz/SwarmZ_ROS2/install/px4_velocity_control/share/ament_index
[1.586s] creating /home/user_adm/ros2_PX4_gz/SwarmZ_ROS2/install/px4_velocity_control/share/ament_index/resource_index
[1.586s] creating /home/user_adm/ros2_PX4_gz/SwarmZ_ROS2/install/px4_velocity_control/share/ament_index/resource_index/packages
[1.586s] copying resource/px4_velocity_control -> /home/user_adm/ros2_PX4_gz/SwarmZ_ROS2/install/px4_velocity_control/share/ament_index/resource_index/packages
[1.586s] copying resource/visualize.rviz -> /home/user_adm/ros2_PX4_gz/SwarmZ_ROS2/install/px4_velocity_control/share/ament_index/resource_index/packages
[1.586s] copying package.xml -> /home/user_adm/ros2_PX4_gz/SwarmZ_ROS2/install/px4_velocity_control/share/px4_velocity_control
[1.586s] copying launch/offboard_velocity_control.launch.py -> /home/user_adm/ros2_PX4_gz/SwarmZ_ROS2/install/px4_velocity_control/share/px4_velocity_control
[1.587s] copying resource/visualize.rviz -> /home/user_adm/ros2_PX4_gz/SwarmZ_ROS2/install/px4_velocity_control/share/px4_velocity_control
[1.587s] running install_egg_info
[1.590s] Copying ../../../build/px4_velocity_control/px4_velocity_control.egg-info to /home/user_adm/ros2_PX4_gz/SwarmZ_ROS2/install/px4_velocity_control/lib/python3.10/site-packages/px4_velocity_control-0.0.0-py3.10.egg-info
[1.591s] running install_scripts
[1.625s] Installing control script to /home/user_adm/ros2_PX4_gz/SwarmZ_ROS2/install/px4_velocity_control/lib/px4_velocity_control
[1.626s] Installing offboard_control script to /home/user_adm/ros2_PX4_gz/SwarmZ_ROS2/install/px4_velocity_control/lib/px4_velocity_control
[1.626s] Installing processes script to /home/user_adm/ros2_PX4_gz/SwarmZ_ROS2/install/px4_velocity_control/lib/px4_velocity_control
[1.626s] Installing velocity_control script to /home/user_adm/ros2_PX4_gz/SwarmZ_ROS2/install/px4_velocity_control/lib/px4_velocity_control
[1.627s] Installing visualizer script to /home/user_adm/ros2_PX4_gz/SwarmZ_ROS2/install/px4_velocity_control/lib/px4_velocity_control
[1.627s] writing list of installed files to '/home/user_adm/ros2_PX4_gz/SwarmZ_ROS2/build/px4_velocity_control/install.log'
[1.669s] Invoked command in '/home/user_adm/ros2_PX4_gz/SwarmZ_ROS2/src/ROS2_PX4_Velocity_Control/px4_velocity_control' returned '0': CMAKE_PREFIX_PATH=/home/user_adm/ros2_PX4_gz/SwarmZ_ROS2/install/px4_msgs:/home/user_adm/ros2_PX4_gz/SwarmZ_ROS2/install/px4_ros_com:/home/user_adm/ros2_PX4_gz/SwarmZ_ROS2/install/offboard_control_cpp:/home/user_adm/ros2_PX4_gz/SwarmZ_ROS2/install/acoustics_simulation_cpp LD_LIBRARY_PATH=/home/user_adm/ros2_PX4_gz/SwarmZ_ROS2/install/px4_msgs/lib:/home/user_adm/ros2_PX4_gz/SwarmZ_ROS2/install/px4_ros_com/lib:/opt/ros/humble/opt/rviz_ogre_vendor/lib:/opt/ros/humble/lib/x86_64-linux-gnu:/opt/ros/humble/lib PYTHONPATH=/home/user_adm/ros2_PX4_gz/SwarmZ_ROS2/build/px4_velocity_control/prefix_override:/home/user_adm/ros2_PX4_gz/SwarmZ_ROS2/install/px4_velocity_control/lib/python3.10/site-packages:${PYTHONPATH} /usr/bin/python3 setup.py egg_info --egg-base ../../../build/px4_velocity_control build --build-base /home/user_adm/ros2_PX4_gz/SwarmZ_ROS2/build/px4_velocity_control/build install --record /home/user_adm/ros2_PX4_gz/SwarmZ_ROS2/build/px4_velocity_control/install.log --single-version-externally-managed
