running egg_info
creating ../../build/swarmz_control_py/swarmz_control_py.egg-info
writing ../../build/swarmz_control_py/swarmz_control_py.egg-info/PKG-INFO
writing dependency_links to ../../build/swarmz_control_py/swarmz_control_py.egg-info/dependency_links.txt
writing entry points to ../../build/swarmz_control_py/swarmz_control_py.egg-info/entry_points.txt
writing requirements to ../../build/swarmz_control_py/swarmz_control_py.egg-info/requires.txt
writing top-level names to ../../build/swarmz_control_py/swarmz_control_py.egg-info/top_level.txt
writing manifest file '../../build/swarmz_control_py/swarmz_control_py.egg-info/SOURCES.txt'
reading manifest file '../../build/swarmz_control_py/swarmz_control_py.egg-info/SOURCES.txt'
writing manifest file '../../build/swarmz_control_py/swarmz_control_py.egg-info/SOURCES.txt'
running build
running build_py
creating /home/user_adm/ros2_PX4_gz/SwarmZ_ROS2/build/swarmz_control_py/build
creating /home/user_adm/ros2_PX4_gz/SwarmZ_ROS2/build/swarmz_control_py/build/lib
creating /home/user_adm/ros2_PX4_gz/SwarmZ_ROS2/build/swarmz_control_py/build/lib/swarmz_control_py
copying swarmz_control_py/__init__.py -> /home/user_adm/ros2_PX4_gz/SwarmZ_ROS2/build/swarmz_control_py/build/lib/swarmz_control_py
copying swarmz_control_py/offboard_control.py -> /home/user_adm/ros2_PX4_gz/SwarmZ_ROS2/build/swarmz_control_py/build/lib/swarmz_control_py
copying swarmz_control_py/simu_processes.py -> /home/user_adm/ros2_PX4_gz/SwarmZ_ROS2/build/swarmz_control_py/build/lib/swarmz_control_py
copying swarmz_control_py/simu_circle.py -> /home/user_adm/ros2_PX4_gz/SwarmZ_ROS2/build/swarmz_control_py/build/lib/swarmz_control_py
running install
running install_lib
creating /home/user_adm/ros2_PX4_gz/SwarmZ_ROS2/install/swarmz_control_py/lib/python3.10/site-packages/swarmz_control_py
copying /home/user_adm/ros2_PX4_gz/SwarmZ_ROS2/build/swarmz_control_py/build/lib/swarmz_control_py/__init__.py -> /home/user_adm/ros2_PX4_gz/SwarmZ_ROS2/install/swarmz_control_py/lib/python3.10/site-packages/swarmz_control_py
copying /home/user_adm/ros2_PX4_gz/SwarmZ_ROS2/build/swarmz_control_py/build/lib/swarmz_control_py/offboard_control.py -> /home/user_adm/ros2_PX4_gz/SwarmZ_ROS2/install/swarmz_control_py/lib/python3.10/site-packages/swarmz_control_py
copying /home/user_adm/ros2_PX4_gz/SwarmZ_ROS2/build/swarmz_control_py/build/lib/swarmz_control_py/simu_processes.py -> /home/user_adm/ros2_PX4_gz/SwarmZ_ROS2/install/swarmz_control_py/lib/python3.10/site-packages/swarmz_control_py
copying /home/user_adm/ros2_PX4_gz/SwarmZ_ROS2/build/swarmz_control_py/build/lib/swarmz_control_py/simu_circle.py -> /home/user_adm/ros2_PX4_gz/SwarmZ_ROS2/install/swarmz_control_py/lib/python3.10/site-packages/swarmz_control_py
byte-compiling /home/user_adm/ros2_PX4_gz/SwarmZ_ROS2/install/swarmz_control_py/lib/python3.10/site-packages/swarmz_control_py/__init__.py to __init__.cpython-310.pyc
byte-compiling /home/user_adm/ros2_PX4_gz/SwarmZ_ROS2/install/swarmz_control_py/lib/python3.10/site-packages/swarmz_control_py/offboard_control.py to offboard_control.cpython-310.pyc
byte-compiling /home/user_adm/ros2_PX4_gz/SwarmZ_ROS2/install/swarmz_control_py/lib/python3.10/site-packages/swarmz_control_py/simu_processes.py to simu_processes.cpython-310.pyc
byte-compiling /home/user_adm/ros2_PX4_gz/SwarmZ_ROS2/install/swarmz_control_py/lib/python3.10/site-packages/swarmz_control_py/simu_circle.py to simu_circle.cpython-310.pyc
running install_data
creating /home/user_adm/ros2_PX4_gz/SwarmZ_ROS2/install/swarmz_control_py/share/ament_index
creating /home/user_adm/ros2_PX4_gz/SwarmZ_ROS2/install/swarmz_control_py/share/ament_index/resource_index
creating /home/user_adm/ros2_PX4_gz/SwarmZ_ROS2/install/swarmz_control_py/share/ament_index/resource_index/packages
copying resource/swarmz_control_py -> /home/user_adm/ros2_PX4_gz/SwarmZ_ROS2/install/swarmz_control_py/share/ament_index/resource_index/packages
copying package.xml -> /home/user_adm/ros2_PX4_gz/SwarmZ_ROS2/install/swarmz_control_py/share/swarmz_control_py
creating /home/user_adm/ros2_PX4_gz/SwarmZ_ROS2/install/swarmz_control_py/share/swarmz_control_py/launch
copying launch/SwarmZ_simu_cpp.launch.py -> /home/user_adm/ros2_PX4_gz/SwarmZ_ROS2/install/swarmz_control_py/share/swarmz_control_py/launch
copying launch/SwarmZ_simu.launch.py -> /home/user_adm/ros2_PX4_gz/SwarmZ_ROS2/install/swarmz_control_py/share/swarmz_control_py/launch
copying launch/test_SwarmZ_simu.launch.py -> /home/user_adm/ros2_PX4_gz/SwarmZ_ROS2/install/swarmz_control_py/share/swarmz_control_py/launch
running install_egg_info
Copying ../../build/swarmz_control_py/swarmz_control_py.egg-info to /home/user_adm/ros2_PX4_gz/SwarmZ_ROS2/install/swarmz_control_py/lib/python3.10/site-packages/swarmz_control_py-0.0.0-py3.10.egg-info
running install_scripts
Installing offboard_control_py script to /home/user_adm/ros2_PX4_gz/SwarmZ_ROS2/install/swarmz_control_py/lib/swarmz_control_py
Installing simu_circle script to /home/user_adm/ros2_PX4_gz/SwarmZ_ROS2/install/swarmz_control_py/lib/swarmz_control_py
Installing simu_processes script to /home/user_adm/ros2_PX4_gz/SwarmZ_ROS2/install/swarmz_control_py/lib/swarmz_control_py
writing list of installed files to '/home/user_adm/ros2_PX4_gz/SwarmZ_ROS2/build/swarmz_control_py/install.log'
