[0.703s] DEBUG:colcon:Command line arguments: ['/usr/bin/colcon', 'build']
[0.703s] DEBUG:colcon:Parsed command line arguments: Namespace(log_base=None, log_level=None, verb_name='build', build_base='build', install_base='install', merge_install=False, symlink_install=False, test_result_base=None, continue_on_error=False, executor='parallel', parallel_workers=8, event_handlers=None, ignore_user_meta=False, metas=['./colcon.meta'], base_paths=['.'], packages_ignore=None, packages_ignore_regex=None, paths=None, packages_up_to=None, packages_up_to_regex=None, packages_above=None, packages_above_and_dependencies=None, packages_above_depth=None, packages_select_by_dep=None, packages_skip_by_dep=None, packages_skip_up_to=None, packages_select_build_failed=False, packages_skip_build_finished=False, packages_select_test_failures=False, packages_skip_test_passed=False, packages_select=None, packages_skip=None, packages_select_regex=None, packages_skip_regex=None, packages_start=None, packages_end=None, allow_overriding=[], cmake_args=None, cmake_target=None, cmake_target_skip_unavailable=False, cmake_clean_cache=False, cmake_clean_first=False, cmake_force_configure=False, ament_cmake_args=None, catkin_cmake_args=None, catkin_skip_building_tests=False, verb_parser=<colcon_defaults.argument_parser.defaults.DefaultArgumentsDecorator object at 0x7f5aa5c53ee0>, verb_extension=<colcon_core.verb.build.BuildVerb object at 0x7f5aa5c53940>, main=<bound method BuildVerb.main of <colcon_core.verb.build.BuildVerb object at 0x7f5aa5c53940>>)
[0.736s] Level 1:colcon.colcon_core.package_discovery:discover_packages(colcon_meta) check parameters
[0.736s] Level 1:colcon.colcon_core.package_discovery:discover_packages(recursive) check parameters
[0.736s] Level 1:colcon.colcon_core.package_discovery:discover_packages(ignore) check parameters
[0.736s] Level 1:colcon.colcon_core.package_discovery:discover_packages(path) check parameters
[0.736s] Level 1:colcon.colcon_core.package_discovery:discover_packages(colcon_meta) discover
[0.736s] Level 1:colcon.colcon_core.package_discovery:discover_packages(recursive) discover
[0.736s] INFO:colcon.colcon_core.package_discovery:Crawling recursively for packages in '/home/user_adm/ros2_PX4_gz/SwarmZ_ROS2'
[0.736s] Level 1:colcon.colcon_core.package_identification:_identify(.) by extensions ['ignore', 'ignore_ament_install']
[0.736s] Level 1:colcon.colcon_core.package_identification:_identify(.) by extension 'ignore'
[0.736s] Level 1:colcon.colcon_core.package_identification:_identify(.) by extension 'ignore_ament_install'
[0.736s] Level 1:colcon.colcon_core.package_identification:_identify(.) by extensions ['colcon_pkg']
[0.736s] Level 1:colcon.colcon_core.package_identification:_identify(.) by extension 'colcon_pkg'
[0.736s] Level 1:colcon.colcon_core.package_identification:_identify(.) by extensions ['colcon_meta']
[0.736s] Level 1:colcon.colcon_core.package_identification:_identify(.) by extension 'colcon_meta'
[0.736s] Level 1:colcon.colcon_core.package_identification:_identify(.) by extensions ['ros']
[0.736s] Level 1:colcon.colcon_core.package_identification:_identify(.) by extension 'ros'
[0.744s] Level 1:colcon.colcon_core.package_identification:_identify(.) by extensions ['cmake', 'python']
[0.744s] Level 1:colcon.colcon_core.package_identification:_identify(.) by extension 'cmake'
[0.744s] Level 1:colcon.colcon_core.package_identification:_identify(.) by extension 'python'
[0.744s] Level 1:colcon.colcon_core.package_identification:_identify(.) by extensions ['python_setup_py']
[0.744s] Level 1:colcon.colcon_core.package_identification:_identify(.) by extension 'python_setup_py'
[0.744s] Level 1:colcon.colcon_core.package_identification:_identify(build) by extensions ['ignore', 'ignore_ament_install']
[0.744s] Level 1:colcon.colcon_core.package_identification:_identify(build) by extension 'ignore'
[0.744s] Level 1:colcon.colcon_core.package_identification:_identify(build) ignored
[0.745s] Level 1:colcon.colcon_core.package_identification:_identify(install) by extensions ['ignore', 'ignore_ament_install']
[0.745s] Level 1:colcon.colcon_core.package_identification:_identify(install) by extension 'ignore'
[0.745s] Level 1:colcon.colcon_core.package_identification:_identify(install) ignored
[0.745s] Level 1:colcon.colcon_core.package_identification:_identify(log) by extensions ['ignore', 'ignore_ament_install']
[0.745s] Level 1:colcon.colcon_core.package_identification:_identify(log) by extension 'ignore'
[0.745s] Level 1:colcon.colcon_core.package_identification:_identify(log) ignored
[0.745s] Level 1:colcon.colcon_core.package_identification:_identify(src) by extensions ['ignore', 'ignore_ament_install']
[0.745s] Level 1:colcon.colcon_core.package_identification:_identify(src) by extension 'ignore'
[0.745s] Level 1:colcon.colcon_core.package_identification:_identify(src) by extension 'ignore_ament_install'
[0.745s] Level 1:colcon.colcon_core.package_identification:_identify(src) by extensions ['colcon_pkg']
[0.745s] Level 1:colcon.colcon_core.package_identification:_identify(src) by extension 'colcon_pkg'
[0.745s] Level 1:colcon.colcon_core.package_identification:_identify(src) by extensions ['colcon_meta']
[0.745s] Level 1:colcon.colcon_core.package_identification:_identify(src) by extension 'colcon_meta'
[0.745s] Level 1:colcon.colcon_core.package_identification:_identify(src) by extensions ['ros']
[0.745s] Level 1:colcon.colcon_core.package_identification:_identify(src) by extension 'ros'
[0.745s] Level 1:colcon.colcon_core.package_identification:_identify(src) by extensions ['cmake', 'python']
[0.745s] Level 1:colcon.colcon_core.package_identification:_identify(src) by extension 'cmake'
[0.745s] Level 1:colcon.colcon_core.package_identification:_identify(src) by extension 'python'
[0.745s] Level 1:colcon.colcon_core.package_identification:_identify(src) by extensions ['python_setup_py']
[0.745s] Level 1:colcon.colcon_core.package_identification:_identify(src) by extension 'python_setup_py'
[0.745s] Level 1:colcon.colcon_core.package_identification:_identify(src/ROS2_PX4_Velocity_Control) by extensions ['ignore', 'ignore_ament_install']
[0.745s] Level 1:colcon.colcon_core.package_identification:_identify(src/ROS2_PX4_Velocity_Control) by extension 'ignore'
[0.745s] Level 1:colcon.colcon_core.package_identification:_identify(src/ROS2_PX4_Velocity_Control) by extension 'ignore_ament_install'
[0.745s] Level 1:colcon.colcon_core.package_identification:_identify(src/ROS2_PX4_Velocity_Control) by extensions ['colcon_pkg']
[0.745s] Level 1:colcon.colcon_core.package_identification:_identify(src/ROS2_PX4_Velocity_Control) by extension 'colcon_pkg'
[0.745s] Level 1:colcon.colcon_core.package_identification:_identify(src/ROS2_PX4_Velocity_Control) by extensions ['colcon_meta']
[0.745s] Level 1:colcon.colcon_core.package_identification:_identify(src/ROS2_PX4_Velocity_Control) by extension 'colcon_meta'
[0.745s] Level 1:colcon.colcon_core.package_identification:_identify(src/ROS2_PX4_Velocity_Control) by extensions ['ros']
[0.746s] Level 1:colcon.colcon_core.package_identification:_identify(src/ROS2_PX4_Velocity_Control) by extension 'ros'
[0.746s] Level 1:colcon.colcon_core.package_identification:_identify(src/ROS2_PX4_Velocity_Control) by extensions ['cmake', 'python']
[0.746s] Level 1:colcon.colcon_core.package_identification:_identify(src/ROS2_PX4_Velocity_Control) by extension 'cmake'
[0.746s] Level 1:colcon.colcon_core.package_identification:_identify(src/ROS2_PX4_Velocity_Control) by extension 'python'
[0.746s] Level 1:colcon.colcon_core.package_identification:_identify(src/ROS2_PX4_Velocity_Control) by extensions ['python_setup_py']
[0.746s] Level 1:colcon.colcon_core.package_identification:_identify(src/ROS2_PX4_Velocity_Control) by extension 'python_setup_py'
[0.746s] Level 1:colcon.colcon_core.package_identification:_identify(src/ROS2_PX4_Velocity_Control/px4_velocity_control) by extensions ['ignore', 'ignore_ament_install']
[0.746s] Level 1:colcon.colcon_core.package_identification:_identify(src/ROS2_PX4_Velocity_Control/px4_velocity_control) by extension 'ignore'
[0.746s] Level 1:colcon.colcon_core.package_identification:_identify(src/ROS2_PX4_Velocity_Control/px4_velocity_control) by extension 'ignore_ament_install'
[0.746s] Level 1:colcon.colcon_core.package_identification:_identify(src/ROS2_PX4_Velocity_Control/px4_velocity_control) by extensions ['colcon_pkg']
[0.746s] Level 1:colcon.colcon_core.package_identification:_identify(src/ROS2_PX4_Velocity_Control/px4_velocity_control) by extension 'colcon_pkg'
[0.746s] Level 1:colcon.colcon_core.package_identification:_identify(src/ROS2_PX4_Velocity_Control/px4_velocity_control) by extensions ['colcon_meta']
[0.746s] Level 1:colcon.colcon_core.package_identification:_identify(src/ROS2_PX4_Velocity_Control/px4_velocity_control) by extension 'colcon_meta'
[0.746s] Level 1:colcon.colcon_core.package_identification:_identify(src/ROS2_PX4_Velocity_Control/px4_velocity_control) by extensions ['ros']
[0.746s] Level 1:colcon.colcon_core.package_identification:_identify(src/ROS2_PX4_Velocity_Control/px4_velocity_control) by extension 'ros'
[0.748s] DEBUG:colcon.colcon_core.package_identification:Package 'src/ROS2_PX4_Velocity_Control/px4_velocity_control' with type 'ros.ament_python' and name 'px4_velocity_control'
[0.748s] Level 1:colcon.colcon_core.package_identification:_identify(src/acoustics_simulation_cpp) by extensions ['ignore', 'ignore_ament_install']
[0.748s] Level 1:colcon.colcon_core.package_identification:_identify(src/acoustics_simulation_cpp) by extension 'ignore'
[0.748s] Level 1:colcon.colcon_core.package_identification:_identify(src/acoustics_simulation_cpp) by extension 'ignore_ament_install'
[0.748s] Level 1:colcon.colcon_core.package_identification:_identify(src/acoustics_simulation_cpp) by extensions ['colcon_pkg']
[0.748s] Level 1:colcon.colcon_core.package_identification:_identify(src/acoustics_simulation_cpp) by extension 'colcon_pkg'
[0.748s] Level 1:colcon.colcon_core.package_identification:_identify(src/acoustics_simulation_cpp) by extensions ['colcon_meta']
[0.748s] Level 1:colcon.colcon_core.package_identification:_identify(src/acoustics_simulation_cpp) by extension 'colcon_meta'
[0.748s] Level 1:colcon.colcon_core.package_identification:_identify(src/acoustics_simulation_cpp) by extensions ['ros']
[0.748s] Level 1:colcon.colcon_core.package_identification:_identify(src/acoustics_simulation_cpp) by extension 'ros'
[0.749s] DEBUG:colcon.colcon_core.package_identification:Package 'src/acoustics_simulation_cpp' with type 'ros.ament_cmake' and name 'acoustics_simulation_cpp'
[0.749s] Level 1:colcon.colcon_core.package_identification:_identify(src/acoustics_simulation_py) by extensions ['ignore', 'ignore_ament_install']
[0.749s] Level 1:colcon.colcon_core.package_identification:_identify(src/acoustics_simulation_py) by extension 'ignore'
[0.749s] Level 1:colcon.colcon_core.package_identification:_identify(src/acoustics_simulation_py) by extension 'ignore_ament_install'
[0.749s] Level 1:colcon.colcon_core.package_identification:_identify(src/acoustics_simulation_py) by extensions ['colcon_pkg']
[0.749s] Level 1:colcon.colcon_core.package_identification:_identify(src/acoustics_simulation_py) by extension 'colcon_pkg'
[0.749s] Level 1:colcon.colcon_core.package_identification:_identify(src/acoustics_simulation_py) by extensions ['colcon_meta']
[0.749s] Level 1:colcon.colcon_core.package_identification:_identify(src/acoustics_simulation_py) by extension 'colcon_meta'
[0.749s] Level 1:colcon.colcon_core.package_identification:_identify(src/acoustics_simulation_py) by extensions ['ros']
[0.749s] Level 1:colcon.colcon_core.package_identification:_identify(src/acoustics_simulation_py) by extension 'ros'
[0.749s] DEBUG:colcon.colcon_core.package_identification:Package 'src/acoustics_simulation_py' with type 'ros.ament_python' and name 'acoustics_simulation_py'
[0.749s] Level 1:colcon.colcon_core.package_identification:_identify(src/offboard_control_cpp) by extensions ['ignore', 'ignore_ament_install']
[0.749s] Level 1:colcon.colcon_core.package_identification:_identify(src/offboard_control_cpp) by extension 'ignore'
[0.749s] Level 1:colcon.colcon_core.package_identification:_identify(src/offboard_control_cpp) by extension 'ignore_ament_install'
[0.750s] Level 1:colcon.colcon_core.package_identification:_identify(src/offboard_control_cpp) by extensions ['colcon_pkg']
[0.750s] Level 1:colcon.colcon_core.package_identification:_identify(src/offboard_control_cpp) by extension 'colcon_pkg'
[0.750s] Level 1:colcon.colcon_core.package_identification:_identify(src/offboard_control_cpp) by extensions ['colcon_meta']
[0.750s] Level 1:colcon.colcon_core.package_identification:_identify(src/offboard_control_cpp) by extension 'colcon_meta'
[0.750s] Level 1:colcon.colcon_core.package_identification:_identify(src/offboard_control_cpp) by extensions ['ros']
[0.750s] Level 1:colcon.colcon_core.package_identification:_identify(src/offboard_control_cpp) by extension 'ros'
[0.750s] DEBUG:colcon.colcon_core.package_identification:Package 'src/offboard_control_cpp' with type 'ros.ament_cmake' and name 'offboard_control_cpp'
[0.750s] Level 1:colcon.colcon_core.package_identification:_identify(src/px4_msgs) by extensions ['ignore', 'ignore_ament_install']
[0.750s] Level 1:colcon.colcon_core.package_identification:_identify(src/px4_msgs) by extension 'ignore'
[0.750s] Level 1:colcon.colcon_core.package_identification:_identify(src/px4_msgs) by extension 'ignore_ament_install'
[0.750s] Level 1:colcon.colcon_core.package_identification:_identify(src/px4_msgs) by extensions ['colcon_pkg']
[0.750s] Level 1:colcon.colcon_core.package_identification:_identify(src/px4_msgs) by extension 'colcon_pkg'
[0.751s] Level 1:colcon.colcon_core.package_identification:_identify(src/px4_msgs) by extensions ['colcon_meta']
[0.751s] Level 1:colcon.colcon_core.package_identification:_identify(src/px4_msgs) by extension 'colcon_meta'
[0.751s] Level 1:colcon.colcon_core.package_identification:_identify(src/px4_msgs) by extensions ['ros']
[0.751s] Level 1:colcon.colcon_core.package_identification:_identify(src/px4_msgs) by extension 'ros'
[0.751s] DEBUG:colcon.colcon_core.package_identification:Package 'src/px4_msgs' with type 'ros.ament_cmake' and name 'px4_msgs'
[0.751s] Level 1:colcon.colcon_core.package_identification:_identify(src/px4_ros_com) by extensions ['ignore', 'ignore_ament_install']
[0.751s] Level 1:colcon.colcon_core.package_identification:_identify(src/px4_ros_com) by extension 'ignore'
[0.751s] Level 1:colcon.colcon_core.package_identification:_identify(src/px4_ros_com) by extension 'ignore_ament_install'
[0.751s] Level 1:colcon.colcon_core.package_identification:_identify(src/px4_ros_com) by extensions ['colcon_pkg']
[0.751s] Level 1:colcon.colcon_core.package_identification:_identify(src/px4_ros_com) by extension 'colcon_pkg'
[0.751s] Level 1:colcon.colcon_core.package_identification:_identify(src/px4_ros_com) by extensions ['colcon_meta']
[0.751s] Level 1:colcon.colcon_core.package_identification:_identify(src/px4_ros_com) by extension 'colcon_meta'
[0.751s] Level 1:colcon.colcon_core.package_identification:_identify(src/px4_ros_com) by extensions ['ros']
[0.751s] Level 1:colcon.colcon_core.package_identification:_identify(src/px4_ros_com) by extension 'ros'
[0.752s] DEBUG:colcon.colcon_core.package_identification:Package 'src/px4_ros_com' with type 'ros.ament_cmake' and name 'px4_ros_com'
[0.752s] Level 1:colcon.colcon_core.package_identification:_identify(src/swarmz_control_py) by extensions ['ignore', 'ignore_ament_install']
[0.752s] Level 1:colcon.colcon_core.package_identification:_identify(src/swarmz_control_py) by extension 'ignore'
[0.752s] Level 1:colcon.colcon_core.package_identification:_identify(src/swarmz_control_py) by extension 'ignore_ament_install'
[0.752s] Level 1:colcon.colcon_core.package_identification:_identify(src/swarmz_control_py) by extensions ['colcon_pkg']
[0.752s] Level 1:colcon.colcon_core.package_identification:_identify(src/swarmz_control_py) by extension 'colcon_pkg'
[0.752s] Level 1:colcon.colcon_core.package_identification:_identify(src/swarmz_control_py) by extensions ['colcon_meta']
[0.752s] Level 1:colcon.colcon_core.package_identification:_identify(src/swarmz_control_py) by extension 'colcon_meta'
[0.752s] Level 1:colcon.colcon_core.package_identification:_identify(src/swarmz_control_py) by extensions ['ros']
[0.752s] Level 1:colcon.colcon_core.package_identification:_identify(src/swarmz_control_py) by extension 'ros'
[0.753s] DEBUG:colcon.colcon_core.package_identification:Package 'src/swarmz_control_py' with type 'ros.ament_python' and name 'swarmz_control_py'
[0.753s] Level 1:colcon.colcon_core.package_discovery:discover_packages(recursive) using defaults
[0.753s] Level 1:colcon.colcon_core.package_discovery:discover_packages(ignore) discover
[0.753s] Level 1:colcon.colcon_core.package_discovery:discover_packages(ignore) using defaults
[0.753s] Level 1:colcon.colcon_core.package_discovery:discover_packages(path) discover
[0.753s] Level 1:colcon.colcon_core.package_discovery:discover_packages(path) using defaults
[0.816s] Level 1:colcon.colcon_core.package_discovery:discover_packages(prefix_path) check parameters
[0.816s] Level 1:colcon.colcon_core.package_discovery:discover_packages(prefix_path) discover
[0.837s] DEBUG:colcon.colcon_installed_package_information.package_discovery:Found 7 installed packages in /home/user_adm/ros2_PX4_gz/SwarmZ_ROS2/install
[0.856s] DEBUG:colcon.colcon_installed_package_information.package_discovery:Found 274 installed packages in /opt/ros/humble
[0.857s] Level 1:colcon.colcon_core.package_discovery:discover_packages(prefix_path) using defaults
[0.916s] Level 5:colcon.colcon_core.verb:set package 'acoustics_simulation_py' build argument 'cmake_args' from command line to 'None'
[0.916s] Level 5:colcon.colcon_core.verb:set package 'acoustics_simulation_py' build argument 'cmake_target' from command line to 'None'
[0.916s] Level 5:colcon.colcon_core.verb:set package 'acoustics_simulation_py' build argument 'cmake_target_skip_unavailable' from command line to 'False'
[0.916s] Level 5:colcon.colcon_core.verb:set package 'acoustics_simulation_py' build argument 'cmake_clean_cache' from command line to 'False'
[0.916s] Level 5:colcon.colcon_core.verb:set package 'acoustics_simulation_py' build argument 'cmake_clean_first' from command line to 'False'
[0.916s] Level 5:colcon.colcon_core.verb:set package 'acoustics_simulation_py' build argument 'cmake_force_configure' from command line to 'False'
[0.916s] Level 5:colcon.colcon_core.verb:set package 'acoustics_simulation_py' build argument 'ament_cmake_args' from command line to 'None'
[0.916s] Level 5:colcon.colcon_core.verb:set package 'acoustics_simulation_py' build argument 'catkin_cmake_args' from command line to 'None'
[0.916s] Level 5:colcon.colcon_core.verb:set package 'acoustics_simulation_py' build argument 'catkin_skip_building_tests' from command line to 'False'
[0.916s] DEBUG:colcon.colcon_core.verb:Building package 'acoustics_simulation_py' with the following arguments: {'ament_cmake_args': None, 'build_base': '/home/user_adm/ros2_PX4_gz/SwarmZ_ROS2/build/acoustics_simulation_py', 'catkin_cmake_args': None, 'catkin_skip_building_tests': False, 'cmake_args': None, 'cmake_clean_cache': False, 'cmake_clean_first': False, 'cmake_force_configure': False, 'cmake_target': None, 'cmake_target_skip_unavailable': False, 'install_base': '/home/user_adm/ros2_PX4_gz/SwarmZ_ROS2/install/acoustics_simulation_py', 'merge_install': False, 'path': '/home/user_adm/ros2_PX4_gz/SwarmZ_ROS2/src/acoustics_simulation_py', 'symlink_install': False, 'test_result_base': None}
[0.926s] Level 5:colcon.colcon_core.verb:set package 'px4_msgs' build argument 'cmake_args' from command line to 'None'
[0.926s] Level 5:colcon.colcon_core.verb:set package 'px4_msgs' build argument 'cmake_target' from command line to 'None'
[0.926s] Level 5:colcon.colcon_core.verb:set package 'px4_msgs' build argument 'cmake_target_skip_unavailable' from command line to 'False'
[0.926s] Level 5:colcon.colcon_core.verb:set package 'px4_msgs' build argument 'cmake_clean_cache' from command line to 'False'
[0.927s] Level 5:colcon.colcon_core.verb:set package 'px4_msgs' build argument 'cmake_clean_first' from command line to 'False'
[0.927s] Level 5:colcon.colcon_core.verb:set package 'px4_msgs' build argument 'cmake_force_configure' from command line to 'False'
[0.927s] Level 5:colcon.colcon_core.verb:set package 'px4_msgs' build argument 'ament_cmake_args' from command line to 'None'
[0.927s] Level 5:colcon.colcon_core.verb:set package 'px4_msgs' build argument 'catkin_cmake_args' from command line to 'None'
[0.927s] Level 5:colcon.colcon_core.verb:set package 'px4_msgs' build argument 'catkin_skip_building_tests' from command line to 'False'
[0.927s] DEBUG:colcon.colcon_core.verb:Building package 'px4_msgs' with the following arguments: {'ament_cmake_args': None, 'build_base': '/home/user_adm/ros2_PX4_gz/SwarmZ_ROS2/build/px4_msgs', 'catkin_cmake_args': None, 'catkin_skip_building_tests': False, 'cmake_args': None, 'cmake_clean_cache': False, 'cmake_clean_first': False, 'cmake_force_configure': False, 'cmake_target': None, 'cmake_target_skip_unavailable': False, 'install_base': '/home/user_adm/ros2_PX4_gz/SwarmZ_ROS2/install/px4_msgs', 'merge_install': False, 'path': '/home/user_adm/ros2_PX4_gz/SwarmZ_ROS2/src/px4_msgs', 'symlink_install': False, 'test_result_base': None}
[0.937s] Level 5:colcon.colcon_core.verb:set package 'swarmz_control_py' build argument 'cmake_args' from command line to 'None'
[0.937s] Level 5:colcon.colcon_core.verb:set package 'swarmz_control_py' build argument 'cmake_target' from command line to 'None'
[0.937s] Level 5:colcon.colcon_core.verb:set package 'swarmz_control_py' build argument 'cmake_target_skip_unavailable' from command line to 'False'
[0.937s] Level 5:colcon.colcon_core.verb:set package 'swarmz_control_py' build argument 'cmake_clean_cache' from command line to 'False'
[0.937s] Level 5:colcon.colcon_core.verb:set package 'swarmz_control_py' build argument 'cmake_clean_first' from command line to 'False'
[0.937s] Level 5:colcon.colcon_core.verb:set package 'swarmz_control_py' build argument 'cmake_force_configure' from command line to 'False'
[0.937s] Level 5:colcon.colcon_core.verb:set package 'swarmz_control_py' build argument 'ament_cmake_args' from command line to 'None'
[0.937s] Level 5:colcon.colcon_core.verb:set package 'swarmz_control_py' build argument 'catkin_cmake_args' from command line to 'None'
[0.937s] Level 5:colcon.colcon_core.verb:set package 'swarmz_control_py' build argument 'catkin_skip_building_tests' from command line to 'False'
[0.937s] DEBUG:colcon.colcon_core.verb:Building package 'swarmz_control_py' with the following arguments: {'ament_cmake_args': None, 'build_base': '/home/user_adm/ros2_PX4_gz/SwarmZ_ROS2/build/swarmz_control_py', 'catkin_cmake_args': None, 'catkin_skip_building_tests': False, 'cmake_args': None, 'cmake_clean_cache': False, 'cmake_clean_first': False, 'cmake_force_configure': False, 'cmake_target': None, 'cmake_target_skip_unavailable': False, 'install_base': '/home/user_adm/ros2_PX4_gz/SwarmZ_ROS2/install/swarmz_control_py', 'merge_install': False, 'path': '/home/user_adm/ros2_PX4_gz/SwarmZ_ROS2/src/swarmz_control_py', 'symlink_install': False, 'test_result_base': None}
[0.947s] Level 5:colcon.colcon_core.verb:set package 'acoustics_simulation_cpp' build argument 'cmake_args' from command line to 'None'
[0.947s] Level 5:colcon.colcon_core.verb:set package 'acoustics_simulation_cpp' build argument 'cmake_target' from command line to 'None'
[0.947s] Level 5:colcon.colcon_core.verb:set package 'acoustics_simulation_cpp' build argument 'cmake_target_skip_unavailable' from command line to 'False'
[0.947s] Level 5:colcon.colcon_core.verb:set package 'acoustics_simulation_cpp' build argument 'cmake_clean_cache' from command line to 'False'
[0.947s] Level 5:colcon.colcon_core.verb:set package 'acoustics_simulation_cpp' build argument 'cmake_clean_first' from command line to 'False'
[0.947s] Level 5:colcon.colcon_core.verb:set package 'acoustics_simulation_cpp' build argument 'cmake_force_configure' from command line to 'False'
[0.947s] Level 5:colcon.colcon_core.verb:set package 'acoustics_simulation_cpp' build argument 'ament_cmake_args' from command line to 'None'
[0.947s] Level 5:colcon.colcon_core.verb:set package 'acoustics_simulation_cpp' build argument 'catkin_cmake_args' from command line to 'None'
[0.947s] Level 5:colcon.colcon_core.verb:set package 'acoustics_simulation_cpp' build argument 'catkin_skip_building_tests' from command line to 'False'
[0.947s] DEBUG:colcon.colcon_core.verb:Building package 'acoustics_simulation_cpp' with the following arguments: {'ament_cmake_args': None, 'build_base': '/home/user_adm/ros2_PX4_gz/SwarmZ_ROS2/build/acoustics_simulation_cpp', 'catkin_cmake_args': None, 'catkin_skip_building_tests': False, 'cmake_args': None, 'cmake_clean_cache': False, 'cmake_clean_first': False, 'cmake_force_configure': False, 'cmake_target': None, 'cmake_target_skip_unavailable': False, 'install_base': '/home/user_adm/ros2_PX4_gz/SwarmZ_ROS2/install/acoustics_simulation_cpp', 'merge_install': False, 'path': '/home/user_adm/ros2_PX4_gz/SwarmZ_ROS2/src/acoustics_simulation_cpp', 'symlink_install': False, 'test_result_base': None}
[0.957s] Level 5:colcon.colcon_core.verb:set package 'offboard_control_cpp' build argument 'cmake_args' from command line to 'None'
[0.957s] Level 5:colcon.colcon_core.verb:set package 'offboard_control_cpp' build argument 'cmake_target' from command line to 'None'
[0.957s] Level 5:colcon.colcon_core.verb:set package 'offboard_control_cpp' build argument 'cmake_target_skip_unavailable' from command line to 'False'
[0.957s] Level 5:colcon.colcon_core.verb:set package 'offboard_control_cpp' build argument 'cmake_clean_cache' from command line to 'False'
[0.957s] Level 5:colcon.colcon_core.verb:set package 'offboard_control_cpp' build argument 'cmake_clean_first' from command line to 'False'
[0.957s] Level 5:colcon.colcon_core.verb:set package 'offboard_control_cpp' build argument 'cmake_force_configure' from command line to 'False'
[0.957s] Level 5:colcon.colcon_core.verb:set package 'offboard_control_cpp' build argument 'ament_cmake_args' from command line to 'None'
[0.957s] Level 5:colcon.colcon_core.verb:set package 'offboard_control_cpp' build argument 'catkin_cmake_args' from command line to 'None'
[0.957s] Level 5:colcon.colcon_core.verb:set package 'offboard_control_cpp' build argument 'catkin_skip_building_tests' from command line to 'False'
[0.957s] DEBUG:colcon.colcon_core.verb:Building package 'offboard_control_cpp' with the following arguments: {'ament_cmake_args': None, 'build_base': '/home/user_adm/ros2_PX4_gz/SwarmZ_ROS2/build/offboard_control_cpp', 'catkin_cmake_args': None, 'catkin_skip_building_tests': False, 'cmake_args': None, 'cmake_clean_cache': False, 'cmake_clean_first': False, 'cmake_force_configure': False, 'cmake_target': None, 'cmake_target_skip_unavailable': False, 'install_base': '/home/user_adm/ros2_PX4_gz/SwarmZ_ROS2/install/offboard_control_cpp', 'merge_install': False, 'path': '/home/user_adm/ros2_PX4_gz/SwarmZ_ROS2/src/offboard_control_cpp', 'symlink_install': False, 'test_result_base': None}
[0.968s] Level 5:colcon.colcon_core.verb:set package 'px4_ros_com' build argument 'cmake_args' from command line to 'None'
[0.968s] Level 5:colcon.colcon_core.verb:set package 'px4_ros_com' build argument 'cmake_target' from command line to 'None'
[0.968s] Level 5:colcon.colcon_core.verb:set package 'px4_ros_com' build argument 'cmake_target_skip_unavailable' from command line to 'False'
[0.968s] Level 5:colcon.colcon_core.verb:set package 'px4_ros_com' build argument 'cmake_clean_cache' from command line to 'False'
[0.968s] Level 5:colcon.colcon_core.verb:set package 'px4_ros_com' build argument 'cmake_clean_first' from command line to 'False'
[0.968s] Level 5:colcon.colcon_core.verb:set package 'px4_ros_com' build argument 'cmake_force_configure' from command line to 'False'
[0.968s] Level 5:colcon.colcon_core.verb:set package 'px4_ros_com' build argument 'ament_cmake_args' from command line to 'None'
[0.968s] Level 5:colcon.colcon_core.verb:set package 'px4_ros_com' build argument 'catkin_cmake_args' from command line to 'None'
[0.968s] Level 5:colcon.colcon_core.verb:set package 'px4_ros_com' build argument 'catkin_skip_building_tests' from command line to 'False'
[0.968s] DEBUG:colcon.colcon_core.verb:Building package 'px4_ros_com' with the following arguments: {'ament_cmake_args': None, 'build_base': '/home/user_adm/ros2_PX4_gz/SwarmZ_ROS2/build/px4_ros_com', 'catkin_cmake_args': None, 'catkin_skip_building_tests': False, 'cmake_args': None, 'cmake_clean_cache': False, 'cmake_clean_first': False, 'cmake_force_configure': False, 'cmake_target': None, 'cmake_target_skip_unavailable': False, 'install_base': '/home/user_adm/ros2_PX4_gz/SwarmZ_ROS2/install/px4_ros_com', 'merge_install': False, 'path': '/home/user_adm/ros2_PX4_gz/SwarmZ_ROS2/src/px4_ros_com', 'symlink_install': False, 'test_result_base': None}
[0.978s] Level 5:colcon.colcon_core.verb:set package 'px4_velocity_control' build argument 'cmake_args' from command line to 'None'
[0.978s] Level 5:colcon.colcon_core.verb:set package 'px4_velocity_control' build argument 'cmake_target' from command line to 'None'
[0.978s] Level 5:colcon.colcon_core.verb:set package 'px4_velocity_control' build argument 'cmake_target_skip_unavailable' from command line to 'False'
[0.978s] Level 5:colcon.colcon_core.verb:set package 'px4_velocity_control' build argument 'cmake_clean_cache' from command line to 'False'
[0.978s] Level 5:colcon.colcon_core.verb:set package 'px4_velocity_control' build argument 'cmake_clean_first' from command line to 'False'
[0.978s] Level 5:colcon.colcon_core.verb:set package 'px4_velocity_control' build argument 'cmake_force_configure' from command line to 'False'
[0.978s] Level 5:colcon.colcon_core.verb:set package 'px4_velocity_control' build argument 'ament_cmake_args' from command line to 'None'
[0.978s] Level 5:colcon.colcon_core.verb:set package 'px4_velocity_control' build argument 'catkin_cmake_args' from command line to 'None'
[0.978s] Level 5:colcon.colcon_core.verb:set package 'px4_velocity_control' build argument 'catkin_skip_building_tests' from command line to 'False'
[0.978s] DEBUG:colcon.colcon_core.verb:Building package 'px4_velocity_control' with the following arguments: {'ament_cmake_args': None, 'build_base': '/home/user_adm/ros2_PX4_gz/SwarmZ_ROS2/build/px4_velocity_control', 'catkin_cmake_args': None, 'catkin_skip_building_tests': False, 'cmake_args': None, 'cmake_clean_cache': False, 'cmake_clean_first': False, 'cmake_force_configure': False, 'cmake_target': None, 'cmake_target_skip_unavailable': False, 'install_base': '/home/user_adm/ros2_PX4_gz/SwarmZ_ROS2/install/px4_velocity_control', 'merge_install': False, 'path': '/home/user_adm/ros2_PX4_gz/SwarmZ_ROS2/src/ROS2_PX4_Velocity_Control/px4_velocity_control', 'symlink_install': False, 'test_result_base': None}
[0.988s] INFO:colcon.colcon_core.executor:Executing jobs using 'parallel' executor
[0.999s] DEBUG:colcon.colcon_parallel_executor.executor.parallel:run_until_complete
[0.999s] INFO:colcon.colcon_ros.task.ament_cmake.build:Building ROS package in '/home/user_adm/ros2_PX4_gz/SwarmZ_ROS2/src/px4_msgs' with build type 'ament_cmake'
[0.999s] INFO:colcon.colcon_cmake.task.cmake.build:Building CMake package in '/home/user_adm/ros2_PX4_gz/SwarmZ_ROS2/src/px4_msgs'
[1.011s] INFO:colcon.colcon_core.plugin_system:Skipping extension 'colcon_core.shell.bat': Not used on non-Windows systems
[1.011s] INFO:colcon.colcon_core.shell:Skip shell extension 'powershell' for command environment: Not usable outside of PowerShell
[1.011s] DEBUG:colcon.colcon_core.shell:Skip shell extension 'dsv' for command environment
[1.044s] INFO:colcon.colcon_ros.task.ament_python.build:Building ROS package in '/home/user_adm/ros2_PX4_gz/SwarmZ_ROS2/src/acoustics_simulation_py' with build type 'ament_python'
[1.044s] Level 1:colcon.colcon_core.shell:create_environment_hook('acoustics_simulation_py', 'ament_prefix_path')
[1.054s] INFO:colcon.colcon_core.shell:Creating environment hook '/home/user_adm/ros2_PX4_gz/SwarmZ_ROS2/install/acoustics_simulation_py/share/acoustics_simulation_py/hook/ament_prefix_path.ps1'
[1.055s] INFO:colcon.colcon_core.shell:Creating environment descriptor '/home/user_adm/ros2_PX4_gz/SwarmZ_ROS2/install/acoustics_simulation_py/share/acoustics_simulation_py/hook/ament_prefix_path.dsv'
[1.055s] INFO:colcon.colcon_core.shell:Creating environment hook '/home/user_adm/ros2_PX4_gz/SwarmZ_ROS2/install/acoustics_simulation_py/share/acoustics_simulation_py/hook/ament_prefix_path.sh'
[1.069s] INFO:colcon.colcon_core.shell:Skip shell extension 'powershell' for command environment: Not usable outside of PowerShell
[1.069s] DEBUG:colcon.colcon_core.shell:Skip shell extension 'dsv' for command environment
[1.102s] INFO:colcon.colcon_ros.task.ament_python.build:Building ROS package in '/home/user_adm/ros2_PX4_gz/SwarmZ_ROS2/src/swarmz_control_py' with build type 'ament_python'
[1.102s] Level 1:colcon.colcon_core.shell:create_environment_hook('swarmz_control_py', 'ament_prefix_path')
[1.112s] INFO:colcon.colcon_core.shell:Creating environment hook '/home/user_adm/ros2_PX4_gz/SwarmZ_ROS2/install/swarmz_control_py/share/swarmz_control_py/hook/ament_prefix_path.ps1'
[1.113s] INFO:colcon.colcon_core.shell:Creating environment descriptor '/home/user_adm/ros2_PX4_gz/SwarmZ_ROS2/install/swarmz_control_py/share/swarmz_control_py/hook/ament_prefix_path.dsv'
[1.113s] INFO:colcon.colcon_core.shell:Creating environment hook '/home/user_adm/ros2_PX4_gz/SwarmZ_ROS2/install/swarmz_control_py/share/swarmz_control_py/hook/ament_prefix_path.sh'
[1.123s] INFO:colcon.colcon_core.shell:Skip shell extension 'powershell' for command environment: Not usable outside of PowerShell
[1.123s] DEBUG:colcon.colcon_core.shell:Skip shell extension 'dsv' for command environment
[1.159s] DEBUG:colcon.colcon_core.event_handler.log_command:Invoking command in '/home/user_adm/ros2_PX4_gz/SwarmZ_ROS2/build/px4_msgs': CMAKE_PREFIX_PATH=${CMAKE_PREFIX_PATH}:/home/user_adm/ros2_PX4_gz/SwarmZ_ROS2/install/swarmz_control_py:/home/user_adm/ros2_PX4_gz/SwarmZ_ROS2/install/px4_velocity_control:/home/user_adm/ros2_PX4_gz/SwarmZ_ROS2/install/acoustics_simulation_py:/opt/ros/humble /usr/bin/cmake --build /home/user_adm/ros2_PX4_gz/SwarmZ_ROS2/build/px4_msgs -- -j8 -l8
[1.368s] INFO:colcon.colcon_core.task.python.build:Building Python package in '/home/user_adm/ros2_PX4_gz/SwarmZ_ROS2/src/acoustics_simulation_py'
[1.379s] INFO:colcon.colcon_core.shell:Skip shell extension 'powershell' for command environment: Not usable outside of PowerShell
[1.379s] DEBUG:colcon.colcon_core.shell:Skip shell extension 'dsv' for command environment
[1.698s] INFO:colcon.colcon_core.task.python.build:Building Python package in '/home/user_adm/ros2_PX4_gz/SwarmZ_ROS2/src/swarmz_control_py'
[1.719s] INFO:colcon.colcon_core.shell:Skip shell extension 'powershell' for command environment: Not usable outside of PowerShell
[1.719s] DEBUG:colcon.colcon_core.shell:Skip shell extension 'dsv' for command environment
[1.791s] DEBUG:colcon.colcon_core.event_handler.log_command:Invoked command in '/home/user_adm/ros2_PX4_gz/SwarmZ_ROS2/build/px4_msgs' returned '0': CMAKE_PREFIX_PATH=${CMAKE_PREFIX_PATH}:/home/user_adm/ros2_PX4_gz/SwarmZ_ROS2/install/swarmz_control_py:/home/user_adm/ros2_PX4_gz/SwarmZ_ROS2/install/px4_velocity_control:/home/user_adm/ros2_PX4_gz/SwarmZ_ROS2/install/acoustics_simulation_py:/opt/ros/humble /usr/bin/cmake --build /home/user_adm/ros2_PX4_gz/SwarmZ_ROS2/build/px4_msgs -- -j8 -l8
[2.086s] DEBUG:colcon.colcon_core.event_handler.log_command:Invoking command in '/home/user_adm/ros2_PX4_gz/SwarmZ_ROS2/src/swarmz_control_py': PYTHONPATH=/home/user_adm/ros2_PX4_gz/SwarmZ_ROS2/build/swarmz_control_py/prefix_override:/home/user_adm/ros2_PX4_gz/SwarmZ_ROS2/install/swarmz_control_py/lib/python3.10/site-packages:${PYTHONPATH} /usr/bin/python3 setup.py egg_info --egg-base ../../build/swarmz_control_py build --build-base /home/user_adm/ros2_PX4_gz/SwarmZ_ROS2/build/swarmz_control_py/build install --record /home/user_adm/ros2_PX4_gz/SwarmZ_ROS2/build/swarmz_control_py/install.log --single-version-externally-managed
[2.091s] DEBUG:colcon.colcon_core.event_handler.log_command:Invoking command in '/home/user_adm/ros2_PX4_gz/SwarmZ_ROS2/src/acoustics_simulation_py': PYTHONPATH=/home/user_adm/ros2_PX4_gz/SwarmZ_ROS2/build/acoustics_simulation_py/prefix_override:/home/user_adm/ros2_PX4_gz/SwarmZ_ROS2/install/acoustics_simulation_py/lib/python3.10/site-packages:${PYTHONPATH} /usr/bin/python3 setup.py egg_info --egg-base ../../build/acoustics_simulation_py build --build-base /home/user_adm/ros2_PX4_gz/SwarmZ_ROS2/build/acoustics_simulation_py/build install --record /home/user_adm/ros2_PX4_gz/SwarmZ_ROS2/build/acoustics_simulation_py/install.log --single-version-externally-managed
[2.359s] DEBUG:colcon.colcon_core.event_handler.log_command:Invoked command in '/home/user_adm/ros2_PX4_gz/SwarmZ_ROS2/src/swarmz_control_py' returned '0': PYTHONPATH=/home/user_adm/ros2_PX4_gz/SwarmZ_ROS2/build/swarmz_control_py/prefix_override:/home/user_adm/ros2_PX4_gz/SwarmZ_ROS2/install/swarmz_control_py/lib/python3.10/site-packages:${PYTHONPATH} /usr/bin/python3 setup.py egg_info --egg-base ../../build/swarmz_control_py build --build-base /home/user_adm/ros2_PX4_gz/SwarmZ_ROS2/build/swarmz_control_py/build install --record /home/user_adm/ros2_PX4_gz/SwarmZ_ROS2/build/swarmz_control_py/install.log --single-version-externally-managed
[2.371s] Level 1:colcon.colcon_core.environment:checking '/home/user_adm/ros2_PX4_gz/SwarmZ_ROS2/install/swarmz_control_py' for CMake module files
[2.371s] Level 1:colcon.colcon_core.environment:checking '/home/user_adm/ros2_PX4_gz/SwarmZ_ROS2/install/swarmz_control_py' for CMake config files
[2.372s] Level 1:colcon.colcon_core.environment:checking '/home/user_adm/ros2_PX4_gz/SwarmZ_ROS2/install/swarmz_control_py/lib'
[2.372s] Level 1:colcon.colcon_core.environment:checking '/home/user_adm/ros2_PX4_gz/SwarmZ_ROS2/install/swarmz_control_py/bin'
[2.372s] Level 1:colcon.colcon_core.environment:checking '/home/user_adm/ros2_PX4_gz/SwarmZ_ROS2/install/swarmz_control_py/lib/pkgconfig/swarmz_control_py.pc'
[2.372s] Level 1:colcon.colcon_core.environment:checking '/home/user_adm/ros2_PX4_gz/SwarmZ_ROS2/install/swarmz_control_py/lib/python3.10/site-packages'
[2.372s] Level 1:colcon.colcon_core.shell:create_environment_hook('swarmz_control_py', 'pythonpath')
[2.382s] INFO:colcon.colcon_core.shell:Creating environment hook '/home/user_adm/ros2_PX4_gz/SwarmZ_ROS2/install/swarmz_control_py/share/swarmz_control_py/hook/pythonpath.ps1'
[2.383s] INFO:colcon.colcon_core.shell:Creating environment descriptor '/home/user_adm/ros2_PX4_gz/SwarmZ_ROS2/install/swarmz_control_py/share/swarmz_control_py/hook/pythonpath.dsv'
[2.383s] INFO:colcon.colcon_core.shell:Creating environment hook '/home/user_adm/ros2_PX4_gz/SwarmZ_ROS2/install/swarmz_control_py/share/swarmz_control_py/hook/pythonpath.sh'
[2.383s] Level 1:colcon.colcon_core.environment:checking '/home/user_adm/ros2_PX4_gz/SwarmZ_ROS2/install/swarmz_control_py/bin'
[2.383s] Level 1:colcon.colcon_core.environment:create_environment_scripts_only(swarmz_control_py)
[2.394s] INFO:colcon.colcon_core.shell:Creating package script '/home/user_adm/ros2_PX4_gz/SwarmZ_ROS2/install/swarmz_control_py/share/swarmz_control_py/package.ps1'
[2.394s] INFO:colcon.colcon_core.shell:Creating package descriptor '/home/user_adm/ros2_PX4_gz/SwarmZ_ROS2/install/swarmz_control_py/share/swarmz_control_py/package.dsv'
[2.395s] INFO:colcon.colcon_core.shell:Creating package script '/home/user_adm/ros2_PX4_gz/SwarmZ_ROS2/install/swarmz_control_py/share/swarmz_control_py/package.sh'
[2.395s] INFO:colcon.colcon_core.shell:Creating package script '/home/user_adm/ros2_PX4_gz/SwarmZ_ROS2/install/swarmz_control_py/share/swarmz_control_py/package.bash'
[2.396s] INFO:colcon.colcon_core.shell:Creating package script '/home/user_adm/ros2_PX4_gz/SwarmZ_ROS2/install/swarmz_control_py/share/swarmz_control_py/package.zsh'
[2.396s] Level 1:colcon.colcon_core.environment:create_file_with_runtime_dependencies(/home/user_adm/ros2_PX4_gz/SwarmZ_ROS2/install/swarmz_control_py/share/colcon-core/packages/swarmz_control_py)
[2.397s] DEBUG:colcon.colcon_core.event_handler.log_command:Invoked command in '/home/user_adm/ros2_PX4_gz/SwarmZ_ROS2/src/acoustics_simulation_py' returned '0': PYTHONPATH=/home/user_adm/ros2_PX4_gz/SwarmZ_ROS2/build/acoustics_simulation_py/prefix_override:/home/user_adm/ros2_PX4_gz/SwarmZ_ROS2/install/acoustics_simulation_py/lib/python3.10/site-packages:${PYTHONPATH} /usr/bin/python3 setup.py egg_info --egg-base ../../build/acoustics_simulation_py build --build-base /home/user_adm/ros2_PX4_gz/SwarmZ_ROS2/build/acoustics_simulation_py/build install --record /home/user_adm/ros2_PX4_gz/SwarmZ_ROS2/build/acoustics_simulation_py/install.log --single-version-externally-managed
[2.409s] Level 1:colcon.colcon_core.environment:checking '/home/user_adm/ros2_PX4_gz/SwarmZ_ROS2/install/acoustics_simulation_py' for CMake module files
[2.409s] Level 1:colcon.colcon_core.environment:checking '/home/user_adm/ros2_PX4_gz/SwarmZ_ROS2/install/acoustics_simulation_py' for CMake config files
[2.410s] Level 1:colcon.colcon_core.environment:checking '/home/user_adm/ros2_PX4_gz/SwarmZ_ROS2/install/acoustics_simulation_py/lib'
[2.410s] Level 1:colcon.colcon_core.environment:checking '/home/user_adm/ros2_PX4_gz/SwarmZ_ROS2/install/acoustics_simulation_py/bin'
[2.410s] Level 1:colcon.colcon_core.environment:checking '/home/user_adm/ros2_PX4_gz/SwarmZ_ROS2/install/acoustics_simulation_py/lib/pkgconfig/acoustics_simulation_py.pc'
[2.410s] Level 1:colcon.colcon_core.environment:checking '/home/user_adm/ros2_PX4_gz/SwarmZ_ROS2/install/acoustics_simulation_py/lib/python3.10/site-packages'
[2.410s] Level 1:colcon.colcon_core.shell:create_environment_hook('acoustics_simulation_py', 'pythonpath')
[2.421s] INFO:colcon.colcon_core.shell:Creating environment hook '/home/user_adm/ros2_PX4_gz/SwarmZ_ROS2/install/acoustics_simulation_py/share/acoustics_simulation_py/hook/pythonpath.ps1'
[2.421s] INFO:colcon.colcon_core.shell:Creating environment descriptor '/home/user_adm/ros2_PX4_gz/SwarmZ_ROS2/install/acoustics_simulation_py/share/acoustics_simulation_py/hook/pythonpath.dsv'
[2.421s] INFO:colcon.colcon_core.shell:Creating environment hook '/home/user_adm/ros2_PX4_gz/SwarmZ_ROS2/install/acoustics_simulation_py/share/acoustics_simulation_py/hook/pythonpath.sh'
[2.422s] Level 1:colcon.colcon_core.environment:checking '/home/user_adm/ros2_PX4_gz/SwarmZ_ROS2/install/acoustics_simulation_py/bin'
[2.422s] Level 1:colcon.colcon_core.environment:create_environment_scripts_only(acoustics_simulation_py)
[2.436s] INFO:colcon.colcon_core.shell:Creating package script '/home/user_adm/ros2_PX4_gz/SwarmZ_ROS2/install/acoustics_simulation_py/share/acoustics_simulation_py/package.ps1'
[2.437s] INFO:colcon.colcon_core.shell:Creating package descriptor '/home/user_adm/ros2_PX4_gz/SwarmZ_ROS2/install/acoustics_simulation_py/share/acoustics_simulation_py/package.dsv'
[2.437s] INFO:colcon.colcon_core.shell:Creating package script '/home/user_adm/ros2_PX4_gz/SwarmZ_ROS2/install/acoustics_simulation_py/share/acoustics_simulation_py/package.sh'
[2.437s] INFO:colcon.colcon_core.shell:Creating package script '/home/user_adm/ros2_PX4_gz/SwarmZ_ROS2/install/acoustics_simulation_py/share/acoustics_simulation_py/package.bash'
[2.438s] INFO:colcon.colcon_core.shell:Creating package script '/home/user_adm/ros2_PX4_gz/SwarmZ_ROS2/install/acoustics_simulation_py/share/acoustics_simulation_py/package.zsh'
[2.438s] Level 1:colcon.colcon_core.environment:create_file_with_runtime_dependencies(/home/user_adm/ros2_PX4_gz/SwarmZ_ROS2/install/acoustics_simulation_py/share/colcon-core/packages/acoustics_simulation_py)
[4.427s] DEBUG:colcon.colcon_core.event_handler.log_command:Invoking command in '/home/user_adm/ros2_PX4_gz/SwarmZ_ROS2/build/px4_msgs': CMAKE_PREFIX_PATH=${CMAKE_PREFIX_PATH}:/home/user_adm/ros2_PX4_gz/SwarmZ_ROS2/install/swarmz_control_py:/home/user_adm/ros2_PX4_gz/SwarmZ_ROS2/install/px4_velocity_control:/home/user_adm/ros2_PX4_gz/SwarmZ_ROS2/install/acoustics_simulation_py:/opt/ros/humble /usr/bin/cmake --install /home/user_adm/ros2_PX4_gz/SwarmZ_ROS2/build/px4_msgs
[4.614s] Level 1:colcon.colcon_core.environment:create_environment_scripts_only(px4_msgs)
[4.614s] DEBUG:colcon.colcon_core.event_handler.log_command:Invoked command in '/home/user_adm/ros2_PX4_gz/SwarmZ_ROS2/build/px4_msgs' returned '0': CMAKE_PREFIX_PATH=${CMAKE_PREFIX_PATH}:/home/user_adm/ros2_PX4_gz/SwarmZ_ROS2/install/swarmz_control_py:/home/user_adm/ros2_PX4_gz/SwarmZ_ROS2/install/px4_velocity_control:/home/user_adm/ros2_PX4_gz/SwarmZ_ROS2/install/acoustics_simulation_py:/opt/ros/humble /usr/bin/cmake --install /home/user_adm/ros2_PX4_gz/SwarmZ_ROS2/build/px4_msgs
[4.624s] Level 1:colcon.colcon_core.environment:checking '/home/user_adm/ros2_PX4_gz/SwarmZ_ROS2/install/px4_msgs' for CMake module files
[4.625s] Level 1:colcon.colcon_core.environment:checking '/home/user_adm/ros2_PX4_gz/SwarmZ_ROS2/install/px4_msgs' for CMake config files
[4.625s] Level 1:colcon.colcon_core.shell:create_environment_hook('px4_msgs', 'cmake_prefix_path')
[4.636s] INFO:colcon.colcon_core.shell:Creating environment hook '/home/user_adm/ros2_PX4_gz/SwarmZ_ROS2/install/px4_msgs/share/px4_msgs/hook/cmake_prefix_path.ps1'
[4.636s] INFO:colcon.colcon_core.shell:Creating environment descriptor '/home/user_adm/ros2_PX4_gz/SwarmZ_ROS2/install/px4_msgs/share/px4_msgs/hook/cmake_prefix_path.dsv'
[4.636s] INFO:colcon.colcon_core.shell:Creating environment hook '/home/user_adm/ros2_PX4_gz/SwarmZ_ROS2/install/px4_msgs/share/px4_msgs/hook/cmake_prefix_path.sh'
[4.637s] Level 1:colcon.colcon_core.environment:checking '/home/user_adm/ros2_PX4_gz/SwarmZ_ROS2/install/px4_msgs/lib'
[4.637s] Level 1:colcon.colcon_core.shell:create_environment_hook('px4_msgs', 'ld_library_path_lib')
[4.647s] INFO:colcon.colcon_core.shell:Creating environment hook '/home/user_adm/ros2_PX4_gz/SwarmZ_ROS2/install/px4_msgs/share/px4_msgs/hook/ld_library_path_lib.ps1'
[4.648s] INFO:colcon.colcon_core.shell:Creating environment descriptor '/home/user_adm/ros2_PX4_gz/SwarmZ_ROS2/install/px4_msgs/share/px4_msgs/hook/ld_library_path_lib.dsv'
[4.648s] INFO:colcon.colcon_core.shell:Creating environment hook '/home/user_adm/ros2_PX4_gz/SwarmZ_ROS2/install/px4_msgs/share/px4_msgs/hook/ld_library_path_lib.sh'
[4.648s] Level 1:colcon.colcon_core.environment:checking '/home/user_adm/ros2_PX4_gz/SwarmZ_ROS2/install/px4_msgs/bin'
[4.648s] Level 1:colcon.colcon_core.environment:checking '/home/user_adm/ros2_PX4_gz/SwarmZ_ROS2/install/px4_msgs/lib/pkgconfig/px4_msgs.pc'
[4.648s] Level 1:colcon.colcon_core.environment:checking '/home/user_adm/ros2_PX4_gz/SwarmZ_ROS2/install/px4_msgs/lib/python3.10/site-packages'
[4.648s] Level 1:colcon.colcon_core.environment:checking '/home/user_adm/ros2_PX4_gz/SwarmZ_ROS2/install/px4_msgs/bin'
[4.659s] INFO:colcon.colcon_core.shell:Creating package script '/home/user_adm/ros2_PX4_gz/SwarmZ_ROS2/install/px4_msgs/share/px4_msgs/package.ps1'
[4.659s] INFO:colcon.colcon_core.shell:Creating package descriptor '/home/user_adm/ros2_PX4_gz/SwarmZ_ROS2/install/px4_msgs/share/px4_msgs/package.dsv'
[4.660s] INFO:colcon.colcon_core.shell:Creating package script '/home/user_adm/ros2_PX4_gz/SwarmZ_ROS2/install/px4_msgs/share/px4_msgs/package.sh'
[4.660s] INFO:colcon.colcon_core.shell:Creating package script '/home/user_adm/ros2_PX4_gz/SwarmZ_ROS2/install/px4_msgs/share/px4_msgs/package.bash'
[4.660s] INFO:colcon.colcon_core.shell:Creating package script '/home/user_adm/ros2_PX4_gz/SwarmZ_ROS2/install/px4_msgs/share/px4_msgs/package.zsh'
[4.660s] Level 1:colcon.colcon_core.environment:create_file_with_runtime_dependencies(/home/user_adm/ros2_PX4_gz/SwarmZ_ROS2/install/px4_msgs/share/colcon-core/packages/px4_msgs)
[7.247s] Level 1:colcon.colcon_core.environment:create_environment_scripts_only(px4_msgs)
[7.258s] Level 1:colcon.colcon_core.environment:checking '/home/user_adm/ros2_PX4_gz/SwarmZ_ROS2/install/px4_msgs' for CMake module files
[7.258s] Level 1:colcon.colcon_core.environment:checking '/home/user_adm/ros2_PX4_gz/SwarmZ_ROS2/install/px4_msgs' for CMake config files
[7.258s] Level 1:colcon.colcon_core.shell:create_environment_hook('px4_msgs', 'cmake_prefix_path')
[7.268s] INFO:colcon.colcon_core.shell:Creating environment hook '/home/user_adm/ros2_PX4_gz/SwarmZ_ROS2/install/px4_msgs/share/px4_msgs/hook/cmake_prefix_path.ps1'
[7.269s] INFO:colcon.colcon_core.shell:Creating environment descriptor '/home/user_adm/ros2_PX4_gz/SwarmZ_ROS2/install/px4_msgs/share/px4_msgs/hook/cmake_prefix_path.dsv'
[7.269s] INFO:colcon.colcon_core.shell:Creating environment hook '/home/user_adm/ros2_PX4_gz/SwarmZ_ROS2/install/px4_msgs/share/px4_msgs/hook/cmake_prefix_path.sh'
[7.269s] Level 1:colcon.colcon_core.environment:checking '/home/user_adm/ros2_PX4_gz/SwarmZ_ROS2/install/px4_msgs/lib'
[7.269s] Level 1:colcon.colcon_core.shell:create_environment_hook('px4_msgs', 'ld_library_path_lib')
[7.280s] INFO:colcon.colcon_core.shell:Creating environment hook '/home/user_adm/ros2_PX4_gz/SwarmZ_ROS2/install/px4_msgs/share/px4_msgs/hook/ld_library_path_lib.ps1'
[7.280s] INFO:colcon.colcon_core.shell:Creating environment descriptor '/home/user_adm/ros2_PX4_gz/SwarmZ_ROS2/install/px4_msgs/share/px4_msgs/hook/ld_library_path_lib.dsv'
[7.280s] INFO:colcon.colcon_core.shell:Creating environment hook '/home/user_adm/ros2_PX4_gz/SwarmZ_ROS2/install/px4_msgs/share/px4_msgs/hook/ld_library_path_lib.sh'
[7.280s] Level 1:colcon.colcon_core.environment:checking '/home/user_adm/ros2_PX4_gz/SwarmZ_ROS2/install/px4_msgs/bin'
[7.281s] Level 1:colcon.colcon_core.environment:checking '/home/user_adm/ros2_PX4_gz/SwarmZ_ROS2/install/px4_msgs/lib/pkgconfig/px4_msgs.pc'
[7.281s] Level 1:colcon.colcon_core.environment:checking '/home/user_adm/ros2_PX4_gz/SwarmZ_ROS2/install/px4_msgs/lib/python3.10/site-packages'
[7.281s] Level 1:colcon.colcon_core.environment:checking '/home/user_adm/ros2_PX4_gz/SwarmZ_ROS2/install/px4_msgs/bin'
[7.292s] INFO:colcon.colcon_core.shell:Creating package script '/home/user_adm/ros2_PX4_gz/SwarmZ_ROS2/install/px4_msgs/share/px4_msgs/package.ps1'
[7.292s] INFO:colcon.colcon_core.shell:Creating package descriptor '/home/user_adm/ros2_PX4_gz/SwarmZ_ROS2/install/px4_msgs/share/px4_msgs/package.dsv'
[7.292s] INFO:colcon.colcon_core.shell:Creating package script '/home/user_adm/ros2_PX4_gz/SwarmZ_ROS2/install/px4_msgs/share/px4_msgs/package.sh'
[7.293s] INFO:colcon.colcon_core.shell:Creating package script '/home/user_adm/ros2_PX4_gz/SwarmZ_ROS2/install/px4_msgs/share/px4_msgs/package.bash'
[7.293s] INFO:colcon.colcon_core.shell:Creating package script '/home/user_adm/ros2_PX4_gz/SwarmZ_ROS2/install/px4_msgs/share/px4_msgs/package.zsh'
[7.293s] Level 1:colcon.colcon_core.environment:create_file_with_runtime_dependencies(/home/user_adm/ros2_PX4_gz/SwarmZ_ROS2/install/px4_msgs/share/colcon-core/packages/px4_msgs)
[7.294s] INFO:colcon.colcon_ros.task.ament_cmake.build:Building ROS package in '/home/user_adm/ros2_PX4_gz/SwarmZ_ROS2/src/acoustics_simulation_cpp' with build type 'ament_cmake'
[7.294s] INFO:colcon.colcon_cmake.task.cmake.build:Building CMake package in '/home/user_adm/ros2_PX4_gz/SwarmZ_ROS2/src/acoustics_simulation_cpp'
[7.305s] INFO:colcon.colcon_core.shell:Skip shell extension 'powershell' for command environment: Not usable outside of PowerShell
[7.305s] DEBUG:colcon.colcon_core.shell:Skip shell extension 'dsv' for command environment
[7.350s] INFO:colcon.colcon_ros.task.ament_cmake.build:Building ROS package in '/home/user_adm/ros2_PX4_gz/SwarmZ_ROS2/src/offboard_control_cpp' with build type 'ament_cmake'
[7.350s] INFO:colcon.colcon_cmake.task.cmake.build:Building CMake package in '/home/user_adm/ros2_PX4_gz/SwarmZ_ROS2/src/offboard_control_cpp'
[7.362s] INFO:colcon.colcon_core.shell:Skip shell extension 'powershell' for command environment: Not usable outside of PowerShell
[7.362s] DEBUG:colcon.colcon_core.shell:Skip shell extension 'dsv' for command environment
[7.396s] INFO:colcon.colcon_ros.task.ament_cmake.build:Building ROS package in '/home/user_adm/ros2_PX4_gz/SwarmZ_ROS2/src/px4_ros_com' with build type 'ament_cmake'
[7.396s] INFO:colcon.colcon_cmake.task.cmake.build:Building CMake package in '/home/user_adm/ros2_PX4_gz/SwarmZ_ROS2/src/px4_ros_com'
[7.407s] INFO:colcon.colcon_core.shell:Skip shell extension 'powershell' for command environment: Not usable outside of PowerShell
[7.407s] DEBUG:colcon.colcon_core.shell:Skip shell extension 'dsv' for command environment
[7.443s] INFO:colcon.colcon_ros.task.ament_python.build:Building ROS package in '/home/user_adm/ros2_PX4_gz/SwarmZ_ROS2/src/ROS2_PX4_Velocity_Control/px4_velocity_control' with build type 'ament_python'
[7.443s] Level 1:colcon.colcon_core.shell:create_environment_hook('px4_velocity_control', 'ament_prefix_path')
[7.455s] INFO:colcon.colcon_core.shell:Creating environment hook '/home/user_adm/ros2_PX4_gz/SwarmZ_ROS2/install/px4_velocity_control/share/px4_velocity_control/hook/ament_prefix_path.ps1'
[7.456s] INFO:colcon.colcon_core.shell:Creating environment descriptor '/home/user_adm/ros2_PX4_gz/SwarmZ_ROS2/install/px4_velocity_control/share/px4_velocity_control/hook/ament_prefix_path.dsv'
[7.456s] INFO:colcon.colcon_core.shell:Creating environment hook '/home/user_adm/ros2_PX4_gz/SwarmZ_ROS2/install/px4_velocity_control/share/px4_velocity_control/hook/ament_prefix_path.sh'
[7.468s] INFO:colcon.colcon_core.shell:Skip shell extension 'powershell' for command environment: Not usable outside of PowerShell
[7.468s] DEBUG:colcon.colcon_core.shell:Skip shell extension 'dsv' for command environment
[7.505s] DEBUG:colcon.colcon_core.event_handler.log_command:Invoking command in '/home/user_adm/ros2_PX4_gz/SwarmZ_ROS2/build/acoustics_simulation_cpp': CMAKE_PREFIX_PATH=/home/user_adm/ros2_PX4_gz/SwarmZ_ROS2/install/px4_msgs:/home/user_adm/ros2_PX4_gz/SwarmZ_ROS2/install/px4_ros_com:/home/user_adm/ros2_PX4_gz/SwarmZ_ROS2/install/offboard_control_cpp:/home/user_adm/ros2_PX4_gz/SwarmZ_ROS2/install/acoustics_simulation_cpp:/home/user_adm/ros2_PX4_gz/SwarmZ_ROS2/install/swarmz_control_py:/home/user_adm/ros2_PX4_gz/SwarmZ_ROS2/install/px4_velocity_control:/home/user_adm/ros2_PX4_gz/SwarmZ_ROS2/install/acoustics_simulation_py:/opt/ros/humble LD_LIBRARY_PATH=/home/user_adm/ros2_PX4_gz/SwarmZ_ROS2/install/px4_msgs/lib:/home/user_adm/ros2_PX4_gz/SwarmZ_ROS2/install/px4_ros_com/lib:/opt/ros/humble/opt/rviz_ogre_vendor/lib:/opt/ros/humble/lib/x86_64-linux-gnu:/opt/ros/humble/lib /usr/bin/cmake --build /home/user_adm/ros2_PX4_gz/SwarmZ_ROS2/build/acoustics_simulation_cpp -- -j8 -l8
[7.507s] DEBUG:colcon.colcon_core.event_handler.log_command:Invoking command in '/home/user_adm/ros2_PX4_gz/SwarmZ_ROS2/build/offboard_control_cpp': CMAKE_PREFIX_PATH=/home/user_adm/ros2_PX4_gz/SwarmZ_ROS2/install/px4_msgs:/home/user_adm/ros2_PX4_gz/SwarmZ_ROS2/install/px4_ros_com:/home/user_adm/ros2_PX4_gz/SwarmZ_ROS2/install/offboard_control_cpp:/home/user_adm/ros2_PX4_gz/SwarmZ_ROS2/install/acoustics_simulation_cpp:/home/user_adm/ros2_PX4_gz/SwarmZ_ROS2/install/swarmz_control_py:/home/user_adm/ros2_PX4_gz/SwarmZ_ROS2/install/px4_velocity_control:/home/user_adm/ros2_PX4_gz/SwarmZ_ROS2/install/acoustics_simulation_py:/opt/ros/humble LD_LIBRARY_PATH=/home/user_adm/ros2_PX4_gz/SwarmZ_ROS2/install/px4_msgs/lib:/home/user_adm/ros2_PX4_gz/SwarmZ_ROS2/install/px4_ros_com/lib:/opt/ros/humble/opt/rviz_ogre_vendor/lib:/opt/ros/humble/lib/x86_64-linux-gnu:/opt/ros/humble/lib /usr/bin/cmake --build /home/user_adm/ros2_PX4_gz/SwarmZ_ROS2/build/offboard_control_cpp -- -j8 -l8
[7.509s] DEBUG:colcon.colcon_core.event_handler.log_command:Invoking command in '/home/user_adm/ros2_PX4_gz/SwarmZ_ROS2/build/px4_ros_com': CMAKE_PREFIX_PATH=/home/user_adm/ros2_PX4_gz/SwarmZ_ROS2/install/px4_msgs:/home/user_adm/ros2_PX4_gz/SwarmZ_ROS2/install/px4_ros_com:/home/user_adm/ros2_PX4_gz/SwarmZ_ROS2/install/offboard_control_cpp:/home/user_adm/ros2_PX4_gz/SwarmZ_ROS2/install/acoustics_simulation_cpp:/home/user_adm/ros2_PX4_gz/SwarmZ_ROS2/install/swarmz_control_py:/home/user_adm/ros2_PX4_gz/SwarmZ_ROS2/install/px4_velocity_control:/home/user_adm/ros2_PX4_gz/SwarmZ_ROS2/install/acoustics_simulation_py:/opt/ros/humble LD_LIBRARY_PATH=/home/user_adm/ros2_PX4_gz/SwarmZ_ROS2/install/px4_msgs/lib:/home/user_adm/ros2_PX4_gz/SwarmZ_ROS2/install/px4_ros_com/lib:/opt/ros/humble/opt/rviz_ogre_vendor/lib:/opt/ros/humble/lib/x86_64-linux-gnu:/opt/ros/humble/lib /usr/bin/cmake --build /home/user_adm/ros2_PX4_gz/SwarmZ_ROS2/build/px4_ros_com -- -j8 -l8
[7.752s] INFO:colcon.colcon_core.task.python.build:Building Python package in '/home/user_adm/ros2_PX4_gz/SwarmZ_ROS2/src/ROS2_PX4_Velocity_Control/px4_velocity_control'
[7.762s] INFO:colcon.colcon_core.shell:Skip shell extension 'powershell' for command environment: Not usable outside of PowerShell
[7.762s] DEBUG:colcon.colcon_core.shell:Skip shell extension 'dsv' for command environment
[7.795s] DEBUG:colcon.colcon_core.event_handler.log_command:Invoked command in '/home/user_adm/ros2_PX4_gz/SwarmZ_ROS2/build/acoustics_simulation_cpp' returned '0': CMAKE_PREFIX_PATH=/home/user_adm/ros2_PX4_gz/SwarmZ_ROS2/install/px4_msgs:/home/user_adm/ros2_PX4_gz/SwarmZ_ROS2/install/px4_ros_com:/home/user_adm/ros2_PX4_gz/SwarmZ_ROS2/install/offboard_control_cpp:/home/user_adm/ros2_PX4_gz/SwarmZ_ROS2/install/acoustics_simulation_cpp:/home/user_adm/ros2_PX4_gz/SwarmZ_ROS2/install/swarmz_control_py:/home/user_adm/ros2_PX4_gz/SwarmZ_ROS2/install/px4_velocity_control:/home/user_adm/ros2_PX4_gz/SwarmZ_ROS2/install/acoustics_simulation_py:/opt/ros/humble LD_LIBRARY_PATH=/home/user_adm/ros2_PX4_gz/SwarmZ_ROS2/install/px4_msgs/lib:/home/user_adm/ros2_PX4_gz/SwarmZ_ROS2/install/px4_ros_com/lib:/opt/ros/humble/opt/rviz_ogre_vendor/lib:/opt/ros/humble/lib/x86_64-linux-gnu:/opt/ros/humble/lib /usr/bin/cmake --build /home/user_adm/ros2_PX4_gz/SwarmZ_ROS2/build/acoustics_simulation_cpp -- -j8 -l8
[7.796s] DEBUG:colcon.colcon_core.event_handler.log_command:Invoked command in '/home/user_adm/ros2_PX4_gz/SwarmZ_ROS2/build/offboard_control_cpp' returned '0': CMAKE_PREFIX_PATH=/home/user_adm/ros2_PX4_gz/SwarmZ_ROS2/install/px4_msgs:/home/user_adm/ros2_PX4_gz/SwarmZ_ROS2/install/px4_ros_com:/home/user_adm/ros2_PX4_gz/SwarmZ_ROS2/install/offboard_control_cpp:/home/user_adm/ros2_PX4_gz/SwarmZ_ROS2/install/acoustics_simulation_cpp:/home/user_adm/ros2_PX4_gz/SwarmZ_ROS2/install/swarmz_control_py:/home/user_adm/ros2_PX4_gz/SwarmZ_ROS2/install/px4_velocity_control:/home/user_adm/ros2_PX4_gz/SwarmZ_ROS2/install/acoustics_simulation_py:/opt/ros/humble LD_LIBRARY_PATH=/home/user_adm/ros2_PX4_gz/SwarmZ_ROS2/install/px4_msgs/lib:/home/user_adm/ros2_PX4_gz/SwarmZ_ROS2/install/px4_ros_com/lib:/opt/ros/humble/opt/rviz_ogre_vendor/lib:/opt/ros/humble/lib/x86_64-linux-gnu:/opt/ros/humble/lib /usr/bin/cmake --build /home/user_adm/ros2_PX4_gz/SwarmZ_ROS2/build/offboard_control_cpp -- -j8 -l8
[7.797s] DEBUG:colcon.colcon_core.event_handler.log_command:Invoked command in '/home/user_adm/ros2_PX4_gz/SwarmZ_ROS2/build/px4_ros_com' returned '0': CMAKE_PREFIX_PATH=/home/user_adm/ros2_PX4_gz/SwarmZ_ROS2/install/px4_msgs:/home/user_adm/ros2_PX4_gz/SwarmZ_ROS2/install/px4_ros_com:/home/user_adm/ros2_PX4_gz/SwarmZ_ROS2/install/offboard_control_cpp:/home/user_adm/ros2_PX4_gz/SwarmZ_ROS2/install/acoustics_simulation_cpp:/home/user_adm/ros2_PX4_gz/SwarmZ_ROS2/install/swarmz_control_py:/home/user_adm/ros2_PX4_gz/SwarmZ_ROS2/install/px4_velocity_control:/home/user_adm/ros2_PX4_gz/SwarmZ_ROS2/install/acoustics_simulation_py:/opt/ros/humble LD_LIBRARY_PATH=/home/user_adm/ros2_PX4_gz/SwarmZ_ROS2/install/px4_msgs/lib:/home/user_adm/ros2_PX4_gz/SwarmZ_ROS2/install/px4_ros_com/lib:/opt/ros/humble/opt/rviz_ogre_vendor/lib:/opt/ros/humble/lib/x86_64-linux-gnu:/opt/ros/humble/lib /usr/bin/cmake --build /home/user_adm/ros2_PX4_gz/SwarmZ_ROS2/build/px4_ros_com -- -j8 -l8
[7.813s] DEBUG:colcon.colcon_core.event_handler.log_command:Invoking command in '/home/user_adm/ros2_PX4_gz/SwarmZ_ROS2/build/acoustics_simulation_cpp': CMAKE_PREFIX_PATH=/home/user_adm/ros2_PX4_gz/SwarmZ_ROS2/install/px4_msgs:/home/user_adm/ros2_PX4_gz/SwarmZ_ROS2/install/px4_ros_com:/home/user_adm/ros2_PX4_gz/SwarmZ_ROS2/install/offboard_control_cpp:/home/user_adm/ros2_PX4_gz/SwarmZ_ROS2/install/acoustics_simulation_cpp:/home/user_adm/ros2_PX4_gz/SwarmZ_ROS2/install/swarmz_control_py:/home/user_adm/ros2_PX4_gz/SwarmZ_ROS2/install/px4_velocity_control:/home/user_adm/ros2_PX4_gz/SwarmZ_ROS2/install/acoustics_simulation_py:/opt/ros/humble LD_LIBRARY_PATH=/home/user_adm/ros2_PX4_gz/SwarmZ_ROS2/install/px4_msgs/lib:/home/user_adm/ros2_PX4_gz/SwarmZ_ROS2/install/px4_ros_com/lib:/opt/ros/humble/opt/rviz_ogre_vendor/lib:/opt/ros/humble/lib/x86_64-linux-gnu:/opt/ros/humble/lib /usr/bin/cmake --install /home/user_adm/ros2_PX4_gz/SwarmZ_ROS2/build/acoustics_simulation_cpp
[7.815s] DEBUG:colcon.colcon_core.event_handler.log_command:Invoking command in '/home/user_adm/ros2_PX4_gz/SwarmZ_ROS2/build/offboard_control_cpp': CMAKE_PREFIX_PATH=/home/user_adm/ros2_PX4_gz/SwarmZ_ROS2/install/px4_msgs:/home/user_adm/ros2_PX4_gz/SwarmZ_ROS2/install/px4_ros_com:/home/user_adm/ros2_PX4_gz/SwarmZ_ROS2/install/offboard_control_cpp:/home/user_adm/ros2_PX4_gz/SwarmZ_ROS2/install/acoustics_simulation_cpp:/home/user_adm/ros2_PX4_gz/SwarmZ_ROS2/install/swarmz_control_py:/home/user_adm/ros2_PX4_gz/SwarmZ_ROS2/install/px4_velocity_control:/home/user_adm/ros2_PX4_gz/SwarmZ_ROS2/install/acoustics_simulation_py:/opt/ros/humble LD_LIBRARY_PATH=/home/user_adm/ros2_PX4_gz/SwarmZ_ROS2/install/px4_msgs/lib:/home/user_adm/ros2_PX4_gz/SwarmZ_ROS2/install/px4_ros_com/lib:/opt/ros/humble/opt/rviz_ogre_vendor/lib:/opt/ros/humble/lib/x86_64-linux-gnu:/opt/ros/humble/lib /usr/bin/cmake --install /home/user_adm/ros2_PX4_gz/SwarmZ_ROS2/build/offboard_control_cpp
[7.820s] Level 1:colcon.colcon_core.environment:create_environment_scripts_only(acoustics_simulation_cpp)
[7.821s] DEBUG:colcon.colcon_core.event_handler.log_command:Invoked command in '/home/user_adm/ros2_PX4_gz/SwarmZ_ROS2/build/acoustics_simulation_cpp' returned '0': CMAKE_PREFIX_PATH=/home/user_adm/ros2_PX4_gz/SwarmZ_ROS2/install/px4_msgs:/home/user_adm/ros2_PX4_gz/SwarmZ_ROS2/install/px4_ros_com:/home/user_adm/ros2_PX4_gz/SwarmZ_ROS2/install/offboard_control_cpp:/home/user_adm/ros2_PX4_gz/SwarmZ_ROS2/install/acoustics_simulation_cpp:/home/user_adm/ros2_PX4_gz/SwarmZ_ROS2/install/swarmz_control_py:/home/user_adm/ros2_PX4_gz/SwarmZ_ROS2/install/px4_velocity_control:/home/user_adm/ros2_PX4_gz/SwarmZ_ROS2/install/acoustics_simulation_py:/opt/ros/humble LD_LIBRARY_PATH=/home/user_adm/ros2_PX4_gz/SwarmZ_ROS2/install/px4_msgs/lib:/home/user_adm/ros2_PX4_gz/SwarmZ_ROS2/install/px4_ros_com/lib:/opt/ros/humble/opt/rviz_ogre_vendor/lib:/opt/ros/humble/lib/x86_64-linux-gnu:/opt/ros/humble/lib /usr/bin/cmake --install /home/user_adm/ros2_PX4_gz/SwarmZ_ROS2/build/acoustics_simulation_cpp
[7.841s] Level 1:colcon.colcon_core.environment:checking '/home/user_adm/ros2_PX4_gz/SwarmZ_ROS2/install/acoustics_simulation_cpp' for CMake module files
[7.842s] Level 1:colcon.colcon_core.environment:checking '/home/user_adm/ros2_PX4_gz/SwarmZ_ROS2/install/acoustics_simulation_cpp' for CMake config files
[7.842s] Level 1:colcon.colcon_core.shell:create_environment_hook('acoustics_simulation_cpp', 'cmake_prefix_path')
[7.857s] INFO:colcon.colcon_core.shell:Creating environment hook '/home/user_adm/ros2_PX4_gz/SwarmZ_ROS2/install/acoustics_simulation_cpp/share/acoustics_simulation_cpp/hook/cmake_prefix_path.ps1'
[7.858s] INFO:colcon.colcon_core.shell:Creating environment descriptor '/home/user_adm/ros2_PX4_gz/SwarmZ_ROS2/install/acoustics_simulation_cpp/share/acoustics_simulation_cpp/hook/cmake_prefix_path.dsv'
[7.858s] INFO:colcon.colcon_core.shell:Creating environment hook '/home/user_adm/ros2_PX4_gz/SwarmZ_ROS2/install/acoustics_simulation_cpp/share/acoustics_simulation_cpp/hook/cmake_prefix_path.sh'
[7.858s] Level 1:colcon.colcon_core.environment:checking '/home/user_adm/ros2_PX4_gz/SwarmZ_ROS2/install/acoustics_simulation_cpp/lib'
[7.858s] Level 1:colcon.colcon_core.environment:checking '/home/user_adm/ros2_PX4_gz/SwarmZ_ROS2/install/acoustics_simulation_cpp/bin'
[7.858s] Level 1:colcon.colcon_core.environment:checking '/home/user_adm/ros2_PX4_gz/SwarmZ_ROS2/install/acoustics_simulation_cpp/lib/pkgconfig/acoustics_simulation_cpp.pc'
[7.858s] Level 1:colcon.colcon_core.environment:checking '/home/user_adm/ros2_PX4_gz/SwarmZ_ROS2/install/acoustics_simulation_cpp/lib/python3.10/site-packages'
[7.859s] Level 1:colcon.colcon_core.environment:checking '/home/user_adm/ros2_PX4_gz/SwarmZ_ROS2/install/acoustics_simulation_cpp/bin'
[7.869s] INFO:colcon.colcon_core.shell:Creating package script '/home/user_adm/ros2_PX4_gz/SwarmZ_ROS2/install/acoustics_simulation_cpp/share/acoustics_simulation_cpp/package.ps1'
[7.869s] INFO:colcon.colcon_core.shell:Creating package descriptor '/home/user_adm/ros2_PX4_gz/SwarmZ_ROS2/install/acoustics_simulation_cpp/share/acoustics_simulation_cpp/package.dsv'
[7.870s] INFO:colcon.colcon_core.shell:Creating package script '/home/user_adm/ros2_PX4_gz/SwarmZ_ROS2/install/acoustics_simulation_cpp/share/acoustics_simulation_cpp/package.sh'
[7.870s] INFO:colcon.colcon_core.shell:Creating package script '/home/user_adm/ros2_PX4_gz/SwarmZ_ROS2/install/acoustics_simulation_cpp/share/acoustics_simulation_cpp/package.bash'
[7.870s] INFO:colcon.colcon_core.shell:Creating package script '/home/user_adm/ros2_PX4_gz/SwarmZ_ROS2/install/acoustics_simulation_cpp/share/acoustics_simulation_cpp/package.zsh'
[7.870s] Level 1:colcon.colcon_core.environment:create_file_with_runtime_dependencies(/home/user_adm/ros2_PX4_gz/SwarmZ_ROS2/install/acoustics_simulation_cpp/share/colcon-core/packages/acoustics_simulation_cpp)
[7.873s] DEBUG:colcon.colcon_core.event_handler.log_command:Invoking command in '/home/user_adm/ros2_PX4_gz/SwarmZ_ROS2/build/px4_ros_com': CMAKE_PREFIX_PATH=/home/user_adm/ros2_PX4_gz/SwarmZ_ROS2/install/px4_msgs:/home/user_adm/ros2_PX4_gz/SwarmZ_ROS2/install/px4_ros_com:/home/user_adm/ros2_PX4_gz/SwarmZ_ROS2/install/offboard_control_cpp:/home/user_adm/ros2_PX4_gz/SwarmZ_ROS2/install/acoustics_simulation_cpp:/home/user_adm/ros2_PX4_gz/SwarmZ_ROS2/install/swarmz_control_py:/home/user_adm/ros2_PX4_gz/SwarmZ_ROS2/install/px4_velocity_control:/home/user_adm/ros2_PX4_gz/SwarmZ_ROS2/install/acoustics_simulation_py:/opt/ros/humble LD_LIBRARY_PATH=/home/user_adm/ros2_PX4_gz/SwarmZ_ROS2/install/px4_msgs/lib:/home/user_adm/ros2_PX4_gz/SwarmZ_ROS2/install/px4_ros_com/lib:/opt/ros/humble/opt/rviz_ogre_vendor/lib:/opt/ros/humble/lib/x86_64-linux-gnu:/opt/ros/humble/lib /usr/bin/cmake --install /home/user_adm/ros2_PX4_gz/SwarmZ_ROS2/build/px4_ros_com
[7.873s] Level 1:colcon.colcon_core.environment:create_environment_scripts_only(offboard_control_cpp)
[7.874s] DEBUG:colcon.colcon_core.event_handler.log_command:Invoked command in '/home/user_adm/ros2_PX4_gz/SwarmZ_ROS2/build/offboard_control_cpp' returned '0': CMAKE_PREFIX_PATH=/home/user_adm/ros2_PX4_gz/SwarmZ_ROS2/install/px4_msgs:/home/user_adm/ros2_PX4_gz/SwarmZ_ROS2/install/px4_ros_com:/home/user_adm/ros2_PX4_gz/SwarmZ_ROS2/install/offboard_control_cpp:/home/user_adm/ros2_PX4_gz/SwarmZ_ROS2/install/acoustics_simulation_cpp:/home/user_adm/ros2_PX4_gz/SwarmZ_ROS2/install/swarmz_control_py:/home/user_adm/ros2_PX4_gz/SwarmZ_ROS2/install/px4_velocity_control:/home/user_adm/ros2_PX4_gz/SwarmZ_ROS2/install/acoustics_simulation_py:/opt/ros/humble LD_LIBRARY_PATH=/home/user_adm/ros2_PX4_gz/SwarmZ_ROS2/install/px4_msgs/lib:/home/user_adm/ros2_PX4_gz/SwarmZ_ROS2/install/px4_ros_com/lib:/opt/ros/humble/opt/rviz_ogre_vendor/lib:/opt/ros/humble/lib/x86_64-linux-gnu:/opt/ros/humble/lib /usr/bin/cmake --install /home/user_adm/ros2_PX4_gz/SwarmZ_ROS2/build/offboard_control_cpp
[7.897s] Level 1:colcon.colcon_core.environment:checking '/home/user_adm/ros2_PX4_gz/SwarmZ_ROS2/install/offboard_control_cpp' for CMake module files
[7.897s] Level 1:colcon.colcon_core.environment:checking '/home/user_adm/ros2_PX4_gz/SwarmZ_ROS2/install/offboard_control_cpp' for CMake config files
[7.897s] Level 1:colcon.colcon_core.shell:create_environment_hook('offboard_control_cpp', 'cmake_prefix_path')
[7.916s] INFO:colcon.colcon_core.shell:Creating environment hook '/home/user_adm/ros2_PX4_gz/SwarmZ_ROS2/install/offboard_control_cpp/share/offboard_control_cpp/hook/cmake_prefix_path.ps1'
[7.916s] INFO:colcon.colcon_core.shell:Creating environment descriptor '/home/user_adm/ros2_PX4_gz/SwarmZ_ROS2/install/offboard_control_cpp/share/offboard_control_cpp/hook/cmake_prefix_path.dsv'
[7.916s] INFO:colcon.colcon_core.shell:Creating environment hook '/home/user_adm/ros2_PX4_gz/SwarmZ_ROS2/install/offboard_control_cpp/share/offboard_control_cpp/hook/cmake_prefix_path.sh'
[7.917s] Level 1:colcon.colcon_core.environment:checking '/home/user_adm/ros2_PX4_gz/SwarmZ_ROS2/install/offboard_control_cpp/lib'
[7.917s] Level 1:colcon.colcon_core.environment:checking '/home/user_adm/ros2_PX4_gz/SwarmZ_ROS2/install/offboard_control_cpp/bin'
[7.917s] Level 1:colcon.colcon_core.environment:checking '/home/user_adm/ros2_PX4_gz/SwarmZ_ROS2/install/offboard_control_cpp/lib/pkgconfig/offboard_control_cpp.pc'
[7.917s] Level 1:colcon.colcon_core.environment:checking '/home/user_adm/ros2_PX4_gz/SwarmZ_ROS2/install/offboard_control_cpp/lib/python3.10/site-packages'
[7.917s] Level 1:colcon.colcon_core.environment:checking '/home/user_adm/ros2_PX4_gz/SwarmZ_ROS2/install/offboard_control_cpp/bin'
[7.928s] INFO:colcon.colcon_core.shell:Creating package script '/home/user_adm/ros2_PX4_gz/SwarmZ_ROS2/install/offboard_control_cpp/share/offboard_control_cpp/package.ps1'
[7.928s] INFO:colcon.colcon_core.shell:Creating package descriptor '/home/user_adm/ros2_PX4_gz/SwarmZ_ROS2/install/offboard_control_cpp/share/offboard_control_cpp/package.dsv'
[7.929s] INFO:colcon.colcon_core.shell:Creating package script '/home/user_adm/ros2_PX4_gz/SwarmZ_ROS2/install/offboard_control_cpp/share/offboard_control_cpp/package.sh'
[7.929s] INFO:colcon.colcon_core.shell:Creating package script '/home/user_adm/ros2_PX4_gz/SwarmZ_ROS2/install/offboard_control_cpp/share/offboard_control_cpp/package.bash'
[7.929s] INFO:colcon.colcon_core.shell:Creating package script '/home/user_adm/ros2_PX4_gz/SwarmZ_ROS2/install/offboard_control_cpp/share/offboard_control_cpp/package.zsh'
[7.929s] Level 1:colcon.colcon_core.environment:create_file_with_runtime_dependencies(/home/user_adm/ros2_PX4_gz/SwarmZ_ROS2/install/offboard_control_cpp/share/colcon-core/packages/offboard_control_cpp)
[7.942s] Level 1:colcon.colcon_core.environment:create_environment_scripts_only(acoustics_simulation_cpp)
[7.958s] Level 1:colcon.colcon_core.environment:checking '/home/user_adm/ros2_PX4_gz/SwarmZ_ROS2/install/acoustics_simulation_cpp' for CMake module files
[7.958s] Level 1:colcon.colcon_core.environment:checking '/home/user_adm/ros2_PX4_gz/SwarmZ_ROS2/install/acoustics_simulation_cpp' for CMake config files
[7.958s] Level 1:colcon.colcon_core.shell:create_environment_hook('acoustics_simulation_cpp', 'cmake_prefix_path')
[7.972s] INFO:colcon.colcon_core.shell:Creating environment hook '/home/user_adm/ros2_PX4_gz/SwarmZ_ROS2/install/acoustics_simulation_cpp/share/acoustics_simulation_cpp/hook/cmake_prefix_path.ps1'
[7.973s] INFO:colcon.colcon_core.shell:Creating environment descriptor '/home/user_adm/ros2_PX4_gz/SwarmZ_ROS2/install/acoustics_simulation_cpp/share/acoustics_simulation_cpp/hook/cmake_prefix_path.dsv'
[7.973s] INFO:colcon.colcon_core.shell:Creating environment hook '/home/user_adm/ros2_PX4_gz/SwarmZ_ROS2/install/acoustics_simulation_cpp/share/acoustics_simulation_cpp/hook/cmake_prefix_path.sh'
[7.973s] Level 1:colcon.colcon_core.environment:checking '/home/user_adm/ros2_PX4_gz/SwarmZ_ROS2/install/acoustics_simulation_cpp/lib'
[7.973s] Level 1:colcon.colcon_core.environment:checking '/home/user_adm/ros2_PX4_gz/SwarmZ_ROS2/install/acoustics_simulation_cpp/bin'
[7.973s] Level 1:colcon.colcon_core.environment:checking '/home/user_adm/ros2_PX4_gz/SwarmZ_ROS2/install/acoustics_simulation_cpp/lib/pkgconfig/acoustics_simulation_cpp.pc'
[7.974s] Level 1:colcon.colcon_core.environment:checking '/home/user_adm/ros2_PX4_gz/SwarmZ_ROS2/install/acoustics_simulation_cpp/lib/python3.10/site-packages'
[7.974s] Level 1:colcon.colcon_core.environment:checking '/home/user_adm/ros2_PX4_gz/SwarmZ_ROS2/install/acoustics_simulation_cpp/bin'
[7.988s] INFO:colcon.colcon_core.shell:Creating package script '/home/user_adm/ros2_PX4_gz/SwarmZ_ROS2/install/acoustics_simulation_cpp/share/acoustics_simulation_cpp/package.ps1'
[7.989s] INFO:colcon.colcon_core.shell:Creating package descriptor '/home/user_adm/ros2_PX4_gz/SwarmZ_ROS2/install/acoustics_simulation_cpp/share/acoustics_simulation_cpp/package.dsv'
[7.989s] INFO:colcon.colcon_core.shell:Creating package script '/home/user_adm/ros2_PX4_gz/SwarmZ_ROS2/install/acoustics_simulation_cpp/share/acoustics_simulation_cpp/package.sh'
[7.989s] INFO:colcon.colcon_core.shell:Creating package script '/home/user_adm/ros2_PX4_gz/SwarmZ_ROS2/install/acoustics_simulation_cpp/share/acoustics_simulation_cpp/package.bash'
[7.989s] INFO:colcon.colcon_core.shell:Creating package script '/home/user_adm/ros2_PX4_gz/SwarmZ_ROS2/install/acoustics_simulation_cpp/share/acoustics_simulation_cpp/package.zsh'
[7.990s] Level 1:colcon.colcon_core.environment:create_file_with_runtime_dependencies(/home/user_adm/ros2_PX4_gz/SwarmZ_ROS2/install/acoustics_simulation_cpp/share/colcon-core/packages/acoustics_simulation_cpp)
[7.990s] Level 1:colcon.colcon_core.environment:create_environment_scripts_only(px4_ros_com)
[7.992s] DEBUG:colcon.colcon_core.event_handler.log_command:Invoked command in '/home/user_adm/ros2_PX4_gz/SwarmZ_ROS2/build/px4_ros_com' returned '0': CMAKE_PREFIX_PATH=/home/user_adm/ros2_PX4_gz/SwarmZ_ROS2/install/px4_msgs:/home/user_adm/ros2_PX4_gz/SwarmZ_ROS2/install/px4_ros_com:/home/user_adm/ros2_PX4_gz/SwarmZ_ROS2/install/offboard_control_cpp:/home/user_adm/ros2_PX4_gz/SwarmZ_ROS2/install/acoustics_simulation_cpp:/home/user_adm/ros2_PX4_gz/SwarmZ_ROS2/install/swarmz_control_py:/home/user_adm/ros2_PX4_gz/SwarmZ_ROS2/install/px4_velocity_control:/home/user_adm/ros2_PX4_gz/SwarmZ_ROS2/install/acoustics_simulation_py:/opt/ros/humble LD_LIBRARY_PATH=/home/user_adm/ros2_PX4_gz/SwarmZ_ROS2/install/px4_msgs/lib:/home/user_adm/ros2_PX4_gz/SwarmZ_ROS2/install/px4_ros_com/lib:/opt/ros/humble/opt/rviz_ogre_vendor/lib:/opt/ros/humble/lib/x86_64-linux-gnu:/opt/ros/humble/lib /usr/bin/cmake --install /home/user_adm/ros2_PX4_gz/SwarmZ_ROS2/build/px4_ros_com
[8.003s] Level 1:colcon.colcon_core.environment:checking '/home/user_adm/ros2_PX4_gz/SwarmZ_ROS2/install/px4_ros_com' for CMake module files
[8.004s] Level 1:colcon.colcon_core.environment:checking '/home/user_adm/ros2_PX4_gz/SwarmZ_ROS2/install/px4_ros_com' for CMake config files
[8.004s] Level 1:colcon.colcon_core.shell:create_environment_hook('px4_ros_com', 'cmake_prefix_path')
[8.016s] INFO:colcon.colcon_core.shell:Creating environment hook '/home/user_adm/ros2_PX4_gz/SwarmZ_ROS2/install/px4_ros_com/share/px4_ros_com/hook/cmake_prefix_path.ps1'
[8.017s] INFO:colcon.colcon_core.shell:Creating environment descriptor '/home/user_adm/ros2_PX4_gz/SwarmZ_ROS2/install/px4_ros_com/share/px4_ros_com/hook/cmake_prefix_path.dsv'
[8.017s] INFO:colcon.colcon_core.shell:Creating environment hook '/home/user_adm/ros2_PX4_gz/SwarmZ_ROS2/install/px4_ros_com/share/px4_ros_com/hook/cmake_prefix_path.sh'
[8.017s] Level 1:colcon.colcon_core.environment:checking '/home/user_adm/ros2_PX4_gz/SwarmZ_ROS2/install/px4_ros_com/lib'
[8.018s] Level 1:colcon.colcon_core.shell:create_environment_hook('px4_ros_com', 'ld_library_path_lib')
[8.031s] INFO:colcon.colcon_core.shell:Creating environment hook '/home/user_adm/ros2_PX4_gz/SwarmZ_ROS2/install/px4_ros_com/share/px4_ros_com/hook/ld_library_path_lib.ps1'
[8.031s] INFO:colcon.colcon_core.shell:Creating environment descriptor '/home/user_adm/ros2_PX4_gz/SwarmZ_ROS2/install/px4_ros_com/share/px4_ros_com/hook/ld_library_path_lib.dsv'
[8.032s] INFO:colcon.colcon_core.shell:Creating environment hook '/home/user_adm/ros2_PX4_gz/SwarmZ_ROS2/install/px4_ros_com/share/px4_ros_com/hook/ld_library_path_lib.sh'
[8.032s] Level 1:colcon.colcon_core.environment:checking '/home/user_adm/ros2_PX4_gz/SwarmZ_ROS2/install/px4_ros_com/bin'
[8.032s] Level 1:colcon.colcon_core.environment:checking '/home/user_adm/ros2_PX4_gz/SwarmZ_ROS2/install/px4_ros_com/lib/pkgconfig/px4_ros_com.pc'
[8.032s] Level 1:colcon.colcon_core.environment:checking '/home/user_adm/ros2_PX4_gz/SwarmZ_ROS2/install/px4_ros_com/lib/python3.10/site-packages'
[8.032s] Level 1:colcon.colcon_core.environment:checking '/home/user_adm/ros2_PX4_gz/SwarmZ_ROS2/install/px4_ros_com/bin'
[8.044s] INFO:colcon.colcon_core.shell:Creating package script '/home/user_adm/ros2_PX4_gz/SwarmZ_ROS2/install/px4_ros_com/share/px4_ros_com/package.ps1'
[8.045s] INFO:colcon.colcon_core.shell:Creating package descriptor '/home/user_adm/ros2_PX4_gz/SwarmZ_ROS2/install/px4_ros_com/share/px4_ros_com/package.dsv'
[8.045s] INFO:colcon.colcon_core.shell:Creating package script '/home/user_adm/ros2_PX4_gz/SwarmZ_ROS2/install/px4_ros_com/share/px4_ros_com/package.sh'
[8.045s] INFO:colcon.colcon_core.shell:Creating package script '/home/user_adm/ros2_PX4_gz/SwarmZ_ROS2/install/px4_ros_com/share/px4_ros_com/package.bash'
[8.046s] INFO:colcon.colcon_core.shell:Creating package script '/home/user_adm/ros2_PX4_gz/SwarmZ_ROS2/install/px4_ros_com/share/px4_ros_com/package.zsh'
[8.046s] Level 1:colcon.colcon_core.environment:create_file_with_runtime_dependencies(/home/user_adm/ros2_PX4_gz/SwarmZ_ROS2/install/px4_ros_com/share/colcon-core/packages/px4_ros_com)
[8.060s] Level 1:colcon.colcon_core.environment:create_environment_scripts_only(offboard_control_cpp)
[8.074s] Level 1:colcon.colcon_core.environment:checking '/home/user_adm/ros2_PX4_gz/SwarmZ_ROS2/install/offboard_control_cpp' for CMake module files
[8.074s] Level 1:colcon.colcon_core.environment:checking '/home/user_adm/ros2_PX4_gz/SwarmZ_ROS2/install/offboard_control_cpp' for CMake config files
[8.074s] Level 1:colcon.colcon_core.shell:create_environment_hook('offboard_control_cpp', 'cmake_prefix_path')
[8.088s] INFO:colcon.colcon_core.shell:Creating environment hook '/home/user_adm/ros2_PX4_gz/SwarmZ_ROS2/install/offboard_control_cpp/share/offboard_control_cpp/hook/cmake_prefix_path.ps1'
[8.089s] INFO:colcon.colcon_core.shell:Creating environment descriptor '/home/user_adm/ros2_PX4_gz/SwarmZ_ROS2/install/offboard_control_cpp/share/offboard_control_cpp/hook/cmake_prefix_path.dsv'
[8.089s] INFO:colcon.colcon_core.shell:Creating environment hook '/home/user_adm/ros2_PX4_gz/SwarmZ_ROS2/install/offboard_control_cpp/share/offboard_control_cpp/hook/cmake_prefix_path.sh'
[8.090s] Level 1:colcon.colcon_core.environment:checking '/home/user_adm/ros2_PX4_gz/SwarmZ_ROS2/install/offboard_control_cpp/lib'
[8.090s] Level 1:colcon.colcon_core.environment:checking '/home/user_adm/ros2_PX4_gz/SwarmZ_ROS2/install/offboard_control_cpp/bin'
[8.090s] Level 1:colcon.colcon_core.environment:checking '/home/user_adm/ros2_PX4_gz/SwarmZ_ROS2/install/offboard_control_cpp/lib/pkgconfig/offboard_control_cpp.pc'
[8.090s] Level 1:colcon.colcon_core.environment:checking '/home/user_adm/ros2_PX4_gz/SwarmZ_ROS2/install/offboard_control_cpp/lib/python3.10/site-packages'
[8.090s] Level 1:colcon.colcon_core.environment:checking '/home/user_adm/ros2_PX4_gz/SwarmZ_ROS2/install/offboard_control_cpp/bin'
[8.104s] INFO:colcon.colcon_core.shell:Creating package script '/home/user_adm/ros2_PX4_gz/SwarmZ_ROS2/install/offboard_control_cpp/share/offboard_control_cpp/package.ps1'
[8.104s] INFO:colcon.colcon_core.shell:Creating package descriptor '/home/user_adm/ros2_PX4_gz/SwarmZ_ROS2/install/offboard_control_cpp/share/offboard_control_cpp/package.dsv'
[8.105s] INFO:colcon.colcon_core.shell:Creating package script '/home/user_adm/ros2_PX4_gz/SwarmZ_ROS2/install/offboard_control_cpp/share/offboard_control_cpp/package.sh'
[8.105s] INFO:colcon.colcon_core.shell:Creating package script '/home/user_adm/ros2_PX4_gz/SwarmZ_ROS2/install/offboard_control_cpp/share/offboard_control_cpp/package.bash'
[8.105s] INFO:colcon.colcon_core.shell:Creating package script '/home/user_adm/ros2_PX4_gz/SwarmZ_ROS2/install/offboard_control_cpp/share/offboard_control_cpp/package.zsh'
[8.105s] Level 1:colcon.colcon_core.environment:create_file_with_runtime_dependencies(/home/user_adm/ros2_PX4_gz/SwarmZ_ROS2/install/offboard_control_cpp/share/colcon-core/packages/offboard_control_cpp)
[8.120s] Level 1:colcon.colcon_core.environment:create_environment_scripts_only(px4_ros_com)
[8.132s] Level 1:colcon.colcon_core.environment:checking '/home/user_adm/ros2_PX4_gz/SwarmZ_ROS2/install/px4_ros_com' for CMake module files
[8.133s] Level 1:colcon.colcon_core.environment:checking '/home/user_adm/ros2_PX4_gz/SwarmZ_ROS2/install/px4_ros_com' for CMake config files
[8.133s] Level 1:colcon.colcon_core.shell:create_environment_hook('px4_ros_com', 'cmake_prefix_path')
[8.145s] INFO:colcon.colcon_core.shell:Creating environment hook '/home/user_adm/ros2_PX4_gz/SwarmZ_ROS2/install/px4_ros_com/share/px4_ros_com/hook/cmake_prefix_path.ps1'
[8.145s] INFO:colcon.colcon_core.shell:Creating environment descriptor '/home/user_adm/ros2_PX4_gz/SwarmZ_ROS2/install/px4_ros_com/share/px4_ros_com/hook/cmake_prefix_path.dsv'
[8.145s] INFO:colcon.colcon_core.shell:Creating environment hook '/home/user_adm/ros2_PX4_gz/SwarmZ_ROS2/install/px4_ros_com/share/px4_ros_com/hook/cmake_prefix_path.sh'
[8.146s] Level 1:colcon.colcon_core.environment:checking '/home/user_adm/ros2_PX4_gz/SwarmZ_ROS2/install/px4_ros_com/lib'
[8.146s] Level 1:colcon.colcon_core.shell:create_environment_hook('px4_ros_com', 'ld_library_path_lib')
[8.156s] INFO:colcon.colcon_core.shell:Creating environment hook '/home/user_adm/ros2_PX4_gz/SwarmZ_ROS2/install/px4_ros_com/share/px4_ros_com/hook/ld_library_path_lib.ps1'
[8.156s] INFO:colcon.colcon_core.shell:Creating environment descriptor '/home/user_adm/ros2_PX4_gz/SwarmZ_ROS2/install/px4_ros_com/share/px4_ros_com/hook/ld_library_path_lib.dsv'
[8.157s] INFO:colcon.colcon_core.shell:Creating environment hook '/home/user_adm/ros2_PX4_gz/SwarmZ_ROS2/install/px4_ros_com/share/px4_ros_com/hook/ld_library_path_lib.sh'
[8.157s] Level 1:colcon.colcon_core.environment:checking '/home/user_adm/ros2_PX4_gz/SwarmZ_ROS2/install/px4_ros_com/bin'
[8.157s] Level 1:colcon.colcon_core.environment:checking '/home/user_adm/ros2_PX4_gz/SwarmZ_ROS2/install/px4_ros_com/lib/pkgconfig/px4_ros_com.pc'
[8.157s] Level 1:colcon.colcon_core.environment:checking '/home/user_adm/ros2_PX4_gz/SwarmZ_ROS2/install/px4_ros_com/lib/python3.10/site-packages'
[8.157s] Level 1:colcon.colcon_core.environment:checking '/home/user_adm/ros2_PX4_gz/SwarmZ_ROS2/install/px4_ros_com/bin'
[8.168s] INFO:colcon.colcon_core.shell:Creating package script '/home/user_adm/ros2_PX4_gz/SwarmZ_ROS2/install/px4_ros_com/share/px4_ros_com/package.ps1'
[8.168s] INFO:colcon.colcon_core.shell:Creating package descriptor '/home/user_adm/ros2_PX4_gz/SwarmZ_ROS2/install/px4_ros_com/share/px4_ros_com/package.dsv'
[8.168s] INFO:colcon.colcon_core.shell:Creating package script '/home/user_adm/ros2_PX4_gz/SwarmZ_ROS2/install/px4_ros_com/share/px4_ros_com/package.sh'
[8.169s] INFO:colcon.colcon_core.shell:Creating package script '/home/user_adm/ros2_PX4_gz/SwarmZ_ROS2/install/px4_ros_com/share/px4_ros_com/package.bash'
[8.169s] INFO:colcon.colcon_core.shell:Creating package script '/home/user_adm/ros2_PX4_gz/SwarmZ_ROS2/install/px4_ros_com/share/px4_ros_com/package.zsh'
[8.169s] Level 1:colcon.colcon_core.environment:create_file_with_runtime_dependencies(/home/user_adm/ros2_PX4_gz/SwarmZ_ROS2/install/px4_ros_com/share/colcon-core/packages/px4_ros_com)
[8.171s] DEBUG:colcon.colcon_core.event_handler.log_command:Invoking command in '/home/user_adm/ros2_PX4_gz/SwarmZ_ROS2/src/ROS2_PX4_Velocity_Control/px4_velocity_control': CMAKE_PREFIX_PATH=/home/user_adm/ros2_PX4_gz/SwarmZ_ROS2/install/px4_msgs:/home/user_adm/ros2_PX4_gz/SwarmZ_ROS2/install/px4_ros_com:/home/user_adm/ros2_PX4_gz/SwarmZ_ROS2/install/offboard_control_cpp:/home/user_adm/ros2_PX4_gz/SwarmZ_ROS2/install/acoustics_simulation_cpp LD_LIBRARY_PATH=/home/user_adm/ros2_PX4_gz/SwarmZ_ROS2/install/px4_msgs/lib:/home/user_adm/ros2_PX4_gz/SwarmZ_ROS2/install/px4_ros_com/lib:/opt/ros/humble/opt/rviz_ogre_vendor/lib:/opt/ros/humble/lib/x86_64-linux-gnu:/opt/ros/humble/lib PYTHONPATH=/home/user_adm/ros2_PX4_gz/SwarmZ_ROS2/build/px4_velocity_control/prefix_override:/home/user_adm/ros2_PX4_gz/SwarmZ_ROS2/install/px4_velocity_control/lib/python3.10/site-packages:${PYTHONPATH} /usr/bin/python3 setup.py egg_info --egg-base ../../../build/px4_velocity_control build --build-base /home/user_adm/ros2_PX4_gz/SwarmZ_ROS2/build/px4_velocity_control/build install --record /home/user_adm/ros2_PX4_gz/SwarmZ_ROS2/build/px4_velocity_control/install.log --single-version-externally-managed
[8.396s] DEBUG:colcon.colcon_core.event_handler.log_command:Invoked command in '/home/user_adm/ros2_PX4_gz/SwarmZ_ROS2/src/ROS2_PX4_Velocity_Control/px4_velocity_control' returned '0': CMAKE_PREFIX_PATH=/home/user_adm/ros2_PX4_gz/SwarmZ_ROS2/install/px4_msgs:/home/user_adm/ros2_PX4_gz/SwarmZ_ROS2/install/px4_ros_com:/home/user_adm/ros2_PX4_gz/SwarmZ_ROS2/install/offboard_control_cpp:/home/user_adm/ros2_PX4_gz/SwarmZ_ROS2/install/acoustics_simulation_cpp LD_LIBRARY_PATH=/home/user_adm/ros2_PX4_gz/SwarmZ_ROS2/install/px4_msgs/lib:/home/user_adm/ros2_PX4_gz/SwarmZ_ROS2/install/px4_ros_com/lib:/opt/ros/humble/opt/rviz_ogre_vendor/lib:/opt/ros/humble/lib/x86_64-linux-gnu:/opt/ros/humble/lib PYTHONPATH=/home/user_adm/ros2_PX4_gz/SwarmZ_ROS2/build/px4_velocity_control/prefix_override:/home/user_adm/ros2_PX4_gz/SwarmZ_ROS2/install/px4_velocity_control/lib/python3.10/site-packages:${PYTHONPATH} /usr/bin/python3 setup.py egg_info --egg-base ../../../build/px4_velocity_control build --build-base /home/user_adm/ros2_PX4_gz/SwarmZ_ROS2/build/px4_velocity_control/build install --record /home/user_adm/ros2_PX4_gz/SwarmZ_ROS2/build/px4_velocity_control/install.log --single-version-externally-managed
[8.407s] Level 1:colcon.colcon_core.environment:checking '/home/user_adm/ros2_PX4_gz/SwarmZ_ROS2/install/px4_velocity_control' for CMake module files
[8.407s] Level 1:colcon.colcon_core.environment:checking '/home/user_adm/ros2_PX4_gz/SwarmZ_ROS2/install/px4_velocity_control' for CMake config files
[8.408s] Level 1:colcon.colcon_core.environment:checking '/home/user_adm/ros2_PX4_gz/SwarmZ_ROS2/install/px4_velocity_control/lib'
[8.408s] Level 1:colcon.colcon_core.environment:checking '/home/user_adm/ros2_PX4_gz/SwarmZ_ROS2/install/px4_velocity_control/bin'
[8.408s] Level 1:colcon.colcon_core.environment:checking '/home/user_adm/ros2_PX4_gz/SwarmZ_ROS2/install/px4_velocity_control/lib/pkgconfig/px4_velocity_control.pc'
[8.408s] Level 1:colcon.colcon_core.environment:checking '/home/user_adm/ros2_PX4_gz/SwarmZ_ROS2/install/px4_velocity_control/lib/python3.10/site-packages'
[8.408s] Level 1:colcon.colcon_core.shell:create_environment_hook('px4_velocity_control', 'pythonpath')
[8.419s] INFO:colcon.colcon_core.shell:Creating environment hook '/home/user_adm/ros2_PX4_gz/SwarmZ_ROS2/install/px4_velocity_control/share/px4_velocity_control/hook/pythonpath.ps1'
[8.419s] INFO:colcon.colcon_core.shell:Creating environment descriptor '/home/user_adm/ros2_PX4_gz/SwarmZ_ROS2/install/px4_velocity_control/share/px4_velocity_control/hook/pythonpath.dsv'
[8.419s] INFO:colcon.colcon_core.shell:Creating environment hook '/home/user_adm/ros2_PX4_gz/SwarmZ_ROS2/install/px4_velocity_control/share/px4_velocity_control/hook/pythonpath.sh'
[8.420s] Level 1:colcon.colcon_core.environment:checking '/home/user_adm/ros2_PX4_gz/SwarmZ_ROS2/install/px4_velocity_control/bin'
[8.420s] Level 1:colcon.colcon_core.environment:create_environment_scripts_only(px4_velocity_control)
[8.431s] INFO:colcon.colcon_core.shell:Creating package script '/home/user_adm/ros2_PX4_gz/SwarmZ_ROS2/install/px4_velocity_control/share/px4_velocity_control/package.ps1'
[8.431s] INFO:colcon.colcon_core.shell:Creating package descriptor '/home/user_adm/ros2_PX4_gz/SwarmZ_ROS2/install/px4_velocity_control/share/px4_velocity_control/package.dsv'
[8.431s] INFO:colcon.colcon_core.shell:Creating package script '/home/user_adm/ros2_PX4_gz/SwarmZ_ROS2/install/px4_velocity_control/share/px4_velocity_control/package.sh'
[8.431s] INFO:colcon.colcon_core.shell:Creating package script '/home/user_adm/ros2_PX4_gz/SwarmZ_ROS2/install/px4_velocity_control/share/px4_velocity_control/package.bash'
[8.432s] INFO:colcon.colcon_core.shell:Creating package script '/home/user_adm/ros2_PX4_gz/SwarmZ_ROS2/install/px4_velocity_control/share/px4_velocity_control/package.zsh'
[8.432s] Level 1:colcon.colcon_core.environment:create_file_with_runtime_dependencies(/home/user_adm/ros2_PX4_gz/SwarmZ_ROS2/install/px4_velocity_control/share/colcon-core/packages/px4_velocity_control)
[8.432s] DEBUG:colcon.colcon_parallel_executor.executor.parallel:closing loop
[8.432s] DEBUG:colcon.colcon_parallel_executor.executor.parallel:loop closed
[8.432s] DEBUG:colcon.colcon_parallel_executor.executor.parallel:run_until_complete finished with '0'
[8.432s] DEBUG:colcon.colcon_core.event_reactor:joining thread
[8.447s] INFO:colcon.colcon_core.plugin_system:Skipping extension 'colcon_notification.desktop_notification.terminal_notifier': Not used on non-Darwin systems
[8.448s] INFO:colcon.colcon_core.plugin_system:Skipping extension 'colcon_notification.desktop_notification.win32': Not used on non-Windows systems
[8.448s] INFO:colcon.colcon_notification.desktop_notification:Sending desktop notification using 'notify2'
[8.459s] DEBUG:colcon.colcon_core.event_reactor:joined thread
[8.470s] INFO:colcon.colcon_core.shell:Creating prefix script '/home/user_adm/ros2_PX4_gz/SwarmZ_ROS2/install/local_setup.ps1'
[8.470s] INFO:colcon.colcon_core.shell:Creating prefix util module '/home/user_adm/ros2_PX4_gz/SwarmZ_ROS2/install/_local_setup_util_ps1.py'
[8.471s] INFO:colcon.colcon_core.shell:Creating prefix chain script '/home/user_adm/ros2_PX4_gz/SwarmZ_ROS2/install/setup.ps1'
[8.482s] INFO:colcon.colcon_core.shell:Creating prefix script '/home/user_adm/ros2_PX4_gz/SwarmZ_ROS2/install/local_setup.sh'
[8.483s] INFO:colcon.colcon_core.shell:Creating prefix util module '/home/user_adm/ros2_PX4_gz/SwarmZ_ROS2/install/_local_setup_util_sh.py'
[8.483s] INFO:colcon.colcon_core.shell:Creating prefix chain script '/home/user_adm/ros2_PX4_gz/SwarmZ_ROS2/install/setup.sh'
[8.494s] INFO:colcon.colcon_core.shell:Creating prefix script '/home/user_adm/ros2_PX4_gz/SwarmZ_ROS2/install/local_setup.bash'
[8.495s] INFO:colcon.colcon_core.shell:Creating prefix chain script '/home/user_adm/ros2_PX4_gz/SwarmZ_ROS2/install/setup.bash'
[8.505s] INFO:colcon.colcon_core.shell:Creating prefix script '/home/user_adm/ros2_PX4_gz/SwarmZ_ROS2/install/local_setup.zsh'
[8.506s] INFO:colcon.colcon_core.shell:Creating prefix chain script '/home/user_adm/ros2_PX4_gz/SwarmZ_ROS2/install/setup.zsh'
