[1.019s] Invoking command in '/home/user_adm/ros2_PX4_gz/SwarmZ_ROS2/src/acoustics_simulation_py': PYTHONPATH=/home/user_adm/ros2_PX4_gz/SwarmZ_ROS2/build/acoustics_simulation_py/prefix_override:/home/user_adm/ros2_PX4_gz/SwarmZ_ROS2/install/acoustics_simulation_py/lib/python3.10/site-packages:${PYTHONPATH} /usr/bin/python3 setup.py egg_info --egg-base ../../build/acoustics_simulation_py build --build-base /home/user_adm/ros2_PX4_gz/SwarmZ_ROS2/build/acoustics_simulation_py/build install --record /home/user_adm/ros2_PX4_gz/SwarmZ_ROS2/build/acoustics_simulation_py/install.log --single-version-externally-managed
[1.229s] running egg_info
[1.230s] writing ../../build/acoustics_simulation_py/acoustics_simulation_py.egg-info/PKG-INFO
[1.230s] writing dependency_links to ../../build/acoustics_simulation_py/acoustics_simulation_py.egg-info/dependency_links.txt
[1.230s] writing entry points to ../../build/acoustics_simulation_py/acoustics_simulation_py.egg-info/entry_points.txt
[1.231s] writing requirements to ../../build/acoustics_simulation_py/acoustics_simulation_py.egg-info/requires.txt
[1.231s] writing top-level names to ../../build/acoustics_simulation_py/acoustics_simulation_py.egg-info/top_level.txt
[1.232s] reading manifest file '../../build/acoustics_simulation_py/acoustics_simulation_py.egg-info/SOURCES.txt'
[1.233s] writing manifest file '../../build/acoustics_simulation_py/acoustics_simulation_py.egg-info/SOURCES.txt'
[1.233s] running build
[1.233s] running build_py
[1.233s] running install
[1.234s] running install_lib
[1.235s] running install_data
[1.235s] running install_egg_info
[1.237s] removing '/home/user_adm/ros2_PX4_gz/SwarmZ_ROS2/install/acoustics_simulation_py/lib/python3.10/site-packages/acoustics_simulation_py-0.0.0-py3.10.egg-info' (and everything under it)
[1.237s] Copying ../../build/acoustics_simulation_py/acoustics_simulation_py.egg-info to /home/user_adm/ros2_PX4_gz/SwarmZ_ROS2/install/acoustics_simulation_py/lib/python3.10/site-packages/acoustics_simulation_py-0.0.0-py3.10.egg-info
[1.238s] running install_scripts
[1.255s] Installing simulated_recordings script to /home/user_adm/ros2_PX4_gz/SwarmZ_ROS2/install/acoustics_simulation_py/lib/acoustics_simulation_py
[1.255s] writing list of installed files to '/home/user_adm/ros2_PX4_gz/SwarmZ_ROS2/build/acoustics_simulation_py/install.log'
[1.295s] Invoked command in '/home/user_adm/ros2_PX4_gz/SwarmZ_ROS2/src/acoustics_simulation_py' returned '0': PYTHONPATH=/home/user_adm/ros2_PX4_gz/SwarmZ_ROS2/build/acoustics_simulation_py/prefix_override:/home/user_adm/ros2_PX4_gz/SwarmZ_ROS2/install/acoustics_simulation_py/lib/python3.10/site-packages:${PYTHONPATH} /usr/bin/python3 setup.py egg_info --egg-base ../../build/acoustics_simulation_py build --build-base /home/user_adm/ros2_PX4_gz/SwarmZ_ROS2/build/acoustics_simulation_py/build install --record /home/user_adm/ros2_PX4_gz/SwarmZ_ROS2/build/acoustics_simulation_py/install.log --single-version-externally-managed
