/home/user_adm/ros2_PX4_gz/SwarmZ_ROS2/install/swarmz_control_py/lib/python3.10/site-packages/swarmz_control_py/__init__.py
/home/user_adm/ros2_PX4_gz/SwarmZ_ROS2/install/swarmz_control_py/lib/python3.10/site-packages/swarmz_control_py/offboard_control.py
/home/user_adm/ros2_PX4_gz/SwarmZ_ROS2/install/swarmz_control_py/lib/python3.10/site-packages/swarmz_control_py/simu_processes.py
/home/user_adm/ros2_PX4_gz/SwarmZ_ROS2/install/swarmz_control_py/lib/python3.10/site-packages/swarmz_control_py/simu_circle.py
/home/user_adm/ros2_PX4_gz/SwarmZ_ROS2/install/swarmz_control_py/lib/python3.10/site-packages/swarmz_control_py/__pycache__/__init__.cpython-310.pyc
/home/user_adm/ros2_PX4_gz/SwarmZ_ROS2/install/swarmz_control_py/lib/python3.10/site-packages/swarmz_control_py/__pycache__/offboard_control.cpython-310.pyc
/home/user_adm/ros2_PX4_gz/SwarmZ_ROS2/install/swarmz_control_py/lib/python3.10/site-packages/swarmz_control_py/__pycache__/simu_processes.cpython-310.pyc
/home/user_adm/ros2_PX4_gz/SwarmZ_ROS2/install/swarmz_control_py/lib/python3.10/site-packages/swarmz_control_py/__pycache__/simu_circle.cpython-310.pyc
/home/user_adm/ros2_PX4_gz/SwarmZ_ROS2/install/swarmz_control_py/share/ament_index/resource_index/packages/swarmz_control_py
/home/user_adm/ros2_PX4_gz/SwarmZ_ROS2/install/swarmz_control_py/share/swarmz_control_py/package.xml
/home/user_adm/ros2_PX4_gz/SwarmZ_ROS2/install/swarmz_control_py/share/swarmz_control_py/launch/SwarmZ_simu_cpp.launch.py
/home/user_adm/ros2_PX4_gz/SwarmZ_ROS2/install/swarmz_control_py/share/swarmz_control_py/launch/SwarmZ_simu.launch.py
/home/user_adm/ros2_PX4_gz/SwarmZ_ROS2/install/swarmz_control_py/share/swarmz_control_py/launch/test_SwarmZ_simu.launch.py
/home/user_adm/ros2_PX4_gz/SwarmZ_ROS2/install/swarmz_control_py/lib/python3.10/site-packages/swarmz_control_py-0.0.0-py3.10.egg-info/zip-safe
/home/user_adm/ros2_PX4_gz/SwarmZ_ROS2/install/swarmz_control_py/lib/python3.10/site-packages/swarmz_control_py-0.0.0-py3.10.egg-info/entry_points.txt
/home/user_adm/ros2_PX4_gz/SwarmZ_ROS2/install/swarmz_control_py/lib/python3.10/site-packages/swarmz_control_py-0.0.0-py3.10.egg-info/PKG-INFO
/home/user_adm/ros2_PX4_gz/SwarmZ_ROS2/install/swarmz_control_py/lib/python3.10/site-packages/swarmz_control_py-0.0.0-py3.10.egg-info/top_level.txt
/home/user_adm/ros2_PX4_gz/SwarmZ_ROS2/install/swarmz_control_py/lib/python3.10/site-packages/swarmz_control_py-0.0.0-py3.10.egg-info/SOURCES.txt
/home/user_adm/ros2_PX4_gz/SwarmZ_ROS2/install/swarmz_control_py/lib/python3.10/site-packages/swarmz_control_py-0.0.0-py3.10.egg-info/dependency_links.txt
/home/user_adm/ros2_PX4_gz/SwarmZ_ROS2/install/swarmz_control_py/lib/python3.10/site-packages/swarmz_control_py-0.0.0-py3.10.egg-info/requires.txt
/home/user_adm/ros2_PX4_gz/SwarmZ_ROS2/install/swarmz_control_py/lib/swarmz_control_py/offboard_control_py
/home/user_adm/ros2_PX4_gz/SwarmZ_ROS2/install/swarmz_control_py/lib/swarmz_control_py/simu_circle
/home/user_adm/ros2_PX4_gz/SwarmZ_ROS2/install/swarmz_control_py/lib/swarmz_control_py/simu_processes
