running egg_info
writing ../../build/swarmz_control_py/swarmz_control_py.egg-info/PKG-INFO
writing dependency_links to ../../build/swarmz_control_py/swarmz_control_py.egg-info/dependency_links.txt
writing entry points to ../../build/swarmz_control_py/swarmz_control_py.egg-info/entry_points.txt
writing requirements to ../../build/swarmz_control_py/swarmz_control_py.egg-info/requires.txt
writing top-level names to ../../build/swarmz_control_py/swarmz_control_py.egg-info/top_level.txt
reading manifest file '../../build/swarmz_control_py/swarmz_control_py.egg-info/SOURCES.txt'
writing manifest file '../../build/swarmz_control_py/swarmz_control_py.egg-info/SOURCES.txt'
running build
running build_py
running install
running install_lib
running install_data
copying launch/SwarmZ_simu.launch.py -> /home/user_adm/ros2_PX4_gz/SwarmZ_ROS2/install/swarmz_control_py/share/swarmz_control_py/launch
running install_egg_info
removing '/home/user_adm/ros2_PX4_gz/SwarmZ_ROS2/install/swarmz_control_py/lib/python3.10/site-packages/swarmz_control_py-0.0.0-py3.10.egg-info' (and everything under it)
Copying ../../build/swarmz_control_py/swarmz_control_py.egg-info to /home/user_adm/ros2_PX4_gz/SwarmZ_ROS2/install/swarmz_control_py/lib/python3.10/site-packages/swarmz_control_py-0.0.0-py3.10.egg-info
running install_scripts
Installing offboard_control_py script to /home/user_adm/ros2_PX4_gz/SwarmZ_ROS2/install/swarmz_control_py/lib/swarmz_control_py
Installing simu_circle script to /home/user_adm/ros2_PX4_gz/SwarmZ_ROS2/install/swarmz_control_py/lib/swarmz_control_py
Installing simu_processes script to /home/user_adm/ros2_PX4_gz/SwarmZ_ROS2/install/swarmz_control_py/lib/swarmz_control_py
writing list of installed files to '/home/user_adm/ros2_PX4_gz/SwarmZ_ROS2/build/swarmz_control_py/install.log'
